Jan 05, 2018 1:53:57 PM org.apache.catalina.core.StandardContext reload
INFO: Reloading Context with name [/HostWebService] has started
Jan 05, 2018 1:53:57 PM com.sun.xml.ws.transport.http.servlet.WSServletDelegate destroy
INFO: WSSERVLET15: JAX-WS servlet destroyed
Jan 05, 2018 1:53:57 PM com.sun.xml.ws.server.MonitorBase closeMOM
INFO: Closing Metro monitoring root: com.sun.metro:pp=/,type=WSEndpoint,name=/HostWebService-hostWS-hostWSPort
Jan 05, 2018 1:53:57 PM com.sun.xml.ws.transport.http.servlet.WSServletContextListener contextDestroyed
INFO: WSSERVLET13: JAX-WS context listener destroyed
Jan 05, 2018 1:54:10 PM org.apache.catalina.startup.TldConfig execute
INFO: At least one JAR was scanned for TLDs yet contained no TLDs. Enable debug logging for this logger for a complete list of JARs that were scanned but no TLDs were found in them. Skipping unneeded JARs during scanning can improve startup time and JSP compilation time.
Jan 05, 2018 1:54:28 PM com.sun.xml.ws.transport.http.servlet.WSServletContextListener contextInitialized
INFO: WSSERVLET12: JAX-WS context listener initializing
Jan 05, 2018 1:54:29 PM [com.sun.xml.ws.policy.jaxws.PolicyConfigParser]  parse
INFO: WSP5018: Loaded WSIT configuration from file: jndi:/localhost/HostWebService/WEB-INF/wsit-WServices.hostWS.xml.
Jan 05, 2018 1:54:31 PM com.sun.xml.ws.server.MonitorBase createRoot
INFO: Metro monitoring rootname successfully set to: com.sun.metro:pp=/,type=WSEndpoint,name=/HostWebService-hostWS-hostWSPort
Jan 05, 2018 1:54:31 PM com.sun.xml.ws.transport.http.servlet.WSServletDelegate <init>
INFO: WSSERVLET14: JAX-WS servlet initializing
Jan 05, 2018 1:54:31 PM org.apache.catalina.core.StandardContext reload
INFO: Reloading Context with name [/HostWebService] is completed
Jan 05, 2018 1:54:31 PM com.sun.xml.ws.transport.http.servlet.WSServletDelegate destroy
INFO: WSSERVLET15: JAX-WS servlet destroyed
Jan 05, 2018 1:54:31 PM com.sun.xml.ws.server.MonitorBase closeMOM
INFO: Closing Metro monitoring root: com.sun.metro:pp=/,type=WSEndpoint,name=/HostWebService-hostWS-hostWSPort
Jan 05, 2018 1:54:31 PM com.sun.xml.ws.transport.http.servlet.WSServletContextListener contextDestroyed
INFO: WSSERVLET13: JAX-WS context listener destroyed
Jan 05, 2018 1:54:40 PM org.apache.catalina.startup.HostConfig undeploy
INFO: Undeploying context [/HostWebService]
Jan 05, 2018 1:54:40 PM org.apache.catalina.startup.ExpandWar deleteDir
SEVERE: [F:\6 project\JavaProjects\apache-tomcat-7.0.79-windows-x86\apache-tomcat-7.0.79\work\Catalina\localhost\HostWebService\loader\META-INF] could not be completely deleted. The presence of the remaining files may cause problems
Jan 05, 2018 1:54:40 PM org.apache.catalina.startup.ExpandWar deleteDir
SEVERE: [F:\6 project\JavaProjects\apache-tomcat-7.0.79-windows-x86\apache-tomcat-7.0.79\work\Catalina\localhost\HostWebService\loader] could not be completely deleted. The presence of the remaining files may cause problems
Jan 05, 2018 1:54:40 PM org.apache.catalina.startup.ExpandWar deleteDir
SEVERE: [F:\6 project\JavaProjects\apache-tomcat-7.0.79-windows-x86\apache-tomcat-7.0.79\work\Catalina\localhost\HostWebService] could not be completely deleted. The presence of the remaining files may cause problems
Jan 05, 2018 1:54:40 PM org.apache.catalina.startup.ExpandWar delete
SEVERE: [F:\6 project\JavaProjects\apache-tomcat-7.0.79-windows-x86\apache-tomcat-7.0.79\work\Catalina\localhost\HostWebService] could not be completely deleted. The presence of the remaining files may cause problems
Jan 05, 2018 1:54:40 PM org.apache.catalina.startup.HostConfig deployDescriptor
INFO: Deploying configuration descriptor F:\6 project\JavaProjects\apache-tomcat-7.0.79-windows-x86\apache-tomcat-7.0.79\conf\Catalina\localhost\HostWebService.xml
Jan 05, 2018 1:54:43 PM org.apache.catalina.startup.TldConfig execute
INFO: At least one JAR was scanned for TLDs yet contained no TLDs. Enable debug logging for this logger for a complete list of JARs that were scanned but no TLDs were found in them. Skipping unneeded JARs during scanning can improve startup time and JSP compilation time.
Jan 05, 2018 1:55:03 PM com.sun.xml.ws.transport.http.servlet.WSServletContextListener contextInitialized
INFO: WSSERVLET12: JAX-WS context listener initializing
Jan 05, 2018 1:55:05 PM [com.sun.xml.ws.policy.jaxws.PolicyConfigParser]  parse
INFO: WSP5018: Loaded WSIT configuration from file: jndi:/localhost/HostWebService/WEB-INF/wsit-WServices.hostWS.xml.
Jan 05, 2018 1:55:06 PM com.sun.xml.ws.server.MonitorBase createRoot
INFO: Metro monitoring rootname successfully set to: com.sun.metro:pp=/,type=WSEndpoint,name=/HostWebService-hostWS-hostWSPort
Jan 05, 2018 1:55:06 PM com.sun.xml.ws.transport.http.servlet.WSServletDelegate <init>
INFO: WSSERVLET14: JAX-WS servlet initializing
Jan 05, 2018 1:55:06 PM org.apache.catalina.startup.HostConfig deployDescriptor
INFO: Deployment of configuration descriptor F:\6 project\JavaProjects\apache-tomcat-7.0.79-windows-x86\apache-tomcat-7.0.79\conf\Catalina\localhost\HostWebService.xml has finished in 26,280 ms
Jan 05, 2018 1:55:06 PM org.apache.catalina.util.LifecycleBase start
INFO: The start() method was called on component [StandardEngine[Catalina].StandardHost[localhost].StandardContext[/HostWebService]] after start() had already been called. The second call will be ignored.
Jan 05, 2018 2:34:18 PM org.apache.catalina.core.StandardContext reload
INFO: Reloading Context with name [/HostWebService] has started
Jan 05, 2018 2:34:18 PM com.sun.xml.ws.transport.http.servlet.WSServletDelegate destroy
INFO: WSSERVLET15: JAX-WS servlet destroyed
Jan 05, 2018 2:34:18 PM com.sun.xml.ws.server.MonitorBase closeMOM
INFO: Closing Metro monitoring root: com.sun.metro:pp=/,type=WSEndpoint,name=/HostWebService-hostWS-hostWSPort
Jan 05, 2018 2:34:18 PM com.sun.xml.ws.transport.http.servlet.WSServletContextListener contextDestroyed
INFO: WSSERVLET13: JAX-WS context listener destroyed
Jan 05, 2018 2:34:29 PM org.apache.catalina.startup.TldConfig execute
INFO: At least one JAR was scanned for TLDs yet contained no TLDs. Enable debug logging for this logger for a complete list of JARs that were scanned but no TLDs were found in them. Skipping unneeded JARs during scanning can improve startup time and JSP compilation time.
Jan 05, 2018 2:34:46 PM com.sun.xml.ws.transport.http.servlet.WSServletContextListener contextInitialized
INFO: WSSERVLET12: JAX-WS context listener initializing
Jan 05, 2018 2:34:48 PM [com.sun.xml.ws.policy.jaxws.PolicyConfigParser]  parse
INFO: WSP5018: Loaded WSIT configuration from file: jndi:/localhost/HostWebService/WEB-INF/wsit-WServices.hostWS.xml.
Jan 05, 2018 2:34:49 PM com.sun.xml.ws.server.MonitorBase createRoot
INFO: Metro monitoring rootname successfully set to: com.sun.metro:pp=/,type=WSEndpoint,name=/HostWebService-hostWS-hostWSPort
Jan 05, 2018 2:34:49 PM com.sun.xml.ws.transport.http.servlet.WSServletDelegate <init>
INFO: WSSERVLET14: JAX-WS servlet initializing
Jan 05, 2018 2:34:49 PM org.apache.catalina.core.StandardContext reload
INFO: Reloading Context with name [/HostWebService] is completed
Jan 05, 2018 2:34:49 PM org.apache.catalina.core.StandardContext reload
INFO: Reloading Context with name [/HostWebService] has started
Jan 05, 2018 2:34:49 PM com.sun.xml.ws.transport.http.servlet.WSServletDelegate destroy
INFO: WSSERVLET15: JAX-WS servlet destroyed
Jan 05, 2018 2:34:49 PM com.sun.xml.ws.server.MonitorBase closeMOM
INFO: Closing Metro monitoring root: com.sun.metro:pp=/,type=WSEndpoint,name=/HostWebService-hostWS-hostWSPort
Jan 05, 2018 2:34:49 PM com.sun.xml.ws.transport.http.servlet.WSServletContextListener contextDestroyed
INFO: WSSERVLET13: JAX-WS context listener destroyed
Jan 05, 2018 2:35:00 PM org.apache.catalina.startup.TldConfig execute
INFO: At least one JAR was scanned for TLDs yet contained no TLDs. Enable debug logging for this logger for a complete list of JARs that were scanned but no TLDs were found in them. Skipping unneeded JARs during scanning can improve startup time and JSP compilation time.
Jan 05, 2018 2:35:17 PM com.sun.xml.ws.transport.http.servlet.WSServletContextListener contextInitialized
INFO: WSSERVLET12: JAX-WS context listener initializing
Jan 05, 2018 2:35:19 PM [com.sun.xml.ws.policy.jaxws.PolicyConfigParser]  parse
INFO: WSP5018: Loaded WSIT configuration from file: jndi:/localhost/HostWebService/WEB-INF/wsit-WServices.hostWS.xml.
Jan 05, 2018 2:35:20 PM com.sun.xml.ws.server.MonitorBase createRoot
INFO: Metro monitoring rootname successfully set to: com.sun.metro:pp=/,type=WSEndpoint,name=/HostWebService-hostWS-hostWSPort
Jan 05, 2018 2:35:20 PM com.sun.xml.ws.transport.http.servlet.WSServletDelegate <init>
INFO: WSSERVLET14: JAX-WS servlet initializing
Jan 05, 2018 2:35:20 PM org.apache.catalina.core.StandardContext reload
INFO: Reloading Context with name [/HostWebService] is completed
Jan 05, 2018 2:40:01 PM org.apache.catalina.core.StandardContext reload
INFO: Reloading Context with name [/HostWebService] has started
Jan 05, 2018 2:40:01 PM com.sun.xml.ws.transport.http.servlet.WSServletDelegate destroy
INFO: WSSERVLET15: JAX-WS servlet destroyed
Jan 05, 2018 2:40:01 PM com.sun.xml.ws.server.MonitorBase closeMOM
INFO: Closing Metro monitoring root: com.sun.metro:pp=/,type=WSEndpoint,name=/HostWebService-hostWS-hostWSPort
Jan 05, 2018 2:40:01 PM com.sun.xml.ws.transport.http.servlet.WSServletContextListener contextDestroyed
INFO: WSSERVLET13: JAX-WS context listener destroyed
Jan 05, 2018 2:40:12 PM org.apache.catalina.startup.TldConfig execute
INFO: At least one JAR was scanned for TLDs yet contained no TLDs. Enable debug logging for this logger for a complete list of JARs that were scanned but no TLDs were found in them. Skipping unneeded JARs during scanning can improve startup time and JSP compilation time.
Jan 05, 2018 2:40:28 PM com.sun.xml.ws.transport.http.servlet.WSServletContextListener contextInitialized
INFO: WSSERVLET12: JAX-WS context listener initializing
Jan 05, 2018 2:40:30 PM [com.sun.xml.ws.policy.jaxws.PolicyConfigParser]  parse
INFO: WSP5018: Loaded WSIT configuration from file: jndi:/localhost/HostWebService/WEB-INF/wsit-WServices.hostWS.xml.
Jan 05, 2018 2:40:31 PM com.sun.xml.ws.server.MonitorBase createRoot
INFO: Metro monitoring rootname successfully set to: com.sun.metro:pp=/,type=WSEndpoint,name=/HostWebService-hostWS-hostWSPort
Jan 05, 2018 2:40:31 PM com.sun.xml.ws.transport.http.servlet.WSServletDelegate <init>
INFO: WSSERVLET14: JAX-WS servlet initializing
Jan 05, 2018 2:40:31 PM org.apache.catalina.core.StandardContext reload
INFO: Reloading Context with name [/HostWebService] is completed
Jan 05, 2018 2:40:31 PM org.apache.catalina.core.StandardContext reload
INFO: Reloading Context with name [/HostWebService] has started
Jan 05, 2018 2:40:31 PM com.sun.xml.ws.transport.http.servlet.WSServletDelegate destroy
INFO: WSSERVLET15: JAX-WS servlet destroyed
Jan 05, 2018 2:40:31 PM com.sun.xml.ws.server.MonitorBase closeMOM
INFO: Closing Metro monitoring root: com.sun.metro:pp=/,type=WSEndpoint,name=/HostWebService-hostWS-hostWSPort
Jan 05, 2018 2:40:31 PM com.sun.xml.ws.transport.http.servlet.WSServletContextListener contextDestroyed
INFO: WSSERVLET13: JAX-WS context listener destroyed
Jan 05, 2018 2:40:42 PM org.apache.catalina.startup.TldConfig execute
INFO: At least one JAR was scanned for TLDs yet contained no TLDs. Enable debug logging for this logger for a complete list of JARs that were scanned but no TLDs were found in them. Skipping unneeded JARs during scanning can improve startup time and JSP compilation time.
Jan 05, 2018 2:40:59 PM com.sun.xml.ws.transport.http.servlet.WSServletContextListener contextInitialized
INFO: WSSERVLET12: JAX-WS context listener initializing
Jan 05, 2018 2:41:01 PM [com.sun.xml.ws.policy.jaxws.PolicyConfigParser]  parse
INFO: WSP5018: Loaded WSIT configuration from file: jndi:/localhost/HostWebService/WEB-INF/wsit-WServices.hostWS.xml.
Jan 05, 2018 2:41:02 PM com.sun.xml.ws.server.MonitorBase createRoot
INFO: Metro monitoring rootname successfully set to: com.sun.metro:pp=/,type=WSEndpoint,name=/HostWebService-hostWS-hostWSPort
Jan 05, 2018 2:41:02 PM com.sun.xml.ws.transport.http.servlet.WSServletDelegate <init>
INFO: WSSERVLET14: JAX-WS servlet initializing
Jan 05, 2018 2:41:02 PM org.apache.catalina.core.StandardContext reload
INFO: Reloading Context with name [/HostWebService] is completed
Jan 05, 2018 2:51:58 PM org.apache.catalina.core.StandardContext reload
INFO: Reloading Context with name [/HostWebService] has started
Jan 05, 2018 2:51:58 PM com.sun.xml.ws.transport.http.servlet.WSServletDelegate destroy
INFO: WSSERVLET15: JAX-WS servlet destroyed
Jan 05, 2018 2:51:58 PM com.sun.xml.ws.server.MonitorBase closeMOM
INFO: Closing Metro monitoring root: com.sun.metro:pp=/,type=WSEndpoint,name=/HostWebService-hostWS-hostWSPort
Jan 05, 2018 2:51:58 PM com.sun.xml.ws.transport.http.servlet.WSServletContextListener contextDestroyed
INFO: WSSERVLET13: JAX-WS context listener destroyed
Jan 05, 2018 2:52:09 PM org.apache.catalina.startup.TldConfig execute
INFO: At least one JAR was scanned for TLDs yet contained no TLDs. Enable debug logging for this logger for a complete list of JARs that were scanned but no TLDs were found in them. Skipping unneeded JARs during scanning can improve startup time and JSP compilation time.
Jan 05, 2018 2:52:26 PM com.sun.xml.ws.transport.http.servlet.WSServletContextListener contextInitialized
INFO: WSSERVLET12: JAX-WS context listener initializing
Jan 05, 2018 2:52:28 PM [com.sun.xml.ws.policy.jaxws.PolicyConfigParser]  parse
INFO: WSP5018: Loaded WSIT configuration from file: jndi:/localhost/HostWebService/WEB-INF/wsit-WServices.hostWS.xml.
Jan 05, 2018 2:52:29 PM com.sun.xml.ws.server.MonitorBase createRoot
INFO: Metro monitoring rootname successfully set to: com.sun.metro:pp=/,type=WSEndpoint,name=/HostWebService-hostWS-hostWSPort
Jan 05, 2018 2:52:29 PM com.sun.xml.ws.transport.http.servlet.WSServletDelegate <init>
INFO: WSSERVLET14: JAX-WS servlet initializing
Jan 05, 2018 2:52:29 PM org.apache.catalina.core.StandardContext reload
INFO: Reloading Context with name [/HostWebService] is completed
Jan 05, 2018 10:53:24 PM org.apache.catalina.core.StandardContext reload
INFO: Reloading Context with name [/HostWebService] has started
Jan 05, 2018 10:53:24 PM com.sun.xml.ws.transport.http.servlet.WSServletDelegate destroy
INFO: WSSERVLET15: JAX-WS servlet destroyed
Jan 05, 2018 10:53:24 PM com.sun.xml.ws.server.MonitorBase closeMOM
INFO: Closing Metro monitoring root: com.sun.metro:pp=/,type=WSEndpoint,name=/HostWebService-hostWS-hostWSPort
Jan 05, 2018 10:53:24 PM com.sun.xml.ws.transport.http.servlet.WSServletContextListener contextDestroyed
INFO: WSSERVLET13: JAX-WS context listener destroyed
Jan 05, 2018 10:53:35 PM org.apache.catalina.startup.TldConfig execute
INFO: At least one JAR was scanned for TLDs yet contained no TLDs. Enable debug logging for this logger for a complete list of JARs that were scanned but no TLDs were found in them. Skipping unneeded JARs during scanning can improve startup time and JSP compilation time.
