Dec 27, 2017 12:51:32 AM org.apache.catalina.startup.VersionLoggerListener log
INFO: Server version:        Apache Tomcat/7.0.79
Dec 27, 2017 12:51:32 AM org.apache.catalina.startup.VersionLoggerListener log
INFO: Server built:          Jun 26 2017 16:25:20 UTC
Dec 27, 2017 12:51:32 AM org.apache.catalina.startup.VersionLoggerListener log
INFO: Server number:         7.0.79.0
Dec 27, 2017 12:51:32 AM org.apache.catalina.startup.VersionLoggerListener log
INFO: OS Name:               Windows 7
Dec 27, 2017 12:51:32 AM org.apache.catalina.startup.VersionLoggerListener log
INFO: OS Version:            6.1
Dec 27, 2017 12:51:32 AM org.apache.catalina.startup.VersionLoggerListener log
INFO: Architecture:          x86
Dec 27, 2017 12:51:32 AM org.apache.catalina.startup.VersionLoggerListener log
INFO: Java Home:             E:\IT\jdk1.7.0_25\jre
Dec 27, 2017 12:51:32 AM org.apache.catalina.startup.VersionLoggerListener log
INFO: JVM Version:           1.7.0_25-b16
Dec 27, 2017 12:51:32 AM org.apache.catalina.startup.VersionLoggerListener log
INFO: JVM Vendor:            Oracle Corporation
Dec 27, 2017 12:51:32 AM org.apache.catalina.startup.VersionLoggerListener log
INFO: CATALINA_BASE:         F:\6 project\JavaProjects\apache-tomcat-7.0.79-windows-x86\apache-tomcat-7.0.79
Dec 27, 2017 12:51:32 AM org.apache.catalina.startup.VersionLoggerListener log
INFO: CATALINA_HOME:         F:\6 project\JavaProjects\apache-tomcat-7.0.79-windows-x86\apache-tomcat-7.0.79
Dec 27, 2017 12:51:32 AM org.apache.catalina.startup.VersionLoggerListener log
INFO: Command line argument: -Djava.util.logging.config.file=F:\6 project\JavaProjects\apache-tomcat-7.0.79-windows-x86\apache-tomcat-7.0.79\conf\logging.properties
Dec 27, 2017 12:51:32 AM org.apache.catalina.startup.VersionLoggerListener log
INFO: Command line argument: -Djava.util.logging.manager=org.apache.juli.ClassLoaderLogManager
Dec 27, 2017 12:51:32 AM org.apache.catalina.startup.VersionLoggerListener log
INFO: Command line argument: -Djdk.tls.ephemeralDHKeySize=2048
Dec 27, 2017 12:51:32 AM org.apache.catalina.startup.VersionLoggerListener log
INFO: Command line argument: -Djava.endorsed.dirs=F:\6 project\JavaProjects\apache-tomcat-7.0.79-windows-x86\apache-tomcat-7.0.79\endorsed
Dec 27, 2017 12:51:32 AM org.apache.catalina.startup.VersionLoggerListener log
INFO: Command line argument: -Dcatalina.base=F:\6 project\JavaProjects\apache-tomcat-7.0.79-windows-x86\apache-tomcat-7.0.79
Dec 27, 2017 12:51:32 AM org.apache.catalina.startup.VersionLoggerListener log
INFO: Command line argument: -Dcatalina.home=F:\6 project\JavaProjects\apache-tomcat-7.0.79-windows-x86\apache-tomcat-7.0.79
Dec 27, 2017 12:51:32 AM org.apache.catalina.startup.VersionLoggerListener log
INFO: Command line argument: -Djava.io.tmpdir=F:\6 project\JavaProjects\apache-tomcat-7.0.79-windows-x86\apache-tomcat-7.0.79\temp
Dec 27, 2017 12:51:32 AM org.apache.catalina.core.AprLifecycleListener lifecycleEvent
INFO: Loaded APR based Apache Tomcat Native library 1.2.12 using APR version 1.5.2.
Dec 27, 2017 12:51:32 AM org.apache.catalina.core.AprLifecycleListener lifecycleEvent
INFO: APR capabilities: IPv6 [true], sendfile [true], accept filters [false], random [true].
Dec 27, 2017 12:51:33 AM org.apache.catalina.core.AprLifecycleListener initializeSSL
INFO: OpenSSL successfully initialized (OpenSSL 1.0.2k  26 Jan 2017)
Dec 27, 2017 12:51:33 AM org.apache.coyote.AbstractProtocol init
INFO: Initializing ProtocolHandler ["http-apr-8080"]
Dec 27, 2017 12:51:33 AM org.apache.coyote.AbstractProtocol init
INFO: Initializing ProtocolHandler ["ajp-apr-8009"]
Dec 27, 2017 12:51:33 AM org.apache.catalina.startup.Catalina load
INFO: Initialization processed in 2018 ms
Dec 27, 2017 12:51:34 AM org.apache.catalina.core.StandardService startInternal
INFO: Starting service Catalina
Dec 27, 2017 12:51:34 AM org.apache.catalina.core.StandardEngine startInternal
INFO: Starting Servlet Engine: Apache Tomcat/7.0.79
Dec 27, 2017 12:51:34 AM org.apache.catalina.startup.HostConfig deployDescriptor
INFO: Deploying configuration descriptor F:\6 project\JavaProjects\apache-tomcat-7.0.79-windows-x86\apache-tomcat-7.0.79\conf\Catalina\localhost\Bakery.xml
Dec 27, 2017 12:51:34 AM org.apache.catalina.core.StandardContext resourcesStart
SEVERE: Error starting static Resources
java.lang.IllegalArgumentException: Document base C:\Users\SL2CQH2H6\Desktop\CTI\10 - Advanced Java Programming\Exercises\Bakery\build\web does not exist or is not a readable directory
	at org.apache.naming.resources.FileDirContext.setDocBase(FileDirContext.java:136)
	at org.apache.catalina.core.StandardContext.resourcesStart(StandardContext.java:5247)
	at org.apache.catalina.core.StandardContext.startInternal(StandardContext.java:5436)
	at org.apache.catalina.util.LifecycleBase.start(LifecycleBase.java:145)
	at org.apache.catalina.core.ContainerBase.addChildInternal(ContainerBase.java:899)
	at org.apache.catalina.core.ContainerBase.addChild(ContainerBase.java:875)
	at org.apache.catalina.core.StandardHost.addChild(StandardHost.java:652)
	at org.apache.catalina.startup.HostConfig.deployDescriptor(HostConfig.java:712)
	at org.apache.catalina.startup.HostConfig$DeployDescriptor.run(HostConfig.java:2002)
	at java.util.concurrent.Executors$RunnableAdapter.call(Executors.java:471)
	at java.util.concurrent.FutureTask$Sync.innerRun(FutureTask.java:334)
	at java.util.concurrent.FutureTask.run(FutureTask.java:166)
	at java.util.concurrent.ThreadPoolExecutor.runWorker(ThreadPoolExecutor.java:1145)
	at java.util.concurrent.ThreadPoolExecutor$Worker.run(ThreadPoolExecutor.java:615)
	at java.lang.Thread.run(Thread.java:724)

Dec 27, 2017 12:51:34 AM org.apache.catalina.core.ContainerBase addChildInternal
SEVERE: ContainerBase.addChild: start: 
org.apache.catalina.LifecycleException: Failed to start component [StandardEngine[Catalina].StandardHost[localhost].StandardContext[/Bakery]]
	at org.apache.catalina.util.LifecycleBase.start(LifecycleBase.java:162)
	at org.apache.catalina.core.ContainerBase.addChildInternal(ContainerBase.java:899)
	at org.apache.catalina.core.ContainerBase.addChild(ContainerBase.java:875)
	at org.apache.catalina.core.StandardHost.addChild(StandardHost.java:652)
	at org.apache.catalina.startup.HostConfig.deployDescriptor(HostConfig.java:712)
	at org.apache.catalina.startup.HostConfig$DeployDescriptor.run(HostConfig.java:2002)
	at java.util.concurrent.Executors$RunnableAdapter.call(Executors.java:471)
	at java.util.concurrent.FutureTask$Sync.innerRun(FutureTask.java:334)
	at java.util.concurrent.FutureTask.run(FutureTask.java:166)
	at java.util.concurrent.ThreadPoolExecutor.runWorker(ThreadPoolExecutor.java:1145)
	at java.util.concurrent.ThreadPoolExecutor$Worker.run(ThreadPoolExecutor.java:615)
	at java.lang.Thread.run(Thread.java:724)
Caused by: org.apache.catalina.LifecycleException: Error in resourceStart()
	at org.apache.catalina.core.StandardContext.startInternal(StandardContext.java:5437)
	at org.apache.catalina.util.LifecycleBase.start(LifecycleBase.java:145)
	... 11 more

Dec 27, 2017 12:51:34 AM org.apache.catalina.startup.HostConfig deployDescriptor
SEVERE: Error deploying configuration descriptor F:\6 project\JavaProjects\apache-tomcat-7.0.79-windows-x86\apache-tomcat-7.0.79\conf\Catalina\localhost\Bakery.xml
java.lang.IllegalStateException: ContainerBase.addChild: start: org.apache.catalina.LifecycleException: Failed to start component [StandardEngine[Catalina].StandardHost[localhost].StandardContext[/Bakery]]
	at org.apache.catalina.core.ContainerBase.addChildInternal(ContainerBase.java:903)
	at org.apache.catalina.core.ContainerBase.addChild(ContainerBase.java:875)
	at org.apache.catalina.core.StandardHost.addChild(StandardHost.java:652)
	at org.apache.catalina.startup.HostConfig.deployDescriptor(HostConfig.java:712)
	at org.apache.catalina.startup.HostConfig$DeployDescriptor.run(HostConfig.java:2002)
	at java.util.concurrent.Executors$RunnableAdapter.call(Executors.java:471)
	at java.util.concurrent.FutureTask$Sync.innerRun(FutureTask.java:334)
	at java.util.concurrent.FutureTask.run(FutureTask.java:166)
	at java.util.concurrent.ThreadPoolExecutor.runWorker(ThreadPoolExecutor.java:1145)
	at java.util.concurrent.ThreadPoolExecutor$Worker.run(ThreadPoolExecutor.java:615)
	at java.lang.Thread.run(Thread.java:724)

Dec 27, 2017 12:51:34 AM org.apache.catalina.startup.HostConfig deployDescriptor
INFO: Deployment of configuration descriptor F:\6 project\JavaProjects\apache-tomcat-7.0.79-windows-x86\apache-tomcat-7.0.79\conf\Catalina\localhost\Bakery.xml has finished in 197 ms
Dec 27, 2017 12:51:34 AM org.apache.catalina.startup.HostConfig deployDescriptor
INFO: Deploying configuration descriptor F:\6 project\JavaProjects\apache-tomcat-7.0.79-windows-x86\apache-tomcat-7.0.79\conf\Catalina\localhost\BidProjectClient.xml
Dec 27, 2017 12:51:34 AM org.apache.catalina.core.StandardContext resourcesStart
SEVERE: Error starting static Resources
java.lang.IllegalArgumentException: Document base C:\Users\53FXH1P76\Desktop\Louis la Grange FINAL UNIT6\BidProjectClient\build\web does not exist or is not a readable directory
	at org.apache.naming.resources.FileDirContext.setDocBase(FileDirContext.java:136)
	at org.apache.catalina.core.StandardContext.resourcesStart(StandardContext.java:5247)
	at org.apache.catalina.core.StandardContext.startInternal(StandardContext.java:5436)
	at org.apache.catalina.util.LifecycleBase.start(LifecycleBase.java:145)
	at org.apache.catalina.core.ContainerBase.addChildInternal(ContainerBase.java:899)
	at org.apache.catalina.core.ContainerBase.addChild(ContainerBase.java:875)
	at org.apache.catalina.core.StandardHost.addChild(StandardHost.java:652)
	at org.apache.catalina.startup.HostConfig.deployDescriptor(HostConfig.java:712)
	at org.apache.catalina.startup.HostConfig$DeployDescriptor.run(HostConfig.java:2002)
	at java.util.concurrent.Executors$RunnableAdapter.call(Executors.java:471)
	at java.util.concurrent.FutureTask$Sync.innerRun(FutureTask.java:334)
	at java.util.concurrent.FutureTask.run(FutureTask.java:166)
	at java.util.concurrent.ThreadPoolExecutor.runWorker(ThreadPoolExecutor.java:1145)
	at java.util.concurrent.ThreadPoolExecutor$Worker.run(ThreadPoolExecutor.java:615)
	at java.lang.Thread.run(Thread.java:724)

Dec 27, 2017 12:51:34 AM org.apache.catalina.core.ContainerBase addChildInternal
SEVERE: ContainerBase.addChild: start: 
org.apache.catalina.LifecycleException: Failed to start component [StandardEngine[Catalina].StandardHost[localhost].StandardContext[/BidProjectClient]]
	at org.apache.catalina.util.LifecycleBase.start(LifecycleBase.java:162)
	at org.apache.catalina.core.ContainerBase.addChildInternal(ContainerBase.java:899)
	at org.apache.catalina.core.ContainerBase.addChild(ContainerBase.java:875)
	at org.apache.catalina.core.StandardHost.addChild(StandardHost.java:652)
	at org.apache.catalina.startup.HostConfig.deployDescriptor(HostConfig.java:712)
	at org.apache.catalina.startup.HostConfig$DeployDescriptor.run(HostConfig.java:2002)
	at java.util.concurrent.Executors$RunnableAdapter.call(Executors.java:471)
	at java.util.concurrent.FutureTask$Sync.innerRun(FutureTask.java:334)
	at java.util.concurrent.FutureTask.run(FutureTask.java:166)
	at java.util.concurrent.ThreadPoolExecutor.runWorker(ThreadPoolExecutor.java:1145)
	at java.util.concurrent.ThreadPoolExecutor$Worker.run(ThreadPoolExecutor.java:615)
	at java.lang.Thread.run(Thread.java:724)
Caused by: org.apache.catalina.LifecycleException: Error in resourceStart()
	at org.apache.catalina.core.StandardContext.startInternal(StandardContext.java:5437)
	at org.apache.catalina.util.LifecycleBase.start(LifecycleBase.java:145)
	... 11 more

Dec 27, 2017 12:51:34 AM org.apache.catalina.startup.HostConfig deployDescriptor
SEVERE: Error deploying configuration descriptor F:\6 project\JavaProjects\apache-tomcat-7.0.79-windows-x86\apache-tomcat-7.0.79\conf\Catalina\localhost\BidProjectClient.xml
java.lang.IllegalStateException: ContainerBase.addChild: start: org.apache.catalina.LifecycleException: Failed to start component [StandardEngine[Catalina].StandardHost[localhost].StandardContext[/BidProjectClient]]
	at org.apache.catalina.core.ContainerBase.addChildInternal(ContainerBase.java:903)
	at org.apache.catalina.core.ContainerBase.addChild(ContainerBase.java:875)
	at org.apache.catalina.core.StandardHost.addChild(StandardHost.java:652)
	at org.apache.catalina.startup.HostConfig.deployDescriptor(HostConfig.java:712)
	at org.apache.catalina.startup.HostConfig$DeployDescriptor.run(HostConfig.java:2002)
	at java.util.concurrent.Executors$RunnableAdapter.call(Executors.java:471)
	at java.util.concurrent.FutureTask$Sync.innerRun(FutureTask.java:334)
	at java.util.concurrent.FutureTask.run(FutureTask.java:166)
	at java.util.concurrent.ThreadPoolExecutor.runWorker(ThreadPoolExecutor.java:1145)
	at java.util.concurrent.ThreadPoolExecutor$Worker.run(ThreadPoolExecutor.java:615)
	at java.lang.Thread.run(Thread.java:724)

Dec 27, 2017 12:51:34 AM org.apache.catalina.startup.HostConfig deployDescriptor
INFO: Deployment of configuration descriptor F:\6 project\JavaProjects\apache-tomcat-7.0.79-windows-x86\apache-tomcat-7.0.79\conf\Catalina\localhost\BidProjectClient.xml has finished in 303 ms
Dec 27, 2017 12:51:34 AM org.apache.catalina.startup.HostConfig deployDescriptor
INFO: Deploying configuration descriptor F:\6 project\JavaProjects\apache-tomcat-7.0.79-windows-x86\apache-tomcat-7.0.79\conf\Catalina\localhost\BidProjectServices.xml
Dec 27, 2017 12:51:34 AM org.apache.catalina.core.StandardContext resourcesStart
SEVERE: Error starting static Resources
java.lang.IllegalArgumentException: Document base C:\Users\53FXH1P76\Desktop\Louis la Grange FINAL UNIT6\BidProjectServices\build\web does not exist or is not a readable directory
	at org.apache.naming.resources.FileDirContext.setDocBase(FileDirContext.java:136)
	at org.apache.catalina.core.StandardContext.resourcesStart(StandardContext.java:5247)
	at org.apache.catalina.core.StandardContext.startInternal(StandardContext.java:5436)
	at org.apache.catalina.util.LifecycleBase.start(LifecycleBase.java:145)
	at org.apache.catalina.core.ContainerBase.addChildInternal(ContainerBase.java:899)
	at org.apache.catalina.core.ContainerBase.addChild(ContainerBase.java:875)
	at org.apache.catalina.core.StandardHost.addChild(StandardHost.java:652)
	at org.apache.catalina.startup.HostConfig.deployDescriptor(HostConfig.java:712)
	at org.apache.catalina.startup.HostConfig$DeployDescriptor.run(HostConfig.java:2002)
	at java.util.concurrent.Executors$RunnableAdapter.call(Executors.java:471)
	at java.util.concurrent.FutureTask$Sync.innerRun(FutureTask.java:334)
	at java.util.concurrent.FutureTask.run(FutureTask.java:166)
	at java.util.concurrent.ThreadPoolExecutor.runWorker(ThreadPoolExecutor.java:1145)
	at java.util.concurrent.ThreadPoolExecutor$Worker.run(ThreadPoolExecutor.java:615)
	at java.lang.Thread.run(Thread.java:724)

Dec 27, 2017 12:51:34 AM org.apache.catalina.core.ContainerBase addChildInternal
SEVERE: ContainerBase.addChild: start: 
org.apache.catalina.LifecycleException: Failed to start component [StandardEngine[Catalina].StandardHost[localhost].StandardContext[/BidProjectServices]]
	at org.apache.catalina.util.LifecycleBase.start(LifecycleBase.java:162)
	at org.apache.catalina.core.ContainerBase.addChildInternal(ContainerBase.java:899)
	at org.apache.catalina.core.ContainerBase.addChild(ContainerBase.java:875)
	at org.apache.catalina.core.StandardHost.addChild(StandardHost.java:652)
	at org.apache.catalina.startup.HostConfig.deployDescriptor(HostConfig.java:712)
	at org.apache.catalina.startup.HostConfig$DeployDescriptor.run(HostConfig.java:2002)
	at java.util.concurrent.Executors$RunnableAdapter.call(Executors.java:471)
	at java.util.concurrent.FutureTask$Sync.innerRun(FutureTask.java:334)
	at java.util.concurrent.FutureTask.run(FutureTask.java:166)
	at java.util.concurrent.ThreadPoolExecutor.runWorker(ThreadPoolExecutor.java:1145)
	at java.util.concurrent.ThreadPoolExecutor$Worker.run(ThreadPoolExecutor.java:615)
	at java.lang.Thread.run(Thread.java:724)
Caused by: org.apache.catalina.LifecycleException: Error in resourceStart()
	at org.apache.catalina.core.StandardContext.startInternal(StandardContext.java:5437)
	at org.apache.catalina.util.LifecycleBase.start(LifecycleBase.java:145)
	... 11 more

Dec 27, 2017 12:51:34 AM org.apache.catalina.startup.HostConfig deployDescriptor
SEVERE: Error deploying configuration descriptor F:\6 project\JavaProjects\apache-tomcat-7.0.79-windows-x86\apache-tomcat-7.0.79\conf\Catalina\localhost\BidProjectServices.xml
java.lang.IllegalStateException: ContainerBase.addChild: start: org.apache.catalina.LifecycleException: Failed to start component [StandardEngine[Catalina].StandardHost[localhost].StandardContext[/BidProjectServices]]
	at org.apache.catalina.core.ContainerBase.addChildInternal(ContainerBase.java:903)
	at org.apache.catalina.core.ContainerBase.addChild(ContainerBase.java:875)
	at org.apache.catalina.core.StandardHost.addChild(StandardHost.java:652)
	at org.apache.catalina.startup.HostConfig.deployDescriptor(HostConfig.java:712)
	at org.apache.catalina.startup.HostConfig$DeployDescriptor.run(HostConfig.java:2002)
	at java.util.concurrent.Executors$RunnableAdapter.call(Executors.java:471)
	at java.util.concurrent.FutureTask$Sync.innerRun(FutureTask.java:334)
	at java.util.concurrent.FutureTask.run(FutureTask.java:166)
	at java.util.concurrent.ThreadPoolExecutor.runWorker(ThreadPoolExecutor.java:1145)
	at java.util.concurrent.ThreadPoolExecutor$Worker.run(ThreadPoolExecutor.java:615)
	at java.lang.Thread.run(Thread.java:724)

Dec 27, 2017 12:51:34 AM org.apache.catalina.startup.HostConfig deployDescriptor
INFO: Deployment of configuration descriptor F:\6 project\JavaProjects\apache-tomcat-7.0.79-windows-x86\apache-tomcat-7.0.79\conf\Catalina\localhost\BidProjectServices.xml has finished in 167 ms
Dec 27, 2017 12:51:34 AM org.apache.catalina.startup.HostConfig deployDescriptor
INFO: Deploying configuration descriptor F:\6 project\JavaProjects\apache-tomcat-7.0.79-windows-x86\apache-tomcat-7.0.79\conf\Catalina\localhost\ClientWebService.xml
Dec 27, 2017 12:51:34 AM org.apache.catalina.core.StandardContext resourcesStart
SEVERE: Error starting static Resources
java.lang.IllegalArgumentException: Document base C:\Users\HGL26SC27\Desktop\JavaProjects\ClientWebService\build\web does not exist or is not a readable directory
	at org.apache.naming.resources.FileDirContext.setDocBase(FileDirContext.java:136)
	at org.apache.catalina.core.StandardContext.resourcesStart(StandardContext.java:5247)
	at org.apache.catalina.core.StandardContext.startInternal(StandardContext.java:5436)
	at org.apache.catalina.util.LifecycleBase.start(LifecycleBase.java:145)
	at org.apache.catalina.core.ContainerBase.addChildInternal(ContainerBase.java:899)
	at org.apache.catalina.core.ContainerBase.addChild(ContainerBase.java:875)
	at org.apache.catalina.core.StandardHost.addChild(StandardHost.java:652)
	at org.apache.catalina.startup.HostConfig.deployDescriptor(HostConfig.java:712)
	at org.apache.catalina.startup.HostConfig$DeployDescriptor.run(HostConfig.java:2002)
	at java.util.concurrent.Executors$RunnableAdapter.call(Executors.java:471)
	at java.util.concurrent.FutureTask$Sync.innerRun(FutureTask.java:334)
	at java.util.concurrent.FutureTask.run(FutureTask.java:166)
	at java.util.concurrent.ThreadPoolExecutor.runWorker(ThreadPoolExecutor.java:1145)
	at java.util.concurrent.ThreadPoolExecutor$Worker.run(ThreadPoolExecutor.java:615)
	at java.lang.Thread.run(Thread.java:724)

Dec 27, 2017 12:51:34 AM org.apache.catalina.core.ContainerBase addChildInternal
SEVERE: ContainerBase.addChild: start: 
org.apache.catalina.LifecycleException: Failed to start component [StandardEngine[Catalina].StandardHost[localhost].StandardContext[/ClientWebService]]
	at org.apache.catalina.util.LifecycleBase.start(LifecycleBase.java:162)
	at org.apache.catalina.core.ContainerBase.addChildInternal(ContainerBase.java:899)
	at org.apache.catalina.core.ContainerBase.addChild(ContainerBase.java:875)
	at org.apache.catalina.core.StandardHost.addChild(StandardHost.java:652)
	at org.apache.catalina.startup.HostConfig.deployDescriptor(HostConfig.java:712)
	at org.apache.catalina.startup.HostConfig$DeployDescriptor.run(HostConfig.java:2002)
	at java.util.concurrent.Executors$RunnableAdapter.call(Executors.java:471)
	at java.util.concurrent.FutureTask$Sync.innerRun(FutureTask.java:334)
	at java.util.concurrent.FutureTask.run(FutureTask.java:166)
	at java.util.concurrent.ThreadPoolExecutor.runWorker(ThreadPoolExecutor.java:1145)
	at java.util.concurrent.ThreadPoolExecutor$Worker.run(ThreadPoolExecutor.java:615)
	at java.lang.Thread.run(Thread.java:724)
Caused by: org.apache.catalina.LifecycleException: Error in resourceStart()
	at org.apache.catalina.core.StandardContext.startInternal(StandardContext.java:5437)
	at org.apache.catalina.util.LifecycleBase.start(LifecycleBase.java:145)
	... 11 more

Dec 27, 2017 12:51:34 AM org.apache.catalina.startup.HostConfig deployDescriptor
SEVERE: Error deploying configuration descriptor F:\6 project\JavaProjects\apache-tomcat-7.0.79-windows-x86\apache-tomcat-7.0.79\conf\Catalina\localhost\ClientWebService.xml
java.lang.IllegalStateException: ContainerBase.addChild: start: org.apache.catalina.LifecycleException: Failed to start component [StandardEngine[Catalina].StandardHost[localhost].StandardContext[/ClientWebService]]
	at org.apache.catalina.core.ContainerBase.addChildInternal(ContainerBase.java:903)
	at org.apache.catalina.core.ContainerBase.addChild(ContainerBase.java:875)
	at org.apache.catalina.core.StandardHost.addChild(StandardHost.java:652)
	at org.apache.catalina.startup.HostConfig.deployDescriptor(HostConfig.java:712)
	at org.apache.catalina.startup.HostConfig$DeployDescriptor.run(HostConfig.java:2002)
	at java.util.concurrent.Executors$RunnableAdapter.call(Executors.java:471)
	at java.util.concurrent.FutureTask$Sync.innerRun(FutureTask.java:334)
	at java.util.concurrent.FutureTask.run(FutureTask.java:166)
	at java.util.concurrent.ThreadPoolExecutor.runWorker(ThreadPoolExecutor.java:1145)
	at java.util.concurrent.ThreadPoolExecutor$Worker.run(ThreadPoolExecutor.java:615)
	at java.lang.Thread.run(Thread.java:724)

Dec 27, 2017 12:51:34 AM org.apache.catalina.startup.HostConfig deployDescriptor
INFO: Deployment of configuration descriptor F:\6 project\JavaProjects\apache-tomcat-7.0.79-windows-x86\apache-tomcat-7.0.79\conf\Catalina\localhost\ClientWebService.xml has finished in 114 ms
Dec 27, 2017 12:51:34 AM org.apache.catalina.startup.HostConfig deployDescriptor
INFO: Deploying configuration descriptor F:\6 project\JavaProjects\apache-tomcat-7.0.79-windows-x86\apache-tomcat-7.0.79\conf\Catalina\localhost\ForumProject.xml
Dec 27, 2017 12:51:34 AM org.apache.catalina.core.StandardContext resourcesStart
SEVERE: Error starting static Resources
java.lang.IllegalArgumentException: Document base C:\Users\SL2CQH2H6\Desktop\CTI\10 - Advanced Java Programming\AJP - Project\ForumProject\build\web does not exist or is not a readable directory
	at org.apache.naming.resources.FileDirContext.setDocBase(FileDirContext.java:136)
	at org.apache.catalina.core.StandardContext.resourcesStart(StandardContext.java:5247)
	at org.apache.catalina.core.StandardContext.startInternal(StandardContext.java:5436)
	at org.apache.catalina.util.LifecycleBase.start(LifecycleBase.java:145)
	at org.apache.catalina.core.ContainerBase.addChildInternal(ContainerBase.java:899)
	at org.apache.catalina.core.ContainerBase.addChild(ContainerBase.java:875)
	at org.apache.catalina.core.StandardHost.addChild(StandardHost.java:652)
	at org.apache.catalina.startup.HostConfig.deployDescriptor(HostConfig.java:712)
	at org.apache.catalina.startup.HostConfig$DeployDescriptor.run(HostConfig.java:2002)
	at java.util.concurrent.Executors$RunnableAdapter.call(Executors.java:471)
	at java.util.concurrent.FutureTask$Sync.innerRun(FutureTask.java:334)
	at java.util.concurrent.FutureTask.run(FutureTask.java:166)
	at java.util.concurrent.ThreadPoolExecutor.runWorker(ThreadPoolExecutor.java:1145)
	at java.util.concurrent.ThreadPoolExecutor$Worker.run(ThreadPoolExecutor.java:615)
	at java.lang.Thread.run(Thread.java:724)

Dec 27, 2017 12:51:34 AM org.apache.catalina.core.ContainerBase addChildInternal
SEVERE: ContainerBase.addChild: start: 
org.apache.catalina.LifecycleException: Failed to start component [StandardEngine[Catalina].StandardHost[localhost].StandardContext[/ForumProject]]
	at org.apache.catalina.util.LifecycleBase.start(LifecycleBase.java:162)
	at org.apache.catalina.core.ContainerBase.addChildInternal(ContainerBase.java:899)
	at org.apache.catalina.core.ContainerBase.addChild(ContainerBase.java:875)
	at org.apache.catalina.core.StandardHost.addChild(StandardHost.java:652)
	at org.apache.catalina.startup.HostConfig.deployDescriptor(HostConfig.java:712)
	at org.apache.catalina.startup.HostConfig$DeployDescriptor.run(HostConfig.java:2002)
	at java.util.concurrent.Executors$RunnableAdapter.call(Executors.java:471)
	at java.util.concurrent.FutureTask$Sync.innerRun(FutureTask.java:334)
	at java.util.concurrent.FutureTask.run(FutureTask.java:166)
	at java.util.concurrent.ThreadPoolExecutor.runWorker(ThreadPoolExecutor.java:1145)
	at java.util.concurrent.ThreadPoolExecutor$Worker.run(ThreadPoolExecutor.java:615)
	at java.lang.Thread.run(Thread.java:724)
Caused by: org.apache.catalina.LifecycleException: Error in resourceStart()
	at org.apache.catalina.core.StandardContext.startInternal(StandardContext.java:5437)
	at org.apache.catalina.util.LifecycleBase.start(LifecycleBase.java:145)
	... 11 more

Dec 27, 2017 12:51:34 AM org.apache.catalina.startup.HostConfig deployDescriptor
SEVERE: Error deploying configuration descriptor F:\6 project\JavaProjects\apache-tomcat-7.0.79-windows-x86\apache-tomcat-7.0.79\conf\Catalina\localhost\ForumProject.xml
java.lang.IllegalStateException: ContainerBase.addChild: start: org.apache.catalina.LifecycleException: Failed to start component [StandardEngine[Catalina].StandardHost[localhost].StandardContext[/ForumProject]]
	at org.apache.catalina.core.ContainerBase.addChildInternal(ContainerBase.java:903)
	at org.apache.catalina.core.ContainerBase.addChild(ContainerBase.java:875)
	at org.apache.catalina.core.StandardHost.addChild(StandardHost.java:652)
	at org.apache.catalina.startup.HostConfig.deployDescriptor(HostConfig.java:712)
	at org.apache.catalina.startup.HostConfig$DeployDescriptor.run(HostConfig.java:2002)
	at java.util.concurrent.Executors$RunnableAdapter.call(Executors.java:471)
	at java.util.concurrent.FutureTask$Sync.innerRun(FutureTask.java:334)
	at java.util.concurrent.FutureTask.run(FutureTask.java:166)
	at java.util.concurrent.ThreadPoolExecutor.runWorker(ThreadPoolExecutor.java:1145)
	at java.util.concurrent.ThreadPoolExecutor$Worker.run(ThreadPoolExecutor.java:615)
	at java.lang.Thread.run(Thread.java:724)

Dec 27, 2017 12:51:35 AM org.apache.catalina.startup.HostConfig deployDescriptor
INFO: Deployment of configuration descriptor F:\6 project\JavaProjects\apache-tomcat-7.0.79-windows-x86\apache-tomcat-7.0.79\conf\Catalina\localhost\ForumProject.xml has finished in 139 ms
Dec 27, 2017 12:51:35 AM org.apache.catalina.startup.HostConfig deployDescriptor
INFO: Deploying configuration descriptor F:\6 project\JavaProjects\apache-tomcat-7.0.79-windows-x86\apache-tomcat-7.0.79\conf\Catalina\localhost\ForumProjectClient.xml
Dec 27, 2017 12:51:35 AM org.apache.catalina.core.StandardContext resourcesStart
SEVERE: Error starting static Resources
java.lang.IllegalArgumentException: Document base C:\Users\SL2CQH2H6\Desktop\CTI\10 - Advanced Java Programming\Exercises\ForumProjectClient\build\web does not exist or is not a readable directory
	at org.apache.naming.resources.FileDirContext.setDocBase(FileDirContext.java:136)
	at org.apache.catalina.core.StandardContext.resourcesStart(StandardContext.java:5247)
	at org.apache.catalina.core.StandardContext.startInternal(StandardContext.java:5436)
	at org.apache.catalina.util.LifecycleBase.start(LifecycleBase.java:145)
	at org.apache.catalina.core.ContainerBase.addChildInternal(ContainerBase.java:899)
	at org.apache.catalina.core.ContainerBase.addChild(ContainerBase.java:875)
	at org.apache.catalina.core.StandardHost.addChild(StandardHost.java:652)
	at org.apache.catalina.startup.HostConfig.deployDescriptor(HostConfig.java:712)
	at org.apache.catalina.startup.HostConfig$DeployDescriptor.run(HostConfig.java:2002)
	at java.util.concurrent.Executors$RunnableAdapter.call(Executors.java:471)
	at java.util.concurrent.FutureTask$Sync.innerRun(FutureTask.java:334)
	at java.util.concurrent.FutureTask.run(FutureTask.java:166)
	at java.util.concurrent.ThreadPoolExecutor.runWorker(ThreadPoolExecutor.java:1145)
	at java.util.concurrent.ThreadPoolExecutor$Worker.run(ThreadPoolExecutor.java:615)
	at java.lang.Thread.run(Thread.java:724)

Dec 27, 2017 12:51:35 AM org.apache.catalina.core.ContainerBase addChildInternal
SEVERE: ContainerBase.addChild: start: 
org.apache.catalina.LifecycleException: Failed to start component [StandardEngine[Catalina].StandardHost[localhost].StandardContext[/ForumProjectClient]]
	at org.apache.catalina.util.LifecycleBase.start(LifecycleBase.java:162)
	at org.apache.catalina.core.ContainerBase.addChildInternal(ContainerBase.java:899)
	at org.apache.catalina.core.ContainerBase.addChild(ContainerBase.java:875)
	at org.apache.catalina.core.StandardHost.addChild(StandardHost.java:652)
	at org.apache.catalina.startup.HostConfig.deployDescriptor(HostConfig.java:712)
	at org.apache.catalina.startup.HostConfig$DeployDescriptor.run(HostConfig.java:2002)
	at java.util.concurrent.Executors$RunnableAdapter.call(Executors.java:471)
	at java.util.concurrent.FutureTask$Sync.innerRun(FutureTask.java:334)
	at java.util.concurrent.FutureTask.run(FutureTask.java:166)
	at java.util.concurrent.ThreadPoolExecutor.runWorker(ThreadPoolExecutor.java:1145)
	at java.util.concurrent.ThreadPoolExecutor$Worker.run(ThreadPoolExecutor.java:615)
	at java.lang.Thread.run(Thread.java:724)
Caused by: org.apache.catalina.LifecycleException: Error in resourceStart()
	at org.apache.catalina.core.StandardContext.startInternal(StandardContext.java:5437)
	at org.apache.catalina.util.LifecycleBase.start(LifecycleBase.java:145)
	... 11 more

Dec 27, 2017 12:51:35 AM org.apache.catalina.startup.HostConfig deployDescriptor
SEVERE: Error deploying configuration descriptor F:\6 project\JavaProjects\apache-tomcat-7.0.79-windows-x86\apache-tomcat-7.0.79\conf\Catalina\localhost\ForumProjectClient.xml
java.lang.IllegalStateException: ContainerBase.addChild: start: org.apache.catalina.LifecycleException: Failed to start component [StandardEngine[Catalina].StandardHost[localhost].StandardContext[/ForumProjectClient]]
	at org.apache.catalina.core.ContainerBase.addChildInternal(ContainerBase.java:903)
	at org.apache.catalina.core.ContainerBase.addChild(ContainerBase.java:875)
	at org.apache.catalina.core.StandardHost.addChild(StandardHost.java:652)
	at org.apache.catalina.startup.HostConfig.deployDescriptor(HostConfig.java:712)
	at org.apache.catalina.startup.HostConfig$DeployDescriptor.run(HostConfig.java:2002)
	at java.util.concurrent.Executors$RunnableAdapter.call(Executors.java:471)
	at java.util.concurrent.FutureTask$Sync.innerRun(FutureTask.java:334)
	at java.util.concurrent.FutureTask.run(FutureTask.java:166)
	at java.util.concurrent.ThreadPoolExecutor.runWorker(ThreadPoolExecutor.java:1145)
	at java.util.concurrent.ThreadPoolExecutor$Worker.run(ThreadPoolExecutor.java:615)
	at java.lang.Thread.run(Thread.java:724)

Dec 27, 2017 12:51:35 AM org.apache.catalina.startup.HostConfig deployDescriptor
INFO: Deployment of configuration descriptor F:\6 project\JavaProjects\apache-tomcat-7.0.79-windows-x86\apache-tomcat-7.0.79\conf\Catalina\localhost\ForumProjectClient.xml has finished in 156 ms
Dec 27, 2017 12:51:35 AM org.apache.catalina.startup.HostConfig deployDescriptor
INFO: Deploying configuration descriptor F:\6 project\JavaProjects\apache-tomcat-7.0.79-windows-x86\apache-tomcat-7.0.79\conf\Catalina\localhost\ForumProjectServices.xml
Dec 27, 2017 12:51:35 AM org.apache.catalina.core.StandardContext resourcesStart
SEVERE: Error starting static Resources
java.lang.IllegalArgumentException: Document base C:\Users\SL2CQH2H6\Desktop\CTI\10 - Advanced Java Programming\Exercises\ForumProjectServices\build\web does not exist or is not a readable directory
	at org.apache.naming.resources.FileDirContext.setDocBase(FileDirContext.java:136)
	at org.apache.catalina.core.StandardContext.resourcesStart(StandardContext.java:5247)
	at org.apache.catalina.core.StandardContext.startInternal(StandardContext.java:5436)
	at org.apache.catalina.util.LifecycleBase.start(LifecycleBase.java:145)
	at org.apache.catalina.core.ContainerBase.addChildInternal(ContainerBase.java:899)
	at org.apache.catalina.core.ContainerBase.addChild(ContainerBase.java:875)
	at org.apache.catalina.core.StandardHost.addChild(StandardHost.java:652)
	at org.apache.catalina.startup.HostConfig.deployDescriptor(HostConfig.java:712)
	at org.apache.catalina.startup.HostConfig$DeployDescriptor.run(HostConfig.java:2002)
	at java.util.concurrent.Executors$RunnableAdapter.call(Executors.java:471)
	at java.util.concurrent.FutureTask$Sync.innerRun(FutureTask.java:334)
	at java.util.concurrent.FutureTask.run(FutureTask.java:166)
	at java.util.concurrent.ThreadPoolExecutor.runWorker(ThreadPoolExecutor.java:1145)
	at java.util.concurrent.ThreadPoolExecutor$Worker.run(ThreadPoolExecutor.java:615)
	at java.lang.Thread.run(Thread.java:724)

Dec 27, 2017 12:51:35 AM org.apache.catalina.core.ContainerBase addChildInternal
SEVERE: ContainerBase.addChild: start: 
org.apache.catalina.LifecycleException: Failed to start component [StandardEngine[Catalina].StandardHost[localhost].StandardContext[/ForumProjectServices]]
	at org.apache.catalina.util.LifecycleBase.start(LifecycleBase.java:162)
	at org.apache.catalina.core.ContainerBase.addChildInternal(ContainerBase.java:899)
	at org.apache.catalina.core.ContainerBase.addChild(ContainerBase.java:875)
	at org.apache.catalina.core.StandardHost.addChild(StandardHost.java:652)
	at org.apache.catalina.startup.HostConfig.deployDescriptor(HostConfig.java:712)
	at org.apache.catalina.startup.HostConfig$DeployDescriptor.run(HostConfig.java:2002)
	at java.util.concurrent.Executors$RunnableAdapter.call(Executors.java:471)
	at java.util.concurrent.FutureTask$Sync.innerRun(FutureTask.java:334)
	at java.util.concurrent.FutureTask.run(FutureTask.java:166)
	at java.util.concurrent.ThreadPoolExecutor.runWorker(ThreadPoolExecutor.java:1145)
	at java.util.concurrent.ThreadPoolExecutor$Worker.run(ThreadPoolExecutor.java:615)
	at java.lang.Thread.run(Thread.java:724)
Caused by: org.apache.catalina.LifecycleException: Error in resourceStart()
	at org.apache.catalina.core.StandardContext.startInternal(StandardContext.java:5437)
	at org.apache.catalina.util.LifecycleBase.start(LifecycleBase.java:145)
	... 11 more

Dec 27, 2017 12:51:35 AM org.apache.catalina.startup.HostConfig deployDescriptor
SEVERE: Error deploying configuration descriptor F:\6 project\JavaProjects\apache-tomcat-7.0.79-windows-x86\apache-tomcat-7.0.79\conf\Catalina\localhost\ForumProjectServices.xml
java.lang.IllegalStateException: ContainerBase.addChild: start: org.apache.catalina.LifecycleException: Failed to start component [StandardEngine[Catalina].StandardHost[localhost].StandardContext[/ForumProjectServices]]
	at org.apache.catalina.core.ContainerBase.addChildInternal(ContainerBase.java:903)
	at org.apache.catalina.core.ContainerBase.addChild(ContainerBase.java:875)
	at org.apache.catalina.core.StandardHost.addChild(StandardHost.java:652)
	at org.apache.catalina.startup.HostConfig.deployDescriptor(HostConfig.java:712)
	at org.apache.catalina.startup.HostConfig$DeployDescriptor.run(HostConfig.java:2002)
	at java.util.concurrent.Executors$RunnableAdapter.call(Executors.java:471)
	at java.util.concurrent.FutureTask$Sync.innerRun(FutureTask.java:334)
	at java.util.concurrent.FutureTask.run(FutureTask.java:166)
	at java.util.concurrent.ThreadPoolExecutor.runWorker(ThreadPoolExecutor.java:1145)
	at java.util.concurrent.ThreadPoolExecutor$Worker.run(ThreadPoolExecutor.java:615)
	at java.lang.Thread.run(Thread.java:724)

Dec 27, 2017 12:51:35 AM org.apache.catalina.startup.HostConfig deployDescriptor
INFO: Deployment of configuration descriptor F:\6 project\JavaProjects\apache-tomcat-7.0.79-windows-x86\apache-tomcat-7.0.79\conf\Catalina\localhost\ForumProjectServices.xml has finished in 159 ms
Dec 27, 2017 12:51:35 AM org.apache.catalina.startup.HostConfig deployDescriptor
INFO: Deploying configuration descriptor F:\6 project\JavaProjects\apache-tomcat-7.0.79-windows-x86\apache-tomcat-7.0.79\conf\Catalina\localhost\Hello.xml
Dec 27, 2017 12:51:35 AM org.apache.catalina.core.StandardContext resourcesStart
SEVERE: Error starting static Resources
java.lang.IllegalArgumentException: Document base C:\Users\SL2CQH2H6\Desktop\CTI\10 - Advanced Java Programming\Exercises\Hello\build\web does not exist or is not a readable directory
	at org.apache.naming.resources.FileDirContext.setDocBase(FileDirContext.java:136)
	at org.apache.catalina.core.StandardContext.resourcesStart(StandardContext.java:5247)
	at org.apache.catalina.core.StandardContext.startInternal(StandardContext.java:5436)
	at org.apache.catalina.util.LifecycleBase.start(LifecycleBase.java:145)
	at org.apache.catalina.core.ContainerBase.addChildInternal(ContainerBase.java:899)
	at org.apache.catalina.core.ContainerBase.addChild(ContainerBase.java:875)
	at org.apache.catalina.core.StandardHost.addChild(StandardHost.java:652)
	at org.apache.catalina.startup.HostConfig.deployDescriptor(HostConfig.java:712)
	at org.apache.catalina.startup.HostConfig$DeployDescriptor.run(HostConfig.java:2002)
	at java.util.concurrent.Executors$RunnableAdapter.call(Executors.java:471)
	at java.util.concurrent.FutureTask$Sync.innerRun(FutureTask.java:334)
	at java.util.concurrent.FutureTask.run(FutureTask.java:166)
	at java.util.concurrent.ThreadPoolExecutor.runWorker(ThreadPoolExecutor.java:1145)
	at java.util.concurrent.ThreadPoolExecutor$Worker.run(ThreadPoolExecutor.java:615)
	at java.lang.Thread.run(Thread.java:724)

Dec 27, 2017 12:51:35 AM org.apache.catalina.core.ContainerBase addChildInternal
SEVERE: ContainerBase.addChild: start: 
org.apache.catalina.LifecycleException: Failed to start component [StandardEngine[Catalina].StandardHost[localhost].StandardContext[/Hello]]
	at org.apache.catalina.util.LifecycleBase.start(LifecycleBase.java:162)
	at org.apache.catalina.core.ContainerBase.addChildInternal(ContainerBase.java:899)
	at org.apache.catalina.core.ContainerBase.addChild(ContainerBase.java:875)
	at org.apache.catalina.core.StandardHost.addChild(StandardHost.java:652)
	at org.apache.catalina.startup.HostConfig.deployDescriptor(HostConfig.java:712)
	at org.apache.catalina.startup.HostConfig$DeployDescriptor.run(HostConfig.java:2002)
	at java.util.concurrent.Executors$RunnableAdapter.call(Executors.java:471)
	at java.util.concurrent.FutureTask$Sync.innerRun(FutureTask.java:334)
	at java.util.concurrent.FutureTask.run(FutureTask.java:166)
	at java.util.concurrent.ThreadPoolExecutor.runWorker(ThreadPoolExecutor.java:1145)
	at java.util.concurrent.ThreadPoolExecutor$Worker.run(ThreadPoolExecutor.java:615)
	at java.lang.Thread.run(Thread.java:724)
Caused by: org.apache.catalina.LifecycleException: Error in resourceStart()
	at org.apache.catalina.core.StandardContext.startInternal(StandardContext.java:5437)
	at org.apache.catalina.util.LifecycleBase.start(LifecycleBase.java:145)
	... 11 more

Dec 27, 2017 12:51:35 AM org.apache.catalina.startup.HostConfig deployDescriptor
SEVERE: Error deploying configuration descriptor F:\6 project\JavaProjects\apache-tomcat-7.0.79-windows-x86\apache-tomcat-7.0.79\conf\Catalina\localhost\Hello.xml
java.lang.IllegalStateException: ContainerBase.addChild: start: org.apache.catalina.LifecycleException: Failed to start component [StandardEngine[Catalina].StandardHost[localhost].StandardContext[/Hello]]
	at org.apache.catalina.core.ContainerBase.addChildInternal(ContainerBase.java:903)
	at org.apache.catalina.core.ContainerBase.addChild(ContainerBase.java:875)
	at org.apache.catalina.core.StandardHost.addChild(StandardHost.java:652)
	at org.apache.catalina.startup.HostConfig.deployDescriptor(HostConfig.java:712)
	at org.apache.catalina.startup.HostConfig$DeployDescriptor.run(HostConfig.java:2002)
	at java.util.concurrent.Executors$RunnableAdapter.call(Executors.java:471)
	at java.util.concurrent.FutureTask$Sync.innerRun(FutureTask.java:334)
	at java.util.concurrent.FutureTask.run(FutureTask.java:166)
	at java.util.concurrent.ThreadPoolExecutor.runWorker(ThreadPoolExecutor.java:1145)
	at java.util.concurrent.ThreadPoolExecutor$Worker.run(ThreadPoolExecutor.java:615)
	at java.lang.Thread.run(Thread.java:724)

Dec 27, 2017 12:51:35 AM org.apache.catalina.startup.HostConfig deployDescriptor
INFO: Deployment of configuration descriptor F:\6 project\JavaProjects\apache-tomcat-7.0.79-windows-x86\apache-tomcat-7.0.79\conf\Catalina\localhost\Hello.xml has finished in 150 ms
Dec 27, 2017 12:51:35 AM org.apache.catalina.startup.HostConfig deployDescriptor
INFO: Deploying configuration descriptor F:\6 project\JavaProjects\apache-tomcat-7.0.79-windows-x86\apache-tomcat-7.0.79\conf\Catalina\localhost\HostWebService.xml
Dec 27, 2017 12:51:35 AM org.apache.catalina.core.StandardContext resourcesStart
SEVERE: Error starting static Resources
java.lang.IllegalArgumentException: Document base C:\Users\HGL26SC27\Desktop\JavaProjects\HostWebService\build\web does not exist or is not a readable directory
	at org.apache.naming.resources.FileDirContext.setDocBase(FileDirContext.java:136)
	at org.apache.catalina.core.StandardContext.resourcesStart(StandardContext.java:5247)
	at org.apache.catalina.core.StandardContext.startInternal(StandardContext.java:5436)
	at org.apache.catalina.util.LifecycleBase.start(LifecycleBase.java:145)
	at org.apache.catalina.core.ContainerBase.addChildInternal(ContainerBase.java:899)
	at org.apache.catalina.core.ContainerBase.addChild(ContainerBase.java:875)
	at org.apache.catalina.core.StandardHost.addChild(StandardHost.java:652)
	at org.apache.catalina.startup.HostConfig.deployDescriptor(HostConfig.java:712)
	at org.apache.catalina.startup.HostConfig$DeployDescriptor.run(HostConfig.java:2002)
	at java.util.concurrent.Executors$RunnableAdapter.call(Executors.java:471)
	at java.util.concurrent.FutureTask$Sync.innerRun(FutureTask.java:334)
	at java.util.concurrent.FutureTask.run(FutureTask.java:166)
	at java.util.concurrent.ThreadPoolExecutor.runWorker(ThreadPoolExecutor.java:1145)
	at java.util.concurrent.ThreadPoolExecutor$Worker.run(ThreadPoolExecutor.java:615)
	at java.lang.Thread.run(Thread.java:724)

Dec 27, 2017 12:51:35 AM org.apache.catalina.core.ContainerBase addChildInternal
SEVERE: ContainerBase.addChild: start: 
org.apache.catalina.LifecycleException: Failed to start component [StandardEngine[Catalina].StandardHost[localhost].StandardContext[/HostWebService]]
	at org.apache.catalina.util.LifecycleBase.start(LifecycleBase.java:162)
	at org.apache.catalina.core.ContainerBase.addChildInternal(ContainerBase.java:899)
	at org.apache.catalina.core.ContainerBase.addChild(ContainerBase.java:875)
	at org.apache.catalina.core.StandardHost.addChild(StandardHost.java:652)
	at org.apache.catalina.startup.HostConfig.deployDescriptor(HostConfig.java:712)
	at org.apache.catalina.startup.HostConfig$DeployDescriptor.run(HostConfig.java:2002)
	at java.util.concurrent.Executors$RunnableAdapter.call(Executors.java:471)
	at java.util.concurrent.FutureTask$Sync.innerRun(FutureTask.java:334)
	at java.util.concurrent.FutureTask.run(FutureTask.java:166)
	at java.util.concurrent.ThreadPoolExecutor.runWorker(ThreadPoolExecutor.java:1145)
	at java.util.concurrent.ThreadPoolExecutor$Worker.run(ThreadPoolExecutor.java:615)
	at java.lang.Thread.run(Thread.java:724)
Caused by: org.apache.catalina.LifecycleException: Error in resourceStart()
	at org.apache.catalina.core.StandardContext.startInternal(StandardContext.java:5437)
	at org.apache.catalina.util.LifecycleBase.start(LifecycleBase.java:145)
	... 11 more

Dec 27, 2017 12:51:35 AM org.apache.catalina.startup.HostConfig deployDescriptor
SEVERE: Error deploying configuration descriptor F:\6 project\JavaProjects\apache-tomcat-7.0.79-windows-x86\apache-tomcat-7.0.79\conf\Catalina\localhost\HostWebService.xml
java.lang.IllegalStateException: ContainerBase.addChild: start: org.apache.catalina.LifecycleException: Failed to start component [StandardEngine[Catalina].StandardHost[localhost].StandardContext[/HostWebService]]
	at org.apache.catalina.core.ContainerBase.addChildInternal(ContainerBase.java:903)
	at org.apache.catalina.core.ContainerBase.addChild(ContainerBase.java:875)
	at org.apache.catalina.core.StandardHost.addChild(StandardHost.java:652)
	at org.apache.catalina.startup.HostConfig.deployDescriptor(HostConfig.java:712)
	at org.apache.catalina.startup.HostConfig$DeployDescriptor.run(HostConfig.java:2002)
	at java.util.concurrent.Executors$RunnableAdapter.call(Executors.java:471)
	at java.util.concurrent.FutureTask$Sync.innerRun(FutureTask.java:334)
	at java.util.concurrent.FutureTask.run(FutureTask.java:166)
	at java.util.concurrent.ThreadPoolExecutor.runWorker(ThreadPoolExecutor.java:1145)
	at java.util.concurrent.ThreadPoolExecutor$Worker.run(ThreadPoolExecutor.java:615)
	at java.lang.Thread.run(Thread.java:724)

Dec 27, 2017 12:51:35 AM org.apache.catalina.startup.HostConfig deployDescriptor
INFO: Deployment of configuration descriptor F:\6 project\JavaProjects\apache-tomcat-7.0.79-windows-x86\apache-tomcat-7.0.79\conf\Catalina\localhost\HostWebService.xml has finished in 140 ms
Dec 27, 2017 12:51:35 AM org.apache.catalina.startup.HostConfig deployDescriptor
INFO: Deploying configuration descriptor F:\6 project\JavaProjects\apache-tomcat-7.0.79-windows-x86\apache-tomcat-7.0.79\conf\Catalina\localhost\JavaMail.xml
Dec 27, 2017 12:51:35 AM org.apache.catalina.core.StandardContext resourcesStart
SEVERE: Error starting static Resources
java.lang.IllegalArgumentException: Document base C:\Users\SL2CQH2H6\Desktop\CTI\10 - Advanced Java Programming\Exercises\JavaMail\build\web does not exist or is not a readable directory
	at org.apache.naming.resources.FileDirContext.setDocBase(FileDirContext.java:136)
	at org.apache.catalina.core.StandardContext.resourcesStart(StandardContext.java:5247)
	at org.apache.catalina.core.StandardContext.startInternal(StandardContext.java:5436)
	at org.apache.catalina.util.LifecycleBase.start(LifecycleBase.java:145)
	at org.apache.catalina.core.ContainerBase.addChildInternal(ContainerBase.java:899)
	at org.apache.catalina.core.ContainerBase.addChild(ContainerBase.java:875)
	at org.apache.catalina.core.StandardHost.addChild(StandardHost.java:652)
	at org.apache.catalina.startup.HostConfig.deployDescriptor(HostConfig.java:712)
	at org.apache.catalina.startup.HostConfig$DeployDescriptor.run(HostConfig.java:2002)
	at java.util.concurrent.Executors$RunnableAdapter.call(Executors.java:471)
	at java.util.concurrent.FutureTask$Sync.innerRun(FutureTask.java:334)
	at java.util.concurrent.FutureTask.run(FutureTask.java:166)
	at java.util.concurrent.ThreadPoolExecutor.runWorker(ThreadPoolExecutor.java:1145)
	at java.util.concurrent.ThreadPoolExecutor$Worker.run(ThreadPoolExecutor.java:615)
	at java.lang.Thread.run(Thread.java:724)

Dec 27, 2017 12:51:35 AM org.apache.catalina.core.ContainerBase addChildInternal
SEVERE: ContainerBase.addChild: start: 
org.apache.catalina.LifecycleException: Failed to start component [StandardEngine[Catalina].StandardHost[localhost].StandardContext[/JavaMail]]
	at org.apache.catalina.util.LifecycleBase.start(LifecycleBase.java:162)
	at org.apache.catalina.core.ContainerBase.addChildInternal(ContainerBase.java:899)
	at org.apache.catalina.core.ContainerBase.addChild(ContainerBase.java:875)
	at org.apache.catalina.core.StandardHost.addChild(StandardHost.java:652)
	at org.apache.catalina.startup.HostConfig.deployDescriptor(HostConfig.java:712)
	at org.apache.catalina.startup.HostConfig$DeployDescriptor.run(HostConfig.java:2002)
	at java.util.concurrent.Executors$RunnableAdapter.call(Executors.java:471)
	at java.util.concurrent.FutureTask$Sync.innerRun(FutureTask.java:334)
	at java.util.concurrent.FutureTask.run(FutureTask.java:166)
	at java.util.concurrent.ThreadPoolExecutor.runWorker(ThreadPoolExecutor.java:1145)
	at java.util.concurrent.ThreadPoolExecutor$Worker.run(ThreadPoolExecutor.java:615)
	at java.lang.Thread.run(Thread.java:724)
Caused by: org.apache.catalina.LifecycleException: Error in resourceStart()
	at org.apache.catalina.core.StandardContext.startInternal(StandardContext.java:5437)
	at org.apache.catalina.util.LifecycleBase.start(LifecycleBase.java:145)
	... 11 more

Dec 27, 2017 12:51:35 AM org.apache.catalina.startup.HostConfig deployDescriptor
SEVERE: Error deploying configuration descriptor F:\6 project\JavaProjects\apache-tomcat-7.0.79-windows-x86\apache-tomcat-7.0.79\conf\Catalina\localhost\JavaMail.xml
java.lang.IllegalStateException: ContainerBase.addChild: start: org.apache.catalina.LifecycleException: Failed to start component [StandardEngine[Catalina].StandardHost[localhost].StandardContext[/JavaMail]]
	at org.apache.catalina.core.ContainerBase.addChildInternal(ContainerBase.java:903)
	at org.apache.catalina.core.ContainerBase.addChild(ContainerBase.java:875)
	at org.apache.catalina.core.StandardHost.addChild(StandardHost.java:652)
	at org.apache.catalina.startup.HostConfig.deployDescriptor(HostConfig.java:712)
	at org.apache.catalina.startup.HostConfig$DeployDescriptor.run(HostConfig.java:2002)
	at java.util.concurrent.Executors$RunnableAdapter.call(Executors.java:471)
	at java.util.concurrent.FutureTask$Sync.innerRun(FutureTask.java:334)
	at java.util.concurrent.FutureTask.run(FutureTask.java:166)
	at java.util.concurrent.ThreadPoolExecutor.runWorker(ThreadPoolExecutor.java:1145)
	at java.util.concurrent.ThreadPoolExecutor$Worker.run(ThreadPoolExecutor.java:615)
	at java.lang.Thread.run(Thread.java:724)

Dec 27, 2017 12:51:35 AM org.apache.catalina.startup.HostConfig deployDescriptor
INFO: Deployment of configuration descriptor F:\6 project\JavaProjects\apache-tomcat-7.0.79-windows-x86\apache-tomcat-7.0.79\conf\Catalina\localhost\JavaMail.xml has finished in 143 ms
Dec 27, 2017 12:51:35 AM org.apache.catalina.startup.HostConfig deployDescriptor
INFO: Deploying configuration descriptor F:\6 project\JavaProjects\apache-tomcat-7.0.79-windows-x86\apache-tomcat-7.0.79\conf\Catalina\localhost\TempHost.xml
Dec 27, 2017 12:51:35 AM org.apache.catalina.core.StandardContext resourcesStart
SEVERE: Error starting static Resources
java.lang.IllegalArgumentException: Document base C:\Users\53FXH1P76\Documents\CTI\Project2Adv\TempHost\build\web does not exist or is not a readable directory
	at org.apache.naming.resources.FileDirContext.setDocBase(FileDirContext.java:136)
	at org.apache.catalina.core.StandardContext.resourcesStart(StandardContext.java:5247)
	at org.apache.catalina.core.StandardContext.startInternal(StandardContext.java:5436)
	at org.apache.catalina.util.LifecycleBase.start(LifecycleBase.java:145)
	at org.apache.catalina.core.ContainerBase.addChildInternal(ContainerBase.java:899)
	at org.apache.catalina.core.ContainerBase.addChild(ContainerBase.java:875)
	at org.apache.catalina.core.StandardHost.addChild(StandardHost.java:652)
	at org.apache.catalina.startup.HostConfig.deployDescriptor(HostConfig.java:712)
	at org.apache.catalina.startup.HostConfig$DeployDescriptor.run(HostConfig.java:2002)
	at java.util.concurrent.Executors$RunnableAdapter.call(Executors.java:471)
	at java.util.concurrent.FutureTask$Sync.innerRun(FutureTask.java:334)
	at java.util.concurrent.FutureTask.run(FutureTask.java:166)
	at java.util.concurrent.ThreadPoolExecutor.runWorker(ThreadPoolExecutor.java:1145)
	at java.util.concurrent.ThreadPoolExecutor$Worker.run(ThreadPoolExecutor.java:615)
	at java.lang.Thread.run(Thread.java:724)

Dec 27, 2017 12:51:35 AM org.apache.catalina.core.ContainerBase addChildInternal
SEVERE: ContainerBase.addChild: start: 
org.apache.catalina.LifecycleException: Failed to start component [StandardEngine[Catalina].StandardHost[localhost].StandardContext[/TempHost]]
	at org.apache.catalina.util.LifecycleBase.start(LifecycleBase.java:162)
	at org.apache.catalina.core.ContainerBase.addChildInternal(ContainerBase.java:899)
	at org.apache.catalina.core.ContainerBase.addChild(ContainerBase.java:875)
	at org.apache.catalina.core.StandardHost.addChild(StandardHost.java:652)
	at org.apache.catalina.startup.HostConfig.deployDescriptor(HostConfig.java:712)
	at org.apache.catalina.startup.HostConfig$DeployDescriptor.run(HostConfig.java:2002)
	at java.util.concurrent.Executors$RunnableAdapter.call(Executors.java:471)
	at java.util.concurrent.FutureTask$Sync.innerRun(FutureTask.java:334)
	at java.util.concurrent.FutureTask.run(FutureTask.java:166)
	at java.util.concurrent.ThreadPoolExecutor.runWorker(ThreadPoolExecutor.java:1145)
	at java.util.concurrent.ThreadPoolExecutor$Worker.run(ThreadPoolExecutor.java:615)
	at java.lang.Thread.run(Thread.java:724)
Caused by: org.apache.catalina.LifecycleException: Error in resourceStart()
	at org.apache.catalina.core.StandardContext.startInternal(StandardContext.java:5437)
	at org.apache.catalina.util.LifecycleBase.start(LifecycleBase.java:145)
	... 11 more

Dec 27, 2017 12:51:35 AM org.apache.catalina.startup.HostConfig deployDescriptor
SEVERE: Error deploying configuration descriptor F:\6 project\JavaProjects\apache-tomcat-7.0.79-windows-x86\apache-tomcat-7.0.79\conf\Catalina\localhost\TempHost.xml
java.lang.IllegalStateException: ContainerBase.addChild: start: org.apache.catalina.LifecycleException: Failed to start component [StandardEngine[Catalina].StandardHost[localhost].StandardContext[/TempHost]]
	at org.apache.catalina.core.ContainerBase.addChildInternal(ContainerBase.java:903)
	at org.apache.catalina.core.ContainerBase.addChild(ContainerBase.java:875)
	at org.apache.catalina.core.StandardHost.addChild(StandardHost.java:652)
	at org.apache.catalina.startup.HostConfig.deployDescriptor(HostConfig.java:712)
	at org.apache.catalina.startup.HostConfig$DeployDescriptor.run(HostConfig.java:2002)
	at java.util.concurrent.Executors$RunnableAdapter.call(Executors.java:471)
	at java.util.concurrent.FutureTask$Sync.innerRun(FutureTask.java:334)
	at java.util.concurrent.FutureTask.run(FutureTask.java:166)
	at java.util.concurrent.ThreadPoolExecutor.runWorker(ThreadPoolExecutor.java:1145)
	at java.util.concurrent.ThreadPoolExecutor$Worker.run(ThreadPoolExecutor.java:615)
	at java.lang.Thread.run(Thread.java:724)

Dec 27, 2017 12:51:35 AM org.apache.catalina.startup.HostConfig deployDescriptor
INFO: Deployment of configuration descriptor F:\6 project\JavaProjects\apache-tomcat-7.0.79-windows-x86\apache-tomcat-7.0.79\conf\Catalina\localhost\TempHost.xml has finished in 160 ms
Dec 27, 2017 12:51:35 AM org.apache.catalina.startup.HostConfig deployDescriptor
INFO: Deploying configuration descriptor F:\6 project\JavaProjects\apache-tomcat-7.0.79-windows-x86\apache-tomcat-7.0.79\conf\Catalina\localhost\testerJavaScript.xml
Dec 27, 2017 12:51:35 AM org.apache.catalina.core.StandardContext resourcesStart
SEVERE: Error starting static Resources
java.lang.IllegalArgumentException: Document base C:\Users\53FXH1P76\Documents\CTI\Project2Adv\testerJavaScript\build\web does not exist or is not a readable directory
	at org.apache.naming.resources.FileDirContext.setDocBase(FileDirContext.java:136)
	at org.apache.catalina.core.StandardContext.resourcesStart(StandardContext.java:5247)
	at org.apache.catalina.core.StandardContext.startInternal(StandardContext.java:5436)
	at org.apache.catalina.util.LifecycleBase.start(LifecycleBase.java:145)
	at org.apache.catalina.core.ContainerBase.addChildInternal(ContainerBase.java:899)
	at org.apache.catalina.core.ContainerBase.addChild(ContainerBase.java:875)
	at org.apache.catalina.core.StandardHost.addChild(StandardHost.java:652)
	at org.apache.catalina.startup.HostConfig.deployDescriptor(HostConfig.java:712)
	at org.apache.catalina.startup.HostConfig$DeployDescriptor.run(HostConfig.java:2002)
	at java.util.concurrent.Executors$RunnableAdapter.call(Executors.java:471)
	at java.util.concurrent.FutureTask$Sync.innerRun(FutureTask.java:334)
	at java.util.concurrent.FutureTask.run(FutureTask.java:166)
	at java.util.concurrent.ThreadPoolExecutor.runWorker(ThreadPoolExecutor.java:1145)
	at java.util.concurrent.ThreadPoolExecutor$Worker.run(ThreadPoolExecutor.java:615)
	at java.lang.Thread.run(Thread.java:724)

Dec 27, 2017 12:51:35 AM org.apache.catalina.core.ContainerBase addChildInternal
SEVERE: ContainerBase.addChild: start: 
org.apache.catalina.LifecycleException: Failed to start component [StandardEngine[Catalina].StandardHost[localhost].StandardContext[/testerJavaScript]]
	at org.apache.catalina.util.LifecycleBase.start(LifecycleBase.java:162)
	at org.apache.catalina.core.ContainerBase.addChildInternal(ContainerBase.java:899)
	at org.apache.catalina.core.ContainerBase.addChild(ContainerBase.java:875)
	at org.apache.catalina.core.StandardHost.addChild(StandardHost.java:652)
	at org.apache.catalina.startup.HostConfig.deployDescriptor(HostConfig.java:712)
	at org.apache.catalina.startup.HostConfig$DeployDescriptor.run(HostConfig.java:2002)
	at java.util.concurrent.Executors$RunnableAdapter.call(Executors.java:471)
	at java.util.concurrent.FutureTask$Sync.innerRun(FutureTask.java:334)
	at java.util.concurrent.FutureTask.run(FutureTask.java:166)
	at java.util.concurrent.ThreadPoolExecutor.runWorker(ThreadPoolExecutor.java:1145)
	at java.util.concurrent.ThreadPoolExecutor$Worker.run(ThreadPoolExecutor.java:615)
	at java.lang.Thread.run(Thread.java:724)
Caused by: org.apache.catalina.LifecycleException: Error in resourceStart()
	at org.apache.catalina.core.StandardContext.startInternal(StandardContext.java:5437)
	at org.apache.catalina.util.LifecycleBase.start(LifecycleBase.java:145)
	... 11 more

Dec 27, 2017 12:51:35 AM org.apache.catalina.startup.HostConfig deployDescriptor
SEVERE: Error deploying configuration descriptor F:\6 project\JavaProjects\apache-tomcat-7.0.79-windows-x86\apache-tomcat-7.0.79\conf\Catalina\localhost\testerJavaScript.xml
java.lang.IllegalStateException: ContainerBase.addChild: start: org.apache.catalina.LifecycleException: Failed to start component [StandardEngine[Catalina].StandardHost[localhost].StandardContext[/testerJavaScript]]
	at org.apache.catalina.core.ContainerBase.addChildInternal(ContainerBase.java:903)
	at org.apache.catalina.core.ContainerBase.addChild(ContainerBase.java:875)
	at org.apache.catalina.core.StandardHost.addChild(StandardHost.java:652)
	at org.apache.catalina.startup.HostConfig.deployDescriptor(HostConfig.java:712)
	at org.apache.catalina.startup.HostConfig$DeployDescriptor.run(HostConfig.java:2002)
	at java.util.concurrent.Executors$RunnableAdapter.call(Executors.java:471)
	at java.util.concurrent.FutureTask$Sync.innerRun(FutureTask.java:334)
	at java.util.concurrent.FutureTask.run(FutureTask.java:166)
	at java.util.concurrent.ThreadPoolExecutor.runWorker(ThreadPoolExecutor.java:1145)
	at java.util.concurrent.ThreadPoolExecutor$Worker.run(ThreadPoolExecutor.java:615)
	at java.lang.Thread.run(Thread.java:724)

Dec 27, 2017 12:51:36 AM org.apache.catalina.startup.HostConfig deployDescriptor
INFO: Deployment of configuration descriptor F:\6 project\JavaProjects\apache-tomcat-7.0.79-windows-x86\apache-tomcat-7.0.79\conf\Catalina\localhost\testerJavaScript.xml has finished in 205 ms
Dec 27, 2017 12:51:36 AM org.apache.catalina.startup.HostConfig deployDescriptor
INFO: Deploying configuration descriptor F:\6 project\JavaProjects\apache-tomcat-7.0.79-windows-x86\apache-tomcat-7.0.79\conf\Catalina\localhost\Unit4.xml
Dec 27, 2017 12:51:36 AM org.apache.catalina.core.StandardContext resourcesStart
SEVERE: Error starting static Resources
java.lang.IllegalArgumentException: Document base C:\Users\SL2CQH2H6\Desktop\CTI\10 - Advanced Java Programming\Exercises\Unit4\build\web does not exist or is not a readable directory
	at org.apache.naming.resources.FileDirContext.setDocBase(FileDirContext.java:136)
	at org.apache.catalina.core.StandardContext.resourcesStart(StandardContext.java:5247)
	at org.apache.catalina.core.StandardContext.startInternal(StandardContext.java:5436)
	at org.apache.catalina.util.LifecycleBase.start(LifecycleBase.java:145)
	at org.apache.catalina.core.ContainerBase.addChildInternal(ContainerBase.java:899)
	at org.apache.catalina.core.ContainerBase.addChild(ContainerBase.java:875)
	at org.apache.catalina.core.StandardHost.addChild(StandardHost.java:652)
	at org.apache.catalina.startup.HostConfig.deployDescriptor(HostConfig.java:712)
	at org.apache.catalina.startup.HostConfig$DeployDescriptor.run(HostConfig.java:2002)
	at java.util.concurrent.Executors$RunnableAdapter.call(Executors.java:471)
	at java.util.concurrent.FutureTask$Sync.innerRun(FutureTask.java:334)
	at java.util.concurrent.FutureTask.run(FutureTask.java:166)
	at java.util.concurrent.ThreadPoolExecutor.runWorker(ThreadPoolExecutor.java:1145)
	at java.util.concurrent.ThreadPoolExecutor$Worker.run(ThreadPoolExecutor.java:615)
	at java.lang.Thread.run(Thread.java:724)

Dec 27, 2017 12:51:36 AM org.apache.catalina.core.ContainerBase addChildInternal
SEVERE: ContainerBase.addChild: start: 
org.apache.catalina.LifecycleException: Failed to start component [StandardEngine[Catalina].StandardHost[localhost].StandardContext[/Unit4]]
	at org.apache.catalina.util.LifecycleBase.start(LifecycleBase.java:162)
	at org.apache.catalina.core.ContainerBase.addChildInternal(ContainerBase.java:899)
	at org.apache.catalina.core.ContainerBase.addChild(ContainerBase.java:875)
	at org.apache.catalina.core.StandardHost.addChild(StandardHost.java:652)
	at org.apache.catalina.startup.HostConfig.deployDescriptor(HostConfig.java:712)
	at org.apache.catalina.startup.HostConfig$DeployDescriptor.run(HostConfig.java:2002)
	at java.util.concurrent.Executors$RunnableAdapter.call(Executors.java:471)
	at java.util.concurrent.FutureTask$Sync.innerRun(FutureTask.java:334)
	at java.util.concurrent.FutureTask.run(FutureTask.java:166)
	at java.util.concurrent.ThreadPoolExecutor.runWorker(ThreadPoolExecutor.java:1145)
	at java.util.concurrent.ThreadPoolExecutor$Worker.run(ThreadPoolExecutor.java:615)
	at java.lang.Thread.run(Thread.java:724)
Caused by: org.apache.catalina.LifecycleException: Error in resourceStart()
	at org.apache.catalina.core.StandardContext.startInternal(StandardContext.java:5437)
	at org.apache.catalina.util.LifecycleBase.start(LifecycleBase.java:145)
	... 11 more

Dec 27, 2017 12:51:36 AM org.apache.catalina.startup.HostConfig deployDescriptor
SEVERE: Error deploying configuration descriptor F:\6 project\JavaProjects\apache-tomcat-7.0.79-windows-x86\apache-tomcat-7.0.79\conf\Catalina\localhost\Unit4.xml
java.lang.IllegalStateException: ContainerBase.addChild: start: org.apache.catalina.LifecycleException: Failed to start component [StandardEngine[Catalina].StandardHost[localhost].StandardContext[/Unit4]]
	at org.apache.catalina.core.ContainerBase.addChildInternal(ContainerBase.java:903)
	at org.apache.catalina.core.ContainerBase.addChild(ContainerBase.java:875)
	at org.apache.catalina.core.StandardHost.addChild(StandardHost.java:652)
	at org.apache.catalina.startup.HostConfig.deployDescriptor(HostConfig.java:712)
	at org.apache.catalina.startup.HostConfig$DeployDescriptor.run(HostConfig.java:2002)
	at java.util.concurrent.Executors$RunnableAdapter.call(Executors.java:471)
	at java.util.concurrent.FutureTask$Sync.innerRun(FutureTask.java:334)
	at java.util.concurrent.FutureTask.run(FutureTask.java:166)
	at java.util.concurrent.ThreadPoolExecutor.runWorker(ThreadPoolExecutor.java:1145)
	at java.util.concurrent.ThreadPoolExecutor$Worker.run(ThreadPoolExecutor.java:615)
	at java.lang.Thread.run(Thread.java:724)

Dec 27, 2017 12:51:36 AM org.apache.catalina.startup.HostConfig deployDescriptor
INFO: Deployment of configuration descriptor F:\6 project\JavaProjects\apache-tomcat-7.0.79-windows-x86\apache-tomcat-7.0.79\conf\Catalina\localhost\Unit4.xml has finished in 141 ms
Dec 27, 2017 12:51:36 AM org.apache.catalina.startup.HostConfig deployDescriptor
INFO: Deploying configuration descriptor F:\6 project\JavaProjects\apache-tomcat-7.0.79-windows-x86\apache-tomcat-7.0.79\conf\Catalina\localhost\Unit4Exercises.xml
Dec 27, 2017 12:51:36 AM org.apache.catalina.core.StandardContext resourcesStart
SEVERE: Error starting static Resources
java.lang.IllegalArgumentException: Document base C:\Users\SL2CQH2H6\Desktop\CTI\10 - Advanced Java Programming\Exercises\Unit4Exercises\build\web does not exist or is not a readable directory
	at org.apache.naming.resources.FileDirContext.setDocBase(FileDirContext.java:136)
	at org.apache.catalina.core.StandardContext.resourcesStart(StandardContext.java:5247)
	at org.apache.catalina.core.StandardContext.startInternal(StandardContext.java:5436)
	at org.apache.catalina.util.LifecycleBase.start(LifecycleBase.java:145)
	at org.apache.catalina.core.ContainerBase.addChildInternal(ContainerBase.java:899)
	at org.apache.catalina.core.ContainerBase.addChild(ContainerBase.java:875)
	at org.apache.catalina.core.StandardHost.addChild(StandardHost.java:652)
	at org.apache.catalina.startup.HostConfig.deployDescriptor(HostConfig.java:712)
	at org.apache.catalina.startup.HostConfig$DeployDescriptor.run(HostConfig.java:2002)
	at java.util.concurrent.Executors$RunnableAdapter.call(Executors.java:471)
	at java.util.concurrent.FutureTask$Sync.innerRun(FutureTask.java:334)
	at java.util.concurrent.FutureTask.run(FutureTask.java:166)
	at java.util.concurrent.ThreadPoolExecutor.runWorker(ThreadPoolExecutor.java:1145)
	at java.util.concurrent.ThreadPoolExecutor$Worker.run(ThreadPoolExecutor.java:615)
	at java.lang.Thread.run(Thread.java:724)

Dec 27, 2017 12:51:36 AM org.apache.catalina.core.ContainerBase addChildInternal
SEVERE: ContainerBase.addChild: start: 
org.apache.catalina.LifecycleException: Failed to start component [StandardEngine[Catalina].StandardHost[localhost].StandardContext[/Unit4Exercises]]
	at org.apache.catalina.util.LifecycleBase.start(LifecycleBase.java:162)
	at org.apache.catalina.core.ContainerBase.addChildInternal(ContainerBase.java:899)
	at org.apache.catalina.core.ContainerBase.addChild(ContainerBase.java:875)
	at org.apache.catalina.core.StandardHost.addChild(StandardHost.java:652)
	at org.apache.catalina.startup.HostConfig.deployDescriptor(HostConfig.java:712)
	at org.apache.catalina.startup.HostConfig$DeployDescriptor.run(HostConfig.java:2002)
	at java.util.concurrent.Executors$RunnableAdapter.call(Executors.java:471)
	at java.util.concurrent.FutureTask$Sync.innerRun(FutureTask.java:334)
	at java.util.concurrent.FutureTask.run(FutureTask.java:166)
	at java.util.concurrent.ThreadPoolExecutor.runWorker(ThreadPoolExecutor.java:1145)
	at java.util.concurrent.ThreadPoolExecutor$Worker.run(ThreadPoolExecutor.java:615)
	at java.lang.Thread.run(Thread.java:724)
Caused by: org.apache.catalina.LifecycleException: Error in resourceStart()
	at org.apache.catalina.core.StandardContext.startInternal(StandardContext.java:5437)
	at org.apache.catalina.util.LifecycleBase.start(LifecycleBase.java:145)
	... 11 more

Dec 27, 2017 12:51:36 AM org.apache.catalina.startup.HostConfig deployDescriptor
SEVERE: Error deploying configuration descriptor F:\6 project\JavaProjects\apache-tomcat-7.0.79-windows-x86\apache-tomcat-7.0.79\conf\Catalina\localhost\Unit4Exercises.xml
java.lang.IllegalStateException: ContainerBase.addChild: start: org.apache.catalina.LifecycleException: Failed to start component [StandardEngine[Catalina].StandardHost[localhost].StandardContext[/Unit4Exercises]]
	at org.apache.catalina.core.ContainerBase.addChildInternal(ContainerBase.java:903)
	at org.apache.catalina.core.ContainerBase.addChild(ContainerBase.java:875)
	at org.apache.catalina.core.StandardHost.addChild(StandardHost.java:652)
	at org.apache.catalina.startup.HostConfig.deployDescriptor(HostConfig.java:712)
	at org.apache.catalina.startup.HostConfig$DeployDescriptor.run(HostConfig.java:2002)
	at java.util.concurrent.Executors$RunnableAdapter.call(Executors.java:471)
	at java.util.concurrent.FutureTask$Sync.innerRun(FutureTask.java:334)
	at java.util.concurrent.FutureTask.run(FutureTask.java:166)
	at java.util.concurrent.ThreadPoolExecutor.runWorker(ThreadPoolExecutor.java:1145)
	at java.util.concurrent.ThreadPoolExecutor$Worker.run(ThreadPoolExecutor.java:615)
	at java.lang.Thread.run(Thread.java:724)

Dec 27, 2017 12:51:36 AM org.apache.catalina.startup.HostConfig deployDescriptor
INFO: Deployment of configuration descriptor F:\6 project\JavaProjects\apache-tomcat-7.0.79-windows-x86\apache-tomcat-7.0.79\conf\Catalina\localhost\Unit4Exercises.xml has finished in 154 ms
Dec 27, 2017 12:51:36 AM org.apache.catalina.startup.HostConfig deployDescriptor
INFO: Deploying configuration descriptor F:\6 project\JavaProjects\apache-tomcat-7.0.79-windows-x86\apache-tomcat-7.0.79\conf\Catalina\localhost\Unit5.xml
Dec 27, 2017 12:51:36 AM org.apache.catalina.core.StandardContext resourcesStart
SEVERE: Error starting static Resources
java.lang.IllegalArgumentException: Document base C:\Users\SL2CQH2H6\Desktop\CTI\10 - Advanced Java Programming\Exercises\Unit5\build\web does not exist or is not a readable directory
	at org.apache.naming.resources.FileDirContext.setDocBase(FileDirContext.java:136)
	at org.apache.catalina.core.StandardContext.resourcesStart(StandardContext.java:5247)
	at org.apache.catalina.core.StandardContext.startInternal(StandardContext.java:5436)
	at org.apache.catalina.util.LifecycleBase.start(LifecycleBase.java:145)
	at org.apache.catalina.core.ContainerBase.addChildInternal(ContainerBase.java:899)
	at org.apache.catalina.core.ContainerBase.addChild(ContainerBase.java:875)
	at org.apache.catalina.core.StandardHost.addChild(StandardHost.java:652)
	at org.apache.catalina.startup.HostConfig.deployDescriptor(HostConfig.java:712)
	at org.apache.catalina.startup.HostConfig$DeployDescriptor.run(HostConfig.java:2002)
	at java.util.concurrent.Executors$RunnableAdapter.call(Executors.java:471)
	at java.util.concurrent.FutureTask$Sync.innerRun(FutureTask.java:334)
	at java.util.concurrent.FutureTask.run(FutureTask.java:166)
	at java.util.concurrent.ThreadPoolExecutor.runWorker(ThreadPoolExecutor.java:1145)
	at java.util.concurrent.ThreadPoolExecutor$Worker.run(ThreadPoolExecutor.java:615)
	at java.lang.Thread.run(Thread.java:724)

Dec 27, 2017 12:51:36 AM org.apache.catalina.core.ContainerBase addChildInternal
SEVERE: ContainerBase.addChild: start: 
org.apache.catalina.LifecycleException: Failed to start component [StandardEngine[Catalina].StandardHost[localhost].StandardContext[/Unit5]]
	at org.apache.catalina.util.LifecycleBase.start(LifecycleBase.java:162)
	at org.apache.catalina.core.ContainerBase.addChildInternal(ContainerBase.java:899)
	at org.apache.catalina.core.ContainerBase.addChild(ContainerBase.java:875)
	at org.apache.catalina.core.StandardHost.addChild(StandardHost.java:652)
	at org.apache.catalina.startup.HostConfig.deployDescriptor(HostConfig.java:712)
	at org.apache.catalina.startup.HostConfig$DeployDescriptor.run(HostConfig.java:2002)
	at java.util.concurrent.Executors$RunnableAdapter.call(Executors.java:471)
	at java.util.concurrent.FutureTask$Sync.innerRun(FutureTask.java:334)
	at java.util.concurrent.FutureTask.run(FutureTask.java:166)
	at java.util.concurrent.ThreadPoolExecutor.runWorker(ThreadPoolExecutor.java:1145)
	at java.util.concurrent.ThreadPoolExecutor$Worker.run(ThreadPoolExecutor.java:615)
	at java.lang.Thread.run(Thread.java:724)
Caused by: org.apache.catalina.LifecycleException: Error in resourceStart()
	at org.apache.catalina.core.StandardContext.startInternal(StandardContext.java:5437)
	at org.apache.catalina.util.LifecycleBase.start(LifecycleBase.java:145)
	... 11 more

Dec 27, 2017 12:51:36 AM org.apache.catalina.startup.HostConfig deployDescriptor
SEVERE: Error deploying configuration descriptor F:\6 project\JavaProjects\apache-tomcat-7.0.79-windows-x86\apache-tomcat-7.0.79\conf\Catalina\localhost\Unit5.xml
java.lang.IllegalStateException: ContainerBase.addChild: start: org.apache.catalina.LifecycleException: Failed to start component [StandardEngine[Catalina].StandardHost[localhost].StandardContext[/Unit5]]
	at org.apache.catalina.core.ContainerBase.addChildInternal(ContainerBase.java:903)
	at org.apache.catalina.core.ContainerBase.addChild(ContainerBase.java:875)
	at org.apache.catalina.core.StandardHost.addChild(StandardHost.java:652)
	at org.apache.catalina.startup.HostConfig.deployDescriptor(HostConfig.java:712)
	at org.apache.catalina.startup.HostConfig$DeployDescriptor.run(HostConfig.java:2002)
	at java.util.concurrent.Executors$RunnableAdapter.call(Executors.java:471)
	at java.util.concurrent.FutureTask$Sync.innerRun(FutureTask.java:334)
	at java.util.concurrent.FutureTask.run(FutureTask.java:166)
	at java.util.concurrent.ThreadPoolExecutor.runWorker(ThreadPoolExecutor.java:1145)
	at java.util.concurrent.ThreadPoolExecutor$Worker.run(ThreadPoolExecutor.java:615)
	at java.lang.Thread.run(Thread.java:724)

Dec 27, 2017 12:51:36 AM org.apache.catalina.startup.HostConfig deployDescriptor
INFO: Deployment of configuration descriptor F:\6 project\JavaProjects\apache-tomcat-7.0.79-windows-x86\apache-tomcat-7.0.79\conf\Catalina\localhost\Unit5.xml has finished in 146 ms
Dec 27, 2017 12:51:36 AM org.apache.catalina.startup.HostConfig deployDescriptor
INFO: Deploying configuration descriptor F:\6 project\JavaProjects\apache-tomcat-7.0.79-windows-x86\apache-tomcat-7.0.79\conf\Catalina\localhost\Unit5Servlet.xml
Dec 27, 2017 12:51:36 AM org.apache.catalina.core.StandardContext resourcesStart
SEVERE: Error starting static Resources
java.lang.IllegalArgumentException: Document base C:\Users\SL2CQH2H6\Desktop\CTI\10 - Advanced Java Programming\Exercises\Unit5Servlet\build\web does not exist or is not a readable directory
	at org.apache.naming.resources.FileDirContext.setDocBase(FileDirContext.java:136)
	at org.apache.catalina.core.StandardContext.resourcesStart(StandardContext.java:5247)
	at org.apache.catalina.core.StandardContext.startInternal(StandardContext.java:5436)
	at org.apache.catalina.util.LifecycleBase.start(LifecycleBase.java:145)
	at org.apache.catalina.core.ContainerBase.addChildInternal(ContainerBase.java:899)
	at org.apache.catalina.core.ContainerBase.addChild(ContainerBase.java:875)
	at org.apache.catalina.core.StandardHost.addChild(StandardHost.java:652)
	at org.apache.catalina.startup.HostConfig.deployDescriptor(HostConfig.java:712)
	at org.apache.catalina.startup.HostConfig$DeployDescriptor.run(HostConfig.java:2002)
	at java.util.concurrent.Executors$RunnableAdapter.call(Executors.java:471)
	at java.util.concurrent.FutureTask$Sync.innerRun(FutureTask.java:334)
	at java.util.concurrent.FutureTask.run(FutureTask.java:166)
	at java.util.concurrent.ThreadPoolExecutor.runWorker(ThreadPoolExecutor.java:1145)
	at java.util.concurrent.ThreadPoolExecutor$Worker.run(ThreadPoolExecutor.java:615)
	at java.lang.Thread.run(Thread.java:724)

Dec 27, 2017 12:51:36 AM org.apache.catalina.core.ContainerBase addChildInternal
SEVERE: ContainerBase.addChild: start: 
org.apache.catalina.LifecycleException: Failed to start component [StandardEngine[Catalina].StandardHost[localhost].StandardContext[/Unit5Servlet]]
	at org.apache.catalina.util.LifecycleBase.start(LifecycleBase.java:162)
	at org.apache.catalina.core.ContainerBase.addChildInternal(ContainerBase.java:899)
	at org.apache.catalina.core.ContainerBase.addChild(ContainerBase.java:875)
	at org.apache.catalina.core.StandardHost.addChild(StandardHost.java:652)
	at org.apache.catalina.startup.HostConfig.deployDescriptor(HostConfig.java:712)
	at org.apache.catalina.startup.HostConfig$DeployDescriptor.run(HostConfig.java:2002)
	at java.util.concurrent.Executors$RunnableAdapter.call(Executors.java:471)
	at java.util.concurrent.FutureTask$Sync.innerRun(FutureTask.java:334)
	at java.util.concurrent.FutureTask.run(FutureTask.java:166)
	at java.util.concurrent.ThreadPoolExecutor.runWorker(ThreadPoolExecutor.java:1145)
	at java.util.concurrent.ThreadPoolExecutor$Worker.run(ThreadPoolExecutor.java:615)
	at java.lang.Thread.run(Thread.java:724)
Caused by: org.apache.catalina.LifecycleException: Error in resourceStart()
	at org.apache.catalina.core.StandardContext.startInternal(StandardContext.java:5437)
	at org.apache.catalina.util.LifecycleBase.start(LifecycleBase.java:145)
	... 11 more

Dec 27, 2017 12:51:36 AM org.apache.catalina.startup.HostConfig deployDescriptor
SEVERE: Error deploying configuration descriptor F:\6 project\JavaProjects\apache-tomcat-7.0.79-windows-x86\apache-tomcat-7.0.79\conf\Catalina\localhost\Unit5Servlet.xml
java.lang.IllegalStateException: ContainerBase.addChild: start: org.apache.catalina.LifecycleException: Failed to start component [StandardEngine[Catalina].StandardHost[localhost].StandardContext[/Unit5Servlet]]
	at org.apache.catalina.core.ContainerBase.addChildInternal(ContainerBase.java:903)
	at org.apache.catalina.core.ContainerBase.addChild(ContainerBase.java:875)
	at org.apache.catalina.core.StandardHost.addChild(StandardHost.java:652)
	at org.apache.catalina.startup.HostConfig.deployDescriptor(HostConfig.java:712)
	at org.apache.catalina.startup.HostConfig$DeployDescriptor.run(HostConfig.java:2002)
	at java.util.concurrent.Executors$RunnableAdapter.call(Executors.java:471)
	at java.util.concurrent.FutureTask$Sync.innerRun(FutureTask.java:334)
	at java.util.concurrent.FutureTask.run(FutureTask.java:166)
	at java.util.concurrent.ThreadPoolExecutor.runWorker(ThreadPoolExecutor.java:1145)
	at java.util.concurrent.ThreadPoolExecutor$Worker.run(ThreadPoolExecutor.java:615)
	at java.lang.Thread.run(Thread.java:724)

Dec 27, 2017 12:51:36 AM org.apache.catalina.startup.HostConfig deployDescriptor
INFO: Deployment of configuration descriptor F:\6 project\JavaProjects\apache-tomcat-7.0.79-windows-x86\apache-tomcat-7.0.79\conf\Catalina\localhost\Unit5Servlet.xml has finished in 146 ms
Dec 27, 2017 12:51:36 AM org.apache.catalina.startup.HostConfig deployDescriptor
INFO: Deploying configuration descriptor F:\6 project\JavaProjects\apache-tomcat-7.0.79-windows-x86\apache-tomcat-7.0.79\conf\Catalina\localhost\Web page.xml
Dec 27, 2017 12:51:36 AM org.apache.catalina.core.StandardContext resourcesStart
SEVERE: Error starting static Resources
java.lang.IllegalArgumentException: Document base C:\Users\SL2CQH2H6\Desktop\CTI\10 - Advanced Java Programming\Web page re\build\web does not exist or is not a readable directory
	at org.apache.naming.resources.FileDirContext.setDocBase(FileDirContext.java:136)
	at org.apache.catalina.core.StandardContext.resourcesStart(StandardContext.java:5247)
	at org.apache.catalina.core.StandardContext.startInternal(StandardContext.java:5436)
	at org.apache.catalina.util.LifecycleBase.start(LifecycleBase.java:145)
	at org.apache.catalina.core.ContainerBase.addChildInternal(ContainerBase.java:899)
	at org.apache.catalina.core.ContainerBase.addChild(ContainerBase.java:875)
	at org.apache.catalina.core.StandardHost.addChild(StandardHost.java:652)
	at org.apache.catalina.startup.HostConfig.deployDescriptor(HostConfig.java:712)
	at org.apache.catalina.startup.HostConfig$DeployDescriptor.run(HostConfig.java:2002)
	at java.util.concurrent.Executors$RunnableAdapter.call(Executors.java:471)
	at java.util.concurrent.FutureTask$Sync.innerRun(FutureTask.java:334)
	at java.util.concurrent.FutureTask.run(FutureTask.java:166)
	at java.util.concurrent.ThreadPoolExecutor.runWorker(ThreadPoolExecutor.java:1145)
	at java.util.concurrent.ThreadPoolExecutor$Worker.run(ThreadPoolExecutor.java:615)
	at java.lang.Thread.run(Thread.java:724)

Dec 27, 2017 12:51:36 AM org.apache.catalina.core.ContainerBase addChildInternal
SEVERE: ContainerBase.addChild: start: 
org.apache.catalina.LifecycleException: Failed to start component [StandardEngine[Catalina].StandardHost[localhost].StandardContext[/Web page]]
	at org.apache.catalina.util.LifecycleBase.start(LifecycleBase.java:162)
	at org.apache.catalina.core.ContainerBase.addChildInternal(ContainerBase.java:899)
	at org.apache.catalina.core.ContainerBase.addChild(ContainerBase.java:875)
	at org.apache.catalina.core.StandardHost.addChild(StandardHost.java:652)
	at org.apache.catalina.startup.HostConfig.deployDescriptor(HostConfig.java:712)
	at org.apache.catalina.startup.HostConfig$DeployDescriptor.run(HostConfig.java:2002)
	at java.util.concurrent.Executors$RunnableAdapter.call(Executors.java:471)
	at java.util.concurrent.FutureTask$Sync.innerRun(FutureTask.java:334)
	at java.util.concurrent.FutureTask.run(FutureTask.java:166)
	at java.util.concurrent.ThreadPoolExecutor.runWorker(ThreadPoolExecutor.java:1145)
	at java.util.concurrent.ThreadPoolExecutor$Worker.run(ThreadPoolExecutor.java:615)
	at java.lang.Thread.run(Thread.java:724)
Caused by: org.apache.catalina.LifecycleException: Error in resourceStart()
	at org.apache.catalina.core.StandardContext.startInternal(StandardContext.java:5437)
	at org.apache.catalina.util.LifecycleBase.start(LifecycleBase.java:145)
	... 11 more

Dec 27, 2017 12:51:36 AM org.apache.catalina.startup.HostConfig deployDescriptor
SEVERE: Error deploying configuration descriptor F:\6 project\JavaProjects\apache-tomcat-7.0.79-windows-x86\apache-tomcat-7.0.79\conf\Catalina\localhost\Web page.xml
java.lang.IllegalStateException: ContainerBase.addChild: start: org.apache.catalina.LifecycleException: Failed to start component [StandardEngine[Catalina].StandardHost[localhost].StandardContext[/Web page]]
	at org.apache.catalina.core.ContainerBase.addChildInternal(ContainerBase.java:903)
	at org.apache.catalina.core.ContainerBase.addChild(ContainerBase.java:875)
	at org.apache.catalina.core.StandardHost.addChild(StandardHost.java:652)
	at org.apache.catalina.startup.HostConfig.deployDescriptor(HostConfig.java:712)
	at org.apache.catalina.startup.HostConfig$DeployDescriptor.run(HostConfig.java:2002)
	at java.util.concurrent.Executors$RunnableAdapter.call(Executors.java:471)
	at java.util.concurrent.FutureTask$Sync.innerRun(FutureTask.java:334)
	at java.util.concurrent.FutureTask.run(FutureTask.java:166)
	at java.util.concurrent.ThreadPoolExecutor.runWorker(ThreadPoolExecutor.java:1145)
	at java.util.concurrent.ThreadPoolExecutor$Worker.run(ThreadPoolExecutor.java:615)
	at java.lang.Thread.run(Thread.java:724)

Dec 27, 2017 12:51:36 AM org.apache.catalina.startup.HostConfig deployDescriptor
INFO: Deployment of configuration descriptor F:\6 project\JavaProjects\apache-tomcat-7.0.79-windows-x86\apache-tomcat-7.0.79\conf\Catalina\localhost\Web page.xml has finished in 153 ms
Dec 27, 2017 12:51:36 AM org.apache.catalina.startup.HostConfig deployDirectory
INFO: Deploying web application directory F:\6 project\JavaProjects\apache-tomcat-7.0.79-windows-x86\apache-tomcat-7.0.79\webapps\docs
Dec 27, 2017 12:51:37 AM org.apache.catalina.startup.HostConfig deployDirectory
INFO: Deployment of web application directory F:\6 project\JavaProjects\apache-tomcat-7.0.79-windows-x86\apache-tomcat-7.0.79\webapps\docs has finished in 451 ms
Dec 27, 2017 12:51:37 AM org.apache.catalina.startup.HostConfig deployDirectory
INFO: Deploying web application directory F:\6 project\JavaProjects\apache-tomcat-7.0.79-windows-x86\apache-tomcat-7.0.79\webapps\examples
Dec 27, 2017 12:51:38 AM org.apache.catalina.startup.HostConfig deployDirectory
INFO: Deployment of web application directory F:\6 project\JavaProjects\apache-tomcat-7.0.79-windows-x86\apache-tomcat-7.0.79\webapps\examples has finished in 1,387 ms
Dec 27, 2017 12:51:38 AM org.apache.catalina.startup.HostConfig deployDirectory
INFO: Deploying web application directory F:\6 project\JavaProjects\apache-tomcat-7.0.79-windows-x86\apache-tomcat-7.0.79\webapps\host-manager
Dec 27, 2017 12:51:38 AM org.apache.catalina.startup.HostConfig deployDirectory
INFO: Deployment of web application directory F:\6 project\JavaProjects\apache-tomcat-7.0.79-windows-x86\apache-tomcat-7.0.79\webapps\host-manager has finished in 147 ms
Dec 27, 2017 12:51:38 AM org.apache.catalina.startup.HostConfig deployDirectory
INFO: Deploying web application directory F:\6 project\JavaProjects\apache-tomcat-7.0.79-windows-x86\apache-tomcat-7.0.79\webapps\manager
Dec 27, 2017 12:51:39 AM org.apache.catalina.startup.HostConfig deployDirectory
INFO: Deployment of web application directory F:\6 project\JavaProjects\apache-tomcat-7.0.79-windows-x86\apache-tomcat-7.0.79\webapps\manager has finished in 149 ms
Dec 27, 2017 12:51:39 AM org.apache.catalina.startup.HostConfig deployDirectory
INFO: Deploying web application directory F:\6 project\JavaProjects\apache-tomcat-7.0.79-windows-x86\apache-tomcat-7.0.79\webapps\ROOT
Dec 27, 2017 12:51:39 AM org.apache.catalina.startup.HostConfig deployDirectory
INFO: Deployment of web application directory F:\6 project\JavaProjects\apache-tomcat-7.0.79-windows-x86\apache-tomcat-7.0.79\webapps\ROOT has finished in 97 ms
Dec 27, 2017 12:51:39 AM org.apache.coyote.AbstractProtocol start
INFO: Starting ProtocolHandler ["http-apr-8080"]
Dec 27, 2017 12:51:39 AM org.apache.coyote.AbstractProtocol start
INFO: Starting ProtocolHandler ["ajp-apr-8009"]
Dec 27, 2017 12:51:39 AM org.apache.catalina.startup.Catalina start
INFO: Server startup in 5231 ms
Dec 27, 2017 12:51:41 AM org.apache.catalina.startup.HostConfig undeploy
INFO: Undeploying context [/HostWebService]
Dec 27, 2017 12:51:41 AM org.apache.catalina.startup.HostConfig deployDescriptor
INFO: Deploying configuration descriptor F:\6 project\JavaProjects\apache-tomcat-7.0.79-windows-x86\apache-tomcat-7.0.79\conf\Catalina\localhost\HostWebService.xml
Dec 27, 2017 12:51:46 AM org.apache.catalina.startup.TldConfig execute
INFO: At least one JAR was scanned for TLDs yet contained no TLDs. Enable debug logging for this logger for a complete list of JARs that were scanned but no TLDs were found in them. Skipping unneeded JARs during scanning can improve startup time and JSP compilation time.
Dec 27, 2017 12:52:06 AM com.sun.xml.ws.transport.http.servlet.WSServletContextListener contextInitialized
INFO: WSSERVLET12: JAX-WS context listener initializing
Dec 27, 2017 12:52:07 AM [com.sun.xml.ws.policy.jaxws.PolicyConfigParser]  parse
INFO: WSP5018: Loaded WSIT configuration from file: jndi:/localhost/HostWebService/WEB-INF/wsit-WServices.hostWS.xml.
Dec 27, 2017 12:52:09 AM com.sun.xml.ws.server.MonitorBase createRoot
INFO: Metro monitoring rootname successfully set to: com.sun.metro:pp=/,type=WSEndpoint,name=/HostWebService-hostWS-hostWSPort
Dec 27, 2017 12:52:09 AM com.sun.xml.ws.transport.http.servlet.WSServletDelegate <init>
INFO: WSSERVLET14: JAX-WS servlet initializing
Dec 27, 2017 12:52:09 AM org.apache.catalina.startup.HostConfig deployDescriptor
INFO: Deployment of configuration descriptor F:\6 project\JavaProjects\apache-tomcat-7.0.79-windows-x86\apache-tomcat-7.0.79\conf\Catalina\localhost\HostWebService.xml has finished in 28,029 ms
Dec 27, 2017 12:52:09 AM org.apache.catalina.util.LifecycleBase start
INFO: The start() method was called on component [StandardEngine[Catalina].StandardHost[localhost].StandardContext[/HostWebService]] after start() had already been called. The second call will be ignored.
Dec 27, 2017 12:52:24 AM org.apache.catalina.startup.HostConfig undeploy
INFO: Undeploying context [/ClientWebService]
Dec 27, 2017 12:52:25 AM org.apache.catalina.startup.HostConfig deployDescriptor
INFO: Deploying configuration descriptor F:\6 project\JavaProjects\apache-tomcat-7.0.79-windows-x86\apache-tomcat-7.0.79\conf\Catalina\localhost\ClientWebService.xml
Dec 27, 2017 12:52:25 AM org.apache.catalina.startup.HostConfig deployDescriptor
INFO: Deployment of configuration descriptor F:\6 project\JavaProjects\apache-tomcat-7.0.79-windows-x86\apache-tomcat-7.0.79\conf\Catalina\localhost\ClientWebService.xml has finished in 274 ms
Dec 27, 2017 12:52:25 AM org.apache.catalina.util.LifecycleBase start
INFO: The start() method was called on component [StandardEngine[Catalina].StandardHost[localhost].StandardContext[/ClientWebService]] after start() had already been called. The second call will be ignored.
Dec 27, 2017 12:57:34 AM com.sun.xml.ws.transport.http.servlet.WSServletDelegate destroy
INFO: WSSERVLET15: JAX-WS servlet destroyed
Dec 27, 2017 12:57:34 AM com.sun.xml.ws.server.MonitorBase closeMOM
INFO: Closing Metro monitoring root: com.sun.metro:pp=/,type=WSEndpoint,name=/HostWebService-hostWS-hostWSPort
Dec 27, 2017 12:57:34 AM com.sun.xml.ws.transport.http.servlet.WSServletContextListener contextDestroyed
INFO: WSSERVLET13: JAX-WS context listener destroyed
Dec 27, 2017 12:57:45 AM org.apache.catalina.startup.HostConfig undeploy
INFO: Undeploying context [/HostWebService]
Dec 27, 2017 12:57:45 AM org.apache.catalina.startup.HostConfig deployDescriptor
INFO: Deploying configuration descriptor F:\6 project\JavaProjects\apache-tomcat-7.0.79-windows-x86\apache-tomcat-7.0.79\conf\Catalina\localhost\HostWebService.xml
Dec 27, 2017 12:57:49 AM org.apache.catalina.startup.TldConfig execute
INFO: At least one JAR was scanned for TLDs yet contained no TLDs. Enable debug logging for this logger for a complete list of JARs that were scanned but no TLDs were found in them. Skipping unneeded JARs during scanning can improve startup time and JSP compilation time.
Dec 27, 2017 12:58:06 AM com.sun.xml.ws.transport.http.servlet.WSServletContextListener contextInitialized
INFO: WSSERVLET12: JAX-WS context listener initializing
Dec 27, 2017 12:58:08 AM [com.sun.xml.ws.policy.jaxws.PolicyConfigParser]  parse
INFO: WSP5018: Loaded WSIT configuration from file: jndi:/localhost/HostWebService/WEB-INF/wsit-WServices.hostWS.xml.
Dec 27, 2017 12:58:10 AM com.sun.xml.ws.server.MonitorBase createRoot
INFO: Metro monitoring rootname successfully set to: com.sun.metro:pp=/,type=WSEndpoint,name=/HostWebService-hostWS-hostWSPort
Dec 27, 2017 12:58:10 AM com.sun.xml.ws.transport.http.servlet.WSServletDelegate <init>
INFO: WSSERVLET14: JAX-WS servlet initializing
Dec 27, 2017 12:58:10 AM org.apache.catalina.startup.HostConfig deployDescriptor
INFO: Deployment of configuration descriptor F:\6 project\JavaProjects\apache-tomcat-7.0.79-windows-x86\apache-tomcat-7.0.79\conf\Catalina\localhost\HostWebService.xml has finished in 25,122 ms
Dec 27, 2017 12:58:10 AM org.apache.catalina.util.LifecycleBase start
INFO: The start() method was called on component [StandardEngine[Catalina].StandardHost[localhost].StandardContext[/HostWebService]] after start() had already been called. The second call will be ignored.
Dec 27, 2017 11:36:16 AM org.apache.catalina.core.StandardContext reload
INFO: Reloading Context with name [/HostWebService] has started
Dec 27, 2017 11:36:16 AM com.sun.xml.ws.transport.http.servlet.WSServletDelegate destroy
INFO: WSSERVLET15: JAX-WS servlet destroyed
Dec 27, 2017 11:36:16 AM com.sun.xml.ws.server.MonitorBase closeMOM
INFO: Closing Metro monitoring root: com.sun.metro:pp=/,type=WSEndpoint,name=/HostWebService-hostWS-hostWSPort
Dec 27, 2017 11:36:16 AM com.sun.xml.ws.transport.http.servlet.WSServletContextListener contextDestroyed
INFO: WSSERVLET13: JAX-WS context listener destroyed
Dec 27, 2017 11:36:28 AM org.apache.catalina.startup.TldConfig execute
INFO: At least one JAR was scanned for TLDs yet contained no TLDs. Enable debug logging for this logger for a complete list of JARs that were scanned but no TLDs were found in them. Skipping unneeded JARs during scanning can improve startup time and JSP compilation time.
Dec 27, 2017 11:36:48 AM com.sun.xml.ws.transport.http.servlet.WSServletContextListener contextInitialized
INFO: WSSERVLET12: JAX-WS context listener initializing
Dec 27, 2017 11:36:49 AM [com.sun.xml.ws.policy.jaxws.PolicyConfigParser]  parse
INFO: WSP5018: Loaded WSIT configuration from file: jndi:/localhost/HostWebService/WEB-INF/wsit-WServices.hostWS.xml.
Dec 27, 2017 11:36:51 AM com.sun.xml.ws.server.MonitorBase createRoot
INFO: Metro monitoring rootname successfully set to: com.sun.metro:pp=/,type=WSEndpoint,name=/HostWebService-hostWS-hostWSPort
Dec 27, 2017 11:36:51 AM com.sun.xml.ws.transport.http.servlet.WSServletDelegate <init>
INFO: WSSERVLET14: JAX-WS servlet initializing
Dec 27, 2017 11:36:51 AM org.apache.catalina.core.StandardContext reload
INFO: Reloading Context with name [/HostWebService] is completed
Dec 27, 2017 11:37:46 AM org.apache.catalina.core.StandardContext reload
INFO: Reloading Context with name [/HostWebService] has started
Dec 27, 2017 11:37:46 AM com.sun.xml.ws.transport.http.servlet.WSServletDelegate destroy
INFO: WSSERVLET15: JAX-WS servlet destroyed
Dec 27, 2017 11:37:46 AM com.sun.xml.ws.server.MonitorBase closeMOM
INFO: Closing Metro monitoring root: com.sun.metro:pp=/,type=WSEndpoint,name=/HostWebService-hostWS-hostWSPort
Dec 27, 2017 11:37:46 AM com.sun.xml.ws.transport.http.servlet.WSServletContextListener contextDestroyed
INFO: WSSERVLET13: JAX-WS context listener destroyed
Dec 27, 2017 11:37:58 AM org.apache.catalina.startup.TldConfig execute
INFO: At least one JAR was scanned for TLDs yet contained no TLDs. Enable debug logging for this logger for a complete list of JARs that were scanned but no TLDs were found in them. Skipping unneeded JARs during scanning can improve startup time and JSP compilation time.
Dec 27, 2017 11:38:17 AM com.sun.xml.ws.transport.http.servlet.WSServletContextListener contextInitialized
INFO: WSSERVLET12: JAX-WS context listener initializing
Dec 27, 2017 11:38:19 AM [com.sun.xml.ws.policy.jaxws.PolicyConfigParser]  parse
INFO: WSP5018: Loaded WSIT configuration from file: jndi:/localhost/HostWebService/WEB-INF/wsit-WServices.hostWS.xml.
Dec 27, 2017 11:38:20 AM com.sun.xml.ws.server.MonitorBase createRoot
INFO: Metro monitoring rootname successfully set to: com.sun.metro:pp=/,type=WSEndpoint,name=/HostWebService-hostWS-hostWSPort
Dec 27, 2017 11:38:21 AM com.sun.xml.ws.transport.http.servlet.WSServletDelegate <init>
INFO: WSSERVLET14: JAX-WS servlet initializing
Dec 27, 2017 11:38:21 AM org.apache.catalina.core.StandardContext reload
INFO: Reloading Context with name [/HostWebService] is completed
Dec 27, 2017 9:58:47 PM org.apache.catalina.core.StandardContext reload
INFO: Reloading Context with name [/HostWebService] has started
Dec 27, 2017 9:58:47 PM com.sun.xml.ws.transport.http.servlet.WSServletDelegate destroy
INFO: WSSERVLET15: JAX-WS servlet destroyed
Dec 27, 2017 9:58:47 PM com.sun.xml.ws.server.MonitorBase closeMOM
INFO: Closing Metro monitoring root: com.sun.metro:pp=/,type=WSEndpoint,name=/HostWebService-hostWS-hostWSPort
Dec 27, 2017 9:58:47 PM com.sun.xml.ws.transport.http.servlet.WSServletContextListener contextDestroyed
INFO: WSSERVLET13: JAX-WS context listener destroyed
Dec 27, 2017 9:58:52 PM org.apache.catalina.core.StandardServer await
INFO: A valid shutdown command was received via the shutdown port. Stopping the Server instance.
Dec 27, 2017 9:58:52 PM org.apache.coyote.AbstractProtocol pause
INFO: Pausing ProtocolHandler ["http-apr-8080"]
Dec 27, 2017 9:58:52 PM org.apache.coyote.AbstractProtocol pause
INFO: Pausing ProtocolHandler ["ajp-apr-8009"]
Dec 27, 2017 9:58:52 PM org.apache.catalina.core.StandardService stopInternal
INFO: Stopping service Catalina
Dec 27, 2017 9:58:52 PM org.apache.catalina.core.StandardWrapper unload
INFO: Waiting for 1 instance(s) to be deallocated for Servlet [Manager]
Dec 27, 2017 9:58:53 PM org.apache.catalina.core.StandardWrapper unload
INFO: Waiting for 1 instance(s) to be deallocated for Servlet [Manager]
Dec 27, 2017 9:58:54 PM org.apache.catalina.core.StandardWrapper unload
INFO: Waiting for 1 instance(s) to be deallocated for Servlet [Manager]
Dec 27, 2017 9:58:54 PM org.apache.coyote.AbstractProtocol stop
INFO: Stopping ProtocolHandler ["http-apr-8080"]
Dec 27, 2017 9:58:59 PM org.apache.tomcat.util.net.AbstractEndpoint shutdownExecutor
WARNING: The executor associated with thread pool [http-apr-8080] has not fully shutdown. Some application threads may still be running.
Dec 27, 2017 9:58:59 PM org.apache.coyote.AbstractProtocol stop
INFO: Stopping ProtocolHandler ["ajp-apr-8009"]
Dec 27, 2017 9:58:59 PM org.apache.coyote.AbstractProtocol destroy
INFO: Destroying ProtocolHandler ["http-apr-8080"]
Dec 27, 2017 9:58:59 PM org.apache.coyote.AbstractProtocol destroy
INFO: Destroying ProtocolHandler ["ajp-apr-8009"]
Dec 27, 2017 9:59:01 PM org.apache.catalina.startup.TldConfig execute
INFO: At least one JAR was scanned for TLDs yet contained no TLDs. Enable debug logging for this logger for a complete list of JARs that were scanned but no TLDs were found in them. Skipping unneeded JARs during scanning can improve startup time and JSP compilation time.
