Dec 12, 2017 8:35:18 AM org.apache.catalina.core.ApplicationContext log
INFO: Manager: init: Associated with Deployer 'Catalina:type=Deployer,host=localhost'
Dec 12, 2017 8:35:18 AM org.apache.catalina.core.ApplicationContext log
INFO: Manager: init: Global resources are available
Dec 12, 2017 8:35:18 AM org.apache.catalina.core.ApplicationContext log
INFO: Manager: list: Listing contexts for virtual host 'localhost'
Dec 12, 2017 8:35:18 AM org.apache.catalina.core.ApplicationContext log
INFO: Manager: list: Listing contexts for virtual host 'localhost'
Dec 12, 2017 8:35:18 AM org.apache.catalina.core.ApplicationContext log
INFO: Manager: undeploy: Undeploying web application at '/HostWebService'
Dec 12, 2017 8:35:19 AM org.apache.catalina.core.ApplicationContext log
INFO: Manager: install: Installing context configuration at 'file:/C:/Users/53FXH1~1/AppData/Local/Temp/context1494947646846049997.xml'
Dec 12, 2017 8:35:22 AM org.apache.catalina.core.ApplicationContext log
INFO: Manager: start: Starting web application '/HostWebService'
Dec 12, 2017 8:35:33 AM org.apache.catalina.core.ApplicationContext log
INFO: Manager: list: Listing contexts for virtual host 'localhost'
Dec 12, 2017 8:35:33 AM org.apache.catalina.core.ApplicationContext log
INFO: Manager: list: Listing contexts for virtual host 'localhost'
Dec 12, 2017 8:53:14 AM org.apache.catalina.core.ApplicationContext log
INFO: Manager: init: Associated with Deployer 'Catalina:type=Deployer,host=localhost'
Dec 12, 2017 8:53:14 AM org.apache.catalina.core.ApplicationContext log
INFO: Manager: init: Global resources are available
Dec 12, 2017 8:53:14 AM org.apache.catalina.core.ApplicationContext log
INFO: Manager: list: Listing contexts for virtual host 'localhost'
Dec 12, 2017 8:53:14 AM org.apache.catalina.core.ApplicationContext log
INFO: Manager: list: Listing contexts for virtual host 'localhost'
Dec 12, 2017 8:53:14 AM org.apache.catalina.core.ApplicationContext log
INFO: Manager: undeploy: Undeploying web application at '/HostWebService'
Dec 12, 2017 8:53:15 AM org.apache.catalina.core.ApplicationContext log
INFO: Manager: install: Installing context configuration at 'file:/C:/Users/53FXH1~1/AppData/Local/Temp/context2999052827098772089.xml'
Dec 12, 2017 8:53:19 AM org.apache.catalina.core.ApplicationContext log
INFO: Manager: start: Starting web application '/HostWebService'
Dec 12, 2017 8:53:27 AM org.apache.catalina.core.ApplicationContext log
INFO: Manager: list: Listing contexts for virtual host 'localhost'
Dec 12, 2017 8:53:27 AM org.apache.catalina.core.ApplicationContext log
INFO: Manager: list: Listing contexts for virtual host 'localhost'
