Dec 13, 2017 12:57:49 PM org.apache.catalina.core.ApplicationContext log
INFO: Manager: init: Associated with Deployer 'Catalina:type=Deployer,host=localhost'
Dec 13, 2017 12:57:49 PM org.apache.catalina.core.ApplicationContext log
INFO: Manager: init: Global resources are available
Dec 13, 2017 12:57:49 PM org.apache.catalina.core.ApplicationContext log
INFO: Manager: list: Listing contexts for virtual host 'localhost'
Dec 13, 2017 12:57:49 PM org.apache.catalina.core.ApplicationContext log
INFO: Manager: list: Listing contexts for virtual host 'localhost'
Dec 13, 2017 12:57:49 PM org.apache.catalina.core.ApplicationContext log
INFO: Manager: undeploy: Undeploying web application at '/HostWebService'
Dec 13, 2017 12:57:49 PM org.apache.catalina.core.ApplicationContext log
INFO: Manager: install: Installing context configuration at 'file:/C:/Users/HGL26S~1/AppData/Local/Temp/context9050435252791170792.xml'
Dec 13, 2017 12:57:52 PM org.apache.catalina.core.ApplicationContext log
INFO: Manager: start: Starting web application '/HostWebService'
Dec 13, 2017 12:58:41 PM org.apache.catalina.core.ApplicationContext log
INFO: Manager: list: Listing contexts for virtual host 'localhost'
Dec 13, 2017 12:58:42 PM org.apache.catalina.core.ApplicationContext log
INFO: Manager: list: Listing contexts for virtual host 'localhost'
Dec 13, 2017 12:59:02 PM org.apache.catalina.core.ApplicationContext log
INFO: Manager: list: Listing contexts for virtual host 'localhost'
Dec 13, 2017 12:59:08 PM org.apache.catalina.core.ApplicationContext log
INFO: Manager: list: Listing contexts for virtual host 'localhost'
Dec 13, 2017 12:59:25 PM org.apache.catalina.core.ApplicationContext log
INFO: Manager: list: Listing contexts for virtual host 'localhost'
Dec 13, 2017 1:00:43 PM org.apache.catalina.core.ApplicationContext log
INFO: Manager: list: Listing contexts for virtual host 'localhost'
Dec 13, 2017 1:00:43 PM org.apache.catalina.core.ApplicationContext log
INFO: Manager: list: Listing contexts for virtual host 'localhost'
Dec 13, 2017 1:01:31 PM org.apache.catalina.core.ApplicationContext log
INFO: Manager: list: Listing contexts for virtual host 'localhost'
Dec 13, 2017 1:01:32 PM org.apache.catalina.core.ApplicationContext log
INFO: Manager: list: Listing contexts for virtual host 'localhost'
Dec 13, 2017 1:03:06 PM org.apache.catalina.core.ApplicationContext log
INFO: Manager: list: Listing contexts for virtual host 'localhost'
Dec 13, 2017 1:03:06 PM org.apache.catalina.core.ApplicationContext log
INFO: Manager: restart: Reloading web application '/HostWebService'
Dec 13, 2017 1:03:10 PM org.apache.catalina.core.ApplicationContext log
INFO: Manager: list: Listing contexts for virtual host 'localhost'
Dec 13, 2017 1:03:10 PM org.apache.catalina.core.ApplicationContext log
INFO: Manager: restart: Reloading web application '/HostWebService'
Dec 13, 2017 1:13:03 PM org.apache.catalina.core.ApplicationContext log
INFO: Manager: list: Listing contexts for virtual host 'localhost'
Dec 13, 2017 1:13:03 PM org.apache.catalina.core.ApplicationContext log
INFO: Manager: restart: Reloading web application '/HostWebService'
Dec 13, 2017 1:16:17 PM org.apache.catalina.core.ApplicationContext log
INFO: Manager: list: Listing contexts for virtual host 'localhost'
Dec 13, 2017 1:16:17 PM org.apache.catalina.core.ApplicationContext log
INFO: Manager: list: Listing contexts for virtual host 'localhost'
Dec 13, 2017 1:16:26 PM org.apache.catalina.core.ApplicationContext log
INFO: Manager: list: Listing contexts for virtual host 'localhost'
Dec 13, 2017 1:16:57 PM org.apache.catalina.core.ApplicationContext log
INFO: Manager: list: Listing contexts for virtual host 'localhost'
Dec 13, 2017 1:16:57 PM org.apache.catalina.core.ApplicationContext log
INFO: Manager: list: Listing contexts for virtual host 'localhost'
Dec 13, 2017 1:16:57 PM org.apache.catalina.core.ApplicationContext log
INFO: Manager: list: Listing contexts for virtual host 'localhost'
Dec 13, 2017 1:16:57 PM org.apache.catalina.core.ApplicationContext log
INFO: Manager: list: Listing contexts for virtual host 'localhost'
Dec 13, 2017 1:16:57 PM org.apache.catalina.core.ApplicationContext log
INFO: Manager: list: Listing contexts for virtual host 'localhost'
Dec 13, 2017 1:16:57 PM org.apache.catalina.core.ApplicationContext log
INFO: Manager: list: Listing contexts for virtual host 'localhost'
Dec 13, 2017 1:16:57 PM org.apache.catalina.core.ApplicationContext log
INFO: Manager: list: Listing contexts for virtual host 'localhost'
Dec 13, 2017 1:16:57 PM org.apache.catalina.core.ApplicationContext log
INFO: Manager: list: Listing contexts for virtual host 'localhost'
Dec 13, 2017 1:16:57 PM org.apache.catalina.core.ApplicationContext log
INFO: Manager: list: Listing contexts for virtual host 'localhost'
Dec 13, 2017 1:16:57 PM org.apache.catalina.core.ApplicationContext log
INFO: Manager: list: Listing contexts for virtual host 'localhost'
Dec 13, 2017 1:16:58 PM org.apache.catalina.core.ApplicationContext log
INFO: Manager: list: Listing contexts for virtual host 'localhost'
Dec 13, 2017 1:16:58 PM org.apache.catalina.core.ApplicationContext log
INFO: Manager: list: Listing contexts for virtual host 'localhost'
Dec 13, 2017 1:16:58 PM org.apache.catalina.core.ApplicationContext log
INFO: Manager: list: Listing contexts for virtual host 'localhost'
Dec 13, 2017 1:17:30 PM org.apache.catalina.core.ApplicationContext log
INFO: Manager: list: Listing contexts for virtual host 'localhost'
Dec 13, 2017 1:17:31 PM org.apache.catalina.core.ApplicationContext log
INFO: Manager: list: Listing contexts for virtual host 'localhost'
Dec 13, 2017 1:19:05 PM org.apache.catalina.core.ApplicationContext log
INFO: Manager: list: Listing contexts for virtual host 'localhost'
Dec 13, 2017 1:19:06 PM org.apache.catalina.core.ApplicationContext log
INFO: Manager: list: Listing contexts for virtual host 'localhost'
Dec 13, 2017 1:19:08 PM org.apache.catalina.core.ApplicationContext log
INFO: Manager: list: Listing contexts for virtual host 'localhost'
Dec 13, 2017 1:19:12 PM org.apache.catalina.core.ApplicationContext log
INFO: Manager: list: Listing contexts for virtual host 'localhost'
Dec 13, 2017 1:22:53 PM org.apache.catalina.core.ApplicationContext log
INFO: Manager: list: Listing contexts for virtual host 'localhost'
Dec 13, 2017 1:22:53 PM org.apache.catalina.core.ApplicationContext log
INFO: Manager: restart: Reloading web application '/HostWebService'
Dec 13, 2017 1:22:53 PM org.apache.catalina.core.ApplicationContext log
INFO: Manager: list: Listing contexts for virtual host 'localhost'
Dec 13, 2017 1:22:53 PM org.apache.catalina.core.ApplicationContext log
INFO: Manager: list: Listing contexts for virtual host 'localhost'
Dec 13, 2017 1:22:56 PM org.apache.catalina.core.ApplicationContext log
INFO: Manager: undeploy: Undeploying web application at '/ClientWebService'
Dec 13, 2017 1:22:56 PM org.apache.catalina.core.ApplicationContext log
INFO: Manager: install: Installing context configuration at 'file:/C:/Users/HGL26S~1/AppData/Local/Temp/context3970515417147782033.xml'
Dec 13, 2017 1:22:57 PM org.apache.catalina.core.ApplicationContext log
INFO: Manager: start: Starting web application '/ClientWebService'
Dec 13, 2017 1:25:35 PM org.apache.catalina.core.ApplicationContext log
INFO: Manager: list: Listing contexts for virtual host 'localhost'
Dec 13, 2017 1:25:35 PM org.apache.catalina.core.ApplicationContext log
INFO: Manager: list: Listing contexts for virtual host 'localhost'
Dec 13, 2017 1:26:07 PM org.apache.catalina.core.ApplicationContext log
INFO: Manager: list: Listing contexts for virtual host 'localhost'
Dec 13, 2017 1:26:07 PM org.apache.catalina.core.ApplicationContext log
INFO: Manager: list: Listing contexts for virtual host 'localhost'
Dec 13, 2017 1:26:21 PM org.apache.catalina.core.ApplicationContext log
INFO: Manager: list: Listing contexts for virtual host 'localhost'
Dec 13, 2017 1:26:21 PM org.apache.catalina.core.ApplicationContext log
INFO: Manager: list: Listing contexts for virtual host 'localhost'
Dec 13, 2017 1:27:56 PM org.apache.catalina.core.ApplicationContext log
INFO: Manager: list: Listing contexts for virtual host 'localhost'
Dec 13, 2017 1:27:56 PM org.apache.catalina.core.ApplicationContext log
INFO: Manager: undeploy: Undeploying web application at '/ClientWebService'
Dec 13, 2017 1:28:22 PM org.apache.catalina.core.ApplicationContext log
INFO: Manager: list: Listing contexts for virtual host 'localhost'
Dec 13, 2017 1:28:23 PM org.apache.catalina.core.ApplicationContext log
INFO: Manager: list: Listing contexts for virtual host 'localhost'
Dec 13, 2017 1:28:23 PM org.apache.catalina.core.ApplicationContext log
INFO: Manager: list: Listing contexts for virtual host 'localhost'
Dec 13, 2017 1:28:23 PM org.apache.catalina.core.ApplicationContext log
INFO: Manager: install: Installing context configuration at 'file:/C:/Users/HGL26S~1/AppData/Local/Temp/context8680012105566900147.xml'
Dec 13, 2017 1:28:23 PM org.apache.catalina.core.ApplicationContext log
INFO: Manager: start: Starting web application '/ClientWebService'
Dec 13, 2017 1:28:45 PM org.apache.catalina.core.ApplicationContext log
INFO: Manager: list: Listing contexts for virtual host 'localhost'
Dec 13, 2017 1:28:48 PM org.apache.catalina.core.ApplicationContext log
INFO: Manager: list: Listing contexts for virtual host 'localhost'
Dec 13, 2017 1:28:48 PM org.apache.catalina.core.ApplicationContext log
INFO: Manager: list: Listing contexts for virtual host 'localhost'
Dec 13, 2017 1:31:02 PM org.apache.catalina.core.ApplicationContext log
INFO: Manager: list: Listing contexts for virtual host 'localhost'
Dec 13, 2017 1:36:26 PM org.apache.catalina.core.ApplicationContext log
INFO: Manager: list: Listing contexts for virtual host 'localhost'
Dec 13, 2017 1:36:26 PM org.apache.catalina.core.ApplicationContext log
INFO: Manager: list: Listing contexts for virtual host 'localhost'
Dec 13, 2017 1:41:14 PM org.apache.catalina.core.ApplicationContext log
INFO: Manager: list: Listing contexts for virtual host 'localhost'
Dec 13, 2017 1:41:14 PM org.apache.catalina.core.ApplicationContext log
INFO: Manager: list: Listing contexts for virtual host 'localhost'
Dec 13, 2017 1:42:42 PM org.apache.catalina.core.ApplicationContext log
INFO: Manager: list: Listing contexts for virtual host 'localhost'
Dec 13, 2017 1:42:42 PM org.apache.catalina.core.ApplicationContext log
INFO: Manager: list: Listing contexts for virtual host 'localhost'
Dec 13, 2017 1:43:36 PM org.apache.catalina.core.ApplicationContext log
INFO: Manager: list: Listing contexts for virtual host 'localhost'
Dec 13, 2017 1:43:36 PM org.apache.catalina.core.ApplicationContext log
INFO: Manager: list: Listing contexts for virtual host 'localhost'
Dec 13, 2017 1:44:30 PM org.apache.catalina.core.ApplicationContext log
INFO: Manager: list: Listing contexts for virtual host 'localhost'
Dec 13, 2017 1:44:30 PM org.apache.catalina.core.ApplicationContext log
INFO: Manager: list: Listing contexts for virtual host 'localhost'
Dec 13, 2017 1:47:00 PM org.apache.catalina.core.ApplicationContext log
INFO: Manager: list: Listing contexts for virtual host 'localhost'
Dec 13, 2017 1:47:00 PM org.apache.catalina.core.ApplicationContext log
INFO: Manager: list: Listing contexts for virtual host 'localhost'
Dec 13, 2017 1:47:08 PM org.apache.catalina.core.ApplicationContext log
INFO: Manager: list: Listing contexts for virtual host 'localhost'
Dec 13, 2017 1:47:08 PM org.apache.catalina.core.ApplicationContext log
INFO: Manager: list: Listing contexts for virtual host 'localhost'
Dec 13, 2017 1:48:33 PM org.apache.catalina.core.ApplicationContext log
INFO: Manager: list: Listing contexts for virtual host 'localhost'
Dec 13, 2017 1:48:48 PM org.apache.catalina.core.ApplicationContext log
INFO: Manager: list: Listing contexts for virtual host 'localhost'
Dec 13, 2017 1:49:09 PM org.apache.catalina.core.ApplicationContext log
INFO: Manager: list: Listing contexts for virtual host 'localhost'
Dec 13, 2017 1:53:44 PM org.apache.catalina.core.ApplicationContext log
INFO: Manager: list: Listing contexts for virtual host 'localhost'
Dec 13, 2017 1:53:44 PM org.apache.catalina.core.ApplicationContext log
INFO: Manager: undeploy: Undeploying web application at '/ClientWebService'
Dec 13, 2017 1:54:31 PM org.apache.catalina.core.ApplicationContext log
INFO: Manager: init: Associated with Deployer 'Catalina:type=Deployer,host=localhost'
Dec 13, 2017 1:54:31 PM org.apache.catalina.core.ApplicationContext log
INFO: Manager: init: Global resources are available
Dec 13, 2017 1:54:31 PM org.apache.catalina.core.ApplicationContext log
INFO: Manager: list: Listing contexts for virtual host 'localhost'
Dec 13, 2017 1:54:31 PM org.apache.catalina.core.ApplicationContext log
INFO: Manager: list: Listing contexts for virtual host 'localhost'
Dec 13, 2017 1:54:31 PM org.apache.catalina.core.ApplicationContext log
INFO: Manager: install: Installing context configuration at 'file:/C:/Users/HGL26S~1/AppData/Local/Temp/context400850907143206034.xml'
Dec 13, 2017 1:54:31 PM org.apache.catalina.core.ApplicationContext log
INFO: Manager: start: Starting web application '/ClientWebService'
Dec 13, 2017 1:55:13 PM org.apache.catalina.core.ApplicationContext log
INFO: Manager: list: Listing contexts for virtual host 'localhost'
Dec 13, 2017 1:55:20 PM org.apache.catalina.core.ApplicationContext log
INFO: Manager: list: Listing contexts for virtual host 'localhost'
Dec 13, 2017 1:55:35 PM org.apache.catalina.core.ApplicationContext log
INFO: Manager: list: Listing contexts for virtual host 'localhost'
Dec 13, 2017 1:55:35 PM org.apache.catalina.core.ApplicationContext log
INFO: Manager: undeploy: Undeploying web application at '/ClientWebService'
Dec 13, 2017 1:55:53 PM org.apache.catalina.core.ApplicationContext log
INFO: Manager: list: Listing contexts for virtual host 'localhost'
Dec 13, 2017 1:55:57 PM org.apache.catalina.core.ApplicationContext log
INFO: Manager: list: Listing contexts for virtual host 'localhost'
Dec 13, 2017 1:55:57 PM org.apache.catalina.core.ApplicationContext log
INFO: Manager: list: Listing contexts for virtual host 'localhost'
Dec 13, 2017 1:55:57 PM org.apache.catalina.core.ApplicationContext log
INFO: Manager: list: Listing contexts for virtual host 'localhost'
Dec 13, 2017 1:55:57 PM org.apache.catalina.core.ApplicationContext log
INFO: Manager: list: Listing contexts for virtual host 'localhost'
Dec 13, 2017 1:55:57 PM org.apache.catalina.core.ApplicationContext log
INFO: Manager: list: Listing contexts for virtual host 'localhost'
Dec 13, 2017 1:55:57 PM org.apache.catalina.core.ApplicationContext log
INFO: Manager: list: Listing contexts for virtual host 'localhost'
Dec 13, 2017 1:55:57 PM org.apache.catalina.core.ApplicationContext log
INFO: Manager: list: Listing contexts for virtual host 'localhost'
Dec 13, 2017 1:55:57 PM org.apache.catalina.core.ApplicationContext log
INFO: Manager: list: Listing contexts for virtual host 'localhost'
Dec 13, 2017 1:55:57 PM org.apache.catalina.core.ApplicationContext log
INFO: Manager: list: Listing contexts for virtual host 'localhost'
Dec 13, 2017 1:55:57 PM org.apache.catalina.core.ApplicationContext log
INFO: Manager: list: Listing contexts for virtual host 'localhost'
Dec 13, 2017 1:55:57 PM org.apache.catalina.core.ApplicationContext log
INFO: Manager: list: Listing contexts for virtual host 'localhost'
Dec 13, 2017 1:56:03 PM org.apache.catalina.core.ApplicationContext log
INFO: Manager: list: Listing contexts for virtual host 'localhost'
Dec 13, 2017 1:56:03 PM org.apache.catalina.core.ApplicationContext log
INFO: Manager: list: Listing contexts for virtual host 'localhost'
Dec 13, 2017 1:56:03 PM org.apache.catalina.core.ApplicationContext log
INFO: Manager: list: Listing contexts for virtual host 'localhost'
Dec 13, 2017 1:56:09 PM org.apache.catalina.core.ApplicationContext log
INFO: Manager: list: Listing contexts for virtual host 'localhost'
Dec 13, 2017 1:56:09 PM org.apache.catalina.core.ApplicationContext log
INFO: Manager: list: Listing contexts for virtual host 'localhost'
Dec 13, 2017 1:56:10 PM org.apache.catalina.core.ApplicationContext log
INFO: Manager: list: Listing contexts for virtual host 'localhost'
Dec 13, 2017 1:56:10 PM org.apache.catalina.core.ApplicationContext log
INFO: Manager: list: Listing contexts for virtual host 'localhost'
Dec 13, 2017 1:56:10 PM org.apache.catalina.core.ApplicationContext log
INFO: Manager: list: Listing contexts for virtual host 'localhost'
Dec 13, 2017 1:56:10 PM org.apache.catalina.core.ApplicationContext log
INFO: Manager: list: Listing contexts for virtual host 'localhost'
Dec 13, 2017 1:56:10 PM org.apache.catalina.core.ApplicationContext log
INFO: Manager: list: Listing contexts for virtual host 'localhost'
Dec 13, 2017 1:56:10 PM org.apache.catalina.core.ApplicationContext log
INFO: Manager: list: Listing contexts for virtual host 'localhost'
Dec 13, 2017 1:56:10 PM org.apache.catalina.core.ApplicationContext log
INFO: Manager: list: Listing contexts for virtual host 'localhost'
Dec 13, 2017 1:56:11 PM org.apache.catalina.core.ApplicationContext log
INFO: Manager: list: Listing contexts for virtual host 'localhost'
Dec 13, 2017 1:56:14 PM org.apache.catalina.core.ApplicationContext log
INFO: Manager: list: Listing contexts for virtual host 'localhost'
Dec 13, 2017 1:57:31 PM org.apache.catalina.core.ApplicationContext log
INFO: Manager: list: Listing contexts for virtual host 'localhost'
Dec 13, 2017 1:57:31 PM org.apache.catalina.core.ApplicationContext log
INFO: Manager: list: Listing contexts for virtual host 'localhost'
Dec 13, 2017 1:57:31 PM org.apache.catalina.core.ApplicationContext log
INFO: Manager: install: Installing context configuration at 'file:/C:/Users/HGL26S~1/AppData/Local/Temp/context6292631600821015887.xml'
Dec 13, 2017 1:57:31 PM org.apache.catalina.core.ApplicationContext log
INFO: Manager: start: Starting web application '/ClientWebService'
Dec 13, 2017 1:58:03 PM org.apache.catalina.core.ApplicationContext log
INFO: Manager: list: Listing contexts for virtual host 'localhost'
Dec 13, 2017 1:58:03 PM org.apache.catalina.core.ApplicationContext log
INFO: Manager: list: Listing contexts for virtual host 'localhost'
Dec 13, 2017 1:58:15 PM org.apache.catalina.core.ApplicationContext log
INFO: Manager: list: Listing contexts for virtual host 'localhost'
Dec 13, 2017 1:58:15 PM org.apache.catalina.core.ApplicationContext log
INFO: Manager: undeploy: Undeploying web application at '/ClientWebService'
Dec 13, 2017 1:58:19 PM org.apache.catalina.core.ApplicationContext log
INFO: Manager: list: Listing contexts for virtual host 'localhost'
Dec 13, 2017 1:58:19 PM org.apache.catalina.core.ApplicationContext log
INFO: Manager: list: Listing contexts for virtual host 'localhost'
Dec 13, 2017 1:58:19 PM org.apache.catalina.core.ApplicationContext log
INFO: Manager: install: Installing context configuration at 'file:/C:/Users/HGL26S~1/AppData/Local/Temp/context1722207839724906132.xml'
Dec 13, 2017 1:58:19 PM org.apache.catalina.core.ApplicationContext log
INFO: Manager: start: Starting web application '/ClientWebService'
Dec 13, 2017 1:58:39 PM org.apache.catalina.core.ApplicationContext log
INFO: Manager: list: Listing contexts for virtual host 'localhost'
Dec 13, 2017 1:58:39 PM org.apache.catalina.core.ApplicationContext log
INFO: Manager: list: Listing contexts for virtual host 'localhost'
Dec 13, 2017 1:59:02 PM org.apache.catalina.core.ApplicationContext log
INFO: Manager: list: Listing contexts for virtual host 'localhost'
Dec 13, 2017 1:59:02 PM org.apache.catalina.core.ApplicationContext log
INFO: Manager: list: Listing contexts for virtual host 'localhost'
Dec 13, 2017 2:01:19 PM org.apache.catalina.core.ApplicationContext log
INFO: Manager: init: Associated with Deployer 'Catalina:type=Deployer,host=localhost'
Dec 13, 2017 2:01:19 PM org.apache.catalina.core.ApplicationContext log
INFO: Manager: init: Global resources are available
Dec 13, 2017 2:01:19 PM org.apache.catalina.core.ApplicationContext log
INFO: Manager: list: Listing contexts for virtual host 'localhost'
Dec 13, 2017 2:01:19 PM org.apache.catalina.core.ApplicationContext log
INFO: Manager: list: Listing contexts for virtual host 'localhost'
Dec 13, 2017 2:02:11 PM org.apache.catalina.core.ApplicationContext log
INFO: Manager: list: Listing contexts for virtual host 'localhost'
Dec 13, 2017 2:02:20 PM org.apache.catalina.core.ApplicationContext log
INFO: Manager: list: Listing contexts for virtual host 'localhost'
Dec 13, 2017 2:02:20 PM org.apache.catalina.core.ApplicationContext log
INFO: Manager: list: Listing contexts for virtual host 'localhost'
Dec 13, 2017 2:02:20 PM org.apache.catalina.core.ApplicationContext log
INFO: Manager: list: Listing contexts for virtual host 'localhost'
Dec 13, 2017 2:02:20 PM org.apache.catalina.core.ApplicationContext log
INFO: Manager: list: Listing contexts for virtual host 'localhost'
Dec 13, 2017 2:02:20 PM org.apache.catalina.core.ApplicationContext log
INFO: Manager: list: Listing contexts for virtual host 'localhost'
Dec 13, 2017 2:02:20 PM org.apache.catalina.core.ApplicationContext log
INFO: Manager: list: Listing contexts for virtual host 'localhost'
Dec 13, 2017 2:02:24 PM org.apache.catalina.core.ApplicationContext log
INFO: Manager: list: Listing contexts for virtual host 'localhost'
Dec 13, 2017 2:02:24 PM org.apache.catalina.core.ApplicationContext log
INFO: Manager: undeploy: Undeploying web application at '/ClientWebService'
Dec 13, 2017 2:02:29 PM org.apache.catalina.core.ApplicationContext log
INFO: Manager: list: Listing contexts for virtual host 'localhost'
Dec 13, 2017 2:02:29 PM org.apache.catalina.core.ApplicationContext log
INFO: Manager: list: Listing contexts for virtual host 'localhost'
Dec 13, 2017 2:02:29 PM org.apache.catalina.core.ApplicationContext log
INFO: Manager: install: Installing context configuration at 'file:/C:/Users/HGL26S~1/AppData/Local/Temp/context5201630556250786508.xml'
Dec 13, 2017 2:02:30 PM org.apache.catalina.core.ApplicationContext log
INFO: Manager: start: Starting web application '/ClientWebService'
Dec 13, 2017 2:04:01 PM org.apache.catalina.core.ApplicationContext log
INFO: Manager: list: Listing contexts for virtual host 'localhost'
Dec 13, 2017 2:04:01 PM org.apache.catalina.core.ApplicationContext log
INFO: Manager: undeploy: Undeploying web application at '/ClientWebService'
Dec 13, 2017 2:05:51 PM org.apache.catalina.core.ApplicationContext log
INFO: Manager: list: Listing contexts for virtual host 'localhost'
Dec 13, 2017 2:05:51 PM org.apache.catalina.core.ApplicationContext log
INFO: Manager: list: Listing contexts for virtual host 'localhost'
Dec 13, 2017 2:05:51 PM org.apache.catalina.core.ApplicationContext log
INFO: Manager: install: Installing context configuration at 'file:/C:/Users/HGL26S~1/AppData/Local/Temp/context1779977146892909562.xml'
Dec 13, 2017 2:05:51 PM org.apache.catalina.core.ApplicationContext log
INFO: Manager: start: Starting web application '/ClientWebService'
Dec 13, 2017 2:36:59 PM org.apache.catalina.core.ApplicationContext log
INFO: Manager: init: Associated with Deployer 'Catalina:type=Deployer,host=localhost'
Dec 13, 2017 2:36:59 PM org.apache.catalina.core.ApplicationContext log
INFO: Manager: init: Global resources are available
Dec 13, 2017 2:36:59 PM org.apache.catalina.core.ApplicationContext log
INFO: Manager: list: Listing contexts for virtual host 'localhost'
Dec 13, 2017 2:36:59 PM org.apache.catalina.core.ApplicationContext log
INFO: Manager: list: Listing contexts for virtual host 'localhost'
Dec 13, 2017 2:38:06 PM org.apache.catalina.core.ApplicationContext log
INFO: Manager: list: Listing contexts for virtual host 'localhost'
Dec 13, 2017 2:38:57 PM org.apache.catalina.core.ApplicationContext log
INFO: Manager: list: Listing contexts for virtual host 'localhost'
Dec 13, 2017 2:39:54 PM org.apache.catalina.core.ApplicationContext log
INFO: Manager: list: Listing contexts for virtual host 'localhost'
Dec 13, 2017 2:45:27 PM org.apache.catalina.core.ApplicationContext log
INFO: Manager: list: Listing contexts for virtual host 'localhost'
Dec 13, 2017 2:45:40 PM org.apache.catalina.core.ApplicationContext log
INFO: Manager: list: Listing contexts for virtual host 'localhost'
Dec 13, 2017 2:45:43 PM org.apache.catalina.core.ApplicationContext log
INFO: Manager: list: Listing contexts for virtual host 'localhost'
Dec 13, 2017 2:46:12 PM org.apache.catalina.core.ApplicationContext log
INFO: Manager: list: Listing contexts for virtual host 'localhost'
Dec 13, 2017 2:56:54 PM org.apache.catalina.core.ApplicationContext log
INFO: Manager: list: Listing contexts for virtual host 'localhost'
Dec 13, 2017 2:56:54 PM org.apache.catalina.core.ApplicationContext log
INFO: Manager: list: Listing contexts for virtual host 'localhost'
Dec 13, 2017 2:57:10 PM org.apache.catalina.core.ApplicationContext log
INFO: Manager: list: Listing contexts for virtual host 'localhost'
Dec 13, 2017 2:57:10 PM org.apache.catalina.core.ApplicationContext log
INFO: Manager: list: Listing contexts for virtual host 'localhost'
Dec 13, 2017 2:58:20 PM org.apache.catalina.core.ApplicationContext log
INFO: Manager: list: Listing contexts for virtual host 'localhost'
Dec 13, 2017 2:58:20 PM org.apache.catalina.core.ApplicationContext log
INFO: Manager: list: Listing contexts for virtual host 'localhost'
Dec 13, 2017 2:58:48 PM org.apache.catalina.core.ApplicationContext log
INFO: Manager: list: Listing contexts for virtual host 'localhost'
Dec 13, 2017 2:58:48 PM org.apache.catalina.core.ApplicationContext log
INFO: Manager: list: Listing contexts for virtual host 'localhost'
Dec 13, 2017 2:59:15 PM org.apache.catalina.core.ApplicationContext log
INFO: Manager: list: Listing contexts for virtual host 'localhost'
Dec 13, 2017 2:59:15 PM org.apache.catalina.core.ApplicationContext log
INFO: Manager: list: Listing contexts for virtual host 'localhost'
Dec 13, 2017 2:59:39 PM org.apache.catalina.core.ApplicationContext log
INFO: Manager: list: Listing contexts for virtual host 'localhost'
Dec 13, 2017 2:59:39 PM org.apache.catalina.core.ApplicationContext log
INFO: Manager: list: Listing contexts for virtual host 'localhost'
Dec 13, 2017 3:00:01 PM org.apache.catalina.core.ApplicationContext log
INFO: Manager: list: Listing contexts for virtual host 'localhost'
Dec 13, 2017 3:00:01 PM org.apache.catalina.core.ApplicationContext log
INFO: Manager: list: Listing contexts for virtual host 'localhost'
Dec 13, 2017 3:00:11 PM org.apache.catalina.core.ApplicationContext log
INFO: Manager: list: Listing contexts for virtual host 'localhost'
Dec 13, 2017 3:00:11 PM org.apache.catalina.core.ApplicationContext log
INFO: Manager: list: Listing contexts for virtual host 'localhost'
Dec 13, 2017 3:00:41 PM org.apache.catalina.core.ApplicationContext log
INFO: Manager: list: Listing contexts for virtual host 'localhost'
Dec 13, 2017 3:00:41 PM org.apache.catalina.core.ApplicationContext log
INFO: Manager: list: Listing contexts for virtual host 'localhost'
Dec 13, 2017 3:00:56 PM org.apache.catalina.core.ApplicationContext log
INFO: Manager: list: Listing contexts for virtual host 'localhost'
Dec 13, 2017 3:00:56 PM org.apache.catalina.core.ApplicationContext log
INFO: Manager: list: Listing contexts for virtual host 'localhost'
Dec 13, 2017 3:02:59 PM org.apache.catalina.core.ApplicationContext log
INFO: Manager: list: Listing contexts for virtual host 'localhost'
Dec 13, 2017 3:02:59 PM org.apache.catalina.core.ApplicationContext log
INFO: Manager: list: Listing contexts for virtual host 'localhost'
Dec 13, 2017 3:04:08 PM org.apache.catalina.core.ApplicationContext log
INFO: Manager: list: Listing contexts for virtual host 'localhost'
Dec 13, 2017 3:04:08 PM org.apache.catalina.core.ApplicationContext log
INFO: Manager: list: Listing contexts for virtual host 'localhost'
Dec 13, 2017 3:05:55 PM org.apache.catalina.core.ApplicationContext log
INFO: Manager: list: Listing contexts for virtual host 'localhost'
Dec 13, 2017 3:05:55 PM org.apache.catalina.core.ApplicationContext log
INFO: Manager: list: Listing contexts for virtual host 'localhost'
Dec 13, 2017 3:06:06 PM org.apache.catalina.core.ApplicationContext log
INFO: Manager: list: Listing contexts for virtual host 'localhost'
Dec 13, 2017 3:06:06 PM org.apache.catalina.core.ApplicationContext log
INFO: Manager: list: Listing contexts for virtual host 'localhost'
Dec 13, 2017 3:09:34 PM org.apache.catalina.core.ApplicationContext log
INFO: Manager: list: Listing contexts for virtual host 'localhost'
Dec 13, 2017 3:09:34 PM org.apache.catalina.core.ApplicationContext log
INFO: Manager: list: Listing contexts for virtual host 'localhost'
Dec 13, 2017 3:12:38 PM org.apache.catalina.core.ApplicationContext log
INFO: Manager: list: Listing contexts for virtual host 'localhost'
Dec 13, 2017 3:12:38 PM org.apache.catalina.core.ApplicationContext log
INFO: Manager: list: Listing contexts for virtual host 'localhost'
Dec 13, 2017 3:18:15 PM org.apache.catalina.core.ApplicationContext log
INFO: Manager: list: Listing contexts for virtual host 'localhost'
Dec 13, 2017 3:18:19 PM org.apache.catalina.core.ApplicationContext log
INFO: Manager: list: Listing contexts for virtual host 'localhost'
Dec 13, 2017 3:18:19 PM org.apache.catalina.core.ApplicationContext log
INFO: Manager: list: Listing contexts for virtual host 'localhost'
Dec 13, 2017 3:19:16 PM org.apache.catalina.core.ApplicationContext log
INFO: Manager: list: Listing contexts for virtual host 'localhost'
Dec 13, 2017 3:19:16 PM org.apache.catalina.core.ApplicationContext log
INFO: Manager: list: Listing contexts for virtual host 'localhost'
Dec 13, 2017 3:19:39 PM org.apache.catalina.core.ApplicationContext log
INFO: Manager: list: Listing contexts for virtual host 'localhost'
Dec 13, 2017 3:19:39 PM org.apache.catalina.core.ApplicationContext log
INFO: Manager: list: Listing contexts for virtual host 'localhost'
Dec 13, 2017 3:20:40 PM org.apache.catalina.core.ApplicationContext log
INFO: Manager: list: Listing contexts for virtual host 'localhost'
Dec 13, 2017 3:20:40 PM org.apache.catalina.core.ApplicationContext log
INFO: Manager: list: Listing contexts for virtual host 'localhost'
Dec 13, 2017 3:21:12 PM org.apache.catalina.core.ApplicationContext log
INFO: Manager: list: Listing contexts for virtual host 'localhost'
Dec 13, 2017 3:21:12 PM org.apache.catalina.core.ApplicationContext log
INFO: Manager: list: Listing contexts for virtual host 'localhost'
Dec 13, 2017 3:21:12 PM org.apache.catalina.core.ApplicationContext log
INFO: Manager: undeploy: Undeploying web application at '/HostWebService'
Dec 13, 2017 3:21:13 PM org.apache.catalina.core.ApplicationContext log
INFO: Manager: install: Installing context configuration at 'file:/C:/Users/HGL26S~1/AppData/Local/Temp/context7766588126722893751.xml'
Dec 13, 2017 3:21:16 PM org.apache.catalina.core.ApplicationContext log
INFO: Manager: start: Starting web application '/HostWebService'
Dec 13, 2017 3:21:34 PM org.apache.catalina.core.ApplicationContext log
INFO: Manager: list: Listing contexts for virtual host 'localhost'
Dec 13, 2017 3:21:34 PM org.apache.catalina.core.ApplicationContext log
INFO: Manager: list: Listing contexts for virtual host 'localhost'
Dec 13, 2017 3:22:26 PM org.apache.catalina.core.ApplicationContext log
INFO: Manager: list: Listing contexts for virtual host 'localhost'
Dec 13, 2017 3:22:26 PM org.apache.catalina.core.ApplicationContext log
INFO: Manager: list: Listing contexts for virtual host 'localhost'
Dec 13, 2017 3:22:30 PM org.apache.catalina.core.ApplicationContext log
INFO: Manager: list: Listing contexts for virtual host 'localhost'
Dec 13, 2017 3:22:30 PM org.apache.catalina.core.ApplicationContext log
INFO: Manager: list: Listing contexts for virtual host 'localhost'
Dec 13, 2017 3:23:27 PM org.apache.catalina.core.ApplicationContext log
INFO: Manager: list: Listing contexts for virtual host 'localhost'
Dec 13, 2017 3:23:27 PM org.apache.catalina.core.ApplicationContext log
INFO: Manager: restart: Reloading web application '/HostWebService'
Dec 13, 2017 3:24:20 PM org.apache.catalina.core.ApplicationContext log
INFO: Manager: list: Listing contexts for virtual host 'localhost'
Dec 13, 2017 3:24:20 PM org.apache.catalina.core.ApplicationContext log
INFO: Manager: restart: Reloading web application '/HostWebService'
Dec 13, 2017 3:24:27 PM org.apache.catalina.core.ApplicationContext log
INFO: Manager: list: Listing contexts for virtual host 'localhost'
Dec 13, 2017 3:24:27 PM org.apache.catalina.core.ApplicationContext log
INFO: Manager: list: Listing contexts for virtual host 'localhost'
Dec 13, 2017 3:27:17 PM org.apache.catalina.core.ApplicationContext log
INFO: Manager: list: Listing contexts for virtual host 'localhost'
Dec 13, 2017 3:27:17 PM org.apache.catalina.core.ApplicationContext log
INFO: Manager: stop: Stopping web application '/HostWebService'
Dec 13, 2017 3:27:17 PM org.apache.catalina.core.ApplicationContext log
INFO: Manager: start: Starting web application '/HostWebService'
Dec 13, 2017 3:31:21 PM org.apache.catalina.core.ApplicationContext log
INFO: Manager: list: Listing contexts for virtual host 'localhost'
Dec 13, 2017 3:31:21 PM org.apache.catalina.core.ApplicationContext log
INFO: Manager: restart: Reloading web application '/HostWebService'
Dec 13, 2017 3:31:55 PM org.apache.catalina.core.ApplicationContext log
INFO: Manager: list: Listing contexts for virtual host 'localhost'
Dec 13, 2017 3:31:55 PM org.apache.catalina.core.ApplicationContext log
INFO: Manager: list: Listing contexts for virtual host 'localhost'
Dec 13, 2017 3:31:55 PM org.apache.catalina.core.ApplicationContext log
INFO: Manager: undeploy: Undeploying web application at '/HostWebService'
Dec 13, 2017 3:31:56 PM org.apache.catalina.core.ApplicationContext log
INFO: Manager: install: Installing context configuration at 'file:/C:/Users/HGL26S~1/AppData/Local/Temp/context9097282586543893917.xml'
Dec 13, 2017 3:31:59 PM org.apache.catalina.core.ApplicationContext log
INFO: Manager: start: Starting web application '/HostWebService'
Dec 13, 2017 3:32:31 PM org.apache.catalina.core.ApplicationContext log
INFO: Manager: list: Listing contexts for virtual host 'localhost'
Dec 13, 2017 3:32:32 PM org.apache.catalina.core.ApplicationContext log
INFO: Manager: list: Listing contexts for virtual host 'localhost'
Dec 13, 2017 3:34:34 PM org.apache.catalina.core.ApplicationContext log
INFO: Manager: list: Listing contexts for virtual host 'localhost'
Dec 13, 2017 3:37:35 PM org.apache.catalina.core.ApplicationContext log
INFO: Manager: list: Listing contexts for virtual host 'localhost'
Dec 13, 2017 3:37:35 PM org.apache.catalina.core.ApplicationContext log
INFO: Manager: list: Listing contexts for virtual host 'localhost'
Dec 13, 2017 3:37:35 PM org.apache.catalina.core.ApplicationContext log
INFO: Manager: restart: Reloading web application '/ClientWebService'
Dec 13, 2017 3:37:45 PM org.apache.catalina.core.ApplicationContext log
INFO: Manager: list: Listing contexts for virtual host 'localhost'
Dec 13, 2017 3:37:45 PM org.apache.catalina.core.ApplicationContext log
INFO: Manager: list: Listing contexts for virtual host 'localhost'
Dec 13, 2017 3:38:08 PM org.apache.catalina.core.ApplicationContext log
INFO: Manager: list: Listing contexts for virtual host 'localhost'
Dec 13, 2017 3:38:08 PM org.apache.catalina.core.ApplicationContext log
INFO: Manager: list: Listing contexts for virtual host 'localhost'
Dec 13, 2017 3:38:37 PM org.apache.catalina.core.ApplicationContext log
INFO: Manager: list: Listing contexts for virtual host 'localhost'
Dec 13, 2017 3:38:37 PM org.apache.catalina.core.ApplicationContext log
INFO: Manager: undeploy: Undeploying web application at '/ClientWebService'
Dec 13, 2017 3:38:55 PM org.apache.catalina.core.ApplicationContext log
INFO: Manager: list: Listing contexts for virtual host 'localhost'
Dec 13, 2017 3:38:55 PM org.apache.catalina.core.ApplicationContext log
INFO: Manager: list: Listing contexts for virtual host 'localhost'
Dec 13, 2017 3:38:55 PM org.apache.catalina.core.ApplicationContext log
INFO: Manager: install: Installing context configuration at 'file:/C:/Users/HGL26S~1/AppData/Local/Temp/context8459409655735436989.xml'
Dec 13, 2017 3:38:55 PM org.apache.catalina.core.ApplicationContext log
INFO: Manager: start: Starting web application '/ClientWebService'
Dec 13, 2017 3:40:10 PM org.apache.catalina.core.ApplicationContext log
INFO: Manager: list: Listing contexts for virtual host 'localhost'
Dec 13, 2017 3:40:10 PM org.apache.catalina.core.ApplicationContext log
INFO: Manager: list: Listing contexts for virtual host 'localhost'
Dec 13, 2017 3:41:58 PM org.apache.catalina.core.ApplicationContext log
INFO: Manager: list: Listing contexts for virtual host 'localhost'
Dec 13, 2017 3:41:58 PM org.apache.catalina.core.ApplicationContext log
INFO: Manager: list: Listing contexts for virtual host 'localhost'
Dec 13, 2017 3:46:29 PM org.apache.catalina.core.ApplicationContext log
INFO: Manager: list: Listing contexts for virtual host 'localhost'
Dec 13, 2017 3:46:29 PM org.apache.catalina.core.ApplicationContext log
INFO: Manager: list: Listing contexts for virtual host 'localhost'
Dec 13, 2017 3:47:35 PM org.apache.catalina.core.ApplicationContext log
INFO: Manager: list: Listing contexts for virtual host 'localhost'
Dec 13, 2017 3:47:35 PM org.apache.catalina.core.ApplicationContext log
INFO: Manager: list: Listing contexts for virtual host 'localhost'
Dec 13, 2017 3:50:34 PM org.apache.catalina.core.ApplicationContext log
INFO: Manager: list: Listing contexts for virtual host 'localhost'
Dec 13, 2017 3:50:34 PM org.apache.catalina.core.ApplicationContext log
INFO: Manager: list: Listing contexts for virtual host 'localhost'
Dec 13, 2017 3:50:54 PM org.apache.catalina.core.ApplicationContext log
INFO: Manager: list: Listing contexts for virtual host 'localhost'
Dec 13, 2017 3:50:54 PM org.apache.catalina.core.ApplicationContext log
INFO: Manager: list: Listing contexts for virtual host 'localhost'
Dec 13, 2017 3:50:54 PM org.apache.catalina.core.ApplicationContext log
INFO: Manager: list: Listing contexts for virtual host 'localhost'
Dec 13, 2017 3:50:55 PM org.apache.catalina.core.ApplicationContext log
INFO: Manager: list: Listing contexts for virtual host 'localhost'
Dec 13, 2017 3:50:57 PM org.apache.catalina.core.ApplicationContext log
INFO: Manager: list: Listing contexts for virtual host 'localhost'
Dec 13, 2017 3:50:57 PM org.apache.catalina.core.ApplicationContext log
INFO: Manager: list: Listing contexts for virtual host 'localhost'
Dec 13, 2017 3:50:57 PM org.apache.catalina.core.ApplicationContext log
INFO: Manager: list: Listing contexts for virtual host 'localhost'
Dec 13, 2017 3:50:57 PM org.apache.catalina.core.ApplicationContext log
INFO: Manager: list: Listing contexts for virtual host 'localhost'
Dec 13, 2017 3:50:57 PM org.apache.catalina.core.ApplicationContext log
INFO: Manager: list: Listing contexts for virtual host 'localhost'
Dec 13, 2017 3:50:59 PM org.apache.catalina.core.ApplicationContext log
INFO: Manager: list: Listing contexts for virtual host 'localhost'
Dec 13, 2017 3:50:59 PM org.apache.catalina.core.ApplicationContext log
INFO: Manager: list: Listing contexts for virtual host 'localhost'
Dec 13, 2017 3:51:20 PM org.apache.catalina.core.ApplicationContext log
INFO: Manager: list: Listing contexts for virtual host 'localhost'
Dec 13, 2017 3:51:20 PM org.apache.catalina.core.ApplicationContext log
INFO: Manager: list: Listing contexts for virtual host 'localhost'
Dec 13, 2017 3:52:32 PM org.apache.catalina.core.ApplicationContext log
INFO: Manager: list: Listing contexts for virtual host 'localhost'
Dec 13, 2017 3:52:32 PM org.apache.catalina.core.ApplicationContext log
INFO: Manager: list: Listing contexts for virtual host 'localhost'
Dec 13, 2017 3:52:53 PM org.apache.catalina.core.ApplicationContext log
INFO: Manager: list: Listing contexts for virtual host 'localhost'
Dec 13, 2017 3:52:53 PM org.apache.catalina.core.ApplicationContext log
INFO: Manager: list: Listing contexts for virtual host 'localhost'
Dec 13, 2017 3:53:08 PM org.apache.catalina.core.ApplicationContext log
INFO: Manager: list: Listing contexts for virtual host 'localhost'
Dec 13, 2017 3:53:08 PM org.apache.catalina.core.ApplicationContext log
INFO: Manager: list: Listing contexts for virtual host 'localhost'
Dec 13, 2017 3:53:54 PM org.apache.catalina.core.ApplicationContext log
INFO: Manager: list: Listing contexts for virtual host 'localhost'
Dec 13, 2017 3:53:54 PM org.apache.catalina.core.ApplicationContext log
INFO: Manager: list: Listing contexts for virtual host 'localhost'
Dec 13, 2017 3:54:06 PM org.apache.catalina.core.ApplicationContext log
INFO: Manager: list: Listing contexts for virtual host 'localhost'
Dec 13, 2017 3:54:06 PM org.apache.catalina.core.ApplicationContext log
INFO: Manager: list: Listing contexts for virtual host 'localhost'
Dec 13, 2017 3:55:35 PM org.apache.catalina.core.ApplicationContext log
INFO: Manager: list: Listing contexts for virtual host 'localhost'
Dec 13, 2017 3:55:35 PM org.apache.catalina.core.ApplicationContext log
INFO: Manager: list: Listing contexts for virtual host 'localhost'
Dec 13, 2017 3:58:20 PM org.apache.catalina.core.ApplicationContext log
INFO: Manager: list: Listing contexts for virtual host 'localhost'
Dec 13, 2017 3:58:20 PM org.apache.catalina.core.ApplicationContext log
INFO: Manager: list: Listing contexts for virtual host 'localhost'
Dec 13, 2017 3:59:13 PM org.apache.catalina.core.ApplicationContext log
INFO: Manager: list: Listing contexts for virtual host 'localhost'
Dec 13, 2017 3:59:13 PM org.apache.catalina.core.ApplicationContext log
INFO: Manager: list: Listing contexts for virtual host 'localhost'
Dec 13, 2017 4:00:55 PM org.apache.catalina.core.ApplicationContext log
INFO: Manager: list: Listing contexts for virtual host 'localhost'
Dec 13, 2017 4:00:55 PM org.apache.catalina.core.ApplicationContext log
INFO: Manager: list: Listing contexts for virtual host 'localhost'
Dec 13, 2017 4:01:14 PM org.apache.catalina.core.ApplicationContext log
INFO: Manager: list: Listing contexts for virtual host 'localhost'
Dec 13, 2017 4:01:14 PM org.apache.catalina.core.ApplicationContext log
INFO: Manager: list: Listing contexts for virtual host 'localhost'
Dec 13, 2017 4:01:30 PM org.apache.catalina.core.ApplicationContext log
INFO: Manager: list: Listing contexts for virtual host 'localhost'
Dec 13, 2017 4:01:30 PM org.apache.catalina.core.ApplicationContext log
INFO: Manager: list: Listing contexts for virtual host 'localhost'
Dec 13, 2017 4:03:08 PM org.apache.catalina.core.ApplicationContext log
INFO: Manager: list: Listing contexts for virtual host 'localhost'
Dec 13, 2017 4:03:08 PM org.apache.catalina.core.ApplicationContext log
INFO: Manager: list: Listing contexts for virtual host 'localhost'
Dec 13, 2017 4:03:31 PM org.apache.catalina.core.ApplicationContext log
INFO: Manager: list: Listing contexts for virtual host 'localhost'
Dec 13, 2017 4:03:31 PM org.apache.catalina.core.ApplicationContext log
INFO: Manager: list: Listing contexts for virtual host 'localhost'
Dec 13, 2017 4:05:41 PM org.apache.catalina.core.ApplicationContext log
INFO: Manager: list: Listing contexts for virtual host 'localhost'
Dec 13, 2017 4:05:41 PM org.apache.catalina.core.ApplicationContext log
INFO: Manager: list: Listing contexts for virtual host 'localhost'
Dec 13, 2017 4:06:30 PM org.apache.catalina.core.ApplicationContext log
INFO: Manager: list: Listing contexts for virtual host 'localhost'
Dec 13, 2017 4:06:30 PM org.apache.catalina.core.ApplicationContext log
INFO: Manager: list: Listing contexts for virtual host 'localhost'
Dec 13, 2017 4:08:49 PM org.apache.catalina.core.ApplicationContext log
INFO: Manager: list: Listing contexts for virtual host 'localhost'
Dec 13, 2017 4:08:49 PM org.apache.catalina.core.ApplicationContext log
INFO: Manager: stop: Stopping web application '/HostWebService'
Dec 13, 2017 4:08:49 PM org.apache.catalina.core.ApplicationContext log
INFO: Manager: start: Starting web application '/HostWebService'
Dec 13, 2017 4:09:24 PM org.apache.catalina.core.ApplicationContext log
INFO: Manager: list: Listing contexts for virtual host 'localhost'
Dec 13, 2017 4:09:24 PM org.apache.catalina.core.ApplicationContext log
INFO: Manager: restart: Reloading web application '/HostWebService'
Dec 13, 2017 4:10:02 PM org.apache.catalina.core.ApplicationContext log
INFO: Manager: list: Listing contexts for virtual host 'localhost'
Dec 13, 2017 4:10:02 PM org.apache.catalina.core.ApplicationContext log
INFO: Manager: list: Listing contexts for virtual host 'localhost'
Dec 13, 2017 4:10:02 PM org.apache.catalina.core.ApplicationContext log
INFO: Manager: undeploy: Undeploying web application at '/HostWebService'
Dec 13, 2017 4:10:03 PM org.apache.catalina.core.ApplicationContext log
INFO: Manager: install: Installing context configuration at 'file:/C:/Users/HGL26S~1/AppData/Local/Temp/context4546432595638448038.xml'
Dec 13, 2017 4:10:05 PM org.apache.catalina.core.ApplicationContext log
INFO: Manager: start: Starting web application '/HostWebService'
Dec 13, 2017 4:10:42 PM org.apache.catalina.core.ApplicationContext log
INFO: Manager: list: Listing contexts for virtual host 'localhost'
Dec 13, 2017 4:10:44 PM org.apache.catalina.core.ApplicationContext log
INFO: Manager: list: Listing contexts for virtual host 'localhost'
Dec 13, 2017 4:16:05 PM org.apache.catalina.core.ApplicationContext log
INFO: Manager: list: Listing contexts for virtual host 'localhost'
Dec 13, 2017 4:16:05 PM org.apache.catalina.core.ApplicationContext log
INFO: Manager: list: Listing contexts for virtual host 'localhost'
Dec 13, 2017 4:16:05 PM org.apache.catalina.core.ApplicationContext log
INFO: Manager: restart: Reloading web application '/ClientWebService'
Dec 13, 2017 4:16:32 PM org.apache.catalina.core.ApplicationContext log
INFO: Manager: list: Listing contexts for virtual host 'localhost'
Dec 13, 2017 4:16:32 PM org.apache.catalina.core.ApplicationContext log
INFO: Manager: list: Listing contexts for virtual host 'localhost'
Dec 13, 2017 4:21:54 PM org.apache.catalina.core.ApplicationContext log
INFO: Manager: list: Listing contexts for virtual host 'localhost'
Dec 13, 2017 4:21:54 PM org.apache.catalina.core.ApplicationContext log
INFO: Manager: list: Listing contexts for virtual host 'localhost'
Dec 13, 2017 4:23:53 PM org.apache.catalina.core.ApplicationContext log
INFO: Manager: list: Listing contexts for virtual host 'localhost'
Dec 13, 2017 4:23:53 PM org.apache.catalina.core.ApplicationContext log
INFO: Manager: list: Listing contexts for virtual host 'localhost'
Dec 13, 2017 4:29:18 PM org.apache.catalina.core.ApplicationContext log
INFO: Manager: list: Listing contexts for virtual host 'localhost'
Dec 13, 2017 4:29:18 PM org.apache.catalina.core.ApplicationContext log
INFO: Manager: list: Listing contexts for virtual host 'localhost'
Dec 13, 2017 4:30:06 PM org.apache.catalina.core.ApplicationContext log
INFO: Manager: list: Listing contexts for virtual host 'localhost'
Dec 13, 2017 4:30:06 PM org.apache.catalina.core.ApplicationContext log
INFO: Manager: list: Listing contexts for virtual host 'localhost'
Dec 13, 2017 4:33:16 PM org.apache.catalina.core.ApplicationContext log
INFO: Manager: list: Listing contexts for virtual host 'localhost'
