Aug 19, 2018 12:17:03 PM org.apache.catalina.core.ApplicationContext log
INFO: Manager: init: Associated with Deployer 'Catalina:type=Deployer,host=localhost'
Aug 19, 2018 12:17:03 PM org.apache.catalina.core.ApplicationContext log
INFO: Manager: init: Global resources are available
Aug 19, 2018 12:17:03 PM org.apache.catalina.core.ApplicationContext log
INFO: Manager: list: Listing contexts for virtual host 'localhost'
Aug 19, 2018 12:17:03 PM org.apache.catalina.core.ApplicationContext log
INFO: Manager: list: Listing contexts for virtual host 'localhost'
Aug 19, 2018 12:31:53 PM org.apache.catalina.core.ApplicationContext log
INFO: Manager: list: Listing contexts for virtual host 'localhost'
Aug 19, 2018 12:31:53 PM org.apache.catalina.core.ApplicationContext log
INFO: Manager: list: Listing contexts for virtual host 'localhost'
Aug 19, 2018 12:37:31 PM org.apache.catalina.core.ApplicationContext log
INFO: Manager: list: Listing contexts for virtual host 'localhost'
Aug 19, 2018 12:37:31 PM org.apache.catalina.core.ApplicationContext log
INFO: Manager: list: Listing contexts for virtual host 'localhost'
Aug 19, 2018 12:38:10 PM org.apache.catalina.core.ApplicationContext log
INFO: Manager: list: Listing contexts for virtual host 'localhost'
Aug 19, 2018 12:38:10 PM org.apache.catalina.core.ApplicationContext log
INFO: Manager: list: Listing contexts for virtual host 'localhost'
Aug 19, 2018 12:38:20 PM org.apache.catalina.core.ApplicationContext log
INFO: Manager: list: Listing contexts for virtual host 'localhost'
Aug 19, 2018 12:38:20 PM org.apache.catalina.core.ApplicationContext log
INFO: Manager: list: Listing contexts for virtual host 'localhost'
Aug 19, 2018 12:41:20 PM org.apache.catalina.core.ApplicationContext log
INFO: Manager: list: Listing contexts for virtual host 'localhost'
Aug 19, 2018 12:41:20 PM org.apache.catalina.core.ApplicationContext log
INFO: Manager: list: Listing contexts for virtual host 'localhost'
Aug 19, 2018 12:44:48 PM org.apache.catalina.core.ApplicationContext log
INFO: Manager: list: Listing contexts for virtual host 'localhost'
Aug 19, 2018 12:44:48 PM org.apache.catalina.core.ApplicationContext log
INFO: Manager: list: Listing contexts for virtual host 'localhost'
Aug 19, 2018 12:51:15 PM org.apache.catalina.core.ApplicationContext log
INFO: Manager: list: Listing contexts for virtual host 'localhost'
Aug 19, 2018 12:51:15 PM org.apache.catalina.core.ApplicationContext log
INFO: Manager: list: Listing contexts for virtual host 'localhost'
Aug 19, 2018 12:53:49 PM org.apache.catalina.core.ApplicationContext log
INFO: Manager: list: Listing contexts for virtual host 'localhost'
Aug 19, 2018 12:53:49 PM org.apache.catalina.core.ApplicationContext log
INFO: Manager: list: Listing contexts for virtual host 'localhost'
Aug 19, 2018 12:54:18 PM org.apache.catalina.core.ApplicationContext log
INFO: Manager: list: Listing contexts for virtual host 'localhost'
Aug 19, 2018 12:54:18 PM org.apache.catalina.core.ApplicationContext log
INFO: Manager: list: Listing contexts for virtual host 'localhost'
Aug 19, 2018 12:54:32 PM org.apache.catalina.core.ApplicationContext log
INFO: Manager: list: Listing contexts for virtual host 'localhost'
Aug 19, 2018 12:54:32 PM org.apache.catalina.core.ApplicationContext log
INFO: Manager: list: Listing contexts for virtual host 'localhost'
Aug 19, 2018 12:54:46 PM org.apache.catalina.core.ApplicationContext log
INFO: Manager: list: Listing contexts for virtual host 'localhost'
Aug 19, 2018 12:54:46 PM org.apache.catalina.core.ApplicationContext log
INFO: Manager: list: Listing contexts for virtual host 'localhost'
Aug 19, 2018 12:55:20 PM org.apache.catalina.core.ApplicationContext log
INFO: Manager: list: Listing contexts for virtual host 'localhost'
Aug 19, 2018 12:55:20 PM org.apache.catalina.core.ApplicationContext log
INFO: Manager: list: Listing contexts for virtual host 'localhost'
Aug 19, 2018 1:11:07 PM org.apache.catalina.core.ApplicationContext log
INFO: Manager: list: Listing contexts for virtual host 'localhost'
Aug 19, 2018 1:11:07 PM org.apache.catalina.core.ApplicationContext log
INFO: Manager: list: Listing contexts for virtual host 'localhost'
Aug 19, 2018 1:19:08 PM org.apache.catalina.core.ApplicationContext log
INFO: Manager: list: Listing contexts for virtual host 'localhost'
Aug 19, 2018 1:19:08 PM org.apache.catalina.core.ApplicationContext log
INFO: Manager: list: Listing contexts for virtual host 'localhost'
Aug 19, 2018 1:19:36 PM org.apache.catalina.core.ApplicationContext log
INFO: Manager: list: Listing contexts for virtual host 'localhost'
Aug 19, 2018 1:19:36 PM org.apache.catalina.core.ApplicationContext log
INFO: Manager: list: Listing contexts for virtual host 'localhost'
Aug 19, 2018 1:20:18 PM org.apache.catalina.core.ApplicationContext log
INFO: Manager: list: Listing contexts for virtual host 'localhost'
Aug 19, 2018 1:20:18 PM org.apache.catalina.core.ApplicationContext log
INFO: Manager: list: Listing contexts for virtual host 'localhost'
Aug 19, 2018 1:21:09 PM org.apache.catalina.core.ApplicationContext log
INFO: Manager: list: Listing contexts for virtual host 'localhost'
Aug 19, 2018 1:21:09 PM org.apache.catalina.core.ApplicationContext log
INFO: Manager: list: Listing contexts for virtual host 'localhost'
Aug 19, 2018 1:25:15 PM org.apache.catalina.core.ApplicationContext log
INFO: Manager: list: Listing contexts for virtual host 'localhost'
Aug 19, 2018 1:25:15 PM org.apache.catalina.core.ApplicationContext log
INFO: Manager: list: Listing contexts for virtual host 'localhost'
Aug 19, 2018 1:25:31 PM org.apache.catalina.core.ApplicationContext log
INFO: Manager: list: Listing contexts for virtual host 'localhost'
Aug 19, 2018 1:25:31 PM org.apache.catalina.core.ApplicationContext log
INFO: Manager: list: Listing contexts for virtual host 'localhost'
Aug 19, 2018 1:25:45 PM org.apache.catalina.core.ApplicationContext log
INFO: Manager: list: Listing contexts for virtual host 'localhost'
Aug 19, 2018 1:25:45 PM org.apache.catalina.core.ApplicationContext log
INFO: Manager: list: Listing contexts for virtual host 'localhost'
Aug 19, 2018 1:25:54 PM org.apache.catalina.core.ApplicationContext log
INFO: Manager: list: Listing contexts for virtual host 'localhost'
Aug 19, 2018 1:25:54 PM org.apache.catalina.core.ApplicationContext log
INFO: Manager: list: Listing contexts for virtual host 'localhost'
Aug 19, 2018 1:28:59 PM org.apache.catalina.core.ApplicationContext log
INFO: Manager: list: Listing contexts for virtual host 'localhost'
Aug 19, 2018 1:28:59 PM org.apache.catalina.core.ApplicationContext log
INFO: Manager: list: Listing contexts for virtual host 'localhost'
Aug 19, 2018 1:31:24 PM org.apache.catalina.core.ApplicationContext log
INFO: Manager: list: Listing contexts for virtual host 'localhost'
Aug 19, 2018 1:31:24 PM org.apache.catalina.core.ApplicationContext log
INFO: Manager: restart: Reloading web application '/Service'
Aug 19, 2018 1:31:24 PM org.apache.catalina.core.ApplicationContext log
INFO: Manager: list: Listing contexts for virtual host 'localhost'
Aug 19, 2018 1:31:24 PM org.apache.catalina.core.ApplicationContext log
INFO: Manager: restart: Reloading web application '/Service'
Aug 19, 2018 1:32:56 PM org.apache.catalina.core.ApplicationContext log
INFO: Manager: list: Listing contexts for virtual host 'localhost'
Aug 19, 2018 1:32:56 PM org.apache.catalina.core.ApplicationContext log
INFO: Manager: restart: Reloading web application '/Service'
Aug 19, 2018 1:34:10 PM org.apache.catalina.core.ApplicationContext log
INFO: Manager: list: Listing contexts for virtual host 'localhost'
Aug 19, 2018 1:35:16 PM org.apache.catalina.core.ApplicationContext log
INFO: Manager: list: Listing contexts for virtual host 'localhost'
Aug 19, 2018 1:35:16 PM org.apache.catalina.core.ApplicationContext log
INFO: Manager: list: Listing contexts for virtual host 'localhost'
Aug 19, 2018 1:35:16 PM org.apache.catalina.core.ApplicationContext log
INFO: Manager: restart: Reloading web application '/Service'
Aug 19, 2018 1:36:02 PM org.apache.catalina.core.ApplicationContext log
INFO: Manager: list: Listing contexts for virtual host 'localhost'
Aug 19, 2018 1:36:02 PM org.apache.catalina.core.ApplicationContext log
INFO: Manager: restart: Reloading web application '/Service'
Aug 19, 2018 1:37:51 PM org.apache.catalina.core.ApplicationContext log
INFO: Manager: list: Listing contexts for virtual host 'localhost'
Aug 19, 2018 1:37:51 PM org.apache.catalina.core.ApplicationContext log
INFO: Manager: restart: Reloading web application '/Service'
Aug 19, 2018 1:38:26 PM org.apache.catalina.core.ApplicationContext log
INFO: Manager: list: Listing contexts for virtual host 'localhost'
Aug 19, 2018 1:38:26 PM org.apache.catalina.core.ApplicationContext log
INFO: Manager: restart: Reloading web application '/Service'
Aug 19, 2018 1:42:04 PM org.apache.catalina.core.ApplicationContext log
INFO: Manager: list: Listing contexts for virtual host 'localhost'
Aug 19, 2018 1:42:04 PM org.apache.catalina.core.ApplicationContext log
INFO: Manager: list: Listing contexts for virtual host 'localhost'
Aug 19, 2018 1:42:04 PM org.apache.catalina.core.ApplicationContext log
INFO: Manager: restart: Reloading web application '/Service'
Aug 19, 2018 1:43:53 PM org.apache.catalina.core.ApplicationContext log
INFO: Manager: list: Listing contexts for virtual host 'localhost'
Aug 19, 2018 1:43:53 PM org.apache.catalina.core.ApplicationContext log
INFO: Manager: restart: Reloading web application '/Service'
Aug 19, 2018 1:46:53 PM org.apache.catalina.core.ApplicationContext log
INFO: Manager: list: Listing contexts for virtual host 'localhost'
Aug 19, 2018 1:46:53 PM org.apache.catalina.core.ApplicationContext log
INFO: Manager: restart: Reloading web application '/Service'
Aug 19, 2018 2:31:29 PM org.apache.catalina.core.ApplicationContext log
INFO: Manager: list: Listing contexts for virtual host 'localhost'
Aug 19, 2018 2:31:29 PM org.apache.catalina.core.ApplicationContext log
INFO: Manager: restart: Reloading web application '/Service'
Aug 19, 2018 2:35:42 PM org.apache.catalina.core.ApplicationContext log
INFO: Manager: list: Listing contexts for virtual host 'localhost'
Aug 19, 2018 2:35:42 PM org.apache.catalina.core.ApplicationContext log
INFO: Manager: restart: Reloading web application '/Service'
Aug 19, 2018 2:38:14 PM org.apache.catalina.core.ApplicationContext log
INFO: Manager: list: Listing contexts for virtual host 'localhost'
Aug 19, 2018 2:42:48 PM org.apache.catalina.core.ApplicationContext log
INFO: Manager: list: Listing contexts for virtual host 'localhost'
Aug 19, 2018 2:42:48 PM org.apache.catalina.core.ApplicationContext log
INFO: Manager: restart: Reloading web application '/Service'
Aug 19, 2018 2:42:51 PM org.apache.catalina.core.ApplicationContext log
INFO: Manager: list: Listing contexts for virtual host 'localhost'
Aug 19, 2018 2:42:51 PM org.apache.catalina.core.ApplicationContext log
INFO: Manager: list: Listing contexts for virtual host 'localhost'
Aug 19, 2018 2:42:51 PM org.apache.catalina.core.ApplicationContext log
INFO: Manager: restart: Reloading web application '/Service'
Aug 19, 2018 2:45:22 PM org.apache.catalina.core.ApplicationContext log
INFO: Manager: list: Listing contexts for virtual host 'localhost'
Aug 19, 2018 2:45:22 PM org.apache.catalina.core.ApplicationContext log
INFO: Manager: list: Listing contexts for virtual host 'localhost'
Aug 19, 2018 2:45:22 PM org.apache.catalina.core.ApplicationContext log
INFO: Manager: restart: Reloading web application '/Service'
Aug 19, 2018 2:48:45 PM org.apache.catalina.core.ApplicationContext log
INFO: Manager: list: Listing contexts for virtual host 'localhost'
Aug 19, 2018 2:48:45 PM org.apache.catalina.core.ApplicationContext log
INFO: Manager: list: Listing contexts for virtual host 'localhost'
Aug 19, 2018 2:48:45 PM org.apache.catalina.core.ApplicationContext log
INFO: Manager: restart: Reloading web application '/Service'
Aug 19, 2018 2:48:48 PM org.apache.catalina.core.ApplicationContext log
INFO: Manager: list: Listing contexts for virtual host 'localhost'
Aug 19, 2018 2:48:48 PM org.apache.catalina.core.ApplicationContext log
INFO: Manager: list: Listing contexts for virtual host 'localhost'
Aug 19, 2018 2:48:49 PM org.apache.catalina.core.ApplicationContext log
INFO: Manager: restart: Reloading web application '/Service'
Aug 19, 2018 2:51:35 PM org.apache.catalina.core.ApplicationContext log
INFO: Manager: list: Listing contexts for virtual host 'localhost'
Aug 19, 2018 2:51:36 PM org.apache.catalina.core.ApplicationContext log
INFO: Manager: list: Listing contexts for virtual host 'localhost'
Aug 19, 2018 2:51:36 PM org.apache.catalina.core.ApplicationContext log
INFO: Manager: restart: Reloading web application '/Service'
Aug 19, 2018 2:51:38 PM org.apache.catalina.core.ApplicationContext log
INFO: Manager: list: Listing contexts for virtual host 'localhost'
Aug 19, 2018 2:51:38 PM org.apache.catalina.core.ApplicationContext log
INFO: Manager: list: Listing contexts for virtual host 'localhost'
Aug 19, 2018 2:51:38 PM org.apache.catalina.core.ApplicationContext log
INFO: Manager: restart: Reloading web application '/Service'
Aug 19, 2018 2:54:06 PM org.apache.catalina.core.ApplicationContext log
INFO: Manager: list: Listing contexts for virtual host 'localhost'
Aug 19, 2018 2:54:06 PM org.apache.catalina.core.ApplicationContext log
INFO: Manager: restart: Reloading web application '/Server'
Aug 19, 2018 2:55:02 PM org.apache.catalina.core.ApplicationContext log
INFO: Manager: list: Listing contexts for virtual host 'localhost'
Aug 19, 2018 2:55:02 PM org.apache.catalina.core.ApplicationContext log
INFO: Manager: restart: Reloading web application '/Service'
Aug 19, 2018 2:55:05 PM org.apache.catalina.core.ApplicationContext log
INFO: Manager: list: Listing contexts for virtual host 'localhost'
Aug 19, 2018 2:55:05 PM org.apache.catalina.core.ApplicationContext log
INFO: Manager: list: Listing contexts for virtual host 'localhost'
Aug 19, 2018 2:55:05 PM org.apache.catalina.core.ApplicationContext log
INFO: Manager: restart: Reloading web application '/Service'
Aug 19, 2018 2:55:11 PM org.apache.catalina.core.ApplicationContext log
INFO: Manager: list: Listing contexts for virtual host 'localhost'
Aug 19, 2018 2:55:11 PM org.apache.catalina.core.ApplicationContext log
INFO: Manager: list: Listing contexts for virtual host 'localhost'
Aug 19, 2018 2:58:59 PM org.apache.catalina.core.ApplicationContext log
INFO: Manager: list: Listing contexts for virtual host 'localhost'
Aug 19, 2018 2:58:59 PM org.apache.catalina.core.ApplicationContext log
INFO: Manager: restart: Reloading web application '/Service'
Aug 19, 2018 2:59:02 PM org.apache.catalina.core.ApplicationContext log
INFO: Manager: list: Listing contexts for virtual host 'localhost'
Aug 19, 2018 2:59:02 PM org.apache.catalina.core.ApplicationContext log
INFO: Manager: list: Listing contexts for virtual host 'localhost'
Aug 19, 2018 2:59:02 PM org.apache.catalina.core.ApplicationContext log
INFO: Manager: restart: Reloading web application '/Service'
Aug 19, 2018 3:00:58 PM org.apache.catalina.core.ApplicationContext log
INFO: Manager: list: Listing contexts for virtual host 'localhost'
Aug 19, 2018 3:00:58 PM org.apache.catalina.core.ApplicationContext log
INFO: Manager: list: Listing contexts for virtual host 'localhost'
Aug 19, 2018 3:00:58 PM org.apache.catalina.core.ApplicationContext log
INFO: Manager: restart: Reloading web application '/Service'
Aug 19, 2018 3:02:04 PM org.apache.catalina.core.ApplicationContext log
INFO: Manager: list: Listing contexts for virtual host 'localhost'
Aug 19, 2018 3:02:04 PM org.apache.catalina.core.ApplicationContext log
INFO: Manager: list: Listing contexts for virtual host 'localhost'
Aug 19, 2018 3:02:04 PM org.apache.catalina.core.ApplicationContext log
INFO: Manager: restart: Reloading web application '/Service'
Aug 19, 2018 3:03:21 PM org.apache.catalina.core.ApplicationContext log
INFO: Manager: list: Listing contexts for virtual host 'localhost'
Aug 19, 2018 3:03:21 PM org.apache.catalina.core.ApplicationContext log
INFO: Manager: list: Listing contexts for virtual host 'localhost'
Aug 19, 2018 3:03:21 PM org.apache.catalina.core.ApplicationContext log
INFO: Manager: restart: Reloading web application '/Service'
Aug 19, 2018 3:10:13 PM org.apache.catalina.core.ApplicationContext log
INFO: Manager: list: Listing contexts for virtual host 'localhost'
Aug 19, 2018 3:10:13 PM org.apache.catalina.core.ApplicationContext log
INFO: Manager: list: Listing contexts for virtual host 'localhost'
Aug 19, 2018 3:10:13 PM org.apache.catalina.core.ApplicationContext log
INFO: Manager: restart: Reloading web application '/Service'
Aug 19, 2018 3:10:24 PM org.apache.catalina.core.ApplicationContext log
INFO: Manager: list: Listing contexts for virtual host 'localhost'
Aug 19, 2018 3:10:24 PM org.apache.catalina.core.ApplicationContext log
INFO: Manager: list: Listing contexts for virtual host 'localhost'
Aug 19, 2018 3:10:44 PM org.apache.catalina.core.ApplicationContext log
INFO: Manager: list: Listing contexts for virtual host 'localhost'
Aug 19, 2018 3:10:44 PM org.apache.catalina.core.ApplicationContext log
INFO: Manager: list: Listing contexts for virtual host 'localhost'
Aug 19, 2018 3:13:15 PM org.apache.catalina.core.ApplicationContext log
INFO: Manager: list: Listing contexts for virtual host 'localhost'
Aug 19, 2018 3:13:15 PM org.apache.catalina.core.ApplicationContext log
INFO: Manager: list: Listing contexts for virtual host 'localhost'
Aug 19, 2018 3:13:15 PM org.apache.catalina.core.ApplicationContext log
INFO: Manager: restart: Reloading web application '/Service'
Aug 19, 2018 3:14:59 PM org.apache.catalina.core.ApplicationContext log
INFO: Manager: list: Listing contexts for virtual host 'localhost'
Aug 19, 2018 3:14:59 PM org.apache.catalina.core.ApplicationContext log
INFO: Manager: restart: Reloading web application '/Server'
Aug 19, 2018 3:15:20 PM org.apache.catalina.core.ApplicationContext log
INFO: Manager: list: Listing contexts for virtual host 'localhost'
Aug 19, 2018 3:15:20 PM org.apache.catalina.core.ApplicationContext log
INFO: Manager: restart: Reloading web application '/Server'
Aug 19, 2018 3:15:38 PM org.apache.catalina.core.ApplicationContext log
INFO: Manager: list: Listing contexts for virtual host 'localhost'
Aug 19, 2018 3:15:38 PM org.apache.catalina.core.ApplicationContext log
INFO: Manager: restart: Reloading web application '/Service'
Aug 19, 2018 3:15:42 PM org.apache.catalina.core.ApplicationContext log
INFO: Manager: list: Listing contexts for virtual host 'localhost'
Aug 19, 2018 3:15:42 PM org.apache.catalina.core.ApplicationContext log
INFO: Manager: list: Listing contexts for virtual host 'localhost'
Aug 19, 2018 3:15:42 PM org.apache.catalina.core.ApplicationContext log
INFO: Manager: restart: Reloading web application '/Service'
Aug 19, 2018 3:17:30 PM org.apache.catalina.core.ApplicationContext log
INFO: Manager: list: Listing contexts for virtual host 'localhost'
Aug 19, 2018 3:17:30 PM org.apache.catalina.core.ApplicationContext log
INFO: Manager: list: Listing contexts for virtual host 'localhost'
Aug 19, 2018 3:17:56 PM org.apache.catalina.core.ApplicationContext log
INFO: Manager: list: Listing contexts for virtual host 'localhost'
Aug 19, 2018 3:17:56 PM org.apache.catalina.core.ApplicationContext log
INFO: Manager: list: Listing contexts for virtual host 'localhost'
Aug 19, 2018 3:22:09 PM org.apache.catalina.core.ApplicationContext log
INFO: Manager: list: Listing contexts for virtual host 'localhost'
Aug 19, 2018 3:22:09 PM org.apache.catalina.core.ApplicationContext log
INFO: Manager: list: Listing contexts for virtual host 'localhost'
Aug 19, 2018 3:22:51 PM org.apache.catalina.core.ApplicationContext log
INFO: Manager: list: Listing contexts for virtual host 'localhost'
Aug 19, 2018 3:22:51 PM org.apache.catalina.core.ApplicationContext log
INFO: Manager: list: Listing contexts for virtual host 'localhost'
Aug 19, 2018 3:23:08 PM org.apache.catalina.core.ApplicationContext log
INFO: Manager: list: Listing contexts for virtual host 'localhost'
Aug 19, 2018 3:23:08 PM org.apache.catalina.core.ApplicationContext log
INFO: Manager: list: Listing contexts for virtual host 'localhost'
Aug 19, 2018 3:23:15 PM org.apache.catalina.core.ApplicationContext log
INFO: Manager: list: Listing contexts for virtual host 'localhost'
Aug 19, 2018 3:23:15 PM org.apache.catalina.core.ApplicationContext log
INFO: Manager: list: Listing contexts for virtual host 'localhost'
Aug 19, 2018 3:23:50 PM org.apache.catalina.core.ApplicationContext log
INFO: Manager: list: Listing contexts for virtual host 'localhost'
Aug 19, 2018 3:23:50 PM org.apache.catalina.core.ApplicationContext log
INFO: Manager: list: Listing contexts for virtual host 'localhost'
Aug 19, 2018 3:36:55 PM org.apache.catalina.core.ApplicationContext log
INFO: Manager: list: Listing contexts for virtual host 'localhost'
Aug 19, 2018 3:36:55 PM org.apache.catalina.core.ApplicationContext log
INFO: Manager: restart: Reloading web application '/Service'
Aug 19, 2018 3:37:34 PM org.apache.catalina.core.ApplicationContext log
INFO: Manager: list: Listing contexts for virtual host 'localhost'
Aug 19, 2018 3:37:34 PM org.apache.catalina.core.ApplicationContext log
INFO: Manager: list: Listing contexts for virtual host 'localhost'
Aug 19, 2018 3:37:34 PM org.apache.catalina.core.ApplicationContext log
INFO: Manager: restart: Reloading web application '/Service'
Aug 19, 2018 3:49:57 PM org.apache.catalina.core.ApplicationContext log
INFO: Manager: list: Listing contexts for virtual host 'localhost'
Aug 19, 2018 3:49:57 PM org.apache.catalina.core.ApplicationContext log
INFO: Manager: restart: Reloading web application '/Server'
Aug 19, 2018 4:00:12 PM org.apache.catalina.core.ApplicationContext log
INFO: Manager: list: Listing contexts for virtual host 'localhost'
Aug 19, 2018 4:00:12 PM org.apache.catalina.core.ApplicationContext log
INFO: Manager: restart: Reloading web application '/Server'
Aug 19, 2018 4:00:17 PM org.apache.catalina.core.ApplicationContext log
INFO: Manager: list: Listing contexts for virtual host 'localhost'
Aug 19, 2018 4:00:17 PM org.apache.catalina.core.ApplicationContext log
INFO: Manager: restart: Reloading web application '/Service'
Aug 19, 2018 4:03:30 PM org.apache.catalina.core.ApplicationContext log
INFO: Manager: list: Listing contexts for virtual host 'localhost'
Aug 19, 2018 4:03:30 PM org.apache.catalina.core.ApplicationContext log
INFO: Manager: restart: Reloading web application '/Service'
Aug 19, 2018 4:03:30 PM org.apache.catalina.core.ApplicationContext log
INFO: Manager: list: Listing contexts for virtual host 'localhost'
Aug 19, 2018 4:03:30 PM org.apache.catalina.core.ApplicationContext log
INFO: Manager: list: Listing contexts for virtual host 'localhost'
Aug 19, 2018 4:03:30 PM org.apache.catalina.core.ApplicationContext log
INFO: Manager: undeploy: Undeploying web application at '/Server'
Aug 19, 2018 4:03:31 PM org.apache.catalina.core.ApplicationContext log
INFO: Manager: install: Installing context configuration at 'file:/C:/Users/SCHALK~1/AppData/Local/Temp/context2975637654471129218.xml'
Aug 19, 2018 4:03:35 PM org.apache.catalina.core.ApplicationContext log
INFO: Manager: start: Starting web application '/Server'
Aug 19, 2018 9:27:53 PM org.apache.catalina.core.ApplicationContext log
INFO: Manager: init: Associated with Deployer 'Catalina:type=Deployer,host=localhost'
Aug 19, 2018 9:27:53 PM org.apache.catalina.core.ApplicationContext log
INFO: Manager: init: Global resources are available
Aug 19, 2018 9:27:53 PM org.apache.catalina.core.ApplicationContext log
INFO: Manager: list: Listing contexts for virtual host 'localhost'
Aug 19, 2018 9:27:53 PM org.apache.catalina.core.ApplicationContext log
INFO: Manager: list: Listing contexts for virtual host 'localhost'
Aug 19, 2018 9:27:53 PM org.apache.catalina.core.ApplicationContext log
INFO: Manager: undeploy: Undeploying web application at '/Server'
Aug 19, 2018 9:27:54 PM org.apache.catalina.core.ApplicationContext log
INFO: Manager: install: Installing context configuration at 'file:/C:/Users/SCHALK~1/AppData/Local/Temp/context7729571234868789878.xml'
Aug 19, 2018 9:27:57 PM org.apache.catalina.core.ApplicationContext log
INFO: Manager: start: Starting web application '/Server'
Aug 19, 2018 9:28:59 PM org.apache.catalina.core.ApplicationContext log
INFO: Manager: list: Listing contexts for virtual host 'localhost'
Aug 19, 2018 9:28:59 PM org.apache.catalina.core.ApplicationContext log
INFO: Manager: list: Listing contexts for virtual host 'localhost'
Aug 19, 2018 9:29:01 PM org.apache.catalina.core.ApplicationContext log
INFO: Manager: list: Listing contexts for virtual host 'localhost'
Aug 19, 2018 9:29:01 PM org.apache.catalina.core.ApplicationContext log
INFO: Manager: restart: Reloading web application '/Service'
Aug 19, 2018 9:29:02 PM org.apache.catalina.core.ApplicationContext log
INFO: Manager: list: Listing contexts for virtual host 'localhost'
Aug 19, 2018 9:29:02 PM org.apache.catalina.core.ApplicationContext log
INFO: Manager: restart: Reloading web application '/Service'
Aug 19, 2018 9:40:52 PM org.apache.catalina.core.ApplicationContext log
INFO: Manager: list: Listing contexts for virtual host 'localhost'
Aug 19, 2018 9:40:52 PM org.apache.catalina.core.ApplicationContext log
INFO: Manager: restart: Reloading web application '/Service'
Aug 19, 2018 9:40:58 PM org.apache.catalina.core.ApplicationContext log
INFO: Manager: list: Listing contexts for virtual host 'localhost'
Aug 19, 2018 9:40:58 PM org.apache.catalina.core.ApplicationContext log
INFO: Manager: list: Listing contexts for virtual host 'localhost'
Aug 19, 2018 9:40:58 PM org.apache.catalina.core.ApplicationContext log
INFO: Manager: restart: Reloading web application '/Service'
Aug 19, 2018 9:45:22 PM org.apache.catalina.core.ApplicationContext log
INFO: Manager: list: Listing contexts for virtual host 'localhost'
Aug 19, 2018 9:45:22 PM org.apache.catalina.core.ApplicationContext log
INFO: Manager: restart: Reloading web application '/Server'
Aug 19, 2018 9:45:31 PM org.apache.catalina.core.ApplicationContext log
INFO: Manager: list: Listing contexts for virtual host 'localhost'
Aug 19, 2018 9:45:31 PM org.apache.catalina.core.ApplicationContext log
INFO: Manager: restart: Reloading web application '/Server'
Aug 19, 2018 9:46:49 PM org.apache.catalina.core.ApplicationContext log
INFO: Manager: list: Listing contexts for virtual host 'localhost'
Aug 19, 2018 9:46:49 PM org.apache.catalina.core.ApplicationContext log
INFO: Manager: restart: Reloading web application '/Server'
Aug 19, 2018 9:46:54 PM org.apache.catalina.core.ApplicationContext log
INFO: Manager: list: Listing contexts for virtual host 'localhost'
Aug 19, 2018 9:46:54 PM org.apache.catalina.core.ApplicationContext log
INFO: Manager: list: Listing contexts for virtual host 'localhost'
Aug 19, 2018 9:46:54 PM org.apache.catalina.core.ApplicationContext log
INFO: Manager: restart: Reloading web application '/Service'
Aug 19, 2018 9:47:57 PM org.apache.catalina.core.ApplicationContext log
INFO: Manager: list: Listing contexts for virtual host 'localhost'
Aug 19, 2018 9:47:59 PM org.apache.catalina.core.ApplicationContext log
INFO: Manager: list: Listing contexts for virtual host 'localhost'
Aug 19, 2018 9:48:00 PM org.apache.catalina.core.ApplicationContext log
INFO: Manager: list: Listing contexts for virtual host 'localhost'
Aug 19, 2018 9:48:00 PM org.apache.catalina.core.ApplicationContext log
INFO: Manager: restart: Reloading web application '/Service'
Aug 19, 2018 9:48:11 PM org.apache.catalina.core.ApplicationContext log
INFO: Manager: list: Listing contexts for virtual host 'localhost'
Aug 19, 2018 9:48:11 PM org.apache.catalina.core.ApplicationContext log
INFO: Manager: list: Listing contexts for virtual host 'localhost'
Aug 19, 2018 9:48:11 PM org.apache.catalina.core.ApplicationContext log
INFO: Manager: undeploy: Undeploying web application at '/Server'
Aug 19, 2018 9:48:12 PM org.apache.catalina.core.ApplicationContext log
INFO: Manager: install: Installing context configuration at 'file:/C:/Users/SCHALK~1/AppData/Local/Temp/context43429514397120127.xml'
Aug 19, 2018 9:48:16 PM org.apache.catalina.core.ApplicationContext log
INFO: Manager: start: Starting web application '/Server'
Aug 19, 2018 9:48:34 PM org.apache.catalina.core.ApplicationContext log
INFO: Manager: list: Listing contexts for virtual host 'localhost'
Aug 19, 2018 9:48:34 PM org.apache.catalina.core.ApplicationContext log
INFO: Manager: list: Listing contexts for virtual host 'localhost'
Aug 19, 2018 9:48:34 PM org.apache.catalina.core.ApplicationContext log
INFO: Manager: restart: Reloading web application '/Service'
Aug 19, 2018 9:54:16 PM org.apache.catalina.core.ApplicationContext log
INFO: Manager: list: Listing contexts for virtual host 'localhost'
Aug 19, 2018 9:54:16 PM org.apache.catalina.core.ApplicationContext log
INFO: Manager: list: Listing contexts for virtual host 'localhost'
Aug 19, 2018 9:54:16 PM org.apache.catalina.core.ApplicationContext log
INFO: Manager: restart: Reloading web application '/Service'
Aug 19, 2018 9:54:59 PM org.apache.catalina.core.ApplicationContext log
INFO: Manager: list: Listing contexts for virtual host 'localhost'
Aug 19, 2018 9:54:59 PM org.apache.catalina.core.ApplicationContext log
INFO: Manager: list: Listing contexts for virtual host 'localhost'
Aug 19, 2018 9:54:59 PM org.apache.catalina.core.ApplicationContext log
INFO: Manager: restart: Reloading web application '/Service'
Aug 19, 2018 9:56:22 PM org.apache.catalina.core.ApplicationContext log
INFO: Manager: list: Listing contexts for virtual host 'localhost'
Aug 19, 2018 9:56:22 PM org.apache.catalina.core.ApplicationContext log
INFO: Manager: list: Listing contexts for virtual host 'localhost'
Aug 19, 2018 9:56:22 PM org.apache.catalina.core.ApplicationContext log
INFO: Manager: restart: Reloading web application '/Service'
Aug 19, 2018 9:57:00 PM org.apache.catalina.core.ApplicationContext log
INFO: Manager: list: Listing contexts for virtual host 'localhost'
Aug 19, 2018 9:57:00 PM org.apache.catalina.core.ApplicationContext log
INFO: Manager: list: Listing contexts for virtual host 'localhost'
Aug 19, 2018 9:57:00 PM org.apache.catalina.core.ApplicationContext log
INFO: Manager: restart: Reloading web application '/Service'
Aug 19, 2018 10:01:37 PM org.apache.catalina.core.ApplicationContext log
INFO: Manager: list: Listing contexts for virtual host 'localhost'
Aug 19, 2018 10:01:37 PM org.apache.catalina.core.ApplicationContext log
INFO: Manager: list: Listing contexts for virtual host 'localhost'
Aug 19, 2018 10:01:37 PM org.apache.catalina.core.ApplicationContext log
INFO: Manager: restart: Reloading web application '/Service'
Aug 19, 2018 10:04:01 PM org.apache.catalina.core.ApplicationContext log
INFO: Manager: list: Listing contexts for virtual host 'localhost'
Aug 19, 2018 10:04:01 PM org.apache.catalina.core.ApplicationContext log
INFO: Manager: list: Listing contexts for virtual host 'localhost'
Aug 19, 2018 10:04:01 PM org.apache.catalina.core.ApplicationContext log
INFO: Manager: restart: Reloading web application '/Service'
Aug 19, 2018 10:05:39 PM org.apache.catalina.core.ApplicationContext log
INFO: Manager: list: Listing contexts for virtual host 'localhost'
Aug 19, 2018 10:05:39 PM org.apache.catalina.core.ApplicationContext log
INFO: Manager: restart: Reloading web application '/Service'
Aug 19, 2018 10:07:30 PM org.apache.catalina.core.ApplicationContext log
INFO: Manager: list: Listing contexts for virtual host 'localhost'
Aug 19, 2018 10:07:30 PM org.apache.catalina.core.ApplicationContext log
INFO: Manager: restart: Reloading web application '/Service'
Aug 19, 2018 10:08:08 PM org.apache.catalina.core.ApplicationContext log
INFO: Manager: list: Listing contexts for virtual host 'localhost'
Aug 19, 2018 10:08:08 PM org.apache.catalina.core.ApplicationContext log
INFO: Manager: restart: Reloading web application '/Service'
Aug 19, 2018 10:08:45 PM org.apache.catalina.core.ApplicationContext log
INFO: Manager: list: Listing contexts for virtual host 'localhost'
Aug 19, 2018 10:08:45 PM org.apache.catalina.core.ApplicationContext log
INFO: Manager: restart: Reloading web application '/Service'
Aug 19, 2018 10:10:38 PM org.apache.catalina.core.ApplicationContext log
INFO: Manager: list: Listing contexts for virtual host 'localhost'
Aug 19, 2018 10:18:06 PM org.apache.catalina.core.ApplicationContext log
INFO: Manager: list: Listing contexts for virtual host 'localhost'
Aug 19, 2018 10:18:06 PM org.apache.catalina.core.ApplicationContext log
INFO: Manager: list: Listing contexts for virtual host 'localhost'
Aug 19, 2018 10:18:06 PM org.apache.catalina.core.ApplicationContext log
INFO: Manager: restart: Reloading web application '/Service'
Aug 19, 2018 10:19:13 PM org.apache.catalina.core.ApplicationContext log
INFO: Manager: list: Listing contexts for virtual host 'localhost'
Aug 19, 2018 10:19:13 PM org.apache.catalina.core.ApplicationContext log
INFO: Manager: list: Listing contexts for virtual host 'localhost'
Aug 19, 2018 10:21:02 PM org.apache.catalina.core.ApplicationContext log
INFO: Manager: list: Listing contexts for virtual host 'localhost'
Aug 19, 2018 10:21:02 PM org.apache.catalina.core.ApplicationContext log
INFO: Manager: list: Listing contexts for virtual host 'localhost'
Aug 19, 2018 10:21:25 PM org.apache.catalina.core.ApplicationContext log
INFO: Manager: list: Listing contexts for virtual host 'localhost'
Aug 19, 2018 10:21:25 PM org.apache.catalina.core.ApplicationContext log
INFO: Manager: list: Listing contexts for virtual host 'localhost'
Aug 19, 2018 10:22:14 PM org.apache.catalina.core.ApplicationContext log
INFO: Manager: list: Listing contexts for virtual host 'localhost'
Aug 19, 2018 10:22:14 PM org.apache.catalina.core.ApplicationContext log
INFO: Manager: list: Listing contexts for virtual host 'localhost'
Aug 19, 2018 10:22:26 PM org.apache.catalina.core.ApplicationContext log
INFO: Manager: list: Listing contexts for virtual host 'localhost'
Aug 19, 2018 10:22:26 PM org.apache.catalina.core.ApplicationContext log
INFO: Manager: list: Listing contexts for virtual host 'localhost'
Aug 19, 2018 10:22:33 PM org.apache.catalina.core.ApplicationContext log
INFO: Manager: list: Listing contexts for virtual host 'localhost'
Aug 19, 2018 10:22:33 PM org.apache.catalina.core.ApplicationContext log
INFO: Manager: list: Listing contexts for virtual host 'localhost'
Aug 19, 2018 10:25:06 PM org.apache.catalina.core.ApplicationContext log
INFO: Manager: list: Listing contexts for virtual host 'localhost'
Aug 19, 2018 10:25:06 PM org.apache.catalina.core.ApplicationContext log
INFO: Manager: list: Listing contexts for virtual host 'localhost'
Aug 19, 2018 10:25:06 PM org.apache.catalina.core.ApplicationContext log
INFO: Manager: restart: Reloading web application '/Service'
Aug 19, 2018 10:27:22 PM org.apache.catalina.core.ApplicationContext log
INFO: Manager: list: Listing contexts for virtual host 'localhost'
Aug 19, 2018 10:27:22 PM org.apache.catalina.core.ApplicationContext log
INFO: Manager: list: Listing contexts for virtual host 'localhost'
Aug 19, 2018 10:27:22 PM org.apache.catalina.core.ApplicationContext log
INFO: Manager: restart: Reloading web application '/Service'
Aug 19, 2018 10:37:12 PM org.apache.catalina.core.ApplicationContext log
INFO: Manager: list: Listing contexts for virtual host 'localhost'
Aug 19, 2018 10:37:12 PM org.apache.catalina.core.ApplicationContext log
INFO: Manager: list: Listing contexts for virtual host 'localhost'
Aug 19, 2018 11:26:22 PM org.apache.catalina.core.ApplicationContext log
INFO: Manager: list: Listing contexts for virtual host 'localhost'
Aug 19, 2018 11:26:22 PM org.apache.catalina.core.ApplicationContext log
INFO: Manager: list: Listing contexts for virtual host 'localhost'
Aug 19, 2018 11:26:22 PM org.apache.catalina.core.ApplicationContext log
INFO: Manager: restart: Reloading web application '/Service'
Aug 19, 2018 11:27:48 PM org.apache.catalina.core.ApplicationContext log
INFO: Manager: list: Listing contexts for virtual host 'localhost'
Aug 19, 2018 11:27:48 PM org.apache.catalina.core.ApplicationContext log
INFO: Manager: list: Listing contexts for virtual host 'localhost'
Aug 19, 2018 11:28:36 PM org.apache.catalina.core.ApplicationContext log
INFO: Manager: list: Listing contexts for virtual host 'localhost'
