Aug 15, 2018 9:55:55 PM org.apache.catalina.core.ApplicationContext log
INFO: Manager: init: Associated with Deployer 'Catalina:type=Deployer,host=localhost'
Aug 15, 2018 9:55:55 PM org.apache.catalina.core.ApplicationContext log
INFO: Manager: init: Global resources are available
Aug 15, 2018 9:55:55 PM org.apache.catalina.core.ApplicationContext log
INFO: Manager: list: Listing contexts for virtual host 'localhost'
Aug 15, 2018 9:55:55 PM org.apache.catalina.core.ApplicationContext log
INFO: Manager: list: Listing contexts for virtual host 'localhost'
Aug 15, 2018 9:55:55 PM org.apache.catalina.core.ApplicationContext log
INFO: Manager: restart: Reloading web application '/Service'
Aug 15, 2018 9:58:31 PM org.apache.catalina.core.ApplicationContext log
INFO: Manager: list: Listing contexts for virtual host 'localhost'
Aug 15, 2018 9:58:31 PM org.apache.catalina.core.ApplicationContext log
INFO: Manager: list: Listing contexts for virtual host 'localhost'
Aug 15, 2018 10:01:27 PM org.apache.catalina.core.ApplicationContext log
INFO: Manager: list: Listing contexts for virtual host 'localhost'
Aug 15, 2018 10:01:27 PM org.apache.catalina.core.ApplicationContext log
INFO: Manager: restart: Reloading web application '/Service'
Aug 15, 2018 10:04:27 PM org.apache.catalina.core.ApplicationContext log
INFO: Manager: list: Listing contexts for virtual host 'localhost'
Aug 15, 2018 10:04:27 PM org.apache.catalina.core.ApplicationContext log
INFO: Manager: list: Listing contexts for virtual host 'localhost'
Aug 15, 2018 10:04:27 PM org.apache.catalina.core.ApplicationContext log
INFO: Manager: restart: Reloading web application '/Service'
Aug 15, 2018 10:10:45 PM org.apache.catalina.core.ApplicationContext log
INFO: Manager: list: Listing contexts for virtual host 'localhost'
Aug 15, 2018 10:10:45 PM org.apache.catalina.core.ApplicationContext log
INFO: Manager: list: Listing contexts for virtual host 'localhost'
Aug 15, 2018 10:13:58 PM org.apache.catalina.core.ApplicationContext log
INFO: Manager: list: Listing contexts for virtual host 'localhost'
Aug 15, 2018 10:13:58 PM org.apache.catalina.core.ApplicationContext log
INFO: Manager: restart: Reloading web application '/Service'
Aug 15, 2018 10:13:59 PM org.apache.catalina.core.ApplicationContext log
INFO: Manager: list: Listing contexts for virtual host 'localhost'
Aug 15, 2018 10:13:59 PM org.apache.catalina.core.ApplicationContext log
INFO: Manager: restart: Reloading web application '/Service'
Aug 15, 2018 10:15:12 PM org.apache.catalina.core.ApplicationContext log
INFO: Manager: list: Listing contexts for virtual host 'localhost'
Aug 15, 2018 10:15:12 PM org.apache.catalina.core.ApplicationContext log
INFO: Manager: list: Listing contexts for virtual host 'localhost'
Aug 15, 2018 10:15:12 PM org.apache.catalina.core.ApplicationContext log
INFO: Manager: restart: Reloading web application '/Service'
Aug 15, 2018 10:19:18 PM org.apache.catalina.core.ApplicationContext log
INFO: Manager: list: Listing contexts for virtual host 'localhost'
Aug 15, 2018 10:19:18 PM org.apache.catalina.core.ApplicationContext log
INFO: Manager: restart: Reloading web application '/Service'
Aug 15, 2018 10:20:12 PM org.apache.catalina.core.ApplicationContext log
INFO: Manager: list: Listing contexts for virtual host 'localhost'
Aug 15, 2018 10:20:12 PM org.apache.catalina.core.ApplicationContext log
INFO: Manager: restart: Reloading web application '/Service'
Aug 15, 2018 10:21:43 PM org.apache.catalina.core.ApplicationContext log
INFO: Manager: list: Listing contexts for virtual host 'localhost'
Aug 15, 2018 10:21:43 PM org.apache.catalina.core.ApplicationContext log
INFO: Manager: restart: Reloading web application '/Service'
Aug 15, 2018 10:21:44 PM org.apache.catalina.core.ApplicationContext log
INFO: Manager: list: Listing contexts for virtual host 'localhost'
Aug 15, 2018 10:21:44 PM org.apache.catalina.core.ApplicationContext log
INFO: Manager: restart: Reloading web application '/Service'
Aug 15, 2018 10:21:52 PM org.apache.catalina.core.ApplicationContext log
INFO: Manager: list: Listing contexts for virtual host 'localhost'
Aug 15, 2018 10:21:57 PM org.apache.catalina.core.ApplicationContext log
INFO: Manager: list: Listing contexts for virtual host 'localhost'
Aug 15, 2018 10:22:18 PM org.apache.catalina.core.ApplicationContext log
INFO: Manager: list: Listing contexts for virtual host 'localhost'
Aug 15, 2018 10:22:18 PM org.apache.catalina.core.ApplicationContext log
INFO: Manager: restart: Reloading web application '/Service'
Aug 15, 2018 10:25:24 PM org.apache.catalina.core.ApplicationContext log
INFO: Manager: list: Listing contexts for virtual host 'localhost'
Aug 15, 2018 10:25:24 PM org.apache.catalina.core.ApplicationContext log
INFO: Manager: list: Listing contexts for virtual host 'localhost'
Aug 15, 2018 10:25:24 PM org.apache.catalina.core.ApplicationContext log
INFO: Manager: restart: Reloading web application '/Service'
Aug 15, 2018 10:35:00 PM org.apache.catalina.core.ApplicationContext log
INFO: Manager: list: Listing contexts for virtual host 'localhost'
Aug 15, 2018 10:35:00 PM org.apache.catalina.core.ApplicationContext log
INFO: Manager: restart: Reloading web application '/Service'
Aug 15, 2018 10:38:23 PM org.apache.catalina.core.ApplicationContext log
INFO: Manager: list: Listing contexts for virtual host 'localhost'
Aug 15, 2018 10:38:23 PM org.apache.catalina.core.ApplicationContext log
INFO: Manager: list: Listing contexts for virtual host 'localhost'
Aug 15, 2018 10:38:23 PM org.apache.catalina.core.ApplicationContext log
INFO: Manager: restart: Reloading web application '/Service'
Aug 15, 2018 10:39:26 PM org.apache.catalina.core.ApplicationContext log
INFO: Manager: list: Listing contexts for virtual host 'localhost'
Aug 15, 2018 10:39:26 PM org.apache.catalina.core.ApplicationContext log
INFO: Manager: restart: Reloading web application '/Service'
Aug 15, 2018 10:39:44 PM org.apache.catalina.core.ApplicationContext log
INFO: Manager: list: Listing contexts for virtual host 'localhost'
Aug 15, 2018 10:39:44 PM org.apache.catalina.core.ApplicationContext log
INFO: Manager: list: Listing contexts for virtual host 'localhost'
Aug 15, 2018 10:39:44 PM org.apache.catalina.core.ApplicationContext log
INFO: Manager: restart: Reloading web application '/Service'
Aug 15, 2018 10:41:29 PM org.apache.catalina.core.ApplicationContext log
INFO: Manager: list: Listing contexts for virtual host 'localhost'
Aug 15, 2018 10:41:29 PM org.apache.catalina.core.ApplicationContext log
INFO: Manager: list: Listing contexts for virtual host 'localhost'
Aug 15, 2018 10:46:15 PM org.apache.catalina.core.ApplicationContext log
INFO: Manager: list: Listing contexts for virtual host 'localhost'
Aug 15, 2018 10:46:15 PM org.apache.catalina.core.ApplicationContext log
INFO: Manager: restart: Reloading web application '/Server'
Aug 15, 2018 10:46:26 PM org.apache.catalina.core.ApplicationContext log
INFO: Manager: list: Listing contexts for virtual host 'localhost'
Aug 15, 2018 10:46:26 PM org.apache.catalina.core.ApplicationContext log
INFO: Manager: list: Listing contexts for virtual host 'localhost'
Aug 15, 2018 10:46:55 PM org.apache.catalina.core.ApplicationContext log
INFO: Manager: list: Listing contexts for virtual host 'localhost'
Aug 15, 2018 10:46:56 PM org.apache.catalina.core.ApplicationContext log
INFO: Manager: list: Listing contexts for virtual host 'localhost'
Aug 15, 2018 10:46:56 PM org.apache.catalina.core.ApplicationContext log
INFO: Manager: undeploy: Undeploying web application at '/Server'
Aug 15, 2018 10:46:56 PM org.apache.catalina.core.ApplicationContext log
INFO: Manager: install: Installing context configuration at 'file:/C:/Users/SCHALK~1/AppData/Local/Temp/context1580907695840148084.xml'
Aug 15, 2018 10:47:01 PM org.apache.catalina.core.ApplicationContext log
INFO: Manager: start: Starting web application '/Server'
Aug 15, 2018 10:47:12 PM org.apache.catalina.core.ApplicationContext log
INFO: Manager: list: Listing contexts for virtual host 'localhost'
Aug 15, 2018 10:47:12 PM org.apache.catalina.core.ApplicationContext log
INFO: Manager: list: Listing contexts for virtual host 'localhost'
Aug 15, 2018 10:51:26 PM org.apache.catalina.core.ApplicationContext log
INFO: Manager: init: Associated with Deployer 'Catalina:type=Deployer,host=localhost'
Aug 15, 2018 10:51:26 PM org.apache.catalina.core.ApplicationContext log
INFO: Manager: init: Global resources are available
Aug 15, 2018 10:51:26 PM org.apache.catalina.core.ApplicationContext log
INFO: Manager: list: Listing contexts for virtual host 'localhost'
Aug 15, 2018 10:51:26 PM org.apache.catalina.core.ApplicationContext log
INFO: Manager: list: Listing contexts for virtual host 'localhost'
Aug 15, 2018 10:51:26 PM org.apache.catalina.core.ApplicationContext log
INFO: Manager: undeploy: Undeploying web application at '/Server'
Aug 15, 2018 10:51:27 PM org.apache.catalina.core.ApplicationContext log
INFO: Manager: install: Installing context configuration at 'file:/C:/Users/SCHALK~1/AppData/Local/Temp/context7963581514219141498.xml'
Aug 15, 2018 10:51:31 PM org.apache.catalina.core.ApplicationContext log
INFO: Manager: start: Starting web application '/Server'
Aug 15, 2018 10:51:37 PM org.apache.catalina.core.ApplicationContext log
INFO: Manager: list: Listing contexts for virtual host 'localhost'
Aug 15, 2018 10:51:37 PM org.apache.catalina.core.ApplicationContext log
INFO: Manager: list: Listing contexts for virtual host 'localhost'
Aug 15, 2018 10:52:41 PM org.apache.catalina.core.ApplicationContext log
INFO: Manager: list: Listing contexts for virtual host 'localhost'
Aug 15, 2018 10:52:41 PM org.apache.catalina.core.ApplicationContext log
INFO: Manager: list: Listing contexts for virtual host 'localhost'
Aug 15, 2018 10:53:40 PM org.apache.catalina.core.ApplicationContext log
INFO: Manager: list: Listing contexts for virtual host 'localhost'
Aug 15, 2018 10:53:40 PM org.apache.catalina.core.ApplicationContext log
INFO: Manager: list: Listing contexts for virtual host 'localhost'
Aug 15, 2018 10:53:40 PM org.apache.catalina.core.ApplicationContext log
INFO: Manager: restart: Reloading web application '/Service'
Aug 15, 2018 10:56:38 PM org.apache.catalina.core.ApplicationContext log
INFO: Manager: list: Listing contexts for virtual host 'localhost'
Aug 15, 2018 10:56:38 PM org.apache.catalina.core.ApplicationContext log
INFO: Manager: restart: Reloading web application '/Server'
Aug 15, 2018 10:56:41 PM org.apache.catalina.core.ApplicationContext log
INFO: Manager: list: Listing contexts for virtual host 'localhost'
Aug 15, 2018 10:56:41 PM org.apache.catalina.core.ApplicationContext log
INFO: Manager: list: Listing contexts for virtual host 'localhost'
Aug 15, 2018 10:56:42 PM org.apache.catalina.core.ApplicationContext log
INFO: Manager: undeploy: Undeploying web application at '/Server'
Aug 15, 2018 10:56:42 PM org.apache.catalina.core.ApplicationContext log
INFO: Manager: list: Listing contexts for virtual host 'localhost'
Aug 15, 2018 10:56:43 PM org.apache.catalina.core.ApplicationContext log
INFO: Manager: restart: Reloading web application '/Service'
Aug 15, 2018 10:56:43 PM org.apache.catalina.core.ApplicationContext log
INFO: Manager: install: Installing context configuration at 'file:/C:/Users/SCHALK~1/AppData/Local/Temp/context8562773606242143612.xml'
Aug 15, 2018 10:56:47 PM org.apache.catalina.core.ApplicationContext log
INFO: Manager: start: Starting web application '/Server'
Aug 15, 2018 10:56:54 PM org.apache.catalina.core.ApplicationContext log
INFO: Manager: list: Listing contexts for virtual host 'localhost'
Aug 15, 2018 10:56:54 PM org.apache.catalina.core.ApplicationContext log
INFO: Manager: list: Listing contexts for virtual host 'localhost'
Aug 15, 2018 10:56:54 PM org.apache.catalina.core.ApplicationContext log
INFO: Manager: restart: Reloading web application '/Service'
Aug 15, 2018 10:59:04 PM org.apache.catalina.core.ApplicationContext log
INFO: Manager: list: Listing contexts for virtual host 'localhost'
Aug 15, 2018 10:59:04 PM org.apache.catalina.core.ApplicationContext log
INFO: Manager: list: Listing contexts for virtual host 'localhost'
Aug 15, 2018 10:59:04 PM org.apache.catalina.core.ApplicationContext log
INFO: Manager: undeploy: Undeploying web application at '/Server'
Aug 15, 2018 10:59:05 PM org.apache.catalina.core.ApplicationContext log
INFO: Manager: install: Installing context configuration at 'file:/C:/Users/SCHALK~1/AppData/Local/Temp/context5679176049028139417.xml'
Aug 15, 2018 10:59:08 PM org.apache.catalina.core.ApplicationContext log
INFO: Manager: start: Starting web application '/Server'
Aug 15, 2018 10:59:28 PM org.apache.catalina.core.ApplicationContext log
INFO: Manager: list: Listing contexts for virtual host 'localhost'
Aug 15, 2018 10:59:28 PM org.apache.catalina.core.ApplicationContext log
INFO: Manager: list: Listing contexts for virtual host 'localhost'
Aug 15, 2018 10:59:28 PM org.apache.catalina.core.ApplicationContext log
INFO: Manager: undeploy: Undeploying web application at '/Server'
Aug 15, 2018 10:59:29 PM org.apache.catalina.core.ApplicationContext log
INFO: Manager: install: Installing context configuration at 'file:/C:/Users/SCHALK~1/AppData/Local/Temp/context3523155549817241019.xml'
Aug 15, 2018 10:59:33 PM org.apache.catalina.core.ApplicationContext log
INFO: Manager: start: Starting web application '/Server'
Aug 15, 2018 10:59:38 PM org.apache.catalina.core.ApplicationContext log
INFO: Manager: list: Listing contexts for virtual host 'localhost'
Aug 15, 2018 10:59:38 PM org.apache.catalina.core.ApplicationContext log
INFO: Manager: list: Listing contexts for virtual host 'localhost'
Aug 15, 2018 11:00:07 PM org.apache.catalina.core.ApplicationContext log
INFO: Manager: list: Listing contexts for virtual host 'localhost'
Aug 15, 2018 11:00:07 PM org.apache.catalina.core.ApplicationContext log
INFO: Manager: restart: Reloading web application '/Server'
Aug 15, 2018 11:00:10 PM org.apache.catalina.core.ApplicationContext log
INFO: Manager: list: Listing contexts for virtual host 'localhost'
Aug 15, 2018 11:00:10 PM org.apache.catalina.core.ApplicationContext log
INFO: Manager: list: Listing contexts for virtual host 'localhost'
Aug 15, 2018 11:00:11 PM org.apache.catalina.core.ApplicationContext log
INFO: Manager: undeploy: Undeploying web application at '/Server'
Aug 15, 2018 11:00:12 PM org.apache.catalina.core.ApplicationContext log
INFO: Manager: install: Installing context configuration at 'file:/C:/Users/SCHALK~1/AppData/Local/Temp/context3812086230115228417.xml'
Aug 15, 2018 11:00:15 PM org.apache.catalina.core.ApplicationContext log
INFO: Manager: start: Starting web application '/Server'
Aug 15, 2018 11:00:18 PM org.apache.catalina.core.ApplicationContext log
INFO: Manager: list: Listing contexts for virtual host 'localhost'
Aug 15, 2018 11:00:18 PM org.apache.catalina.core.ApplicationContext log
INFO: Manager: list: Listing contexts for virtual host 'localhost'
Aug 15, 2018 11:05:05 PM org.apache.catalina.core.ApplicationContext log
INFO: Manager: list: Listing contexts for virtual host 'localhost'
Aug 15, 2018 11:05:05 PM org.apache.catalina.core.ApplicationContext log
INFO: Manager: restart: Reloading web application '/Server'
Aug 15, 2018 11:05:08 PM org.apache.catalina.core.ApplicationContext log
INFO: Manager: list: Listing contexts for virtual host 'localhost'
Aug 15, 2018 11:05:08 PM org.apache.catalina.core.ApplicationContext log
INFO: Manager: list: Listing contexts for virtual host 'localhost'
Aug 15, 2018 11:05:09 PM org.apache.catalina.core.ApplicationContext log
INFO: Manager: undeploy: Undeploying web application at '/Server'
Aug 15, 2018 11:05:09 PM org.apache.catalina.core.ApplicationContext log
INFO: Manager: install: Installing context configuration at 'file:/C:/Users/SCHALK~1/AppData/Local/Temp/context3467068338820795936.xml'
Aug 15, 2018 11:05:13 PM org.apache.catalina.core.ApplicationContext log
INFO: Manager: start: Starting web application '/Server'
Aug 15, 2018 11:05:16 PM org.apache.catalina.core.ApplicationContext log
INFO: Manager: list: Listing contexts for virtual host 'localhost'
Aug 15, 2018 11:05:16 PM org.apache.catalina.core.ApplicationContext log
INFO: Manager: list: Listing contexts for virtual host 'localhost'
Aug 15, 2018 11:09:04 PM org.apache.catalina.core.ApplicationContext log
INFO: Manager: list: Listing contexts for virtual host 'localhost'
Aug 15, 2018 11:09:04 PM org.apache.catalina.core.ApplicationContext log
INFO: Manager: list: Listing contexts for virtual host 'localhost'
Aug 15, 2018 11:09:04 PM org.apache.catalina.core.ApplicationContext log
INFO: Manager: undeploy: Undeploying web application at '/Server'
Aug 15, 2018 11:09:04 PM org.apache.catalina.core.ApplicationContext log
INFO: Manager: install: Installing context configuration at 'file:/C:/Users/SCHALK~1/AppData/Local/Temp/context8479014549527517391.xml'
Aug 15, 2018 11:09:09 PM org.apache.catalina.core.ApplicationContext log
INFO: Manager: start: Starting web application '/Server'
Aug 15, 2018 11:09:18 PM org.apache.catalina.core.ApplicationContext log
INFO: Manager: list: Listing contexts for virtual host 'localhost'
Aug 15, 2018 11:09:18 PM org.apache.catalina.core.ApplicationContext log
INFO: Manager: list: Listing contexts for virtual host 'localhost'
