Jun 29, 2018 7:16:03 PM org.apache.catalina.core.ApplicationContext log
INFO: Manager: init: Associated with Deployer 'Catalina:type=Deployer,host=localhost'
Jun 29, 2018 7:16:03 PM org.apache.catalina.core.ApplicationContext log
INFO: Manager: init: Global resources are available
Jun 29, 2018 7:16:03 PM org.apache.catalina.core.ApplicationContext log
INFO: Manager: list: Listing contexts for virtual host 'localhost'
Jun 29, 2018 7:16:03 PM org.apache.catalina.core.ApplicationContext log
INFO: Manager: list: Listing contexts for virtual host 'localhost'
Jun 29, 2018 7:18:07 PM org.apache.catalina.core.ApplicationContext log
INFO: Manager: list: Listing contexts for virtual host 'localhost'
Jun 29, 2018 7:18:07 PM org.apache.catalina.core.ApplicationContext log
INFO: Manager: restart: Reloading web application '/Service'
Jun 29, 2018 7:18:20 PM org.apache.catalina.core.ApplicationContext log
INFO: Manager: list: Listing contexts for virtual host 'localhost'
Jun 29, 2018 7:18:20 PM org.apache.catalina.core.ApplicationContext log
INFO: Manager: list: Listing contexts for virtual host 'localhost'
Jun 29, 2018 7:18:20 PM org.apache.catalina.core.ApplicationContext log
INFO: Manager: restart: Reloading web application '/Service'
Jun 29, 2018 7:19:03 PM org.apache.catalina.core.ApplicationContext log
INFO: Manager: list: Listing contexts for virtual host 'localhost'
Jun 29, 2018 7:19:03 PM org.apache.catalina.core.ApplicationContext log
INFO: Manager: restart: Reloading web application '/Service'
Jun 29, 2018 7:27:51 PM org.apache.catalina.core.ApplicationContext log
INFO: Manager: list: Listing contexts for virtual host 'localhost'
Jun 29, 2018 7:27:51 PM org.apache.catalina.core.ApplicationContext log
INFO: Manager: restart: Reloading web application '/Service'
Jun 29, 2018 7:34:21 PM org.apache.catalina.core.ApplicationContext log
INFO: Manager: list: Listing contexts for virtual host 'localhost'
Jun 29, 2018 7:34:21 PM org.apache.catalina.core.ApplicationContext log
INFO: Manager: list: Listing contexts for virtual host 'localhost'
Jun 29, 2018 7:34:21 PM org.apache.catalina.core.ApplicationContext log
INFO: Manager: restart: Reloading web application '/Service'
Jun 29, 2018 7:35:01 PM org.apache.catalina.core.ApplicationContext log
INFO: Manager: list: Listing contexts for virtual host 'localhost'
Jun 29, 2018 7:35:01 PM org.apache.catalina.core.ApplicationContext log
INFO: Manager: list: Listing contexts for virtual host 'localhost'
Jun 29, 2018 7:35:01 PM org.apache.catalina.core.ApplicationContext log
INFO: Manager: restart: Reloading web application '/Service'
Jun 29, 2018 7:35:45 PM org.apache.catalina.core.ApplicationContext log
INFO: Manager: list: Listing contexts for virtual host 'localhost'
Jun 29, 2018 7:35:45 PM org.apache.catalina.core.ApplicationContext log
INFO: Manager: restart: Reloading web application '/Service'
Jun 29, 2018 7:36:00 PM org.apache.catalina.core.ApplicationContext log
INFO: Manager: list: Listing contexts for virtual host 'localhost'
Jun 29, 2018 7:36:00 PM org.apache.catalina.core.ApplicationContext log
INFO: Manager: restart: Reloading web application '/Service'
Jun 29, 2018 7:37:42 PM org.apache.catalina.core.ApplicationContext log
INFO: Manager: list: Listing contexts for virtual host 'localhost'
Jun 29, 2018 7:37:42 PM org.apache.catalina.core.ApplicationContext log
INFO: Manager: restart: Reloading web application '/Service'
Jun 29, 2018 7:38:34 PM org.apache.catalina.core.ApplicationContext log
INFO: Manager: list: Listing contexts for virtual host 'localhost'
Jun 29, 2018 7:38:34 PM org.apache.catalina.core.ApplicationContext log
INFO: Manager: restart: Reloading web application '/Service'
Jun 29, 2018 8:05:08 PM org.apache.catalina.core.ApplicationContext log
INFO: Manager: list: Listing contexts for virtual host 'localhost'
Jun 29, 2018 8:05:08 PM org.apache.catalina.core.ApplicationContext log
INFO: Manager: list: Listing contexts for virtual host 'localhost'
Jun 29, 2018 8:05:08 PM org.apache.catalina.core.ApplicationContext log
INFO: Manager: restart: Reloading web application '/Service'
Jun 29, 2018 8:05:30 PM org.apache.catalina.core.ApplicationContext log
INFO: Manager: list: Listing contexts for virtual host 'localhost'
Jun 29, 2018 8:05:30 PM org.apache.catalina.core.ApplicationContext log
INFO: Manager: list: Listing contexts for virtual host 'localhost'
Jun 29, 2018 8:10:25 PM org.apache.catalina.core.ApplicationContext log
INFO: Manager: list: Listing contexts for virtual host 'localhost'
Jun 29, 2018 8:10:25 PM org.apache.catalina.core.ApplicationContext log
INFO: Manager: list: Listing contexts for virtual host 'localhost'
Jun 29, 2018 8:28:00 PM org.apache.catalina.core.ApplicationContext log
INFO: Manager: list: Listing contexts for virtual host 'localhost'
Jun 29, 2018 8:32:41 PM org.apache.catalina.core.ApplicationContext log
INFO: Manager: list: Listing contexts for virtual host 'localhost'
Jun 29, 2018 8:32:41 PM org.apache.catalina.core.ApplicationContext log
INFO: Manager: list: Listing contexts for virtual host 'localhost'
Jun 29, 2018 8:32:41 PM org.apache.catalina.core.ApplicationContext log
INFO: Manager: restart: Reloading web application '/Service'
Jun 29, 2018 8:33:37 PM org.apache.catalina.core.ApplicationContext log
INFO: Manager: list: Listing contexts for virtual host 'localhost'
Jun 29, 2018 8:33:37 PM org.apache.catalina.core.ApplicationContext log
INFO: Manager: list: Listing contexts for virtual host 'localhost'
Jun 29, 2018 8:33:37 PM org.apache.catalina.core.ApplicationContext log
INFO: Manager: restart: Reloading web application '/Service'
Jun 29, 2018 8:37:28 PM org.apache.catalina.core.ApplicationContext log
INFO: Manager: list: Listing contexts for virtual host 'localhost'
Jun 29, 2018 8:37:28 PM org.apache.catalina.core.ApplicationContext log
INFO: Manager: list: Listing contexts for virtual host 'localhost'
Jun 29, 2018 8:37:43 PM org.apache.catalina.core.ApplicationContext log
INFO: Manager: list: Listing contexts for virtual host 'localhost'
Jun 29, 2018 8:37:43 PM org.apache.catalina.core.ApplicationContext log
INFO: Manager: list: Listing contexts for virtual host 'localhost'
Jun 29, 2018 8:38:16 PM org.apache.catalina.core.ApplicationContext log
INFO: Manager: list: Listing contexts for virtual host 'localhost'
Jun 29, 2018 8:38:16 PM org.apache.catalina.core.ApplicationContext log
INFO: Manager: list: Listing contexts for virtual host 'localhost'
Jun 29, 2018 8:38:40 PM org.apache.catalina.core.ApplicationContext log
INFO: Manager: list: Listing contexts for virtual host 'localhost'
Jun 29, 2018 8:38:40 PM org.apache.catalina.core.ApplicationContext log
INFO: Manager: list: Listing contexts for virtual host 'localhost'
Jun 29, 2018 8:38:51 PM org.apache.catalina.core.ApplicationContext log
INFO: Manager: list: Listing contexts for virtual host 'localhost'
Jun 29, 2018 8:38:51 PM org.apache.catalina.core.ApplicationContext log
INFO: Manager: list: Listing contexts for virtual host 'localhost'
Jun 29, 2018 8:41:36 PM org.apache.catalina.core.ApplicationContext log
INFO: Manager: list: Listing contexts for virtual host 'localhost'
Jun 29, 2018 8:42:18 PM org.apache.catalina.core.ApplicationContext log
INFO: Manager: list: Listing contexts for virtual host 'localhost'
Jun 29, 2018 8:42:18 PM org.apache.catalina.core.ApplicationContext log
INFO: Manager: list: Listing contexts for virtual host 'localhost'
Jun 29, 2018 8:42:42 PM org.apache.catalina.core.ApplicationContext log
INFO: Manager: list: Listing contexts for virtual host 'localhost'
