Jan 12, 2018 2:39:02 PM org.apache.catalina.core.ApplicationContext log
INFO: Manager: init: Associated with Deployer 'Catalina:type=Deployer,host=localhost'
Jan 12, 2018 2:39:02 PM org.apache.catalina.core.ApplicationContext log
INFO: Manager: init: Global resources are available
Jan 12, 2018 2:39:02 PM org.apache.catalina.core.ApplicationContext log
INFO: Manager: list: Listing contexts for virtual host 'localhost'
Jan 12, 2018 2:39:02 PM org.apache.catalina.core.ApplicationContext log
INFO: Manager: undeploy: Undeploying web application at '/HostWebService'
Jan 12, 2018 2:39:02 PM org.apache.catalina.core.ApplicationContext log
INFO: Manager: install: Installing context configuration at 'file:/C:/Users/CHRIST~1/AppData/Local/Temp/context6753719734967589816.xml'
Jan 12, 2018 2:39:09 PM org.apache.catalina.core.ApplicationContext log
INFO: Manager: start: Starting web application '/HostWebService'
Jan 12, 2018 2:39:14 PM org.apache.catalina.core.ApplicationContext log
INFO: Manager: list: Listing contexts for virtual host 'localhost'
Jan 12, 2018 2:39:14 PM org.apache.catalina.core.ApplicationContext log
INFO: Manager: undeploy: Undeploying web application at '/ClientWebService'
Jan 12, 2018 2:39:15 PM org.apache.catalina.core.ApplicationContext log
INFO: Manager: install: Installing context configuration at 'file:/C:/Users/CHRIST~1/AppData/Local/Temp/context4492060145386543723.xml'
Jan 12, 2018 2:39:15 PM org.apache.catalina.core.ApplicationContext log
INFO: Manager: start: Starting web application '/ClientWebService'
Jan 12, 2018 2:45:54 PM org.apache.catalina.core.ApplicationContext log
INFO: Manager: list: Listing contexts for virtual host 'localhost'
Jan 12, 2018 2:45:54 PM org.apache.catalina.core.ApplicationContext log
INFO: Manager: restart: Reloading web application '/ClientWebService'
Jan 12, 2018 2:46:10 PM org.apache.catalina.core.ApplicationContext log
INFO: Manager: list: Listing contexts for virtual host 'localhost'
Jan 12, 2018 2:46:10 PM org.apache.catalina.core.ApplicationContext log
INFO: Manager: list: Listing contexts for virtual host 'localhost'
Jan 12, 2018 2:46:10 PM org.apache.catalina.core.ApplicationContext log
INFO: Manager: undeploy: Undeploying web application at '/HostWebService'
Jan 12, 2018 2:46:18 PM org.apache.catalina.core.ApplicationContext log
INFO: Manager: install: Installing context configuration at 'file:/C:/Users/CHRIST~1/AppData/Local/Temp/context1516737754311179109.xml'
Jan 12, 2018 2:46:49 PM org.apache.catalina.core.ApplicationContext log
INFO: Manager: start: Starting web application '/HostWebService'
Jan 12, 2018 2:46:54 PM org.apache.catalina.core.ApplicationContext log
INFO: Manager: list: Listing contexts for virtual host 'localhost'
Jan 12, 2018 2:46:54 PM org.apache.catalina.core.ApplicationContext log
INFO: Manager: list: Listing contexts for virtual host 'localhost'
Jan 12, 2018 2:46:54 PM org.apache.catalina.core.ApplicationContext log
INFO: Manager: restart: Reloading web application '/ClientWebService'
Jan 12, 2018 2:47:19 PM org.apache.catalina.core.ApplicationContext log
INFO: Manager: list: Listing contexts for virtual host 'localhost'
Jan 12, 2018 2:47:19 PM org.apache.catalina.core.ApplicationContext log
INFO: Manager: restart: Reloading web application '/ClientWebService'
Jan 12, 2018 2:47:31 PM org.apache.catalina.core.ApplicationContext log
INFO: Manager: list: Listing contexts for virtual host 'localhost'
Jan 12, 2018 2:47:31 PM org.apache.catalina.core.ApplicationContext log
INFO: Manager: list: Listing contexts for virtual host 'localhost'
Jan 12, 2018 2:47:31 PM org.apache.catalina.core.ApplicationContext log
INFO: Manager: undeploy: Undeploying web application at '/HostWebService'
Jan 12, 2018 2:47:41 PM org.apache.catalina.core.ApplicationContext log
INFO: Manager: install: Installing context configuration at 'file:/C:/Users/CHRIST~1/AppData/Local/Temp/context2075641966189923541.xml'
Jan 12, 2018 2:48:06 PM org.apache.catalina.core.ApplicationContext log
INFO: Manager: start: Starting web application '/HostWebService'
Jan 12, 2018 2:49:26 PM org.apache.catalina.core.ApplicationContext log
INFO: Manager: list: Listing contexts for virtual host 'localhost'
Jan 12, 2018 2:49:26 PM org.apache.catalina.core.ApplicationContext log
INFO: Manager: list: Listing contexts for virtual host 'localhost'
Jan 12, 2018 2:49:26 PM org.apache.catalina.core.ApplicationContext log
INFO: Manager: undeploy: Undeploying web application at '/HostWebService'
Jan 12, 2018 2:49:36 PM org.apache.catalina.core.ApplicationContext log
INFO: Manager: install: Installing context configuration at 'file:/C:/Users/CHRIST~1/AppData/Local/Temp/context4457721455757570549.xml'
Jan 12, 2018 2:49:54 PM org.apache.catalina.core.ApplicationContext log
INFO: Manager: list: Listing contexts for virtual host 'localhost'
Jan 12, 2018 2:49:54 PM org.apache.catalina.core.ApplicationContext log
INFO: Manager: list: Listing contexts for virtual host 'localhost'
Jan 12, 2018 2:49:59 PM org.apache.catalina.core.ApplicationContext log
INFO: Manager: restart: Reloading web application '/ClientWebService'
Jan 12, 2018 2:50:00 PM org.apache.catalina.core.ApplicationContext log
INFO: Manager: start: Starting web application '/HostWebService'
Jan 12, 2018 2:51:55 PM org.apache.catalina.core.ApplicationContext log
INFO: Manager: list: Listing contexts for virtual host 'localhost'
Jan 12, 2018 2:51:55 PM org.apache.catalina.core.ApplicationContext log
INFO: Manager: restart: Reloading web application '/ClientWebService'
Jan 12, 2018 2:51:56 PM org.apache.catalina.core.ApplicationContext log
INFO: Manager: list: Listing contexts for virtual host 'localhost'
Jan 12, 2018 2:51:56 PM org.apache.catalina.core.ApplicationContext log
INFO: Manager: list: Listing contexts for virtual host 'localhost'
Jan 12, 2018 2:51:56 PM org.apache.catalina.core.ApplicationContext log
INFO: Manager: undeploy: Undeploying web application at '/HostWebService'
Jan 12, 2018 2:52:04 PM org.apache.catalina.core.ApplicationContext log
INFO: Manager: install: Installing context configuration at 'file:/C:/Users/CHRIST~1/AppData/Local/Temp/context5348426831178616947.xml'
Jan 12, 2018 2:52:08 PM org.apache.catalina.core.ApplicationContext log
INFO: Manager: list: Listing contexts for virtual host 'localhost'
Jan 12, 2018 2:52:08 PM org.apache.catalina.core.ApplicationContext log
INFO: Manager: list: Listing contexts for virtual host 'localhost'
Jan 12, 2018 2:52:28 PM org.apache.catalina.core.ApplicationContext log
INFO: Manager: restart: Reloading web application '/ClientWebService'
Jan 12, 2018 2:52:28 PM org.apache.catalina.core.ApplicationContext log
INFO: Manager: start: Starting web application '/HostWebService'
Jan 12, 2018 2:54:39 PM org.apache.catalina.core.ApplicationContext log
INFO: Manager: list: Listing contexts for virtual host 'localhost'
Jan 12, 2018 2:54:39 PM org.apache.catalina.core.ApplicationContext log
INFO: Manager: restart: Reloading web application '/ClientWebService'
Jan 12, 2018 2:54:53 PM org.apache.catalina.core.ApplicationContext log
INFO: Manager: list: Listing contexts for virtual host 'localhost'
Jan 12, 2018 2:54:53 PM org.apache.catalina.core.ApplicationContext log
INFO: Manager: list: Listing contexts for virtual host 'localhost'
Jan 12, 2018 2:54:53 PM org.apache.catalina.core.ApplicationContext log
INFO: Manager: undeploy: Undeploying web application at '/HostWebService'
Jan 12, 2018 2:55:01 PM org.apache.catalina.core.ApplicationContext log
INFO: Manager: install: Installing context configuration at 'file:/C:/Users/CHRIST~1/AppData/Local/Temp/context6456661162895566581.xml'
Jan 12, 2018 2:55:15 PM org.apache.catalina.core.ApplicationContext log
INFO: Manager: list: Listing contexts for virtual host 'localhost'
Jan 12, 2018 2:55:15 PM org.apache.catalina.core.ApplicationContext log
INFO: Manager: list: Listing contexts for virtual host 'localhost'
Jan 12, 2018 2:55:24 PM org.apache.catalina.core.ApplicationContext log
INFO: Manager: restart: Reloading web application '/ClientWebService'
Jan 12, 2018 2:55:25 PM org.apache.catalina.core.ApplicationContext log
INFO: Manager: start: Starting web application '/HostWebService'
Jan 12, 2018 2:56:48 PM org.apache.catalina.core.ApplicationContext log
INFO: Manager: list: Listing contexts for virtual host 'localhost'
Jan 12, 2018 2:56:48 PM org.apache.catalina.core.ApplicationContext log
INFO: Manager: list: Listing contexts for virtual host 'localhost'
Jan 12, 2018 2:57:44 PM org.apache.catalina.core.ApplicationContext log
INFO: Manager: list: Listing contexts for virtual host 'localhost'
Jan 12, 2018 2:57:58 PM org.apache.catalina.core.ApplicationContext log
INFO: Manager: list: Listing contexts for virtual host 'localhost'
Jan 12, 2018 3:02:21 PM org.apache.catalina.core.ApplicationContext log
INFO: Manager: list: Listing contexts for virtual host 'localhost'
Jan 12, 2018 3:02:21 PM org.apache.catalina.core.ApplicationContext log
INFO: Manager: restart: Reloading web application '/ClientWebService'
Jan 12, 2018 3:02:43 PM org.apache.catalina.core.ApplicationContext log
INFO: Manager: list: Listing contexts for virtual host 'localhost'
Jan 12, 2018 3:02:43 PM org.apache.catalina.core.ApplicationContext log
INFO: Manager: list: Listing contexts for virtual host 'localhost'
Jan 12, 2018 3:02:43 PM org.apache.catalina.core.ApplicationContext log
INFO: Manager: undeploy: Undeploying web application at '/HostWebService'
Jan 12, 2018 3:02:51 PM org.apache.catalina.core.ApplicationContext log
INFO: Manager: install: Installing context configuration at 'file:/C:/Users/CHRIST~1/AppData/Local/Temp/context7561737857650070833.xml'
Jan 12, 2018 3:03:12 PM org.apache.catalina.core.ApplicationContext log
INFO: Manager: list: Listing contexts for virtual host 'localhost'
Jan 12, 2018 3:03:12 PM org.apache.catalina.core.ApplicationContext log
INFO: Manager: list: Listing contexts for virtual host 'localhost'
Jan 12, 2018 3:03:15 PM org.apache.catalina.core.ApplicationContext log
INFO: Manager: restart: Reloading web application '/ClientWebService'
Jan 12, 2018 3:03:16 PM org.apache.catalina.core.ApplicationContext log
INFO: Manager: start: Starting web application '/HostWebService'
Jan 12, 2018 3:03:45 PM org.apache.catalina.core.ApplicationContext log
INFO: Manager: list: Listing contexts for virtual host 'localhost'
Jan 12, 2018 3:03:45 PM org.apache.catalina.core.ApplicationContext log
INFO: Manager: list: Listing contexts for virtual host 'localhost'
Jan 12, 2018 3:14:01 PM org.apache.catalina.core.ApplicationContext log
INFO: Manager: list: Listing contexts for virtual host 'localhost'
Jan 12, 2018 3:14:01 PM org.apache.catalina.core.ApplicationContext log
INFO: Manager: restart: Reloading web application '/ClientWebService'
Jan 12, 2018 3:14:21 PM org.apache.catalina.core.ApplicationContext log
INFO: Manager: list: Listing contexts for virtual host 'localhost'
Jan 12, 2018 3:14:21 PM org.apache.catalina.core.ApplicationContext log
INFO: Manager: list: Listing contexts for virtual host 'localhost'
Jan 12, 2018 3:14:21 PM org.apache.catalina.core.ApplicationContext log
INFO: Manager: undeploy: Undeploying web application at '/HostWebService'
Jan 12, 2018 3:14:30 PM org.apache.catalina.core.ApplicationContext log
INFO: Manager: install: Installing context configuration at 'file:/C:/Users/CHRIST~1/AppData/Local/Temp/context559437500062408349.xml'
Jan 12, 2018 3:14:33 PM org.apache.catalina.core.ApplicationContext log
INFO: Manager: list: Listing contexts for virtual host 'localhost'
Jan 12, 2018 3:14:33 PM org.apache.catalina.core.ApplicationContext log
INFO: Manager: list: Listing contexts for virtual host 'localhost'
Jan 12, 2018 3:14:53 PM org.apache.catalina.core.ApplicationContext log
INFO: Manager: restart: Reloading web application '/ClientWebService'
Jan 12, 2018 3:14:53 PM org.apache.catalina.core.ApplicationContext log
INFO: Manager: start: Starting web application '/HostWebService'
Jan 12, 2018 3:15:33 PM org.apache.catalina.core.ApplicationContext log
INFO: Manager: list: Listing contexts for virtual host 'localhost'
Jan 12, 2018 3:15:33 PM org.apache.catalina.core.ApplicationContext log
INFO: Manager: restart: Reloading web application '/ClientWebService'
Jan 12, 2018 3:15:48 PM org.apache.catalina.core.ApplicationContext log
INFO: Manager: list: Listing contexts for virtual host 'localhost'
Jan 12, 2018 3:15:48 PM org.apache.catalina.core.ApplicationContext log
INFO: Manager: list: Listing contexts for virtual host 'localhost'
Jan 12, 2018 3:15:48 PM org.apache.catalina.core.ApplicationContext log
INFO: Manager: undeploy: Undeploying web application at '/HostWebService'
Jan 12, 2018 3:15:56 PM org.apache.catalina.core.ApplicationContext log
INFO: Manager: list: Listing contexts for virtual host 'localhost'
Jan 12, 2018 3:15:56 PM org.apache.catalina.core.ApplicationContext log
INFO: Manager: list: Listing contexts for virtual host 'localhost'
Jan 12, 2018 3:15:57 PM org.apache.catalina.core.ApplicationContext log
INFO: Manager: restart: Reloading web application '/ClientWebService'
Jan 12, 2018 3:15:57 PM org.apache.catalina.core.ApplicationContext log
INFO: Manager: install: Installing context configuration at 'file:/C:/Users/CHRIST~1/AppData/Local/Temp/context2126148950984943714.xml'
Jan 12, 2018 3:16:22 PM org.apache.catalina.core.ApplicationContext log
INFO: Manager: start: Starting web application '/HostWebService'
Jan 12, 2018 3:23:11 PM org.apache.catalina.core.ApplicationContext log
INFO: Manager: list: Listing contexts for virtual host 'localhost'
Jan 12, 2018 3:23:11 PM org.apache.catalina.core.ApplicationContext log
INFO: Manager: restart: Reloading web application '/HostWebService'
Jan 12, 2018 3:23:43 PM org.apache.catalina.core.ApplicationContext log
INFO: Manager: list: Listing contexts for virtual host 'localhost'
Jan 12, 2018 3:23:43 PM org.apache.catalina.core.ApplicationContext log
INFO: Manager: stop: Stopping web application '/HostWebService'
Jan 12, 2018 3:23:51 PM org.apache.catalina.core.ApplicationContext log
INFO: Manager: start: Starting web application '/HostWebService'
Jan 12, 2018 3:28:39 PM org.apache.catalina.core.ApplicationContext log
INFO: Manager: list: Listing contexts for virtual host 'localhost'
Jan 12, 2018 3:28:39 PM org.apache.catalina.core.ApplicationContext log
INFO: Manager: restart: Reloading web application '/ClientWebService'
Jan 12, 2018 3:28:51 PM org.apache.catalina.core.ApplicationContext log
INFO: Manager: list: Listing contexts for virtual host 'localhost'
Jan 12, 2018 3:28:51 PM org.apache.catalina.core.ApplicationContext log
INFO: Manager: restart: Reloading web application '/ClientWebService'
Jan 12, 2018 3:28:52 PM org.apache.catalina.core.ApplicationContext log
INFO: Manager: list: Listing contexts for virtual host 'localhost'
Jan 12, 2018 3:28:52 PM org.apache.catalina.core.ApplicationContext log
INFO: Manager: list: Listing contexts for virtual host 'localhost'
Jan 12, 2018 3:28:52 PM org.apache.catalina.core.ApplicationContext log
INFO: Manager: undeploy: Undeploying web application at '/HostWebService'
Jan 12, 2018 3:29:01 PM org.apache.catalina.core.ApplicationContext log
INFO: Manager: install: Installing context configuration at 'file:/C:/Users/CHRIST~1/AppData/Local/Temp/context2876952347682667869.xml'
Jan 12, 2018 3:29:13 PM org.apache.catalina.core.ApplicationContext log
INFO: Manager: list: Listing contexts for virtual host 'localhost'
Jan 12, 2018 3:29:13 PM org.apache.catalina.core.ApplicationContext log
INFO: Manager: list: Listing contexts for virtual host 'localhost'
Jan 12, 2018 3:29:25 PM org.apache.catalina.core.ApplicationContext log
INFO: Manager: restart: Reloading web application '/ClientWebService'
Jan 12, 2018 3:29:25 PM org.apache.catalina.core.ApplicationContext log
INFO: Manager: start: Starting web application '/HostWebService'
Jan 12, 2018 3:30:06 PM org.apache.catalina.core.ApplicationContext log
INFO: Manager: list: Listing contexts for virtual host 'localhost'
Jan 12, 2018 3:30:06 PM org.apache.catalina.core.ApplicationContext log
INFO: Manager: restart: Reloading web application '/ClientWebService'
Jan 12, 2018 3:30:34 PM org.apache.catalina.core.ApplicationContext log
INFO: Manager: list: Listing contexts for virtual host 'localhost'
Jan 12, 2018 3:30:34 PM org.apache.catalina.core.ApplicationContext log
INFO: Manager: restart: Reloading web application '/ClientWebService'
Jan 12, 2018 3:30:36 PM org.apache.catalina.core.ApplicationContext log
INFO: Manager: list: Listing contexts for virtual host 'localhost'
Jan 12, 2018 3:30:36 PM org.apache.catalina.core.ApplicationContext log
INFO: Manager: list: Listing contexts for virtual host 'localhost'
Jan 12, 2018 3:30:36 PM org.apache.catalina.core.ApplicationContext log
INFO: Manager: undeploy: Undeploying web application at '/HostWebService'
Jan 12, 2018 3:30:44 PM org.apache.catalina.core.ApplicationContext log
INFO: Manager: install: Installing context configuration at 'file:/C:/Users/CHRIST~1/AppData/Local/Temp/context528824774386973201.xml'
Jan 12, 2018 3:30:45 PM org.apache.catalina.core.ApplicationContext log
INFO: Manager: list: Listing contexts for virtual host 'localhost'
Jan 12, 2018 3:30:45 PM org.apache.catalina.core.ApplicationContext log
INFO: Manager: list: Listing contexts for virtual host 'localhost'
Jan 12, 2018 3:31:09 PM org.apache.catalina.core.ApplicationContext log
INFO: Manager: restart: Reloading web application '/ClientWebService'
Jan 12, 2018 3:31:09 PM org.apache.catalina.core.ApplicationContext log
INFO: Manager: start: Starting web application '/HostWebService'
Jan 12, 2018 3:33:50 PM org.apache.catalina.core.ApplicationContext log
INFO: Manager: list: Listing contexts for virtual host 'localhost'
Jan 12, 2018 3:33:50 PM org.apache.catalina.core.ApplicationContext log
INFO: Manager: restart: Reloading web application '/ClientWebService'
Jan 12, 2018 3:34:05 PM org.apache.catalina.core.ApplicationContext log
INFO: Manager: list: Listing contexts for virtual host 'localhost'
Jan 12, 2018 3:34:05 PM org.apache.catalina.core.ApplicationContext log
INFO: Manager: list: Listing contexts for virtual host 'localhost'
Jan 12, 2018 3:34:05 PM org.apache.catalina.core.ApplicationContext log
INFO: Manager: undeploy: Undeploying web application at '/HostWebService'
Jan 12, 2018 3:34:14 PM org.apache.catalina.core.ApplicationContext log
INFO: Manager: install: Installing context configuration at 'file:/C:/Users/CHRIST~1/AppData/Local/Temp/context1225943938617677811.xml'
Jan 12, 2018 3:34:39 PM org.apache.catalina.core.ApplicationContext log
INFO: Manager: start: Starting web application '/HostWebService'
Jan 12, 2018 3:35:21 PM org.apache.catalina.core.ApplicationContext log
INFO: Manager: list: Listing contexts for virtual host 'localhost'
Jan 12, 2018 3:35:21 PM org.apache.catalina.core.ApplicationContext log
INFO: Manager: list: Listing contexts for virtual host 'localhost'
Jan 12, 2018 3:35:21 PM org.apache.catalina.core.ApplicationContext log
INFO: Manager: restart: Reloading web application '/ClientWebService'
Jan 12, 2018 3:36:06 PM org.apache.catalina.core.ApplicationContext log
INFO: Manager: list: Listing contexts for virtual host 'localhost'
Jan 12, 2018 3:36:06 PM org.apache.catalina.core.ApplicationContext log
INFO: Manager: restart: Reloading web application '/ClientWebService'
Jan 12, 2018 3:36:12 PM org.apache.catalina.core.ApplicationContext log
INFO: Manager: list: Listing contexts for virtual host 'localhost'
Jan 12, 2018 3:36:12 PM org.apache.catalina.core.ApplicationContext log
INFO: Manager: list: Listing contexts for virtual host 'localhost'
Jan 12, 2018 3:36:12 PM org.apache.catalina.core.ApplicationContext log
INFO: Manager: undeploy: Undeploying web application at '/HostWebService'
Jan 12, 2018 3:36:19 PM org.apache.catalina.core.ApplicationContext log
INFO: Manager: list: Listing contexts for virtual host 'localhost'
Jan 12, 2018 3:36:19 PM org.apache.catalina.core.ApplicationContext log
INFO: Manager: list: Listing contexts for virtual host 'localhost'
Jan 12, 2018 3:36:21 PM org.apache.catalina.core.ApplicationContext log
INFO: Manager: restart: Reloading web application '/ClientWebService'
Jan 12, 2018 3:36:22 PM org.apache.catalina.core.ApplicationContext log
INFO: Manager: install: Installing context configuration at 'file:/C:/Users/CHRIST~1/AppData/Local/Temp/context8432608748654432032.xml'
Jan 12, 2018 3:36:45 PM org.apache.catalina.core.ApplicationContext log
INFO: Manager: start: Starting web application '/HostWebService'
Jan 12, 2018 3:37:20 PM org.apache.catalina.core.ApplicationContext log
INFO: Manager: list: Listing contexts for virtual host 'localhost'
Jan 12, 2018 3:37:20 PM org.apache.catalina.core.ApplicationContext log
INFO: Manager: restart: Reloading web application '/ClientWebService'
Jan 12, 2018 3:37:32 PM org.apache.catalina.core.ApplicationContext log
INFO: Manager: list: Listing contexts for virtual host 'localhost'
Jan 12, 2018 3:37:32 PM org.apache.catalina.core.ApplicationContext log
INFO: Manager: list: Listing contexts for virtual host 'localhost'
Jan 12, 2018 3:37:32 PM org.apache.catalina.core.ApplicationContext log
INFO: Manager: undeploy: Undeploying web application at '/HostWebService'
Jan 12, 2018 3:37:40 PM org.apache.catalina.core.ApplicationContext log
INFO: Manager: install: Installing context configuration at 'file:/C:/Users/CHRIST~1/AppData/Local/Temp/context5979253117787893658.xml'
Jan 12, 2018 3:38:04 PM org.apache.catalina.core.ApplicationContext log
INFO: Manager: start: Starting web application '/HostWebService'
Jan 12, 2018 3:38:50 PM org.apache.catalina.core.ApplicationContext log
INFO: Manager: list: Listing contexts for virtual host 'localhost'
Jan 12, 2018 3:38:50 PM org.apache.catalina.core.ApplicationContext log
INFO: Manager: list: Listing contexts for virtual host 'localhost'
Jan 12, 2018 3:38:50 PM org.apache.catalina.core.ApplicationContext log
INFO: Manager: undeploy: Undeploying web application at '/HostWebService'
Jan 12, 2018 3:38:59 PM org.apache.catalina.core.ApplicationContext log
INFO: Manager: install: Installing context configuration at 'file:/C:/Users/CHRIST~1/AppData/Local/Temp/context8514368785428021081.xml'
Jan 12, 2018 3:39:22 PM org.apache.catalina.core.ApplicationContext log
INFO: Manager: start: Starting web application '/HostWebService'
Jan 12, 2018 3:39:26 PM org.apache.catalina.core.ApplicationContext log
INFO: Manager: list: Listing contexts for virtual host 'localhost'
Jan 12, 2018 3:39:26 PM org.apache.catalina.core.ApplicationContext log
INFO: Manager: list: Listing contexts for virtual host 'localhost'
Jan 12, 2018 3:39:26 PM org.apache.catalina.core.ApplicationContext log
INFO: Manager: restart: Reloading web application '/ClientWebService'
Jan 12, 2018 3:58:53 PM org.apache.catalina.core.ApplicationContext log
INFO: Manager: list: Listing contexts for virtual host 'localhost'
Jan 12, 2018 3:58:53 PM org.apache.catalina.core.ApplicationContext log
INFO: Manager: restart: Reloading web application '/HostWebService'
Jan 12, 2018 3:59:24 PM org.apache.catalina.core.ApplicationContext log
INFO: Manager: list: Listing contexts for virtual host 'localhost'
Jan 12, 2018 3:59:24 PM org.apache.catalina.core.ApplicationContext log
INFO: Manager: stop: Stopping web application '/HostWebService'
Jan 12, 2018 3:59:32 PM org.apache.catalina.core.ApplicationContext log
INFO: Manager: start: Starting web application '/HostWebService'
Jan 12, 2018 4:00:03 PM org.apache.catalina.core.ApplicationContext log
INFO: Manager: list: Listing contexts for virtual host 'localhost'
Jan 12, 2018 4:00:03 PM org.apache.catalina.core.ApplicationContext log
INFO: Manager: stop: Stopping web application '/HostWebService'
Jan 12, 2018 4:00:11 PM org.apache.catalina.core.ApplicationContext log
INFO: Manager: start: Starting web application '/HostWebService'
Jan 12, 2018 4:14:40 PM org.apache.catalina.core.ApplicationContext log
INFO: Manager: list: Listing contexts for virtual host 'localhost'
Jan 12, 2018 4:14:40 PM org.apache.catalina.core.ApplicationContext log
INFO: Manager: restart: Reloading web application '/HostWebService'
Jan 12, 2018 4:15:14 PM org.apache.catalina.core.ApplicationContext log
INFO: Manager: list: Listing contexts for virtual host 'localhost'
Jan 12, 2018 4:15:14 PM org.apache.catalina.core.ApplicationContext log
INFO: Manager: restart: Reloading web application '/HostWebService'
Jan 12, 2018 4:19:05 PM org.apache.catalina.core.ApplicationContext log
INFO: Manager: list: Listing contexts for virtual host 'localhost'
Jan 12, 2018 4:22:00 PM org.apache.catalina.core.ApplicationContext log
INFO: Manager: list: Listing contexts for virtual host 'localhost'
Jan 12, 2018 4:22:01 PM org.apache.catalina.core.ApplicationContext log
INFO: Manager: list: Listing contexts for virtual host 'localhost'
Jan 12, 2018 4:22:01 PM org.apache.catalina.core.ApplicationContext log
INFO: Manager: list: Listing contexts for virtual host 'localhost'
Jan 12, 2018 4:22:02 PM org.apache.catalina.core.ApplicationContext log
INFO: Manager: list: Listing contexts for virtual host 'localhost'
Jan 12, 2018 4:22:02 PM org.apache.catalina.core.ApplicationContext log
INFO: Manager: restart: Reloading web application '/ClientWebService'
Jan 12, 2018 4:22:05 PM org.apache.catalina.core.ApplicationContext log
INFO: Manager: list: Listing contexts for virtual host 'localhost'
Jan 12, 2018 4:22:05 PM org.apache.catalina.core.ApplicationContext log
INFO: Manager: restart: Reloading web application '/ClientWebService'
Jan 12, 2018 4:22:07 PM org.apache.catalina.core.ApplicationContext log
INFO: Manager: list: Listing contexts for virtual host 'localhost'
Jan 12, 2018 4:22:07 PM org.apache.catalina.core.ApplicationContext log
INFO: Manager: restart: Reloading web application '/ClientWebService'
Jan 12, 2018 4:24:03 PM org.apache.catalina.core.ApplicationContext log
INFO: Manager: list: Listing contexts for virtual host 'localhost'
Jan 12, 2018 4:24:03 PM org.apache.catalina.core.ApplicationContext log
INFO: Manager: restart: Reloading web application '/ClientWebService'
Jan 12, 2018 4:24:41 PM org.apache.catalina.core.ApplicationContext log
INFO: Manager: list: Listing contexts for virtual host 'localhost'
Jan 12, 2018 4:24:41 PM org.apache.catalina.core.ApplicationContext log
INFO: Manager: restart: Reloading web application '/ClientWebService'
Jan 12, 2018 4:25:43 PM org.apache.catalina.core.ApplicationContext log
INFO: Manager: list: Listing contexts for virtual host 'localhost'
Jan 12, 2018 4:25:43 PM org.apache.catalina.core.ApplicationContext log
INFO: Manager: restart: Reloading web application '/ClientWebService'
Jan 12, 2018 4:31:07 PM org.apache.catalina.core.ApplicationContext log
INFO: Manager: list: Listing contexts for virtual host 'localhost'
Jan 12, 2018 4:31:08 PM org.apache.catalina.core.ApplicationContext log
INFO: Manager: list: Listing contexts for virtual host 'localhost'
Jan 12, 2018 4:31:08 PM org.apache.catalina.core.ApplicationContext log
INFO: Manager: list: Listing contexts for virtual host 'localhost'
Jan 12, 2018 4:31:08 PM org.apache.catalina.core.ApplicationContext log
INFO: Manager: undeploy: Undeploying web application at '/HostWebService'
Jan 12, 2018 4:31:17 PM org.apache.catalina.core.ApplicationContext log
INFO: Manager: install: Installing context configuration at 'file:/C:/Users/CHRIST~1/AppData/Local/Temp/context2293778332020693430.xml'
Jan 12, 2018 4:31:45 PM org.apache.catalina.core.ApplicationContext log
INFO: Manager: start: Starting web application '/HostWebService'
Jan 12, 2018 4:31:50 PM org.apache.catalina.core.ApplicationContext log
INFO: Manager: list: Listing contexts for virtual host 'localhost'
Jan 12, 2018 4:31:50 PM org.apache.catalina.core.ApplicationContext log
INFO: Manager: list: Listing contexts for virtual host 'localhost'
Jan 12, 2018 4:31:50 PM org.apache.catalina.core.ApplicationContext log
INFO: Manager: restart: Reloading web application '/ClientWebService'
Jan 12, 2018 4:33:45 PM org.apache.catalina.core.ApplicationContext log
INFO: Manager: list: Listing contexts for virtual host 'localhost'
Jan 12, 2018 4:33:45 PM org.apache.catalina.core.ApplicationContext log
INFO: Manager: list: Listing contexts for virtual host 'localhost'
Jan 12, 2018 4:33:46 PM org.apache.catalina.core.ApplicationContext log
INFO: Manager: list: Listing contexts for virtual host 'localhost'
Jan 12, 2018 4:33:46 PM org.apache.catalina.core.ApplicationContext log
INFO: Manager: list: Listing contexts for virtual host 'localhost'
Jan 12, 2018 4:33:47 PM org.apache.catalina.core.ApplicationContext log
INFO: Manager: list: Listing contexts for virtual host 'localhost'
Jan 12, 2018 4:33:47 PM org.apache.catalina.core.ApplicationContext log
INFO: Manager: restart: Reloading web application '/HostWebService'
Jan 12, 2018 4:34:23 PM org.apache.catalina.core.ApplicationContext log
INFO: Manager: list: Listing contexts for virtual host 'localhost'
Jan 12, 2018 4:34:23 PM org.apache.catalina.core.ApplicationContext log
INFO: Manager: restart: Reloading web application '/ClientWebService'
Jan 12, 2018 4:34:25 PM org.apache.catalina.core.ApplicationContext log
INFO: Manager: list: Listing contexts for virtual host 'localhost'
Jan 12, 2018 4:34:25 PM org.apache.catalina.core.ApplicationContext log
INFO: Manager: restart: Reloading web application '/HostWebService'
Jan 12, 2018 4:34:41 PM org.apache.catalina.core.ApplicationContext log
INFO: Manager: list: Listing contexts for virtual host 'localhost'
Jan 12, 2018 4:34:41 PM org.apache.catalina.core.ApplicationContext log
INFO: Manager: list: Listing contexts for virtual host 'localhost'
Jan 12, 2018 4:34:51 PM org.apache.catalina.core.ApplicationContext log
INFO: Manager: list: Listing contexts for virtual host 'localhost'
Jan 12, 2018 4:34:51 PM org.apache.catalina.core.ApplicationContext log
INFO: Manager: list: Listing contexts for virtual host 'localhost'
Jan 12, 2018 4:34:59 PM org.apache.catalina.core.ApplicationContext log
INFO: Manager: undeploy: Undeploying web application at '/HostWebService'
Jan 12, 2018 4:35:08 PM org.apache.catalina.core.ApplicationContext log
INFO: Manager: restart: Reloading web application '/ClientWebService'
Jan 12, 2018 4:35:08 PM org.apache.catalina.core.ApplicationContext log
INFO: Manager: install: Installing context configuration at 'file:/C:/Users/CHRIST~1/AppData/Local/Temp/context7181911094194994464.xml'
Jan 12, 2018 4:35:33 PM org.apache.catalina.core.ApplicationContext log
INFO: Manager: start: Starting web application '/HostWebService'
Jan 12, 2018 4:38:00 PM org.apache.catalina.core.ApplicationContext log
INFO: Manager: list: Listing contexts for virtual host 'localhost'
Jan 12, 2018 4:38:00 PM org.apache.catalina.core.ApplicationContext log
INFO: Manager: restart: Reloading web application '/ClientWebService'
Jan 12, 2018 4:38:09 PM org.apache.catalina.core.ApplicationContext log
INFO: Manager: list: Listing contexts for virtual host 'localhost'
Jan 12, 2018 4:38:09 PM org.apache.catalina.core.ApplicationContext log
INFO: Manager: list: Listing contexts for virtual host 'localhost'
Jan 12, 2018 4:38:09 PM org.apache.catalina.core.ApplicationContext log
INFO: Manager: undeploy: Undeploying web application at '/HostWebService'
Jan 12, 2018 4:38:18 PM org.apache.catalina.core.ApplicationContext log
INFO: Manager: install: Installing context configuration at 'file:/C:/Users/CHRIST~1/AppData/Local/Temp/context5966111206535437785.xml'
Jan 12, 2018 4:38:34 PM org.apache.catalina.core.ApplicationContext log
INFO: Manager: list: Listing contexts for virtual host 'localhost'
Jan 12, 2018 4:38:34 PM org.apache.catalina.core.ApplicationContext log
INFO: Manager: list: Listing contexts for virtual host 'localhost'
Jan 12, 2018 4:38:43 PM org.apache.catalina.core.ApplicationContext log
INFO: Manager: restart: Reloading web application '/ClientWebService'
Jan 12, 2018 4:38:43 PM org.apache.catalina.core.ApplicationContext log
INFO: Manager: start: Starting web application '/HostWebService'
Jan 12, 2018 4:41:45 PM org.apache.catalina.core.ApplicationContext log
INFO: Manager: list: Listing contexts for virtual host 'localhost'
Jan 12, 2018 4:41:45 PM org.apache.catalina.core.ApplicationContext log
INFO: Manager: restart: Reloading web application '/ClientWebService'
Jan 12, 2018 4:41:48 PM org.apache.catalina.core.ApplicationContext log
INFO: Manager: list: Listing contexts for virtual host 'localhost'
Jan 12, 2018 4:41:48 PM org.apache.catalina.core.ApplicationContext log
INFO: Manager: restart: Reloading web application '/ClientWebService'
Jan 12, 2018 4:43:22 PM org.apache.catalina.core.ApplicationContext log
INFO: Manager: list: Listing contexts for virtual host 'localhost'
Jan 12, 2018 4:43:22 PM org.apache.catalina.core.ApplicationContext log
INFO: Manager: restart: Reloading web application '/HostWebService'
Jan 12, 2018 4:43:30 PM org.apache.catalina.core.ApplicationContext log
INFO: Manager: list: Listing contexts for virtual host 'localhost'
Jan 12, 2018 4:43:30 PM org.apache.catalina.core.ApplicationContext log
INFO: Manager: list: Listing contexts for virtual host 'localhost'
Jan 12, 2018 4:43:55 PM org.apache.catalina.core.ApplicationContext log
INFO: Manager: undeploy: Undeploying web application at '/HostWebService'
Jan 12, 2018 4:44:05 PM org.apache.catalina.core.ApplicationContext log
INFO: Manager: install: Installing context configuration at 'file:/C:/Users/CHRIST~1/AppData/Local/Temp/context4972971419265319003.xml'
Jan 12, 2018 4:44:05 PM org.apache.catalina.core.ApplicationContext log
INFO: Manager: list: Listing contexts for virtual host 'localhost'
Jan 12, 2018 4:44:05 PM org.apache.catalina.core.ApplicationContext log
INFO: Manager: list: Listing contexts for virtual host 'localhost'
Jan 12, 2018 4:44:31 PM org.apache.catalina.core.ApplicationContext log
INFO: Manager: restart: Reloading web application '/ClientWebService'
Jan 12, 2018 4:44:31 PM org.apache.catalina.core.ApplicationContext log
INFO: Manager: start: Starting web application '/HostWebService'
Jan 12, 2018 4:46:29 PM org.apache.catalina.core.ApplicationContext log
INFO: Manager: list: Listing contexts for virtual host 'localhost'
Jan 12, 2018 4:47:03 PM org.apache.catalina.core.ApplicationContext log
INFO: Manager: list: Listing contexts for virtual host 'localhost'
Jan 12, 2018 4:47:12 PM org.apache.catalina.core.ApplicationContext log
INFO: Manager: list: Listing contexts for virtual host 'localhost'
Jan 12, 2018 4:47:12 PM org.apache.catalina.core.ApplicationContext log
INFO: Manager: list: Listing contexts for virtual host 'localhost'
Jan 12, 2018 4:47:12 PM org.apache.catalina.core.ApplicationContext log
INFO: Manager: undeploy: Undeploying web application at '/HostWebService'
Jan 12, 2018 4:47:21 PM org.apache.catalina.core.ApplicationContext log
INFO: Manager: install: Installing context configuration at 'file:/C:/Users/CHRIST~1/AppData/Local/Temp/context6742338817475460232.xml'
Jan 12, 2018 4:47:45 PM org.apache.catalina.core.ApplicationContext log
INFO: Manager: start: Starting web application '/HostWebService'
Jan 12, 2018 4:47:48 PM org.apache.catalina.core.ApplicationContext log
INFO: Manager: list: Listing contexts for virtual host 'localhost'
Jan 12, 2018 4:47:48 PM org.apache.catalina.core.ApplicationContext log
INFO: Manager: list: Listing contexts for virtual host 'localhost'
Jan 12, 2018 4:54:11 PM org.apache.catalina.core.ApplicationContext log
INFO: Manager: list: Listing contexts for virtual host 'localhost'
Jan 12, 2018 4:54:11 PM org.apache.catalina.core.ApplicationContext log
INFO: Manager: restart: Reloading web application '/ClientWebService'
Jan 12, 2018 4:54:12 PM org.apache.catalina.core.ApplicationContext log
INFO: Manager: list: Listing contexts for virtual host 'localhost'
Jan 12, 2018 4:54:12 PM org.apache.catalina.core.ApplicationContext log
INFO: Manager: list: Listing contexts for virtual host 'localhost'
Jan 12, 2018 4:54:12 PM org.apache.catalina.core.ApplicationContext log
INFO: Manager: undeploy: Undeploying web application at '/HostWebService'
Jan 12, 2018 4:54:21 PM org.apache.catalina.core.ApplicationContext log
INFO: Manager: install: Installing context configuration at 'file:/C:/Users/CHRIST~1/AppData/Local/Temp/context5705041379693457751.xml'
Jan 12, 2018 4:54:37 PM org.apache.catalina.core.ApplicationContext log
INFO: Manager: list: Listing contexts for virtual host 'localhost'
Jan 12, 2018 4:54:37 PM org.apache.catalina.core.ApplicationContext log
INFO: Manager: list: Listing contexts for virtual host 'localhost'
Jan 12, 2018 4:54:46 PM org.apache.catalina.core.ApplicationContext log
INFO: Manager: restart: Reloading web application '/ClientWebService'
Jan 12, 2018 4:54:46 PM org.apache.catalina.core.ApplicationContext log
INFO: Manager: start: Starting web application '/HostWebService'
Jan 12, 2018 4:56:09 PM org.apache.catalina.core.ApplicationContext log
INFO: Manager: list: Listing contexts for virtual host 'localhost'
Jan 12, 2018 4:56:09 PM org.apache.catalina.core.ApplicationContext log
INFO: Manager: restart: Reloading web application '/HostWebService'
Jan 12, 2018 4:56:42 PM org.apache.catalina.core.ApplicationContext log
INFO: Manager: list: Listing contexts for virtual host 'localhost'
Jan 12, 2018 4:56:42 PM org.apache.catalina.core.ApplicationContext log
INFO: Manager: restart: Reloading web application '/HostWebService'
Jan 12, 2018 4:56:51 PM org.apache.catalina.core.ApplicationContext log
INFO: Manager: list: Listing contexts for virtual host 'localhost'
Jan 12, 2018 4:56:51 PM org.apache.catalina.core.ApplicationContext log
INFO: Manager: list: Listing contexts for virtual host 'localhost'
Jan 12, 2018 4:57:13 PM org.apache.catalina.core.ApplicationContext log
INFO: Manager: undeploy: Undeploying web application at '/HostWebService'
Jan 12, 2018 4:57:22 PM org.apache.catalina.core.ApplicationContext log
INFO: Manager: install: Installing context configuration at 'file:/C:/Users/CHRIST~1/AppData/Local/Temp/context5441066373311446184.xml'
Jan 12, 2018 4:57:44 PM org.apache.catalina.core.ApplicationContext log
INFO: Manager: start: Starting web application '/HostWebService'
Jan 12, 2018 4:57:47 PM org.apache.catalina.core.ApplicationContext log
INFO: Manager: list: Listing contexts for virtual host 'localhost'
Jan 12, 2018 4:57:47 PM org.apache.catalina.core.ApplicationContext log
INFO: Manager: list: Listing contexts for virtual host 'localhost'
Jan 12, 2018 5:00:04 PM org.apache.catalina.core.ApplicationContext log
INFO: Manager: list: Listing contexts for virtual host 'localhost'
Jan 12, 2018 5:00:14 PM org.apache.catalina.core.ApplicationContext log
INFO: Manager: list: Listing contexts for virtual host 'localhost'
Jan 12, 2018 5:00:14 PM org.apache.catalina.core.ApplicationContext log
INFO: Manager: list: Listing contexts for virtual host 'localhost'
Jan 12, 2018 5:00:14 PM org.apache.catalina.core.ApplicationContext log
INFO: Manager: undeploy: Undeploying web application at '/HostWebService'
Jan 12, 2018 5:00:22 PM org.apache.catalina.core.ApplicationContext log
INFO: Manager: install: Installing context configuration at 'file:/C:/Users/CHRIST~1/AppData/Local/Temp/context7694639449198194966.xml'
Jan 12, 2018 5:00:24 PM org.apache.catalina.core.ApplicationContext log
INFO: Manager: list: Listing contexts for virtual host 'localhost'
Jan 12, 2018 5:00:24 PM org.apache.catalina.core.ApplicationContext log
INFO: Manager: list: Listing contexts for virtual host 'localhost'
Jan 12, 2018 5:00:46 PM org.apache.catalina.core.ApplicationContext log
INFO: Manager: start: Starting web application '/HostWebService'
Jan 12, 2018 5:02:36 PM org.apache.catalina.core.ApplicationContext log
INFO: Manager: list: Listing contexts for virtual host 'localhost'
Jan 12, 2018 5:02:36 PM org.apache.catalina.core.ApplicationContext log
INFO: Manager: restart: Reloading web application '/ClientWebService'
Jan 12, 2018 5:02:47 PM org.apache.catalina.core.ApplicationContext log
INFO: Manager: list: Listing contexts for virtual host 'localhost'
Jan 12, 2018 5:02:47 PM org.apache.catalina.core.ApplicationContext log
INFO: Manager: list: Listing contexts for virtual host 'localhost'
Jan 12, 2018 5:02:47 PM org.apache.catalina.core.ApplicationContext log
INFO: Manager: undeploy: Undeploying web application at '/HostWebService'
Jan 12, 2018 5:02:56 PM org.apache.catalina.core.ApplicationContext log
INFO: Manager: list: Listing contexts for virtual host 'localhost'
Jan 12, 2018 5:02:56 PM org.apache.catalina.core.ApplicationContext log
INFO: Manager: list: Listing contexts for virtual host 'localhost'
Jan 12, 2018 5:02:56 PM org.apache.catalina.core.ApplicationContext log
INFO: Manager: install: Installing context configuration at 'file:/C:/Users/CHRIST~1/AppData/Local/Temp/context4334551971584667292.xml'
Jan 12, 2018 5:03:22 PM org.apache.catalina.core.ApplicationContext log
INFO: Manager: restart: Reloading web application '/ClientWebService'
Jan 12, 2018 5:03:22 PM org.apache.catalina.core.ApplicationContext log
INFO: Manager: start: Starting web application '/HostWebService'
Jan 12, 2018 5:16:53 PM org.apache.catalina.core.ApplicationContext log
INFO: Manager: list: Listing contexts for virtual host 'localhost'
Jan 12, 2018 5:17:41 PM org.apache.catalina.core.ApplicationContext log
INFO: Manager: list: Listing contexts for virtual host 'localhost'
Jan 12, 2018 5:20:05 PM org.apache.catalina.core.ApplicationContext log
INFO: Manager: list: Listing contexts for virtual host 'localhost'
Jan 12, 2018 5:20:06 PM org.apache.catalina.core.ApplicationContext log
INFO: Manager: list: Listing contexts for virtual host 'localhost'
Jan 12, 2018 5:20:06 PM org.apache.catalina.core.ApplicationContext log
INFO: Manager: list: Listing contexts for virtual host 'localhost'
Jan 12, 2018 5:20:07 PM org.apache.catalina.core.ApplicationContext log
INFO: Manager: undeploy: Undeploying web application at '/HostWebService'
Jan 12, 2018 5:20:15 PM org.apache.catalina.core.ApplicationContext log
INFO: Manager: install: Installing context configuration at 'file:/C:/Users/CHRIST~1/AppData/Local/Temp/context2697499565260540602.xml'
Jan 12, 2018 5:20:44 PM org.apache.catalina.core.ApplicationContext log
INFO: Manager: list: Listing contexts for virtual host 'localhost'
Jan 12, 2018 5:20:44 PM org.apache.catalina.core.ApplicationContext log
INFO: Manager: list: Listing contexts for virtual host 'localhost'
Jan 12, 2018 5:20:45 PM org.apache.catalina.core.ApplicationContext log
INFO: Manager: start: Starting web application '/HostWebService'
Jan 12, 2018 5:22:30 PM org.apache.catalina.core.ApplicationContext log
INFO: Manager: list: Listing contexts for virtual host 'localhost'
Jan 12, 2018 5:22:36 PM org.apache.catalina.core.ApplicationContext log
INFO: Manager: list: Listing contexts for virtual host 'localhost'
Jan 12, 2018 5:22:36 PM org.apache.catalina.core.ApplicationContext log
INFO: Manager: list: Listing contexts for virtual host 'localhost'
Jan 12, 2018 5:22:56 PM org.apache.catalina.core.ApplicationContext log
INFO: Manager: list: Listing contexts for virtual host 'localhost'
Jan 12, 2018 5:23:02 PM org.apache.catalina.core.ApplicationContext log
INFO: Manager: list: Listing contexts for virtual host 'localhost'
Jan 12, 2018 5:23:02 PM org.apache.catalina.core.ApplicationContext log
INFO: Manager: list: Listing contexts for virtual host 'localhost'
Jan 12, 2018 5:26:24 PM org.apache.catalina.core.ApplicationContext log
INFO: Manager: list: Listing contexts for virtual host 'localhost'
