Jan 13, 2018 1:15:38 PM org.apache.catalina.core.ApplicationContext log
INFO: Manager: list: Listing contexts for virtual host 'localhost'
Jan 13, 2018 1:15:38 PM org.apache.catalina.core.ApplicationContext log
INFO: Manager: list: Listing contexts for virtual host 'localhost'
Jan 13, 2018 1:15:38 PM org.apache.catalina.core.ApplicationContext log
INFO: Manager: undeploy: Undeploying web application at '/HostWebService'
Jan 13, 2018 1:15:46 PM org.apache.catalina.core.ApplicationContext log
INFO: Manager: install: Installing context configuration at 'file:/C:/Users/CHRIST~1/AppData/Local/Temp/context5928527993764179941.xml'
Jan 13, 2018 1:16:05 PM org.apache.catalina.core.ApplicationContext log
INFO: Manager: list: Listing contexts for virtual host 'localhost'
Jan 13, 2018 1:16:05 PM org.apache.catalina.core.ApplicationContext log
INFO: Manager: list: Listing contexts for virtual host 'localhost'
Jan 13, 2018 1:16:13 PM org.apache.catalina.core.ApplicationContext log
INFO: Manager: start: Starting web application '/HostWebService'
Jan 13, 2018 1:48:07 PM org.apache.catalina.core.ApplicationContext log
INFO: Manager: list: Listing contexts for virtual host 'localhost'
Jan 13, 2018 1:48:08 PM org.apache.catalina.core.ApplicationContext log
INFO: Manager: list: Listing contexts for virtual host 'localhost'
Jan 13, 2018 1:48:08 PM org.apache.catalina.core.ApplicationContext log
INFO: Manager: restart: Reloading web application '/ClientWebService'
Jan 13, 2018 1:48:10 PM org.apache.catalina.core.ApplicationContext log
INFO: Manager: list: Listing contexts for virtual host 'localhost'
Jan 13, 2018 1:48:10 PM org.apache.catalina.core.ApplicationContext log
INFO: Manager: undeploy: Undeploying web application at '/ClientWebService'
Jan 13, 2018 1:48:11 PM org.apache.catalina.core.ApplicationContext log
INFO: Manager: install: Installing context configuration at 'file:/C:/Users/CHRIST~1/AppData/Local/Temp/context1629321356314892117.xml'
Jan 13, 2018 1:48:11 PM org.apache.catalina.core.ApplicationContext log
INFO: Manager: start: Starting web application '/ClientWebService'
Jan 13, 2018 1:48:37 PM org.apache.catalina.core.ApplicationContext log
INFO: Manager: list: Listing contexts for virtual host 'localhost'
Jan 13, 2018 1:48:37 PM org.apache.catalina.core.ApplicationContext log
INFO: Manager: list: Listing contexts for virtual host 'localhost'
Jan 13, 2018 1:48:37 PM org.apache.catalina.core.ApplicationContext log
INFO: Manager: undeploy: Undeploying web application at '/ClientWebService'
Jan 13, 2018 1:48:38 PM org.apache.catalina.core.ApplicationContext log
INFO: Manager: install: Installing context configuration at 'file:/C:/Users/CHRIST~1/AppData/Local/Temp/context7807071436818539174.xml'
Jan 13, 2018 1:48:38 PM org.apache.catalina.core.ApplicationContext log
INFO: Manager: start: Starting web application '/ClientWebService'
Jan 13, 2018 2:03:12 PM org.apache.catalina.core.ApplicationContext log
INFO: Manager: list: Listing contexts for virtual host 'localhost'
Jan 13, 2018 2:03:56 PM org.apache.catalina.core.ApplicationContext log
INFO: Manager: list: Listing contexts for virtual host 'localhost'
Jan 13, 2018 2:04:10 PM org.apache.catalina.core.ApplicationContext log
INFO: Manager: list: Listing contexts for virtual host 'localhost'
Jan 13, 2018 2:08:00 PM org.apache.catalina.core.ApplicationContext log
INFO: Manager: list: Listing contexts for virtual host 'localhost'
Jan 13, 2018 2:08:00 PM org.apache.catalina.core.ApplicationContext log
INFO: Manager: list: Listing contexts for virtual host 'localhost'
Jan 13, 2018 2:08:01 PM org.apache.catalina.core.ApplicationContext log
INFO: Manager: undeploy: Undeploying web application at '/ClientWebService'
Jan 13, 2018 2:08:01 PM org.apache.catalina.core.ApplicationContext log
INFO: Manager: install: Installing context configuration at 'file:/C:/Users/CHRIST~1/AppData/Local/Temp/context4614137418744012932.xml'
Jan 13, 2018 2:08:02 PM org.apache.catalina.core.ApplicationContext log
INFO: Manager: start: Starting web application '/ClientWebService'
Jan 13, 2018 2:11:07 PM org.apache.catalina.core.ApplicationContext log
INFO: Manager: list: Listing contexts for virtual host 'localhost'
Jan 13, 2018 2:11:07 PM org.apache.catalina.core.ApplicationContext log
INFO: Manager: restart: Reloading web application '/ClientWebService'
Jan 13, 2018 2:11:08 PM org.apache.catalina.core.ApplicationContext log
INFO: Manager: list: Listing contexts for virtual host 'localhost'
Jan 13, 2018 2:11:08 PM org.apache.catalina.core.ApplicationContext log
INFO: Manager: restart: Reloading web application '/ClientWebService'
Jan 13, 2018 2:41:04 PM org.apache.catalina.core.ApplicationContext log
INFO: Manager: init: Associated with Deployer 'Catalina:type=Deployer,host=localhost'
Jan 13, 2018 2:41:04 PM org.apache.catalina.core.ApplicationContext log
INFO: Manager: init: Global resources are available
Jan 13, 2018 2:41:04 PM org.apache.catalina.core.ApplicationContext log
INFO: Manager: list: Listing contexts for virtual host 'localhost'
Jan 13, 2018 2:41:04 PM org.apache.catalina.core.ApplicationContext log
INFO: Manager: undeploy: Undeploying web application at '/ClientWebService'
Jan 13, 2018 2:41:04 PM org.apache.catalina.core.ApplicationContext log
INFO: Manager: install: Installing context configuration at 'file:/C:/Users/CHRIST~1/AppData/Local/Temp/context4296790604640871709.xml'
Jan 13, 2018 2:41:05 PM org.apache.catalina.core.ApplicationContext log
INFO: Manager: start: Starting web application '/ClientWebService'
Jan 13, 2018 2:41:28 PM org.apache.catalina.core.ApplicationContext log
INFO: Manager: list: Listing contexts for virtual host 'localhost'
Jan 13, 2018 2:41:28 PM org.apache.catalina.core.ApplicationContext log
INFO: Manager: list: Listing contexts for virtual host 'localhost'
Jan 13, 2018 2:41:28 PM org.apache.catalina.core.ApplicationContext log
INFO: Manager: undeploy: Undeploying web application at '/HostWebService'
Jan 13, 2018 2:41:37 PM org.apache.catalina.core.ApplicationContext log
INFO: Manager: install: Installing context configuration at 'file:/C:/Users/CHRIST~1/AppData/Local/Temp/context6199947127033670347.xml'
Jan 13, 2018 2:42:05 PM org.apache.catalina.core.ApplicationContext log
INFO: Manager: start: Starting web application '/HostWebService'
Jan 13, 2018 2:42:33 PM org.apache.catalina.core.ApplicationContext log
INFO: Manager: list: Listing contexts for virtual host 'localhost'
Jan 13, 2018 2:42:33 PM org.apache.catalina.core.ApplicationContext log
INFO: Manager: list: Listing contexts for virtual host 'localhost'
Jan 13, 2018 2:42:33 PM org.apache.catalina.core.ApplicationContext log
INFO: Manager: undeploy: Undeploying web application at '/ClientWebService'
Jan 13, 2018 2:42:34 PM org.apache.catalina.core.ApplicationContext log
INFO: Manager: install: Installing context configuration at 'file:/C:/Users/CHRIST~1/AppData/Local/Temp/context1499703918281421912.xml'
Jan 13, 2018 2:42:34 PM org.apache.catalina.core.ApplicationContext log
INFO: Manager: start: Starting web application '/ClientWebService'
Jan 13, 2018 2:43:31 PM org.apache.catalina.core.ApplicationContext log
INFO: Manager: list: Listing contexts for virtual host 'localhost'
Jan 13, 2018 2:43:35 PM org.apache.catalina.core.ApplicationContext log
INFO: Manager: list: Listing contexts for virtual host 'localhost'
Jan 13, 2018 2:43:35 PM org.apache.catalina.core.ApplicationContext log
INFO: Manager: list: Listing contexts for virtual host 'localhost'
Jan 13, 2018 2:43:35 PM org.apache.catalina.core.ApplicationContext log
INFO: Manager: undeploy: Undeploying web application at '/ClientWebService'
Jan 13, 2018 2:43:36 PM org.apache.catalina.core.ApplicationContext log
INFO: Manager: install: Installing context configuration at 'file:/C:/Users/CHRIST~1/AppData/Local/Temp/context3679932044674008632.xml'
Jan 13, 2018 2:43:36 PM org.apache.catalina.core.ApplicationContext log
INFO: Manager: start: Starting web application '/ClientWebService'
Jan 13, 2018 3:38:53 PM org.apache.catalina.core.ApplicationContext log
INFO: Manager: list: Listing contexts for virtual host 'localhost'
Jan 13, 2018 3:42:10 PM org.apache.catalina.core.ApplicationContext log
INFO: Manager: list: Listing contexts for virtual host 'localhost'
Jan 13, 2018 3:42:10 PM org.apache.catalina.core.ApplicationContext log
INFO: Manager: restart: Reloading web application '/HostWebService'
Jan 13, 2018 3:42:46 PM org.apache.catalina.core.ApplicationContext log
INFO: Manager: list: Listing contexts for virtual host 'localhost'
Jan 13, 2018 3:42:46 PM org.apache.catalina.core.ApplicationContext log
INFO: Manager: stop: Stopping web application '/HostWebService'
Jan 13, 2018 3:42:54 PM org.apache.catalina.core.ApplicationContext log
INFO: Manager: start: Starting web application '/HostWebService'
Jan 13, 2018 3:54:01 PM org.apache.catalina.core.ApplicationContext log
INFO: Manager: list: Listing contexts for virtual host 'localhost'
Jan 13, 2018 3:54:01 PM org.apache.catalina.core.ApplicationContext log
INFO: Manager: restart: Reloading web application '/HostWebService'
Jan 13, 2018 3:58:39 PM org.apache.catalina.core.ApplicationContext log
INFO: Manager: list: Listing contexts for virtual host 'localhost'
Jan 13, 2018 3:58:39 PM org.apache.catalina.core.ApplicationContext log
INFO: Manager: restart: Reloading web application '/HostWebService'
Jan 13, 2018 3:58:58 PM org.apache.catalina.core.ApplicationContext log
INFO: Manager: list: Listing contexts for virtual host 'localhost'
Jan 13, 2018 3:58:58 PM org.apache.catalina.core.ApplicationContext log
INFO: Manager: list: Listing contexts for virtual host 'localhost'
Jan 13, 2018 3:59:12 PM org.apache.catalina.core.ApplicationContext log
INFO: Manager: undeploy: Undeploying web application at '/HostWebService'
Jan 13, 2018 3:59:13 PM org.apache.catalina.core.ApplicationContext log
INFO: Manager: list: Listing contexts for virtual host 'localhost'
Jan 13, 2018 3:59:22 PM org.apache.catalina.core.ApplicationContext log
INFO: Manager: restart: Reloading web application '/ClientWebService'
Jan 13, 2018 3:59:22 PM org.apache.catalina.core.ApplicationContext log
INFO: Manager: install: Installing context configuration at 'file:/C:/Users/CHRIST~1/AppData/Local/Temp/context3715873286677635181.xml'
Jan 13, 2018 3:59:49 PM org.apache.catalina.core.ApplicationContext log
INFO: Manager: start: Starting web application '/HostWebService'
Jan 13, 2018 4:04:43 PM org.apache.catalina.core.ApplicationContext log
INFO: Manager: list: Listing contexts for virtual host 'localhost'
Jan 13, 2018 4:04:43 PM org.apache.catalina.core.ApplicationContext log
INFO: Manager: restart: Reloading web application '/HostWebService'
Jan 13, 2018 4:07:11 PM org.apache.catalina.core.ApplicationContext log
INFO: Manager: list: Listing contexts for virtual host 'localhost'
Jan 13, 2018 4:07:12 PM org.apache.catalina.core.ApplicationContext log
INFO: Manager: list: Listing contexts for virtual host 'localhost'
Jan 13, 2018 4:07:12 PM org.apache.catalina.core.ApplicationContext log
INFO: Manager: list: Listing contexts for virtual host 'localhost'
Jan 13, 2018 4:07:12 PM org.apache.catalina.core.ApplicationContext log
INFO: Manager: list: Listing contexts for virtual host 'localhost'
Jan 13, 2018 4:07:13 PM org.apache.catalina.core.ApplicationContext log
INFO: Manager: list: Listing contexts for virtual host 'localhost'
Jan 13, 2018 4:07:13 PM org.apache.catalina.core.ApplicationContext log
INFO: Manager: list: Listing contexts for virtual host 'localhost'
Jan 13, 2018 4:07:14 PM org.apache.catalina.core.ApplicationContext log
INFO: Manager: restart: Reloading web application '/HostWebService'
Jan 13, 2018 4:07:40 PM org.apache.catalina.core.ApplicationContext log
INFO: Manager: list: Listing contexts for virtual host 'localhost'
Jan 13, 2018 4:07:40 PM org.apache.catalina.core.ApplicationContext log
INFO: Manager: list: Listing contexts for virtual host 'localhost'
Jan 13, 2018 4:07:54 PM org.apache.catalina.core.ApplicationContext log
INFO: Manager: undeploy: Undeploying web application at '/HostWebService'
Jan 13, 2018 4:07:54 PM org.apache.catalina.core.ApplicationContext log
INFO: Manager: list: Listing contexts for virtual host 'localhost'
Jan 13, 2018 4:08:04 PM org.apache.catalina.core.ApplicationContext log
INFO: Manager: restart: Reloading web application '/ClientWebService'
Jan 13, 2018 4:08:04 PM org.apache.catalina.core.ApplicationContext log
INFO: Manager: install: Installing context configuration at 'file:/C:/Users/CHRIST~1/AppData/Local/Temp/context7363780449040614806.xml'
Jan 13, 2018 4:08:28 PM org.apache.catalina.core.ApplicationContext log
INFO: Manager: start: Starting web application '/HostWebService'
Jan 13, 2018 4:08:33 PM org.apache.catalina.core.ApplicationContext log
INFO: Manager: list: Listing contexts for virtual host 'localhost'
Jan 13, 2018 4:08:33 PM org.apache.catalina.core.ApplicationContext log
INFO: Manager: list: Listing contexts for virtual host 'localhost'
Jan 13, 2018 4:08:33 PM org.apache.catalina.core.ApplicationContext log
INFO: Manager: undeploy: Undeploying web application at '/ClientWebService'
Jan 13, 2018 4:08:33 PM org.apache.catalina.core.ApplicationContext log
INFO: Manager: install: Installing context configuration at 'file:/C:/Users/CHRIST~1/AppData/Local/Temp/context3058775370560682729.xml'
Jan 13, 2018 4:08:34 PM org.apache.catalina.core.ApplicationContext log
INFO: Manager: start: Starting web application '/ClientWebService'
Jan 13, 2018 4:10:23 PM org.apache.catalina.core.ApplicationContext log
INFO: Manager: list: Listing contexts for virtual host 'localhost'
Jan 13, 2018 4:11:04 PM org.apache.catalina.core.ApplicationContext log
INFO: Manager: list: Listing contexts for virtual host 'localhost'
Jan 13, 2018 4:11:04 PM org.apache.catalina.core.ApplicationContext log
INFO: Manager: list: Listing contexts for virtual host 'localhost'
Jan 13, 2018 4:11:04 PM org.apache.catalina.core.ApplicationContext log
INFO: Manager: undeploy: Undeploying web application at '/HostWebService'
Jan 13, 2018 4:11:12 PM org.apache.catalina.core.ApplicationContext log
INFO: Manager: install: Installing context configuration at 'file:/C:/Users/CHRIST~1/AppData/Local/Temp/context4743030811567838842.xml'
Jan 13, 2018 4:11:38 PM org.apache.catalina.core.ApplicationContext log
INFO: Manager: list: Listing contexts for virtual host 'localhost'
Jan 13, 2018 4:11:38 PM org.apache.catalina.core.ApplicationContext log
INFO: Manager: list: Listing contexts for virtual host 'localhost'
Jan 13, 2018 4:11:41 PM org.apache.catalina.core.ApplicationContext log
INFO: Manager: undeploy: Undeploying web application at '/ClientWebService'
Jan 13, 2018 4:11:41 PM org.apache.catalina.core.ApplicationContext log
INFO: Manager: start: Starting web application '/HostWebService'
Jan 13, 2018 4:11:41 PM org.apache.catalina.core.ApplicationContext log
INFO: Manager: install: Installing context configuration at 'file:/C:/Users/CHRIST~1/AppData/Local/Temp/context3704538149203122293.xml'
Jan 13, 2018 4:11:42 PM org.apache.catalina.core.ApplicationContext log
INFO: Manager: start: Starting web application '/ClientWebService'
Jan 13, 2018 4:14:48 PM org.apache.catalina.core.ApplicationContext log
INFO: Manager: list: Listing contexts for virtual host 'localhost'
Jan 13, 2018 4:14:48 PM org.apache.catalina.core.ApplicationContext log
INFO: Manager: list: Listing contexts for virtual host 'localhost'
Jan 13, 2018 4:14:48 PM org.apache.catalina.core.ApplicationContext log
INFO: Manager: undeploy: Undeploying web application at '/ClientWebService'
Jan 13, 2018 4:14:49 PM org.apache.catalina.core.ApplicationContext log
INFO: Manager: install: Installing context configuration at 'file:/C:/Users/CHRIST~1/AppData/Local/Temp/context2511016503920400412.xml'
Jan 13, 2018 4:14:50 PM org.apache.catalina.core.ApplicationContext log
INFO: Manager: start: Starting web application '/ClientWebService'
Jan 13, 2018 4:16:29 PM org.apache.catalina.core.ApplicationContext log
INFO: Manager: list: Listing contexts for virtual host 'localhost'
Jan 13, 2018 4:17:07 PM org.apache.catalina.core.ApplicationContext log
INFO: Manager: list: Listing contexts for virtual host 'localhost'
Jan 13, 2018 4:17:20 PM org.apache.catalina.core.ApplicationContext log
INFO: Manager: list: Listing contexts for virtual host 'localhost'
Jan 13, 2018 4:17:39 PM org.apache.catalina.core.ApplicationContext log
INFO: Manager: list: Listing contexts for virtual host 'localhost'
Jan 13, 2018 4:17:39 PM org.apache.catalina.core.ApplicationContext log
INFO: Manager: undeploy: Undeploying web application at '/HostWebService'
Jan 13, 2018 4:17:47 PM org.apache.catalina.core.ApplicationContext log
INFO: Manager: install: Installing context configuration at 'file:/C:/Users/CHRIST~1/AppData/Local/Temp/context7031332255841939564.xml'
Jan 13, 2018 4:18:14 PM org.apache.catalina.core.ApplicationContext log
INFO: Manager: start: Starting web application '/HostWebService'
Jan 13, 2018 4:18:32 PM org.apache.catalina.core.ApplicationContext log
INFO: Manager: list: Listing contexts for virtual host 'localhost'
Jan 13, 2018 4:18:32 PM org.apache.catalina.core.ApplicationContext log
INFO: Manager: list: Listing contexts for virtual host 'localhost'
Jan 13, 2018 4:18:33 PM org.apache.catalina.core.ApplicationContext log
INFO: Manager: undeploy: Undeploying web application at '/ClientWebService'
Jan 13, 2018 4:18:33 PM org.apache.catalina.core.ApplicationContext log
INFO: Manager: install: Installing context configuration at 'file:/C:/Users/CHRIST~1/AppData/Local/Temp/context7398032509839972463.xml'
Jan 13, 2018 4:18:34 PM org.apache.catalina.core.ApplicationContext log
INFO: Manager: start: Starting web application '/ClientWebService'
Jan 13, 2018 4:18:58 PM org.apache.catalina.core.ApplicationContext log
INFO: Manager: list: Listing contexts for virtual host 'localhost'
Jan 13, 2018 4:18:58 PM org.apache.catalina.core.ApplicationContext log
INFO: Manager: list: Listing contexts for virtual host 'localhost'
Jan 13, 2018 4:18:58 PM org.apache.catalina.core.ApplicationContext log
INFO: Manager: undeploy: Undeploying web application at '/HostWebService'
Jan 13, 2018 4:19:07 PM org.apache.catalina.core.ApplicationContext log
INFO: Manager: install: Installing context configuration at 'file:/C:/Users/CHRIST~1/AppData/Local/Temp/context1097376383718850610.xml'
Jan 13, 2018 4:19:32 PM org.apache.catalina.core.ApplicationContext log
INFO: Manager: start: Starting web application '/HostWebService'
Jan 13, 2018 4:35:29 PM org.apache.catalina.core.ApplicationContext log
INFO: Manager: list: Listing contexts for virtual host 'localhost'
Jan 13, 2018 8:50:00 PM org.apache.catalina.core.ApplicationContext log
INFO: Manager: init: Associated with Deployer 'Catalina:type=Deployer,host=localhost'
Jan 13, 2018 8:50:00 PM org.apache.catalina.core.ApplicationContext log
INFO: Manager: init: Global resources are available
Jan 13, 2018 8:50:00 PM org.apache.catalina.core.ApplicationContext log
INFO: Manager: list: Listing contexts for virtual host 'localhost'
Jan 13, 2018 8:50:00 PM org.apache.catalina.core.ApplicationContext log
INFO: Manager: list: Listing contexts for virtual host 'localhost'
Jan 13, 2018 8:50:00 PM org.apache.catalina.core.ApplicationContext log
INFO: Manager: undeploy: Undeploying web application at '/ClientWebService'
Jan 13, 2018 8:50:01 PM org.apache.catalina.core.ApplicationContext log
INFO: Manager: install: Installing context configuration at 'file:/C:/Users/CHRIST~1/AppData/Local/Temp/context3393226019114260372.xml'
Jan 13, 2018 8:50:02 PM org.apache.catalina.core.ApplicationContext log
INFO: Manager: start: Starting web application '/ClientWebService'
Jan 13, 2018 8:50:45 PM org.apache.catalina.core.ApplicationContext log
INFO: Manager: list: Listing contexts for virtual host 'localhost'
Jan 13, 2018 8:50:54 PM org.apache.catalina.core.ApplicationContext log
INFO: Manager: list: Listing contexts for virtual host 'localhost'
Jan 13, 2018 8:50:54 PM org.apache.catalina.core.ApplicationContext log
INFO: Manager: list: Listing contexts for virtual host 'localhost'
Jan 13, 2018 8:50:54 PM org.apache.catalina.core.ApplicationContext log
INFO: Manager: undeploy: Undeploying web application at '/ClientWebService'
Jan 13, 2018 8:50:55 PM org.apache.catalina.core.ApplicationContext log
INFO: Manager: install: Installing context configuration at 'file:/C:/Users/CHRIST~1/AppData/Local/Temp/context6767777343541927834.xml'
Jan 13, 2018 8:50:55 PM org.apache.catalina.core.ApplicationContext log
INFO: Manager: start: Starting web application '/ClientWebService'
Jan 13, 2018 8:51:58 PM org.apache.catalina.core.ApplicationContext log
INFO: Manager: list: Listing contexts for virtual host 'localhost'
Jan 13, 2018 8:51:58 PM org.apache.catalina.core.ApplicationContext log
INFO: Manager: undeploy: Undeploying web application at '/ClientWebService'
Jan 13, 2018 8:51:59 PM org.apache.catalina.core.ApplicationContext log
INFO: Manager: install: Installing context configuration at 'file:/C:/Users/CHRIST~1/AppData/Local/Temp/context201657426739510778.xml'
Jan 13, 2018 8:51:59 PM org.apache.catalina.core.ApplicationContext log
INFO: Manager: start: Starting web application '/ClientWebService'
Jan 13, 2018 8:53:21 PM org.apache.catalina.core.ApplicationContext log
INFO: Manager: list: Listing contexts for virtual host 'localhost'
Jan 13, 2018 8:53:30 PM org.apache.catalina.core.ApplicationContext log
INFO: Manager: list: Listing contexts for virtual host 'localhost'
Jan 13, 2018 8:53:30 PM org.apache.catalina.core.ApplicationContext log
INFO: Manager: list: Listing contexts for virtual host 'localhost'
Jan 13, 2018 8:53:33 PM org.apache.catalina.core.ApplicationContext log
INFO: Manager: list: Listing contexts for virtual host 'localhost'
Jan 13, 2018 8:53:33 PM org.apache.catalina.core.ApplicationContext log
INFO: Manager: restart: Reloading web application '/ClientWebService'
Jan 13, 2018 8:53:36 PM org.apache.catalina.core.ApplicationContext log
INFO: Manager: list: Listing contexts for virtual host 'localhost'
Jan 13, 2018 8:53:36 PM org.apache.catalina.core.ApplicationContext log
INFO: Manager: restart: Reloading web application '/ClientWebService'
Jan 13, 2018 8:58:37 PM org.apache.catalina.core.ApplicationContext log
INFO: Manager: list: Listing contexts for virtual host 'localhost'
Jan 13, 2018 8:58:37 PM org.apache.catalina.core.ApplicationContext log
INFO: Manager: restart: Reloading web application '/HostWebService'
Jan 13, 2018 8:59:09 PM org.apache.catalina.core.ApplicationContext log
INFO: Manager: list: Listing contexts for virtual host 'localhost'
Jan 13, 2018 8:59:09 PM org.apache.catalina.core.ApplicationContext log
INFO: Manager: stop: Stopping web application '/HostWebService'
Jan 13, 2018 8:59:16 PM org.apache.catalina.core.ApplicationContext log
INFO: Manager: start: Starting web application '/HostWebService'
Jan 13, 2018 9:07:59 PM org.apache.catalina.core.ApplicationContext log
INFO: Manager: list: Listing contexts for virtual host 'localhost'
Jan 13, 2018 9:07:59 PM org.apache.catalina.core.ApplicationContext log
INFO: Manager: restart: Reloading web application '/HostWebService'
Jan 13, 2018 9:08:04 PM org.apache.catalina.core.ApplicationContext log
INFO: Manager: list: Listing contexts for virtual host 'localhost'
Jan 13, 2018 9:08:04 PM org.apache.catalina.core.ApplicationContext log
INFO: Manager: list: Listing contexts for virtual host 'localhost'
Jan 13, 2018 9:08:32 PM org.apache.catalina.core.ApplicationContext log
INFO: Manager: undeploy: Undeploying web application at '/ClientWebService'
Jan 13, 2018 9:08:33 PM org.apache.catalina.core.ApplicationContext log
INFO: Manager: install: Installing context configuration at 'file:/C:/Users/CHRIST~1/AppData/Local/Temp/context8931664456828716792.xml'
Jan 13, 2018 9:08:34 PM org.apache.catalina.core.ApplicationContext log
INFO: Manager: start: Starting web application '/ClientWebService'
Jan 13, 2018 10:37:40 PM org.apache.catalina.core.ApplicationContext log
INFO: Manager: list: Listing contexts for virtual host 'localhost'
