Jan 15, 2018 9:20:58 AM org.apache.catalina.core.ApplicationContext log
INFO: Manager: init: Associated with Deployer 'Catalina:type=Deployer,host=localhost'
Jan 15, 2018 9:20:58 AM org.apache.catalina.core.ApplicationContext log
INFO: Manager: init: Global resources are available
Jan 15, 2018 9:20:58 AM org.apache.catalina.core.ApplicationContext log
INFO: Manager: list: Listing contexts for virtual host 'localhost'
Jan 15, 2018 9:20:58 AM org.apache.catalina.core.ApplicationContext log
INFO: Manager: undeploy: Undeploying web application at '/HostWebService'
Jan 15, 2018 9:20:58 AM org.apache.catalina.core.ApplicationContext log
INFO: Manager: install: Installing context configuration at 'file:/C:/Users/admin/AppData/Local/Temp/context2610305892606094415.xml'
Jan 15, 2018 9:21:39 AM org.apache.catalina.core.ApplicationContext log
INFO: Manager: start: Starting web application '/HostWebService'
Jan 15, 2018 9:22:45 AM org.apache.catalina.core.ApplicationContext log
INFO: Manager: list: Listing contexts for virtual host 'localhost'
Jan 15, 2018 9:22:45 AM org.apache.catalina.core.ApplicationContext log
INFO: Manager: undeploy: Undeploying web application at '/ClientWebService'
Jan 15, 2018 9:22:47 AM org.apache.catalina.core.ApplicationContext log
INFO: Manager: install: Installing context configuration at 'file:/C:/Users/admin/AppData/Local/Temp/context1505332339677178780.xml'
Jan 15, 2018 9:22:47 AM org.apache.catalina.core.ApplicationContext log
INFO: Manager: start: Starting web application '/ClientWebService'
Jan 15, 2018 9:28:54 AM org.apache.catalina.core.ApplicationContext log
INFO: Manager: list: Listing contexts for virtual host 'localhost'
Jan 15, 2018 9:28:54 AM org.apache.catalina.core.ApplicationContext log
INFO: Manager: list: Listing contexts for virtual host 'localhost'
Jan 15, 2018 9:28:54 AM org.apache.catalina.core.ApplicationContext log
INFO: Manager: undeploy: Undeploying web application at '/HostWebService'
Jan 15, 2018 9:29:07 AM org.apache.catalina.core.ApplicationContext log
INFO: Manager: install: Installing context configuration at 'file:/C:/Users/admin/AppData/Local/Temp/context1461694102751242429.xml'
Jan 15, 2018 9:29:36 AM org.apache.catalina.core.ApplicationContext log
INFO: Manager: start: Starting web application '/HostWebService'
Jan 15, 2018 9:29:44 AM org.apache.catalina.core.ApplicationContext log
INFO: Manager: list: Listing contexts for virtual host 'localhost'
Jan 15, 2018 9:29:44 AM org.apache.catalina.core.ApplicationContext log
INFO: Manager: list: Listing contexts for virtual host 'localhost'
Jan 15, 2018 9:30:18 AM org.apache.catalina.core.ApplicationContext log
INFO: Manager: list: Listing contexts for virtual host 'localhost'
Jan 15, 2018 9:30:18 AM org.apache.catalina.core.ApplicationContext log
INFO: Manager: list: Listing contexts for virtual host 'localhost'
Jan 15, 2018 9:36:50 AM org.apache.catalina.core.ApplicationContext log
INFO: Manager: list: Listing contexts for virtual host 'localhost'
Jan 15, 2018 9:36:50 AM org.apache.catalina.core.ApplicationContext log
INFO: Manager: list: Listing contexts for virtual host 'localhost'
Jan 15, 2018 9:36:50 AM org.apache.catalina.core.ApplicationContext log
INFO: Manager: undeploy: Undeploying web application at '/HostWebService'
Jan 15, 2018 9:36:59 AM org.apache.catalina.core.ApplicationContext log
INFO: Manager: install: Installing context configuration at 'file:/C:/Users/admin/AppData/Local/Temp/context8381514905312095242.xml'
Jan 15, 2018 9:37:37 AM org.apache.catalina.core.ApplicationContext log
INFO: Manager: start: Starting web application '/HostWebService'
Jan 15, 2018 9:38:22 AM org.apache.catalina.core.ApplicationContext log
INFO: Manager: list: Listing contexts for virtual host 'localhost'
Jan 15, 2018 9:38:22 AM org.apache.catalina.core.ApplicationContext log
INFO: Manager: list: Listing contexts for virtual host 'localhost'
Jan 15, 2018 9:39:57 AM org.apache.catalina.core.ApplicationContext log
INFO: Manager: list: Listing contexts for virtual host 'localhost'
Jan 15, 2018 9:39:57 AM org.apache.catalina.core.ApplicationContext log
INFO: Manager: restart: Reloading web application '/ClientWebService'
Jan 15, 2018 9:40:02 AM org.apache.catalina.core.ApplicationContext log
INFO: Manager: list: Listing contexts for virtual host 'localhost'
Jan 15, 2018 9:40:02 AM org.apache.catalina.core.ApplicationContext log
INFO: Manager: list: Listing contexts for virtual host 'localhost'
Jan 15, 2018 9:40:03 AM org.apache.catalina.core.ApplicationContext log
INFO: Manager: undeploy: Undeploying web application at '/HostWebService'
Jan 15, 2018 9:40:12 AM org.apache.catalina.core.ApplicationContext log
INFO: Manager: install: Installing context configuration at 'file:/C:/Users/admin/AppData/Local/Temp/context8542452083738279757.xml'
Jan 15, 2018 9:40:41 AM org.apache.catalina.core.ApplicationContext log
INFO: Manager: start: Starting web application '/HostWebService'
Jan 15, 2018 9:40:45 AM org.apache.catalina.core.ApplicationContext log
INFO: Manager: list: Listing contexts for virtual host 'localhost'
Jan 15, 2018 9:40:45 AM org.apache.catalina.core.ApplicationContext log
INFO: Manager: list: Listing contexts for virtual host 'localhost'
Jan 15, 2018 9:40:45 AM org.apache.catalina.core.ApplicationContext log
INFO: Manager: restart: Reloading web application '/ClientWebService'
Jan 15, 2018 9:42:05 AM org.apache.catalina.core.ApplicationContext log
INFO: Manager: list: Listing contexts for virtual host 'localhost'
Jan 15, 2018 9:42:05 AM org.apache.catalina.core.ApplicationContext log
INFO: Manager: restart: Reloading web application '/ClientWebService'
Jan 15, 2018 9:42:09 AM org.apache.catalina.core.ApplicationContext log
INFO: Manager: list: Listing contexts for virtual host 'localhost'
Jan 15, 2018 9:42:09 AM org.apache.catalina.core.ApplicationContext log
INFO: Manager: list: Listing contexts for virtual host 'localhost'
Jan 15, 2018 9:42:09 AM org.apache.catalina.core.ApplicationContext log
INFO: Manager: restart: Reloading web application '/ClientWebService'
Jan 15, 2018 9:42:33 AM org.apache.catalina.core.ApplicationContext log
INFO: Manager: list: Listing contexts for virtual host 'localhost'
Jan 15, 2018 9:42:33 AM org.apache.catalina.core.ApplicationContext log
INFO: Manager: restart: Reloading web application '/ClientWebService'
Jan 15, 2018 9:44:12 AM org.apache.catalina.core.ApplicationContext log
INFO: Manager: list: Listing contexts for virtual host 'localhost'
Jan 15, 2018 9:44:22 AM org.apache.catalina.core.ApplicationContext log
INFO: Manager: list: Listing contexts for virtual host 'localhost'
Jan 15, 2018 9:44:22 AM org.apache.catalina.core.ApplicationContext log
INFO: Manager: list: Listing contexts for virtual host 'localhost'
Jan 15, 2018 9:44:22 AM org.apache.catalina.core.ApplicationContext log
INFO: Manager: undeploy: Undeploying web application at '/HostWebService'
Jan 15, 2018 9:44:33 AM org.apache.catalina.core.ApplicationContext log
INFO: Manager: install: Installing context configuration at 'file:/C:/Users/admin/AppData/Local/Temp/context121010332354343875.xml'
Jan 15, 2018 9:45:07 AM org.apache.catalina.core.ApplicationContext log
INFO: Manager: start: Starting web application '/HostWebService'
Jan 15, 2018 9:45:10 AM org.apache.catalina.core.ApplicationContext log
INFO: Manager: list: Listing contexts for virtual host 'localhost'
Jan 15, 2018 9:45:10 AM org.apache.catalina.core.ApplicationContext log
INFO: Manager: list: Listing contexts for virtual host 'localhost'
Jan 15, 2018 9:45:34 AM org.apache.catalina.core.ApplicationContext log
INFO: Manager: list: Listing contexts for virtual host 'localhost'
Jan 15, 2018 9:45:34 AM org.apache.catalina.core.ApplicationContext log
INFO: Manager: list: Listing contexts for virtual host 'localhost'
Jan 15, 2018 9:45:34 AM org.apache.catalina.core.ApplicationContext log
INFO: Manager: undeploy: Undeploying web application at '/HostWebService'
Jan 15, 2018 9:45:45 AM org.apache.catalina.core.ApplicationContext log
INFO: Manager: install: Installing context configuration at 'file:/C:/Users/admin/AppData/Local/Temp/context5213294385832631786.xml'
Jan 15, 2018 9:46:14 AM org.apache.catalina.core.ApplicationContext log
INFO: Manager: start: Starting web application '/HostWebService'
Jan 15, 2018 9:46:34 AM org.apache.catalina.core.ApplicationContext log
INFO: Manager: list: Listing contexts for virtual host 'localhost'
Jan 15, 2018 9:46:34 AM org.apache.catalina.core.ApplicationContext log
INFO: Manager: list: Listing contexts for virtual host 'localhost'
Jan 15, 2018 9:46:35 AM org.apache.catalina.core.ApplicationContext log
INFO: Manager: restart: Reloading web application '/ClientWebService'
Jan 15, 2018 9:47:35 AM org.apache.catalina.core.ApplicationContext log
INFO: Manager: list: Listing contexts for virtual host 'localhost'
Jan 15, 2018 9:47:35 AM org.apache.catalina.core.ApplicationContext log
INFO: Manager: restart: Reloading web application '/ClientWebService'
Jan 15, 2018 9:47:42 AM org.apache.catalina.core.ApplicationContext log
INFO: Manager: list: Listing contexts for virtual host 'localhost'
Jan 15, 2018 9:47:42 AM org.apache.catalina.core.ApplicationContext log
INFO: Manager: list: Listing contexts for virtual host 'localhost'
Jan 15, 2018 9:47:43 AM org.apache.catalina.core.ApplicationContext log
INFO: Manager: undeploy: Undeploying web application at '/HostWebService'
Jan 15, 2018 9:47:53 AM org.apache.catalina.core.ApplicationContext log
INFO: Manager: install: Installing context configuration at 'file:/C:/Users/admin/AppData/Local/Temp/context1094135992580672068.xml'
Jan 15, 2018 9:48:29 AM org.apache.catalina.core.ApplicationContext log
INFO: Manager: start: Starting web application '/HostWebService'
Jan 15, 2018 9:48:43 AM org.apache.catalina.core.ApplicationContext log
INFO: Manager: list: Listing contexts for virtual host 'localhost'
Jan 15, 2018 9:48:43 AM org.apache.catalina.core.ApplicationContext log
INFO: Manager: list: Listing contexts for virtual host 'localhost'
Jan 15, 2018 9:48:43 AM org.apache.catalina.core.ApplicationContext log
INFO: Manager: restart: Reloading web application '/ClientWebService'
Jan 15, 2018 9:50:09 AM org.apache.catalina.core.ApplicationContext log
INFO: Manager: list: Listing contexts for virtual host 'localhost'
Jan 15, 2018 9:50:09 AM org.apache.catalina.core.ApplicationContext log
INFO: Manager: list: Listing contexts for virtual host 'localhost'
Jan 15, 2018 9:50:09 AM org.apache.catalina.core.ApplicationContext log
INFO: Manager: undeploy: Undeploying web application at '/HostWebService'
Jan 15, 2018 9:50:19 AM org.apache.catalina.core.ApplicationContext log
INFO: Manager: install: Installing context configuration at 'file:/C:/Users/admin/AppData/Local/Temp/context1169926480974985368.xml'
Jan 15, 2018 9:50:51 AM org.apache.catalina.core.ApplicationContext log
INFO: Manager: start: Starting web application '/HostWebService'
Jan 15, 2018 9:54:50 AM org.apache.catalina.core.ApplicationContext log
INFO: Manager: list: Listing contexts for virtual host 'localhost'
Jan 15, 2018 9:54:50 AM org.apache.catalina.core.ApplicationContext log
INFO: Manager: list: Listing contexts for virtual host 'localhost'
Jan 15, 2018 9:55:42 AM org.apache.catalina.core.ApplicationContext log
INFO: Manager: list: Listing contexts for virtual host 'localhost'
Jan 15, 2018 9:55:42 AM org.apache.catalina.core.ApplicationContext log
INFO: Manager: restart: Reloading web application '/ClientWebService'
Jan 15, 2018 9:56:07 AM org.apache.catalina.core.ApplicationContext log
INFO: Manager: list: Listing contexts for virtual host 'localhost'
Jan 15, 2018 9:56:07 AM org.apache.catalina.core.ApplicationContext log
INFO: Manager: list: Listing contexts for virtual host 'localhost'
Jan 15, 2018 9:56:07 AM org.apache.catalina.core.ApplicationContext log
INFO: Manager: undeploy: Undeploying web application at '/HostWebService'
Jan 15, 2018 9:56:18 AM org.apache.catalina.core.ApplicationContext log
INFO: Manager: install: Installing context configuration at 'file:/C:/Users/admin/AppData/Local/Temp/context9111694324916686979.xml'
Jan 15, 2018 9:56:49 AM org.apache.catalina.core.ApplicationContext log
INFO: Manager: start: Starting web application '/HostWebService'
Jan 15, 2018 9:56:54 AM org.apache.catalina.core.ApplicationContext log
INFO: Manager: list: Listing contexts for virtual host 'localhost'
Jan 15, 2018 9:56:54 AM org.apache.catalina.core.ApplicationContext log
INFO: Manager: list: Listing contexts for virtual host 'localhost'
Jan 15, 2018 9:56:55 AM org.apache.catalina.core.ApplicationContext log
INFO: Manager: restart: Reloading web application '/ClientWebService'
Jan 15, 2018 9:58:05 AM org.apache.catalina.core.ApplicationContext log
INFO: Manager: list: Listing contexts for virtual host 'localhost'
Jan 15, 2018 9:58:05 AM org.apache.catalina.core.ApplicationContext log
INFO: Manager: restart: Reloading web application '/HostWebService'
Jan 15, 2018 9:58:19 AM org.apache.catalina.core.ApplicationContext log
INFO: Manager: list: Listing contexts for virtual host 'localhost'
Jan 15, 2018 9:58:19 AM org.apache.catalina.core.ApplicationContext log
INFO: Manager: list: Listing contexts for virtual host 'localhost'
Jan 15, 2018 9:58:51 AM org.apache.catalina.core.ApplicationContext log
INFO: Manager: undeploy: Undeploying web application at '/HostWebService'
Jan 15, 2018 9:59:00 AM org.apache.catalina.core.ApplicationContext log
INFO: Manager: install: Installing context configuration at 'file:/C:/Users/admin/AppData/Local/Temp/context6327275437602988918.xml'
Jan 15, 2018 9:59:29 AM org.apache.catalina.core.ApplicationContext log
INFO: Manager: start: Starting web application '/HostWebService'
Jan 15, 2018 9:59:39 AM org.apache.catalina.core.ApplicationContext log
INFO: Manager: list: Listing contexts for virtual host 'localhost'
Jan 15, 2018 9:59:39 AM org.apache.catalina.core.ApplicationContext log
INFO: Manager: list: Listing contexts for virtual host 'localhost'
Jan 15, 2018 10:01:09 AM org.apache.catalina.core.ApplicationContext log
INFO: Manager: list: Listing contexts for virtual host 'localhost'
Jan 15, 2018 10:01:09 AM org.apache.catalina.core.ApplicationContext log
INFO: Manager: restart: Reloading web application '/HostWebService'
Jan 15, 2018 10:01:19 AM org.apache.catalina.core.ApplicationContext log
INFO: Manager: list: Listing contexts for virtual host 'localhost'
Jan 15, 2018 10:01:19 AM org.apache.catalina.core.ApplicationContext log
INFO: Manager: list: Listing contexts for virtual host 'localhost'
Jan 15, 2018 10:01:45 AM org.apache.catalina.core.ApplicationContext log
INFO: Manager: undeploy: Undeploying web application at '/HostWebService'
Jan 15, 2018 10:01:55 AM org.apache.catalina.core.ApplicationContext log
INFO: Manager: install: Installing context configuration at 'file:/C:/Users/admin/AppData/Local/Temp/context2763611068431665622.xml'
Jan 15, 2018 10:02:22 AM org.apache.catalina.core.ApplicationContext log
INFO: Manager: start: Starting web application '/HostWebService'
Jan 15, 2018 10:02:37 AM org.apache.catalina.core.ApplicationContext log
INFO: Manager: list: Listing contexts for virtual host 'localhost'
Jan 15, 2018 10:02:37 AM org.apache.catalina.core.ApplicationContext log
INFO: Manager: list: Listing contexts for virtual host 'localhost'
Jan 15, 2018 10:30:46 AM org.apache.catalina.core.ApplicationContext log
INFO: Manager: init: Associated with Deployer 'Catalina:type=Deployer,host=localhost'
Jan 15, 2018 10:30:46 AM org.apache.catalina.core.ApplicationContext log
INFO: Manager: init: Global resources are available
Jan 15, 2018 10:30:46 AM org.apache.catalina.core.ApplicationContext log
INFO: Manager: list: Listing contexts for virtual host 'localhost'
Jan 15, 2018 10:30:46 AM org.apache.catalina.core.ApplicationContext log
INFO: Manager: list: Listing contexts for virtual host 'localhost'
Jan 15, 2018 10:30:46 AM org.apache.catalina.core.ApplicationContext log
INFO: Manager: install: Installing context configuration at 'file:/C:/Users/NRMW59~1/AppData/Local/Temp/context2755803664859853327.xml'
Jan 15, 2018 10:31:32 AM org.apache.catalina.core.ApplicationContext log
INFO: Manager: start: Starting web application '/WebServiceServer'
Jan 15, 2018 10:31:52 AM org.apache.catalina.core.ApplicationContext log
INFO: Manager: list: Listing contexts for virtual host 'localhost'
Jan 15, 2018 10:31:52 AM org.apache.catalina.core.ApplicationContext log
INFO: Manager: list: Listing contexts for virtual host 'localhost'
Jan 15, 2018 10:31:52 AM org.apache.catalina.core.ApplicationContext log
INFO: Manager: install: Installing context configuration at 'file:/C:/Users/NRMW59~1/AppData/Local/Temp/context6456669553557132025.xml'
Jan 15, 2018 10:31:54 AM org.apache.catalina.core.ApplicationContext log
INFO: Manager: start: Starting web application '/WebServiceClient'
Jan 15, 2018 10:37:40 AM org.apache.catalina.core.ApplicationContext log
INFO: Manager: init: Associated with Deployer 'Catalina:type=Deployer,host=localhost'
Jan 15, 2018 10:37:40 AM org.apache.catalina.core.ApplicationContext log
INFO: Manager: init: Global resources are available
Jan 15, 2018 10:37:40 AM org.apache.catalina.core.ApplicationContext log
INFO: Manager: list: Listing contexts for virtual host 'localhost'
Jan 15, 2018 10:37:40 AM org.apache.catalina.core.ApplicationContext log
INFO: Manager: list: Listing contexts for virtual host 'localhost'
Jan 15, 2018 10:37:40 AM org.apache.catalina.core.ApplicationContext log
INFO: Manager: undeploy: Undeploying web application at '/WebServiceClient'
Jan 15, 2018 10:37:41 AM org.apache.catalina.core.ApplicationContext log
INFO: Manager: install: Installing context configuration at 'file:/C:/Users/NRMW59~1/AppData/Local/Temp/context430386085151783420.xml'
Jan 15, 2018 10:37:41 AM org.apache.catalina.core.ApplicationContext log
INFO: Manager: start: Starting web application '/WebServiceClient'
Jan 15, 2018 10:50:10 AM org.apache.catalina.core.ApplicationContext log
INFO: Manager: list: Listing contexts for virtual host 'localhost'
Jan 15, 2018 10:50:10 AM org.apache.catalina.core.ApplicationContext log
INFO: Manager: list: Listing contexts for virtual host 'localhost'
Jan 15, 2018 11:09:22 AM org.apache.catalina.core.ApplicationContext log
INFO: Manager: list: Listing contexts for virtual host 'localhost'
Jan 15, 2018 11:09:22 AM org.apache.catalina.core.ApplicationContext log
INFO: Manager: list: Listing contexts for virtual host 'localhost'
Jan 15, 2018 12:19:59 PM org.apache.catalina.core.ApplicationContext log
INFO: Manager: list: Listing contexts for virtual host 'localhost'
Jan 15, 2018 12:20:00 PM org.apache.catalina.core.ApplicationContext log
INFO: Manager: list: Listing contexts for virtual host 'localhost'
Jan 15, 2018 12:20:00 PM org.apache.catalina.core.ApplicationContext log
INFO: Manager: list: Listing contexts for virtual host 'localhost'
Jan 15, 2018 12:20:00 PM org.apache.catalina.core.ApplicationContext log
INFO: Manager: undeploy: Undeploying web application at '/WebServiceServer'
Jan 15, 2018 12:20:16 PM org.apache.catalina.core.ApplicationContext log
INFO: Manager: install: Installing context configuration at 'file:/C:/Users/NRMW59~1/AppData/Local/Temp/context2782067955743409002.xml'
Jan 15, 2018 12:21:04 PM org.apache.catalina.core.ApplicationContext log
INFO: Manager: start: Starting web application '/WebServiceServer'
Jan 15, 2018 12:21:35 PM org.apache.catalina.core.ApplicationContext log
INFO: Manager: list: Listing contexts for virtual host 'localhost'
Jan 15, 2018 12:21:35 PM org.apache.catalina.core.ApplicationContext log
INFO: Manager: list: Listing contexts for virtual host 'localhost'
Jan 15, 2018 12:21:36 PM org.apache.catalina.core.ApplicationContext log
INFO: Manager: list: Listing contexts for virtual host 'localhost'
Jan 15, 2018 12:21:36 PM org.apache.catalina.core.ApplicationContext log
INFO: Manager: list: Listing contexts for virtual host 'localhost'
Jan 15, 2018 12:21:49 PM org.apache.catalina.core.ApplicationContext log
INFO: Manager: list: Listing contexts for virtual host 'localhost'
Jan 15, 2018 12:21:49 PM org.apache.catalina.core.ApplicationContext log
INFO: Manager: list: Listing contexts for virtual host 'localhost'
Jan 15, 2018 12:21:49 PM org.apache.catalina.core.ApplicationContext log
INFO: Manager: restart: Reloading web application '/WebServiceClient'
Jan 15, 2018 12:32:36 PM org.apache.catalina.core.ApplicationContext log
INFO: Manager: list: Listing contexts for virtual host 'localhost'
Jan 15, 2018 12:32:36 PM org.apache.catalina.core.ApplicationContext log
INFO: Manager: list: Listing contexts for virtual host 'localhost'
Jan 15, 2018 12:33:27 PM org.apache.catalina.core.ApplicationContext log
INFO: Manager: list: Listing contexts for virtual host 'localhost'
Jan 15, 2018 12:33:27 PM org.apache.catalina.core.ApplicationContext log
INFO: Manager: list: Listing contexts for virtual host 'localhost'
Jan 15, 2018 12:41:12 PM org.apache.catalina.core.ApplicationContext log
INFO: Manager: init: Associated with Deployer 'Catalina:type=Deployer,host=localhost'
Jan 15, 2018 12:41:12 PM org.apache.catalina.core.ApplicationContext log
INFO: Manager: init: Global resources are available
Jan 15, 2018 12:41:12 PM org.apache.catalina.core.ApplicationContext log
INFO: Manager: list: Listing contexts for virtual host 'localhost'
Jan 15, 2018 12:41:12 PM org.apache.catalina.core.ApplicationContext log
INFO: Manager: list: Listing contexts for virtual host 'localhost'
Jan 15, 2018 12:54:55 PM org.apache.catalina.core.ApplicationContext log
INFO: Manager: list: Listing contexts for virtual host 'localhost'
Jan 15, 2018 12:54:55 PM org.apache.catalina.core.ApplicationContext log
INFO: Manager: list: Listing contexts for virtual host 'localhost'
Jan 15, 2018 1:01:53 PM org.apache.catalina.core.ApplicationContext log
INFO: Manager: list: Listing contexts for virtual host 'localhost'
Jan 15, 2018 1:01:53 PM org.apache.catalina.core.ApplicationContext log
INFO: Manager: list: Listing contexts for virtual host 'localhost'
Jan 15, 2018 1:04:06 PM org.apache.catalina.core.ApplicationContext log
INFO: Manager: list: Listing contexts for virtual host 'localhost'
Jan 15, 2018 1:04:06 PM org.apache.catalina.core.ApplicationContext log
INFO: Manager: list: Listing contexts for virtual host 'localhost'
Jan 15, 2018 1:04:56 PM org.apache.catalina.core.ApplicationContext log
INFO: Manager: list: Listing contexts for virtual host 'localhost'
Jan 15, 2018 1:04:56 PM org.apache.catalina.core.ApplicationContext log
INFO: Manager: list: Listing contexts for virtual host 'localhost'
Jan 15, 2018 1:07:11 PM org.apache.catalina.core.ApplicationContext log
INFO: Manager: list: Listing contexts for virtual host 'localhost'
Jan 15, 2018 1:07:11 PM org.apache.catalina.core.ApplicationContext log
INFO: Manager: list: Listing contexts for virtual host 'localhost'
Jan 15, 2018 1:07:52 PM org.apache.catalina.core.ApplicationContext log
INFO: Manager: list: Listing contexts for virtual host 'localhost'
Jan 15, 2018 1:07:52 PM org.apache.catalina.core.ApplicationContext log
INFO: Manager: list: Listing contexts for virtual host 'localhost'
Jan 15, 2018 1:12:48 PM org.apache.catalina.core.ApplicationContext log
INFO: Manager: list: Listing contexts for virtual host 'localhost'
Jan 15, 2018 1:12:48 PM org.apache.catalina.core.ApplicationContext log
INFO: Manager: list: Listing contexts for virtual host 'localhost'
Jan 15, 2018 1:13:51 PM org.apache.catalina.core.ApplicationContext log
INFO: Manager: list: Listing contexts for virtual host 'localhost'
Jan 15, 2018 1:13:51 PM org.apache.catalina.core.ApplicationContext log
INFO: Manager: list: Listing contexts for virtual host 'localhost'
Jan 15, 2018 1:14:33 PM org.apache.catalina.core.ApplicationContext log
INFO: Manager: list: Listing contexts for virtual host 'localhost'
Jan 15, 2018 1:14:33 PM org.apache.catalina.core.ApplicationContext log
INFO: Manager: list: Listing contexts for virtual host 'localhost'
Jan 15, 2018 1:19:20 PM org.apache.catalina.core.ApplicationContext log
INFO: Manager: list: Listing contexts for virtual host 'localhost'
Jan 15, 2018 1:19:20 PM org.apache.catalina.core.ApplicationContext log
INFO: Manager: list: Listing contexts for virtual host 'localhost'
Jan 15, 2018 1:19:20 PM org.apache.catalina.core.ApplicationContext log
INFO: Manager: restart: Reloading web application '/WebServiceClient'
Jan 15, 2018 1:24:26 PM org.apache.catalina.core.ApplicationContext log
INFO: Manager: list: Listing contexts for virtual host 'localhost'
Jan 15, 2018 1:24:26 PM org.apache.catalina.core.ApplicationContext log
INFO: Manager: list: Listing contexts for virtual host 'localhost'
Jan 15, 2018 1:24:27 PM org.apache.catalina.core.ApplicationContext log
INFO: Manager: restart: Reloading web application '/WebServiceClient'
Jan 15, 2018 1:26:21 PM org.apache.catalina.core.ApplicationContext log
INFO: Manager: list: Listing contexts for virtual host 'localhost'
Jan 15, 2018 1:26:21 PM org.apache.catalina.core.ApplicationContext log
INFO: Manager: restart: Reloading web application '/WebServiceClient'
Jan 15, 2018 1:26:30 PM org.apache.catalina.core.ApplicationContext log
INFO: Manager: list: Listing contexts for virtual host 'localhost'
Jan 15, 2018 1:26:30 PM org.apache.catalina.core.ApplicationContext log
INFO: Manager: list: Listing contexts for virtual host 'localhost'
Jan 15, 2018 1:26:30 PM org.apache.catalina.core.ApplicationContext log
INFO: Manager: restart: Reloading web application '/WebServiceClient'
Jan 15, 2018 1:27:09 PM org.apache.catalina.core.ApplicationContext log
INFO: Manager: list: Listing contexts for virtual host 'localhost'
Jan 15, 2018 1:27:09 PM org.apache.catalina.core.ApplicationContext log
INFO: Manager: restart: Reloading web application '/WebServiceClient'
Jan 15, 2018 1:30:53 PM org.apache.catalina.core.ApplicationContext log
INFO: Manager: list: Listing contexts for virtual host 'localhost'
Jan 15, 2018 1:30:53 PM org.apache.catalina.core.ApplicationContext log
INFO: Manager: list: Listing contexts for virtual host 'localhost'
Jan 15, 2018 1:30:53 PM org.apache.catalina.core.ApplicationContext log
INFO: Manager: restart: Reloading web application '/WebServiceClient'
Jan 15, 2018 1:33:40 PM org.apache.catalina.core.ApplicationContext log
INFO: Manager: list: Listing contexts for virtual host 'localhost'
Jan 15, 2018 1:33:40 PM org.apache.catalina.core.ApplicationContext log
INFO: Manager: list: Listing contexts for virtual host 'localhost'
Jan 15, 2018 1:33:40 PM org.apache.catalina.core.ApplicationContext log
INFO: Manager: restart: Reloading web application '/WebServiceClient'
Jan 15, 2018 1:55:17 PM org.apache.catalina.core.ApplicationContext log
INFO: Manager: list: Listing contexts for virtual host 'localhost'
Jan 15, 2018 1:55:17 PM org.apache.catalina.core.ApplicationContext log
INFO: Manager: list: Listing contexts for virtual host 'localhost'
Jan 15, 2018 1:56:11 PM org.apache.catalina.core.ApplicationContext log
INFO: Manager: list: Listing contexts for virtual host 'localhost'
Jan 15, 2018 1:56:11 PM org.apache.catalina.core.ApplicationContext log
INFO: Manager: list: Listing contexts for virtual host 'localhost'
Jan 15, 2018 1:56:36 PM org.apache.catalina.core.ApplicationContext log
INFO: Manager: list: Listing contexts for virtual host 'localhost'
Jan 15, 2018 1:56:36 PM org.apache.catalina.core.ApplicationContext log
INFO: Manager: list: Listing contexts for virtual host 'localhost'
Jan 15, 2018 1:56:45 PM org.apache.catalina.core.ApplicationContext log
INFO: Manager: list: Listing contexts for virtual host 'localhost'
Jan 15, 2018 1:56:45 PM org.apache.catalina.core.ApplicationContext log
INFO: Manager: list: Listing contexts for virtual host 'localhost'
Jan 15, 2018 2:00:15 PM org.apache.catalina.core.ApplicationContext log
INFO: Manager: list: Listing contexts for virtual host 'localhost'
Jan 15, 2018 2:00:15 PM org.apache.catalina.core.ApplicationContext log
INFO: Manager: list: Listing contexts for virtual host 'localhost'
Jan 15, 2018 2:00:15 PM org.apache.catalina.core.ApplicationContext log
INFO: Manager: restart: Reloading web application '/WebServiceClient'
Jan 15, 2018 2:01:24 PM org.apache.catalina.core.ApplicationContext log
INFO: Manager: list: Listing contexts for virtual host 'localhost'
Jan 15, 2018 2:01:24 PM org.apache.catalina.core.ApplicationContext log
INFO: Manager: list: Listing contexts for virtual host 'localhost'
Jan 15, 2018 2:01:24 PM org.apache.catalina.core.ApplicationContext log
INFO: Manager: restart: Reloading web application '/WebServiceClient'
Jan 15, 2018 2:02:01 PM org.apache.catalina.core.ApplicationContext log
INFO: Manager: list: Listing contexts for virtual host 'localhost'
Jan 15, 2018 2:02:01 PM org.apache.catalina.core.ApplicationContext log
INFO: Manager: list: Listing contexts for virtual host 'localhost'
Jan 15, 2018 2:02:56 PM org.apache.catalina.core.ApplicationContext log
INFO: Manager: list: Listing contexts for virtual host 'localhost'
Jan 15, 2018 2:02:56 PM org.apache.catalina.core.ApplicationContext log
INFO: Manager: list: Listing contexts for virtual host 'localhost'
Jan 15, 2018 2:06:29 PM org.apache.catalina.core.ApplicationContext log
INFO: Manager: list: Listing contexts for virtual host 'localhost'
Jan 15, 2018 2:06:29 PM org.apache.catalina.core.ApplicationContext log
INFO: Manager: list: Listing contexts for virtual host 'localhost'
Jan 15, 2018 2:06:29 PM org.apache.catalina.core.ApplicationContext log
INFO: Manager: restart: Reloading web application '/WebServiceClient'
Jan 15, 2018 2:08:39 PM org.apache.catalina.core.ApplicationContext log
INFO: Manager: list: Listing contexts for virtual host 'localhost'
Jan 15, 2018 2:08:39 PM org.apache.catalina.core.ApplicationContext log
INFO: Manager: list: Listing contexts for virtual host 'localhost'
Jan 15, 2018 2:08:39 PM org.apache.catalina.core.ApplicationContext log
INFO: Manager: restart: Reloading web application '/WebServiceClient'
Jan 15, 2018 2:09:32 PM org.apache.catalina.core.ApplicationContext log
INFO: Manager: list: Listing contexts for virtual host 'localhost'
Jan 15, 2018 2:09:32 PM org.apache.catalina.core.ApplicationContext log
INFO: Manager: list: Listing contexts for virtual host 'localhost'
Jan 15, 2018 2:09:32 PM org.apache.catalina.core.ApplicationContext log
INFO: Manager: restart: Reloading web application '/WebServiceClient'
Jan 15, 2018 2:11:46 PM org.apache.catalina.core.ApplicationContext log
INFO: Manager: list: Listing contexts for virtual host 'localhost'
Jan 15, 2018 2:11:46 PM org.apache.catalina.core.ApplicationContext log
INFO: Manager: restart: Reloading web application '/WebServiceClient'
