Jan 08, 2018 1:04:02 PM org.apache.catalina.core.ApplicationContext log
INFO: Manager: list: Listing contexts for virtual host 'localhost'
Jan 08, 2018 1:04:02 PM org.apache.catalina.core.ApplicationContext log
INFO: Manager: list: Listing contexts for virtual host 'localhost'
Jan 08, 2018 1:04:23 PM org.apache.catalina.core.ApplicationContext log
INFO: Manager: undeploy: Undeploying web application at '/HostWebService'
Jan 08, 2018 1:04:32 PM org.apache.catalina.core.ApplicationContext log
INFO: Manager: install: Installing context configuration at 'file:/C:/Users/CHRIST~1/AppData/Local/Temp/context7058230051099450001.xml'
Jan 08, 2018 1:05:06 PM org.apache.catalina.core.ApplicationContext log
INFO: Manager: start: Starting web application '/HostWebService'
Jan 08, 2018 1:31:49 PM org.apache.catalina.core.ApplicationContext log
INFO: Manager: list: Listing contexts for virtual host 'localhost'
Jan 08, 2018 1:31:49 PM org.apache.catalina.core.ApplicationContext log
INFO: Manager: restart: Reloading web application '/HostWebService'
Jan 08, 2018 1:35:30 PM org.apache.catalina.core.ApplicationContext log
INFO: Manager: list: Listing contexts for virtual host 'localhost'
Jan 08, 2018 1:35:30 PM org.apache.catalina.core.ApplicationContext log
INFO: Manager: restart: Reloading web application '/HostWebService'
Jan 08, 2018 1:44:25 PM org.apache.catalina.core.ApplicationContext log
INFO: Manager: list: Listing contexts for virtual host 'localhost'
Jan 08, 2018 1:44:25 PM org.apache.catalina.core.ApplicationContext log
INFO: Manager: restart: Reloading web application '/HostWebService'
Jan 08, 2018 1:48:06 PM org.apache.catalina.core.ApplicationContext log
INFO: Manager: list: Listing contexts for virtual host 'localhost'
Jan 08, 2018 1:48:06 PM org.apache.catalina.core.ApplicationContext log
INFO: Manager: restart: Reloading web application '/HostWebService'
Jan 08, 2018 1:48:40 PM org.apache.catalina.core.ApplicationContext log
INFO: Manager: list: Listing contexts for virtual host 'localhost'
Jan 08, 2018 1:48:40 PM org.apache.catalina.core.ApplicationContext log
INFO: Manager: restart: Reloading web application '/HostWebService'
Jan 08, 2018 2:02:13 PM org.apache.catalina.core.ApplicationContext log
INFO: Manager: list: Listing contexts for virtual host 'localhost'
Jan 08, 2018 2:02:13 PM org.apache.catalina.core.ApplicationContext log
INFO: Manager: list: Listing contexts for virtual host 'localhost'
Jan 08, 2018 2:04:44 PM org.apache.catalina.core.ApplicationContext log
INFO: Manager: list: Listing contexts for virtual host 'localhost'
Jan 08, 2018 2:06:02 PM org.apache.catalina.core.ApplicationContext log
INFO: Manager: list: Listing contexts for virtual host 'localhost'
Jan 08, 2018 2:06:53 PM org.apache.catalina.core.ApplicationContext log
INFO: Manager: list: Listing contexts for virtual host 'localhost'
Jan 08, 2018 2:08:36 PM org.apache.catalina.core.ApplicationContext log
INFO: Manager: list: Listing contexts for virtual host 'localhost'
Jan 08, 2018 2:13:29 PM org.apache.catalina.core.ApplicationContext log
INFO: Manager: list: Listing contexts for virtual host 'localhost'
Jan 08, 2018 2:14:29 PM org.apache.catalina.core.ApplicationContext log
INFO: Manager: list: Listing contexts for virtual host 'localhost'
Jan 08, 2018 2:14:58 PM org.apache.catalina.core.ApplicationContext log
INFO: Manager: list: Listing contexts for virtual host 'localhost'
Jan 08, 2018 2:15:09 PM org.apache.catalina.core.ApplicationContext log
INFO: Manager: list: Listing contexts for virtual host 'localhost'
