Jan 16, 2018 8:10:14 AM org.apache.catalina.core.ApplicationContext log
INFO: Manager: init: Associated with Deployer 'Catalina:type=Deployer,host=localhost'
Jan 16, 2018 8:10:14 AM org.apache.catalina.core.ApplicationContext log
INFO: Manager: init: Global resources are available
Jan 16, 2018 8:10:14 AM org.apache.catalina.core.ApplicationContext log
INFO: Manager: list: Listing contexts for virtual host 'localhost'
Jan 16, 2018 8:10:14 AM org.apache.catalina.core.ApplicationContext log
INFO: Manager: list: Listing contexts for virtual host 'localhost'
Jan 16, 2018 8:10:15 AM org.apache.catalina.core.ApplicationContext log
INFO: Manager: restart: Reloading web application '/WebServiceClient'
Jan 16, 2018 10:49:26 AM org.apache.catalina.core.ApplicationContext log
INFO: Manager: init: Associated with Deployer 'Catalina:type=Deployer,host=localhost'
Jan 16, 2018 10:49:26 AM org.apache.catalina.core.ApplicationContext log
INFO: Manager: init: Global resources are available
Jan 16, 2018 10:49:26 AM org.apache.catalina.core.ApplicationContext log
INFO: Manager: list: Listing contexts for virtual host 'localhost'
Jan 16, 2018 10:49:26 AM org.apache.catalina.core.ApplicationContext log
INFO: Manager: list: Listing contexts for virtual host 'localhost'
Jan 16, 2018 10:49:26 AM org.apache.catalina.core.ApplicationContext log
INFO: Manager: undeploy: Undeploying web application at '/WebServiceServer'
Jan 16, 2018 10:49:50 AM org.apache.catalina.core.ApplicationContext log
INFO: Manager: install: Installing context configuration at 'file:/C:/Users/NRMW59~1/AppData/Local/Temp/context5115775311685572966.xml'
Jan 16, 2018 10:50:36 AM org.apache.catalina.core.ApplicationContext log
INFO: Manager: start: Starting web application '/WebServiceServer'
Jan 16, 2018 10:51:18 AM org.apache.catalina.core.ApplicationContext log
INFO: Manager: list: Listing contexts for virtual host 'localhost'
Jan 16, 2018 10:51:19 AM org.apache.catalina.core.ApplicationContext log
INFO: Manager: list: Listing contexts for virtual host 'localhost'
Jan 16, 2018 10:51:19 AM org.apache.catalina.core.ApplicationContext log
INFO: Manager: list: Listing contexts for virtual host 'localhost'
Jan 16, 2018 10:51:20 AM org.apache.catalina.core.ApplicationContext log
INFO: Manager: list: Listing contexts for virtual host 'localhost'
Jan 16, 2018 10:51:26 AM org.apache.catalina.core.ApplicationContext log
INFO: Manager: list: Listing contexts for virtual host 'localhost'
Jan 16, 2018 10:51:26 AM org.apache.catalina.core.ApplicationContext log
INFO: Manager: restart: Reloading web application '/WebServiceClient'
Jan 16, 2018 11:01:05 AM org.apache.catalina.core.ApplicationContext log
INFO: Manager: list: Listing contexts for virtual host 'localhost'
Jan 16, 2018 11:01:05 AM org.apache.catalina.core.ApplicationContext log
INFO: Manager: list: Listing contexts for virtual host 'localhost'
Jan 16, 2018 11:01:06 AM org.apache.catalina.core.ApplicationContext log
INFO: Manager: restart: Reloading web application '/WebServiceClient'
Jan 16, 2018 11:01:56 AM org.apache.catalina.core.ApplicationContext log
INFO: Manager: list: Listing contexts for virtual host 'localhost'
Jan 16, 2018 11:01:56 AM org.apache.catalina.core.ApplicationContext log
INFO: Manager: list: Listing contexts for virtual host 'localhost'
Jan 16, 2018 11:01:56 AM org.apache.catalina.core.ApplicationContext log
INFO: Manager: undeploy: Undeploying web application at '/WebServiceServer'
Jan 16, 2018 11:02:19 AM org.apache.catalina.core.ApplicationContext log
INFO: Manager: install: Installing context configuration at 'file:/C:/Users/NRMW59~1/AppData/Local/Temp/context5723933347492384823.xml'
Jan 16, 2018 11:03:02 AM org.apache.catalina.core.ApplicationContext log
INFO: Manager: start: Starting web application '/WebServiceServer'
Jan 16, 2018 11:03:20 AM org.apache.catalina.core.ApplicationContext log
INFO: Manager: list: Listing contexts for virtual host 'localhost'
Jan 16, 2018 11:03:20 AM org.apache.catalina.core.ApplicationContext log
INFO: Manager: list: Listing contexts for virtual host 'localhost'
Jan 16, 2018 11:04:03 AM org.apache.catalina.core.ApplicationContext log
INFO: Manager: list: Listing contexts for virtual host 'localhost'
Jan 16, 2018 11:04:03 AM org.apache.catalina.core.ApplicationContext log
INFO: Manager: list: Listing contexts for virtual host 'localhost'
Jan 16, 2018 11:04:03 AM org.apache.catalina.core.ApplicationContext log
INFO: Manager: undeploy: Undeploying web application at '/WebServiceServer'
Jan 16, 2018 11:04:27 AM org.apache.catalina.core.ApplicationContext log
INFO: Manager: install: Installing context configuration at 'file:/C:/Users/NRMW59~1/AppData/Local/Temp/context560039191426046231.xml'
Jan 16, 2018 11:05:10 AM org.apache.catalina.core.ApplicationContext log
INFO: Manager: start: Starting web application '/WebServiceServer'
Jan 16, 2018 11:05:44 AM org.apache.catalina.core.ApplicationContext log
INFO: Manager: list: Listing contexts for virtual host 'localhost'
Jan 16, 2018 11:05:44 AM org.apache.catalina.core.ApplicationContext log
INFO: Manager: list: Listing contexts for virtual host 'localhost'
Jan 16, 2018 11:07:08 AM org.apache.catalina.core.ApplicationContext log
INFO: Manager: list: Listing contexts for virtual host 'localhost'
Jan 16, 2018 11:07:08 AM org.apache.catalina.core.ApplicationContext log
INFO: Manager: list: Listing contexts for virtual host 'localhost'
Jan 16, 2018 11:07:08 AM org.apache.catalina.core.ApplicationContext log
INFO: Manager: undeploy: Undeploying web application at '/WebServiceServer'
Jan 16, 2018 11:07:32 AM org.apache.catalina.core.ApplicationContext log
INFO: Manager: install: Installing context configuration at 'file:/C:/Users/NRMW59~1/AppData/Local/Temp/context1604856004295459813.xml'
Jan 16, 2018 11:08:27 AM org.apache.catalina.core.ApplicationContext log
INFO: Manager: start: Starting web application '/WebServiceServer'
Jan 16, 2018 11:09:24 AM org.apache.catalina.core.ApplicationContext log
INFO: Manager: list: Listing contexts for virtual host 'localhost'
Jan 16, 2018 11:09:24 AM org.apache.catalina.core.ApplicationContext log
INFO: Manager: list: Listing contexts for virtual host 'localhost'
Jan 16, 2018 11:09:24 AM org.apache.catalina.core.ApplicationContext log
INFO: Manager: list: Listing contexts for virtual host 'localhost'
Jan 16, 2018 11:09:25 AM org.apache.catalina.core.ApplicationContext log
INFO: Manager: list: Listing contexts for virtual host 'localhost'
Jan 16, 2018 11:09:30 AM org.apache.catalina.core.ApplicationContext log
INFO: Manager: list: Listing contexts for virtual host 'localhost'
Jan 16, 2018 11:09:31 AM org.apache.catalina.core.ApplicationContext log
INFO: Manager: restart: Reloading web application '/WebServiceClient'
Jan 16, 2018 11:09:34 AM org.apache.catalina.core.ApplicationContext log
INFO: Manager: list: Listing contexts for virtual host 'localhost'
Jan 16, 2018 11:09:34 AM org.apache.catalina.core.ApplicationContext log
INFO: Manager: restart: Reloading web application '/WebServiceClient'
Jan 16, 2018 11:09:40 AM org.apache.catalina.core.ApplicationContext log
INFO: Manager: list: Listing contexts for virtual host 'localhost'
Jan 16, 2018 11:09:40 AM org.apache.catalina.core.ApplicationContext log
INFO: Manager: list: Listing contexts for virtual host 'localhost'
Jan 16, 2018 11:09:40 AM org.apache.catalina.core.ApplicationContext log
INFO: Manager: restart: Reloading web application '/WebServiceClient'
Jan 16, 2018 11:11:15 AM org.apache.catalina.core.ApplicationContext log
INFO: Manager: list: Listing contexts for virtual host 'localhost'
Jan 16, 2018 11:11:15 AM org.apache.catalina.core.ApplicationContext log
INFO: Manager: list: Listing contexts for virtual host 'localhost'
Jan 16, 2018 11:11:15 AM org.apache.catalina.core.ApplicationContext log
INFO: Manager: restart: Reloading web application '/WebServiceClient'
Jan 16, 2018 11:11:42 AM org.apache.catalina.core.ApplicationContext log
INFO: Manager: list: Listing contexts for virtual host 'localhost'
Jan 16, 2018 11:11:42 AM org.apache.catalina.core.ApplicationContext log
INFO: Manager: list: Listing contexts for virtual host 'localhost'
Jan 16, 2018 11:12:37 AM org.apache.catalina.core.ApplicationContext log
INFO: Manager: list: Listing contexts for virtual host 'localhost'
Jan 16, 2018 11:12:37 AM org.apache.catalina.core.ApplicationContext log
INFO: Manager: list: Listing contexts for virtual host 'localhost'
Jan 16, 2018 11:28:30 AM org.apache.catalina.core.ApplicationContext log
INFO: Manager: list: Listing contexts for virtual host 'localhost'
Jan 16, 2018 11:28:30 AM org.apache.catalina.core.ApplicationContext log
INFO: Manager: list: Listing contexts for virtual host 'localhost'
Jan 16, 2018 11:28:30 AM org.apache.catalina.core.ApplicationContext log
INFO: Manager: restart: Reloading web application '/WebServiceClient'
Jan 16, 2018 11:32:17 AM org.apache.catalina.core.ApplicationContext log
INFO: Manager: list: Listing contexts for virtual host 'localhost'
Jan 16, 2018 11:32:17 AM org.apache.catalina.core.ApplicationContext log
INFO: Manager: list: Listing contexts for virtual host 'localhost'
Jan 16, 2018 11:32:17 AM org.apache.catalina.core.ApplicationContext log
INFO: Manager: restart: Reloading web application '/WebServiceClient'
Jan 16, 2018 11:32:19 AM org.apache.catalina.core.ApplicationContext log
INFO: Manager: list: Listing contexts for virtual host 'localhost'
Jan 16, 2018 11:32:19 AM org.apache.catalina.core.ApplicationContext log
INFO: Manager: list: Listing contexts for virtual host 'localhost'
Jan 16, 2018 11:32:19 AM org.apache.catalina.core.ApplicationContext log
INFO: Manager: undeploy: Undeploying web application at '/WebServiceServer'
Jan 16, 2018 11:32:41 AM org.apache.catalina.core.ApplicationContext log
INFO: Manager: install: Installing context configuration at 'file:/C:/Users/NRMW59~1/AppData/Local/Temp/context2390467756420733185.xml'
Jan 16, 2018 11:33:23 AM org.apache.catalina.core.ApplicationContext log
INFO: Manager: start: Starting web application '/WebServiceServer'
Jan 16, 2018 11:34:02 AM org.apache.catalina.core.ApplicationContext log
INFO: Manager: list: Listing contexts for virtual host 'localhost'
Jan 16, 2018 11:34:02 AM org.apache.catalina.core.ApplicationContext log
INFO: Manager: list: Listing contexts for virtual host 'localhost'
Jan 16, 2018 11:34:03 AM org.apache.catalina.core.ApplicationContext log
INFO: Manager: list: Listing contexts for virtual host 'localhost'
Jan 16, 2018 11:34:03 AM org.apache.catalina.core.ApplicationContext log
INFO: Manager: list: Listing contexts for virtual host 'localhost'
Jan 16, 2018 11:34:06 AM org.apache.catalina.core.ApplicationContext log
INFO: Manager: list: Listing contexts for virtual host 'localhost'
Jan 16, 2018 11:34:06 AM org.apache.catalina.core.ApplicationContext log
INFO: Manager: restart: Reloading web application '/WebServiceClient'
Jan 16, 2018 11:34:10 AM org.apache.catalina.core.ApplicationContext log
INFO: Manager: list: Listing contexts for virtual host 'localhost'
Jan 16, 2018 11:34:10 AM org.apache.catalina.core.ApplicationContext log
INFO: Manager: restart: Reloading web application '/WebServiceClient'
Jan 16, 2018 11:34:14 AM org.apache.catalina.core.ApplicationContext log
INFO: Manager: list: Listing contexts for virtual host 'localhost'
Jan 16, 2018 11:34:14 AM org.apache.catalina.core.ApplicationContext log
INFO: Manager: restart: Reloading web application '/WebServiceClient'
Jan 16, 2018 11:34:42 AM org.apache.catalina.core.ApplicationContext log
INFO: Manager: list: Listing contexts for virtual host 'localhost'
Jan 16, 2018 11:34:42 AM org.apache.catalina.core.ApplicationContext log
INFO: Manager: list: Listing contexts for virtual host 'localhost'
Jan 16, 2018 11:34:42 AM org.apache.catalina.core.ApplicationContext log
INFO: Manager: restart: Reloading web application '/WebServiceClient'
Jan 16, 2018 11:39:49 AM org.apache.catalina.core.ApplicationContext log
INFO: Manager: list: Listing contexts for virtual host 'localhost'
Jan 16, 2018 11:39:49 AM org.apache.catalina.core.ApplicationContext log
INFO: Manager: list: Listing contexts for virtual host 'localhost'
Jan 16, 2018 11:39:49 AM org.apache.catalina.core.ApplicationContext log
INFO: Manager: restart: Reloading web application '/WebServiceClient'
Jan 16, 2018 11:41:16 AM org.apache.catalina.core.ApplicationContext log
INFO: Manager: list: Listing contexts for virtual host 'localhost'
Jan 16, 2018 11:41:16 AM org.apache.catalina.core.ApplicationContext log
INFO: Manager: list: Listing contexts for virtual host 'localhost'
Jan 16, 2018 11:41:16 AM org.apache.catalina.core.ApplicationContext log
INFO: Manager: restart: Reloading web application '/WebServiceClient'
Jan 16, 2018 11:42:07 AM org.apache.catalina.core.ApplicationContext log
INFO: Manager: list: Listing contexts for virtual host 'localhost'
Jan 16, 2018 11:42:07 AM org.apache.catalina.core.ApplicationContext log
INFO: Manager: list: Listing contexts for virtual host 'localhost'
Jan 16, 2018 11:44:04 AM org.apache.catalina.core.ApplicationContext log
INFO: Manager: list: Listing contexts for virtual host 'localhost'
Jan 16, 2018 11:44:04 AM org.apache.catalina.core.ApplicationContext log
INFO: Manager: list: Listing contexts for virtual host 'localhost'
Jan 16, 2018 11:44:04 AM org.apache.catalina.core.ApplicationContext log
INFO: Manager: restart: Reloading web application '/WebServiceClient'
Jan 16, 2018 11:44:37 AM org.apache.catalina.core.ApplicationContext log
INFO: Manager: list: Listing contexts for virtual host 'localhost'
Jan 16, 2018 11:44:37 AM org.apache.catalina.core.ApplicationContext log
INFO: Manager: list: Listing contexts for virtual host 'localhost'
Jan 16, 2018 11:44:53 AM org.apache.catalina.core.ApplicationContext log
INFO: Manager: list: Listing contexts for virtual host 'localhost'
Jan 16, 2018 11:44:53 AM org.apache.catalina.core.ApplicationContext log
INFO: Manager: list: Listing contexts for virtual host 'localhost'
Jan 16, 2018 11:45:39 AM org.apache.catalina.core.ApplicationContext log
INFO: Manager: list: Listing contexts for virtual host 'localhost'
Jan 16, 2018 11:45:39 AM org.apache.catalina.core.ApplicationContext log
INFO: Manager: list: Listing contexts for virtual host 'localhost'
Jan 16, 2018 11:45:39 AM org.apache.catalina.core.ApplicationContext log
INFO: Manager: undeploy: Undeploying web application at '/WebServiceServer'
Jan 16, 2018 11:46:02 AM org.apache.catalina.core.ApplicationContext log
INFO: Manager: install: Installing context configuration at 'file:/C:/Users/NRMW59~1/AppData/Local/Temp/context2733111101317020924.xml'
Jan 16, 2018 11:46:43 AM org.apache.catalina.core.ApplicationContext log
INFO: Manager: start: Starting web application '/WebServiceServer'
Jan 16, 2018 11:47:01 AM org.apache.catalina.core.ApplicationContext log
INFO: Manager: list: Listing contexts for virtual host 'localhost'
Jan 16, 2018 11:47:02 AM org.apache.catalina.core.ApplicationContext log
INFO: Manager: list: Listing contexts for virtual host 'localhost'
Jan 16, 2018 11:47:02 AM org.apache.catalina.core.ApplicationContext log
INFO: Manager: list: Listing contexts for virtual host 'localhost'
Jan 16, 2018 11:47:03 AM org.apache.catalina.core.ApplicationContext log
INFO: Manager: list: Listing contexts for virtual host 'localhost'
Jan 16, 2018 11:47:10 AM org.apache.catalina.core.ApplicationContext log
INFO: Manager: list: Listing contexts for virtual host 'localhost'
Jan 16, 2018 11:47:10 AM org.apache.catalina.core.ApplicationContext log
INFO: Manager: restart: Reloading web application '/WebServiceClient'
Jan 16, 2018 11:47:14 AM org.apache.catalina.core.ApplicationContext log
INFO: Manager: list: Listing contexts for virtual host 'localhost'
Jan 16, 2018 11:47:14 AM org.apache.catalina.core.ApplicationContext log
INFO: Manager: list: Listing contexts for virtual host 'localhost'
Jan 16, 2018 11:47:14 AM org.apache.catalina.core.ApplicationContext log
INFO: Manager: restart: Reloading web application '/WebServiceClient'
Jan 16, 2018 11:48:55 AM org.apache.catalina.core.ApplicationContext log
INFO: Manager: list: Listing contexts for virtual host 'localhost'
Jan 16, 2018 11:48:55 AM org.apache.catalina.core.ApplicationContext log
INFO: Manager: list: Listing contexts for virtual host 'localhost'
Jan 16, 2018 11:48:55 AM org.apache.catalina.core.ApplicationContext log
INFO: Manager: undeploy: Undeploying web application at '/WebServiceServer'
Jan 16, 2018 11:49:16 AM org.apache.catalina.core.ApplicationContext log
INFO: Manager: install: Installing context configuration at 'file:/C:/Users/NRMW59~1/AppData/Local/Temp/context1049350296738315150.xml'
Jan 16, 2018 11:49:54 AM org.apache.catalina.core.ApplicationContext log
INFO: Manager: start: Starting web application '/WebServiceServer'
Jan 16, 2018 11:50:08 AM org.apache.catalina.core.ApplicationContext log
INFO: Manager: list: Listing contexts for virtual host 'localhost'
Jan 16, 2018 11:50:08 AM org.apache.catalina.core.ApplicationContext log
INFO: Manager: list: Listing contexts for virtual host 'localhost'
Jan 16, 2018 11:50:09 AM org.apache.catalina.core.ApplicationContext log
INFO: Manager: list: Listing contexts for virtual host 'localhost'
Jan 16, 2018 11:50:09 AM org.apache.catalina.core.ApplicationContext log
INFO: Manager: list: Listing contexts for virtual host 'localhost'
Jan 16, 2018 11:50:20 AM org.apache.catalina.core.ApplicationContext log
INFO: Manager: list: Listing contexts for virtual host 'localhost'
Jan 16, 2018 11:50:20 AM org.apache.catalina.core.ApplicationContext log
INFO: Manager: restart: Reloading web application '/WebServiceClient'
Jan 16, 2018 11:50:46 AM org.apache.catalina.core.ApplicationContext log
INFO: Manager: list: Listing contexts for virtual host 'localhost'
Jan 16, 2018 11:50:46 AM org.apache.catalina.core.ApplicationContext log
INFO: Manager: list: Listing contexts for virtual host 'localhost'
Jan 16, 2018 11:50:46 AM org.apache.catalina.core.ApplicationContext log
INFO: Manager: restart: Reloading web application '/WebServiceClient'
Jan 16, 2018 11:52:54 AM org.apache.catalina.core.ApplicationContext log
INFO: Manager: list: Listing contexts for virtual host 'localhost'
Jan 16, 2018 11:52:54 AM org.apache.catalina.core.ApplicationContext log
INFO: Manager: list: Listing contexts for virtual host 'localhost'
Jan 16, 2018 11:52:54 AM org.apache.catalina.core.ApplicationContext log
INFO: Manager: undeploy: Undeploying web application at '/WebServiceServer'
Jan 16, 2018 11:53:17 AM org.apache.catalina.core.ApplicationContext log
INFO: Manager: install: Installing context configuration at 'file:/C:/Users/NRMW59~1/AppData/Local/Temp/context5259747143591957327.xml'
Jan 16, 2018 11:54:02 AM org.apache.catalina.core.ApplicationContext log
INFO: Manager: start: Starting web application '/WebServiceServer'
Jan 16, 2018 11:54:26 AM org.apache.catalina.core.ApplicationContext log
INFO: Manager: list: Listing contexts for virtual host 'localhost'
Jan 16, 2018 11:54:26 AM org.apache.catalina.core.ApplicationContext log
INFO: Manager: list: Listing contexts for virtual host 'localhost'
Jan 16, 2018 11:54:26 AM org.apache.catalina.core.ApplicationContext log
INFO: Manager: restart: Reloading web application '/WebServiceClient'
Jan 16, 2018 11:56:42 AM org.apache.catalina.core.ApplicationContext log
INFO: Manager: list: Listing contexts for virtual host 'localhost'
Jan 16, 2018 11:56:42 AM org.apache.catalina.core.ApplicationContext log
INFO: Manager: list: Listing contexts for virtual host 'localhost'
Jan 16, 2018 11:56:42 AM org.apache.catalina.core.ApplicationContext log
INFO: Manager: undeploy: Undeploying web application at '/WebServiceServer'
Jan 16, 2018 11:57:05 AM org.apache.catalina.core.ApplicationContext log
INFO: Manager: install: Installing context configuration at 'file:/C:/Users/NRMW59~1/AppData/Local/Temp/context1012766310670082201.xml'
Jan 16, 2018 11:57:48 AM org.apache.catalina.core.ApplicationContext log
INFO: Manager: start: Starting web application '/WebServiceServer'
Jan 16, 2018 11:58:31 AM org.apache.catalina.core.ApplicationContext log
INFO: Manager: list: Listing contexts for virtual host 'localhost'
Jan 16, 2018 11:58:31 AM org.apache.catalina.core.ApplicationContext log
INFO: Manager: list: Listing contexts for virtual host 'localhost'
Jan 16, 2018 11:59:39 AM org.apache.catalina.core.ApplicationContext log
INFO: Manager: list: Listing contexts for virtual host 'localhost'
Jan 16, 2018 11:59:39 AM org.apache.catalina.core.ApplicationContext log
INFO: Manager: restart: Reloading web application '/WebServiceServer'
Jan 16, 2018 12:00:46 PM org.apache.catalina.core.ApplicationContext log
INFO: Manager: list: Listing contexts for virtual host 'localhost'
Jan 16, 2018 12:00:46 PM org.apache.catalina.core.ApplicationContext log
INFO: Manager: restart: Reloading web application '/WebServiceServer'
Jan 16, 2018 12:02:05 PM org.apache.catalina.core.ApplicationContext log
INFO: Manager: list: Listing contexts for virtual host 'localhost'
Jan 16, 2018 12:02:05 PM org.apache.catalina.core.ApplicationContext log
INFO: Manager: list: Listing contexts for virtual host 'localhost'
Jan 16, 2018 12:02:05 PM org.apache.catalina.core.ApplicationContext log
INFO: Manager: undeploy: Undeploying web application at '/WebServiceServer'
Jan 16, 2018 12:02:30 PM org.apache.catalina.core.ApplicationContext log
INFO: Manager: install: Installing context configuration at 'file:/C:/Users/NRMW59~1/AppData/Local/Temp/context2888304268842344082.xml'
Jan 16, 2018 12:03:13 PM org.apache.catalina.core.ApplicationContext log
INFO: Manager: start: Starting web application '/WebServiceServer'
Jan 16, 2018 12:03:19 PM org.apache.catalina.core.ApplicationContext log
INFO: Manager: list: Listing contexts for virtual host 'localhost'
Jan 16, 2018 12:03:19 PM org.apache.catalina.core.ApplicationContext log
INFO: Manager: list: Listing contexts for virtual host 'localhost'
Jan 16, 2018 12:03:19 PM org.apache.catalina.core.ApplicationContext log
INFO: Manager: install: Installing context configuration at 'file:/C:/Users/NRMW59~1/AppData/Local/Temp/context8966086791339259767.xml'
Jan 16, 2018 12:03:20 PM org.apache.catalina.core.ApplicationContext log
INFO: Manager: start: Starting web application '/Java_Unit_6_Project_1_Client'
Jan 16, 2018 12:03:31 PM org.apache.catalina.core.ApplicationContext log
INFO: Manager: list: Listing contexts for virtual host 'localhost'
Jan 16, 2018 12:03:31 PM org.apache.catalina.core.ApplicationContext log
INFO: Manager: list: Listing contexts for virtual host 'localhost'
Jan 16, 2018 12:05:45 PM org.apache.catalina.core.ApplicationContext log
INFO: Manager: init: Associated with Deployer 'Catalina:type=Deployer,host=localhost'
Jan 16, 2018 12:05:45 PM org.apache.catalina.core.ApplicationContext log
INFO: Manager: init: Global resources are available
Jan 16, 2018 12:05:45 PM org.apache.catalina.core.ApplicationContext log
INFO: Manager: list: Listing contexts for virtual host 'localhost'
Jan 16, 2018 12:05:45 PM org.apache.catalina.core.ApplicationContext log
INFO: Manager: list: Listing contexts for virtual host 'localhost'
Jan 16, 2018 12:05:45 PM org.apache.catalina.core.ApplicationContext log
INFO: Manager: undeploy: Undeploying web application at '/WebServiceServer'
Jan 16, 2018 12:06:09 PM org.apache.catalina.core.ApplicationContext log
INFO: Manager: list: Listing contexts for virtual host 'localhost'
Jan 16, 2018 12:06:09 PM org.apache.catalina.core.ApplicationContext log
INFO: Manager: list: Listing contexts for virtual host 'localhost'
Jan 16, 2018 12:06:09 PM org.apache.catalina.core.ApplicationContext log
INFO: Manager: install: Installing context configuration at 'file:/C:/Users/NRMW59~1/AppData/Local/Temp/context2144594201075358868.xml'
Jan 16, 2018 12:06:53 PM org.apache.catalina.core.ApplicationContext log
INFO: Manager: start: Starting web application '/WebServiceServer'
Jan 16, 2018 12:07:07 PM org.apache.catalina.core.ApplicationContext log
INFO: Manager: list: Listing contexts for virtual host 'localhost'
Jan 16, 2018 12:07:07 PM org.apache.catalina.core.ApplicationContext log
INFO: Manager: list: Listing contexts for virtual host 'localhost'
Jan 16, 2018 12:08:51 PM org.apache.catalina.core.ApplicationContext log
INFO: Manager: list: Listing contexts for virtual host 'localhost'
Jan 16, 2018 12:08:51 PM org.apache.catalina.core.ApplicationContext log
INFO: Manager: list: Listing contexts for virtual host 'localhost'
Jan 16, 2018 12:08:52 PM org.apache.catalina.core.ApplicationContext log
INFO: Manager: restart: Reloading web application '/WebServiceServer'
Jan 16, 2018 12:09:25 PM org.apache.catalina.core.ApplicationContext log
INFO: Manager: list: Listing contexts for virtual host 'localhost'
Jan 16, 2018 12:09:25 PM org.apache.catalina.core.ApplicationContext log
INFO: Manager: list: Listing contexts for virtual host 'localhost'
Jan 16, 2018 12:09:48 PM org.apache.catalina.core.ApplicationContext log
INFO: Manager: undeploy: Undeploying web application at '/WebServiceServer'
Jan 16, 2018 12:10:08 PM org.apache.catalina.core.ApplicationContext log
INFO: Manager: install: Installing context configuration at 'file:/C:/Users/NRMW59~1/AppData/Local/Temp/context5202723873849287691.xml'
Jan 16, 2018 12:10:52 PM org.apache.catalina.core.ApplicationContext log
INFO: Manager: start: Starting web application '/WebServiceServer'
Jan 16, 2018 12:12:32 PM org.apache.catalina.core.ApplicationContext log
INFO: Manager: list: Listing contexts for virtual host 'localhost'
Jan 16, 2018 12:12:33 PM org.apache.catalina.core.ApplicationContext log
INFO: Manager: list: Listing contexts for virtual host 'localhost'
Jan 16, 2018 12:12:33 PM org.apache.catalina.core.ApplicationContext log
INFO: Manager: list: Listing contexts for virtual host 'localhost'
Jan 16, 2018 12:12:34 PM org.apache.catalina.core.ApplicationContext log
INFO: Manager: list: Listing contexts for virtual host 'localhost'
Jan 16, 2018 12:12:41 PM org.apache.catalina.core.ApplicationContext log
INFO: Manager: list: Listing contexts for virtual host 'localhost'
Jan 16, 2018 12:12:41 PM org.apache.catalina.core.ApplicationContext log
INFO: Manager: restart: Reloading web application '/WebServiceClient'
Jan 16, 2018 12:12:49 PM org.apache.catalina.core.ApplicationContext log
INFO: Manager: list: Listing contexts for virtual host 'localhost'
Jan 16, 2018 12:12:49 PM org.apache.catalina.core.ApplicationContext log
INFO: Manager: list: Listing contexts for virtual host 'localhost'
Jan 16, 2018 12:12:49 PM org.apache.catalina.core.ApplicationContext log
INFO: Manager: restart: Reloading web application '/WebServiceClient'
Jan 16, 2018 12:15:18 PM org.apache.catalina.core.ApplicationContext log
INFO: Manager: list: Listing contexts for virtual host 'localhost'
Jan 16, 2018 12:15:18 PM org.apache.catalina.core.ApplicationContext log
INFO: Manager: list: Listing contexts for virtual host 'localhost'
Jan 16, 2018 12:15:18 PM org.apache.catalina.core.ApplicationContext log
INFO: Manager: restart: Reloading web application '/WebServiceClient'
Jan 16, 2018 12:17:19 PM org.apache.catalina.core.ApplicationContext log
INFO: Manager: list: Listing contexts for virtual host 'localhost'
Jan 16, 2018 12:17:19 PM org.apache.catalina.core.ApplicationContext log
INFO: Manager: list: Listing contexts for virtual host 'localhost'
Jan 16, 2018 12:21:55 PM org.apache.catalina.core.ApplicationContext log
INFO: Manager: list: Listing contexts for virtual host 'localhost'
Jan 16, 2018 12:21:55 PM org.apache.catalina.core.ApplicationContext log
INFO: Manager: list: Listing contexts for virtual host 'localhost'
Jan 16, 2018 12:22:43 PM org.apache.catalina.core.ApplicationContext log
INFO: Manager: list: Listing contexts for virtual host 'localhost'
Jan 16, 2018 12:22:43 PM org.apache.catalina.core.ApplicationContext log
INFO: Manager: list: Listing contexts for virtual host 'localhost'
Jan 16, 2018 12:25:00 PM org.apache.catalina.core.ApplicationContext log
INFO: Manager: list: Listing contexts for virtual host 'localhost'
Jan 16, 2018 12:25:00 PM org.apache.catalina.core.ApplicationContext log
INFO: Manager: list: Listing contexts for virtual host 'localhost'
Jan 16, 2018 12:26:14 PM org.apache.catalina.core.ApplicationContext log
INFO: Manager: list: Listing contexts for virtual host 'localhost'
Jan 16, 2018 12:26:14 PM org.apache.catalina.core.ApplicationContext log
INFO: Manager: list: Listing contexts for virtual host 'localhost'
Jan 16, 2018 12:26:30 PM org.apache.catalina.core.ApplicationContext log
INFO: Manager: list: Listing contexts for virtual host 'localhost'
Jan 16, 2018 12:26:30 PM org.apache.catalina.core.ApplicationContext log
INFO: Manager: list: Listing contexts for virtual host 'localhost'
Jan 16, 2018 12:27:48 PM org.apache.catalina.core.ApplicationContext log
INFO: Manager: list: Listing contexts for virtual host 'localhost'
Jan 16, 2018 12:27:48 PM org.apache.catalina.core.ApplicationContext log
INFO: Manager: list: Listing contexts for virtual host 'localhost'
Jan 16, 2018 12:29:17 PM org.apache.catalina.core.ApplicationContext log
INFO: Manager: list: Listing contexts for virtual host 'localhost'
Jan 16, 2018 12:29:17 PM org.apache.catalina.core.ApplicationContext log
INFO: Manager: list: Listing contexts for virtual host 'localhost'
