Jun 28, 2018 12:03:13 AM org.apache.catalina.core.ApplicationContext log
INFO: Manager: init: Associated with Deployer 'Catalina:type=Deployer,host=localhost'
Jun 28, 2018 12:03:13 AM org.apache.catalina.core.ApplicationContext log
INFO: Manager: init: Global resources are available
Jun 28, 2018 12:03:13 AM org.apache.catalina.core.ApplicationContext log
INFO: Manager: list: Listing contexts for virtual host 'localhost'
Jun 28, 2018 12:03:13 AM org.apache.catalina.core.ApplicationContext log
INFO: Manager: list: Listing contexts for virtual host 'localhost'
Jun 28, 2018 12:03:13 AM org.apache.catalina.core.ApplicationContext log
INFO: Manager: undeploy: Undeploying web application at '/Server'
Jun 28, 2018 12:03:13 AM org.apache.catalina.core.ApplicationContext log
INFO: Manager: install: Installing context configuration at 'file:/C:/Users/SCHALK~1/AppData/Local/Temp/context4574084676252870074.xml'
Jun 28, 2018 12:04:44 AM org.apache.catalina.core.ApplicationContext log
INFO: Manager: list: Listing contexts for virtual host 'localhost'
Jun 28, 2018 12:04:44 AM org.apache.catalina.core.ApplicationContext log
INFO: Manager: list: Listing contexts for virtual host 'localhost'
Jun 28, 2018 12:04:44 AM org.apache.catalina.core.ApplicationContext log
INFO: Manager: undeploy: Undeploying web application at '/Server'
Jun 28, 2018 12:04:44 AM org.apache.catalina.core.ApplicationContext log
INFO: Manager: install: Installing context configuration at 'file:/C:/Users/SCHALK~1/AppData/Local/Temp/context5273128215388080020.xml'
Jun 28, 2018 12:06:11 AM org.apache.catalina.core.ApplicationContext log
INFO: Manager: list: Listing contexts for virtual host 'localhost'
Jun 28, 2018 12:06:11 AM org.apache.catalina.core.ApplicationContext log
INFO: Manager: list: Listing contexts for virtual host 'localhost'
Jun 28, 2018 12:06:11 AM org.apache.catalina.core.ApplicationContext log
INFO: Manager: stop: Stopping web application '/Server'
Jun 28, 2018 12:06:11 AM org.apache.catalina.core.ApplicationContext log
INFO: Manager: start: Starting web application '/Server'
Jun 28, 2018 12:08:17 AM org.apache.catalina.core.ApplicationContext log
INFO: Manager: init: Associated with Deployer 'Catalina:type=Deployer,host=localhost'
Jun 28, 2018 12:08:17 AM org.apache.catalina.core.ApplicationContext log
INFO: Manager: init: Global resources are available
Jun 28, 2018 12:08:17 AM org.apache.catalina.core.ApplicationContext log
INFO: Manager: list: Listing contexts for virtual host 'localhost'
Jun 28, 2018 12:08:17 AM org.apache.catalina.core.ApplicationContext log
INFO: Manager: list: Listing contexts for virtual host 'localhost'
Jun 28, 2018 12:08:17 AM org.apache.catalina.core.ApplicationContext log
INFO: Manager: undeploy: Undeploying web application at '/Server'
Jun 28, 2018 12:08:17 AM org.apache.catalina.core.ApplicationContext log
INFO: Manager: install: Installing context configuration at 'file:/C:/Users/SCHALK~1/AppData/Local/Temp/context4655825008774721824.xml'
Jun 28, 2018 12:09:06 AM org.apache.catalina.core.ApplicationContext log
INFO: Manager: list: Listing contexts for virtual host 'localhost'
Jun 28, 2018 12:09:06 AM org.apache.catalina.core.ApplicationContext log
INFO: Manager: undeploy: Undeploying web application at '/Server'
Jun 28, 2018 12:16:40 AM org.apache.catalina.core.ApplicationContext log
INFO: Manager: init: Associated with Deployer 'Catalina:type=Deployer,host=localhost'
Jun 28, 2018 12:16:40 AM org.apache.catalina.core.ApplicationContext log
INFO: Manager: init: Global resources are available
Jun 28, 2018 12:16:40 AM org.apache.catalina.core.ApplicationContext log
INFO: Manager: list: Listing contexts for virtual host 'localhost'
Jun 28, 2018 12:16:40 AM org.apache.catalina.core.ApplicationContext log
INFO: Manager: list: Listing contexts for virtual host 'localhost'
Jun 28, 2018 12:16:40 AM org.apache.catalina.core.ApplicationContext log
INFO: Manager: install: Installing context configuration at 'file:/C:/Users/SCHALK~1/AppData/Local/Temp/context8924176001446775928.xml'
Jun 28, 2018 12:16:45 AM org.apache.catalina.core.ApplicationContext log
INFO: Manager: start: Starting web application '/Server'
Jun 28, 2018 12:17:05 AM org.apache.catalina.core.ApplicationContext log
INFO: Manager: list: Listing contexts for virtual host 'localhost'
Jun 28, 2018 12:17:05 AM org.apache.catalina.core.ApplicationContext log
INFO: Manager: list: Listing contexts for virtual host 'localhost'
Jun 28, 2018 12:17:05 AM org.apache.catalina.core.ApplicationContext log
INFO: Manager: undeploy: Undeploying web application at '/Server'
Jun 28, 2018 12:17:06 AM org.apache.catalina.core.ApplicationContext log
INFO: Manager: install: Installing context configuration at 'file:/C:/Users/SCHALK~1/AppData/Local/Temp/context4055684768766280383.xml'
Jun 28, 2018 12:17:11 AM org.apache.catalina.core.ApplicationContext log
INFO: Manager: start: Starting web application '/Server'
Jun 28, 2018 12:19:30 AM org.apache.catalina.core.ApplicationContext log
INFO: Manager: list: Listing contexts for virtual host 'localhost'
Jun 28, 2018 12:19:30 AM org.apache.catalina.core.ApplicationContext log
INFO: Manager: stop: Stopping web application '/Service'
Jun 28, 2018 12:19:30 AM org.apache.catalina.core.ApplicationContext log
INFO: Manager: start: Starting web application '/Service'
Jun 28, 2018 12:19:31 AM org.apache.catalina.core.ApplicationContext log
INFO: Manager: list: Listing contexts for virtual host 'localhost'
Jun 28, 2018 12:19:31 AM org.apache.catalina.core.ApplicationContext log
INFO: Manager: stop: Stopping web application '/Service'
Jun 28, 2018 12:19:31 AM org.apache.catalina.core.ApplicationContext log
INFO: Manager: start: Starting web application '/Service'
Jun 28, 2018 12:22:37 AM org.apache.catalina.core.ApplicationContext log
INFO: Manager: list: Listing contexts for virtual host 'localhost'
Jun 28, 2018 12:24:43 AM org.apache.catalina.core.ApplicationContext log
INFO: Manager: list: Listing contexts for virtual host 'localhost'
Jun 28, 2018 12:24:43 AM org.apache.catalina.core.ApplicationContext log
INFO: Manager: list: Listing contexts for virtual host 'localhost'
Jun 28, 2018 12:24:43 AM org.apache.catalina.core.ApplicationContext log
INFO: Manager: stop: Stopping web application '/Service'
Jun 28, 2018 12:24:43 AM org.apache.catalina.core.ApplicationContext log
INFO: Manager: start: Starting web application '/Service'
Jun 28, 2018 12:26:00 AM org.apache.catalina.core.ApplicationContext log
INFO: Manager: list: Listing contexts for virtual host 'localhost'
Jun 28, 2018 12:26:00 AM org.apache.catalina.core.ApplicationContext log
INFO: Manager: list: Listing contexts for virtual host 'localhost'
Jun 28, 2018 12:26:25 AM org.apache.catalina.core.ApplicationContext log
INFO: Manager: list: Listing contexts for virtual host 'localhost'
Jun 28, 2018 12:26:25 AM org.apache.catalina.core.ApplicationContext log
INFO: Manager: list: Listing contexts for virtual host 'localhost'
Jun 28, 2018 12:27:15 AM org.apache.catalina.core.ApplicationContext log
INFO: Manager: list: Listing contexts for virtual host 'localhost'
Jun 28, 2018 12:27:21 AM org.apache.catalina.core.ApplicationContext log
INFO: Manager: list: Listing contexts for virtual host 'localhost'
Jun 28, 2018 12:28:33 AM org.apache.catalina.core.ApplicationContext log
INFO: Manager: list: Listing contexts for virtual host 'localhost'
Jun 28, 2018 12:28:33 AM org.apache.catalina.core.ApplicationContext log
INFO: Manager: list: Listing contexts for virtual host 'localhost'
Jun 28, 2018 12:28:50 AM org.apache.catalina.core.ApplicationContext log
INFO: Manager: list: Listing contexts for virtual host 'localhost'
Jun 28, 2018 12:28:50 AM org.apache.catalina.core.ApplicationContext log
INFO: Manager: list: Listing contexts for virtual host 'localhost'
Jun 28, 2018 12:30:01 AM org.apache.catalina.core.ApplicationContext log
INFO: Manager: list: Listing contexts for virtual host 'localhost'
Jun 28, 2018 12:30:16 AM org.apache.catalina.core.ApplicationContext log
INFO: Manager: list: Listing contexts for virtual host 'localhost'
Jun 28, 2018 12:30:24 AM org.apache.catalina.core.ApplicationContext log
INFO: Manager: list: Listing contexts for virtual host 'localhost'
Jun 28, 2018 12:30:24 AM org.apache.catalina.core.ApplicationContext log
INFO: Manager: list: Listing contexts for virtual host 'localhost'
Jun 28, 2018 12:31:57 AM org.apache.catalina.core.ApplicationContext log
INFO: Manager: list: Listing contexts for virtual host 'localhost'
Jun 28, 2018 12:31:57 AM org.apache.catalina.core.ApplicationContext log
INFO: Manager: list: Listing contexts for virtual host 'localhost'
Jun 28, 2018 12:33:03 AM org.apache.catalina.core.ApplicationContext log
INFO: Manager: list: Listing contexts for virtual host 'localhost'
Jun 28, 2018 12:33:16 AM org.apache.catalina.core.ApplicationContext log
INFO: Manager: list: Listing contexts for virtual host 'localhost'
Jun 28, 2018 12:33:22 AM org.apache.catalina.core.ApplicationContext log
INFO: Manager: list: Listing contexts for virtual host 'localhost'
Jun 28, 2018 12:33:22 AM org.apache.catalina.core.ApplicationContext log
INFO: Manager: list: Listing contexts for virtual host 'localhost'
Jun 28, 2018 12:33:40 AM org.apache.catalina.core.ApplicationContext log
INFO: Manager: list: Listing contexts for virtual host 'localhost'
Jun 28, 2018 12:33:40 AM org.apache.catalina.core.ApplicationContext log
INFO: Manager: list: Listing contexts for virtual host 'localhost'
Jun 28, 2018 12:33:54 AM org.apache.catalina.core.ApplicationContext log
INFO: Manager: list: Listing contexts for virtual host 'localhost'
Jun 28, 2018 12:33:54 AM org.apache.catalina.core.ApplicationContext log
INFO: Manager: list: Listing contexts for virtual host 'localhost'
Jun 28, 2018 2:45:36 PM org.apache.catalina.core.ApplicationContext log
INFO: Manager: init: Associated with Deployer 'Catalina:type=Deployer,host=localhost'
Jun 28, 2018 2:45:36 PM org.apache.catalina.core.ApplicationContext log
INFO: Manager: init: Global resources are available
Jun 28, 2018 2:45:36 PM org.apache.catalina.core.ApplicationContext log
INFO: Manager: list: Listing contexts for virtual host 'localhost'
Jun 28, 2018 2:45:36 PM org.apache.catalina.core.ApplicationContext log
INFO: Manager: list: Listing contexts for virtual host 'localhost'
Jun 28, 2018 2:45:36 PM org.apache.catalina.core.ApplicationContext log
INFO: Manager: restart: Reloading web application '/Service'
Jun 28, 2018 2:51:51 PM org.apache.catalina.core.ApplicationContext log
INFO: Manager: list: Listing contexts for virtual host 'localhost'
Jun 28, 2018 2:52:07 PM org.apache.catalina.core.ApplicationContext log
INFO: Manager: list: Listing contexts for virtual host 'localhost'
Jun 28, 2018 2:52:07 PM org.apache.catalina.core.ApplicationContext log
INFO: Manager: restart: Reloading web application '/Service'
Jun 28, 2018 2:52:07 PM org.apache.catalina.core.ApplicationContext log
INFO: Manager: list: Listing contexts for virtual host 'localhost'
Jun 28, 2018 2:52:07 PM org.apache.catalina.core.ApplicationContext log
INFO: Manager: restart: Reloading web application '/Service'
Jun 28, 2018 2:59:02 PM org.apache.catalina.core.ApplicationContext log
INFO: Manager: list: Listing contexts for virtual host 'localhost'
Jun 28, 2018 2:59:02 PM org.apache.catalina.core.ApplicationContext log
INFO: Manager: restart: Reloading web application '/Service'
Jun 28, 2018 3:01:10 PM org.apache.catalina.core.ApplicationContext log
INFO: Manager: list: Listing contexts for virtual host 'localhost'
Jun 28, 2018 3:01:11 PM org.apache.catalina.core.ApplicationContext log
INFO: Manager: list: Listing contexts for virtual host 'localhost'
Jun 28, 2018 3:01:11 PM org.apache.catalina.core.ApplicationContext log
INFO: Manager: restart: Reloading web application '/Service'
Jun 28, 2018 3:02:06 PM org.apache.catalina.core.ApplicationContext log
INFO: Manager: list: Listing contexts for virtual host 'localhost'
Jun 28, 2018 3:02:06 PM org.apache.catalina.core.ApplicationContext log
INFO: Manager: restart: Reloading web application '/Service'
Jun 28, 2018 3:02:45 PM org.apache.catalina.core.ApplicationContext log
INFO: Manager: list: Listing contexts for virtual host 'localhost'
Jun 28, 2018 3:02:45 PM org.apache.catalina.core.ApplicationContext log
INFO: Manager: restart: Reloading web application '/Service'
Jun 28, 2018 3:03:36 PM org.apache.catalina.core.ApplicationContext log
INFO: Manager: list: Listing contexts for virtual host 'localhost'
Jun 28, 2018 3:03:36 PM org.apache.catalina.core.ApplicationContext log
INFO: Manager: list: Listing contexts for virtual host 'localhost'
Jun 28, 2018 3:03:36 PM org.apache.catalina.core.ApplicationContext log
INFO: Manager: restart: Reloading web application '/Service'
Jun 28, 2018 3:12:54 PM org.apache.catalina.core.ApplicationContext log
INFO: Manager: list: Listing contexts for virtual host 'localhost'
Jun 28, 2018 3:12:54 PM org.apache.catalina.core.ApplicationContext log
INFO: Manager: restart: Reloading web application '/Service'
Jun 28, 2018 3:13:09 PM org.apache.catalina.core.ApplicationContext log
INFO: Manager: list: Listing contexts for virtual host 'localhost'
Jun 28, 2018 3:13:09 PM org.apache.catalina.core.ApplicationContext log
INFO: Manager: restart: Reloading web application '/Service'
Jun 28, 2018 3:13:40 PM org.apache.catalina.core.ApplicationContext log
INFO: Manager: list: Listing contexts for virtual host 'localhost'
Jun 28, 2018 3:13:40 PM org.apache.catalina.core.ApplicationContext log
INFO: Manager: restart: Reloading web application '/Service'
Jun 28, 2018 3:14:14 PM org.apache.catalina.core.ApplicationContext log
INFO: Manager: list: Listing contexts for virtual host 'localhost'
Jun 28, 2018 3:14:14 PM org.apache.catalina.core.ApplicationContext log
INFO: Manager: list: Listing contexts for virtual host 'localhost'
Jun 28, 2018 3:14:14 PM org.apache.catalina.core.ApplicationContext log
INFO: Manager: restart: Reloading web application '/Service'
Jun 28, 2018 3:18:46 PM org.apache.catalina.core.ApplicationContext log
INFO: Manager: list: Listing contexts for virtual host 'localhost'
Jun 28, 2018 3:18:46 PM org.apache.catalina.core.ApplicationContext log
INFO: Manager: list: Listing contexts for virtual host 'localhost'
Jun 28, 2018 3:18:46 PM org.apache.catalina.core.ApplicationContext log
INFO: Manager: restart: Reloading web application '/Service'
Jun 28, 2018 3:26:13 PM org.apache.catalina.core.ApplicationContext log
INFO: Manager: list: Listing contexts for virtual host 'localhost'
Jun 28, 2018 3:26:13 PM org.apache.catalina.core.ApplicationContext log
INFO: Manager: restart: Reloading web application '/Service'
Jun 28, 2018 3:26:17 PM org.apache.catalina.core.ApplicationContext log
INFO: Manager: list: Listing contexts for virtual host 'localhost'
Jun 28, 2018 3:26:17 PM org.apache.catalina.core.ApplicationContext log
INFO: Manager: list: Listing contexts for virtual host 'localhost'
Jun 28, 2018 3:26:17 PM org.apache.catalina.core.ApplicationContext log
INFO: Manager: restart: Reloading web application '/Service'
Jun 28, 2018 3:39:28 PM org.apache.catalina.core.ApplicationContext log
INFO: Manager: list: Listing contexts for virtual host 'localhost'
Jun 28, 2018 3:39:28 PM org.apache.catalina.core.ApplicationContext log
INFO: Manager: list: Listing contexts for virtual host 'localhost'
Jun 28, 2018 3:39:28 PM org.apache.catalina.core.ApplicationContext log
INFO: Manager: restart: Reloading web application '/Service'
Jun 28, 2018 3:42:57 PM org.apache.catalina.core.ApplicationContext log
INFO: Manager: list: Listing contexts for virtual host 'localhost'
Jun 28, 2018 3:42:57 PM org.apache.catalina.core.ApplicationContext log
INFO: Manager: restart: Reloading web application '/Service'
Jun 28, 2018 3:42:59 PM org.apache.catalina.core.ApplicationContext log
INFO: Manager: list: Listing contexts for virtual host 'localhost'
Jun 28, 2018 3:42:59 PM org.apache.catalina.core.ApplicationContext log
INFO: Manager: list: Listing contexts for virtual host 'localhost'
Jun 28, 2018 3:42:59 PM org.apache.catalina.core.ApplicationContext log
INFO: Manager: restart: Reloading web application '/Service'
Jun 28, 2018 3:49:14 PM org.apache.catalina.core.ApplicationContext log
INFO: Manager: list: Listing contexts for virtual host 'localhost'
Jun 28, 2018 3:50:30 PM org.apache.catalina.core.ApplicationContext log
INFO: Manager: list: Listing contexts for virtual host 'localhost'
Jun 28, 2018 3:50:30 PM org.apache.catalina.core.ApplicationContext log
INFO: Manager: list: Listing contexts for virtual host 'localhost'
Jun 28, 2018 3:58:35 PM org.apache.catalina.core.ApplicationContext log
INFO: Manager: list: Listing contexts for virtual host 'localhost'
Jun 28, 2018 3:58:39 PM org.apache.catalina.core.ApplicationContext log
INFO: Manager: list: Listing contexts for virtual host 'localhost'
Jun 28, 2018 3:58:40 PM org.apache.catalina.core.ApplicationContext log
INFO: Manager: list: Listing contexts for virtual host 'localhost'
Jun 28, 2018 3:59:46 PM org.apache.catalina.core.ApplicationContext log
INFO: Manager: list: Listing contexts for virtual host 'localhost'
Jun 28, 2018 3:59:46 PM org.apache.catalina.core.ApplicationContext log
INFO: Manager: list: Listing contexts for virtual host 'localhost'
Jun 28, 2018 3:59:46 PM org.apache.catalina.core.ApplicationContext log
INFO: Manager: restart: Reloading web application '/Service'
Jun 28, 2018 3:59:56 PM org.apache.catalina.core.ApplicationContext log
INFO: Manager: list: Listing contexts for virtual host 'localhost'
Jun 28, 2018 3:59:56 PM org.apache.catalina.core.ApplicationContext log
INFO: Manager: list: Listing contexts for virtual host 'localhost'
Jun 28, 2018 3:59:56 PM org.apache.catalina.core.ApplicationContext log
INFO: Manager: restart: Reloading web application '/Service'
Jun 28, 2018 4:03:14 PM org.apache.catalina.core.ApplicationContext log
INFO: Manager: list: Listing contexts for virtual host 'localhost'
Jun 28, 2018 4:03:55 PM org.apache.catalina.core.ApplicationContext log
INFO: Manager: list: Listing contexts for virtual host 'localhost'
Jun 28, 2018 4:03:55 PM org.apache.catalina.core.ApplicationContext log
INFO: Manager: list: Listing contexts for virtual host 'localhost'
Jun 28, 2018 4:05:15 PM org.apache.catalina.core.ApplicationContext log
INFO: Manager: list: Listing contexts for virtual host 'localhost'
Jun 28, 2018 4:05:15 PM org.apache.catalina.core.ApplicationContext log
INFO: Manager: list: Listing contexts for virtual host 'localhost'
Jun 28, 2018 4:07:44 PM org.apache.catalina.core.ApplicationContext log
INFO: Manager: list: Listing contexts for virtual host 'localhost'
Jun 28, 2018 4:07:44 PM org.apache.catalina.core.ApplicationContext log
INFO: Manager: list: Listing contexts for virtual host 'localhost'
Jun 28, 2018 4:07:54 PM org.apache.catalina.core.ApplicationContext log
INFO: Manager: list: Listing contexts for virtual host 'localhost'
Jun 28, 2018 4:07:54 PM org.apache.catalina.core.ApplicationContext log
INFO: Manager: list: Listing contexts for virtual host 'localhost'
