#
# A fatal error has been detected by the Java Runtime Environment:
#
#  EXCEPTION_IN_PAGE_ERROR (0xc0000006) at pc=0x1001b18d, pid=24692, tid=11768
#
# JRE version: Java(TM) SE Runtime Environment (7.0_55-b13) (build 1.7.0_55-b13)
# Java VM: Java HotSpot(TM) Client VM (24.55-b03 mixed mode, sharing windows-x86 )
# Problematic frame:
# C  [tcnative-1.dll+0x1b18d]
#
# Failed to write core dump. Minidumps are not enabled by default on client versions of Windows
#
# If you would like to submit a bug report, please visit:
#   http://bugreport.sun.com/bugreport/crash.jsp
# The crash happened outside the Java Virtual Machine in native code.
# See problematic frame for where to report the bug.
#

---------------  T H R E A D  ---------------

Current thread (0x05d4c000):  JavaThread "http-apr-8080-Acceptor-0" daemon [_thread_in_native, id=11768, stack(0x06390000,0x063e0000)]

siginfo: ExceptionCode=0xc0000006

Registers:
EAX=0x0000095c, EBX=0x063df500, ECX=0x01d76360, EDX=0x00000011
ESP=0x063df440, EBP=0x063df4e0, ESI=0x06a0d340, EDI=0x06a0d300
EIP=0x1001b18d, EFLAGS=0x00010246

Top of Stack: (sp=0x063df440)
0x063df440:   00000000 06a0d340 04e88778 06a0d300
0x063df450:   00000002 00000010 04e887a8 04d70002
0x063df460:   0100007f 00000000 00000000 063df46c
0x063df470:   34516c78 063df494 34516ee0 00000000
0x063df480:   00000002 00000000 00002008 063df4c0
0x063df490:   063df4b0 76539d45 006a0000 00000000
0x063df4a0:   00002000 00002000 00000001 06af0f98
0x063df4b0:   063df4cc 10011af6 00002000 00000000 

Instructions: (pc=0x1001b18d)
0x1001b16d:   
[error occurred during error reporting (printing registers, top of stack, instructions near pc), id 0xc0000006]

Register to memory mapping:

EAX=0x0000095c is an unknown value
EBX=0x063df500 is pointing into the stack for thread: 0x05d4c000
ECX=0x01d76360 is an unknown value
EDX=0x00000011 is an unknown value
ESP=0x063df440 is pointing into the stack for thread: 0x05d4c000
EBP=0x063df4e0 is pointing into the stack for thread: 0x05d4c000
ESI=0x06a0d340 is an unknown value
EDI=0x06a0d300 is an unknown value


Stack: [0x06390000,0x063e0000],  sp=0x063df440,  free space=317k
Native frames: (J=compiled Java code, j=interpreted, Vv=VM code, C=native code)
C  [tcnative-1.dll+0x1b18d]
C  [tcnative-1.dll+0x471c]
j  org.apache.tomcat.jni.Socket.accept(J)J+0
j  org.apache.tomcat.util.net.AprEndpoint$Acceptor.run()V+88
j  java.lang.Thread.run()V+11
v  ~StubRoutines::call_stub
V  [jvm.dll+0x13f25a]
V  [jvm.dll+0x202c1e]
V  [jvm.dll+0x13f425]
V  [jvm.dll+0x13f487]
V  [jvm.dll+0xeb7cf]
V  [jvm.dll+0x1604dc]
V  [jvm.dll+0x160f17]
V  [jvm.dll+0x1a4ab9]
C  [msvcr100.dll+0x5c556]
C  [msvcr100.dll+0x5c600]
C  [kernel32.dll+0x1338a]
C  [ntdll.dll+0x39902]
C  [ntdll.dll+0x398d5]

Java frames: (J=compiled Java code, j=interpreted, Vv=VM code)
j  org.apache.tomcat.jni.Socket.accept(J)J+0
j  org.apache.tomcat.util.net.AprEndpoint$Acceptor.run()V+88
j  java.lang.Thread.run()V+11
v  ~StubRoutines::call_stub

---------------  P R O C E S S  ---------------

Java Threads: ( => current thread )
  0x05d4a000 JavaThread "http-apr-8080-exec-121" daemon [_thread_blocked, id=3460, stack(0x06650000,0x066a0000)]
  0x05d4b000 JavaThread "ajp-apr-8009-exec-61" daemon [_thread_blocked, id=22704, stack(0x074f0000,0x07540000)]
  0x05b32c00 JavaThread "ajp-apr-8009-exec-60" daemon [_thread_blocked, id=8140, stack(0x06400000,0x06450000)]
  0x05b33400 JavaThread "http-apr-8080-exec-120" daemon [_thread_blocked, id=26420, stack(0x07c50000,0x07ca0000)]
  0x05d50000 JavaThread "ajp-apr-8009-exec-59" daemon [_thread_blocked, id=9592, stack(0x0c610000,0x0c660000)]
  0x05d4f400 JavaThread "http-apr-8080-exec-119" daemon [_thread_blocked, id=4236, stack(0x048e0000,0x04930000)]
  0x05b31400 JavaThread "ajp-apr-8009-exec-58" daemon [_thread_blocked, id=26388, stack(0x06850000,0x068a0000)]
  0x05d4ec00 JavaThread "http-apr-8080-exec-118" daemon [_thread_blocked, id=26408, stack(0x064f0000,0x06540000)]
  0x05d4e800 JavaThread "http-apr-8080-exec-117" daemon [_thread_blocked, id=12764, stack(0x0c5b0000,0x0c600000)]
  0x05d4f800 JavaThread "ajp-apr-8009-exec-57" daemon [_thread_blocked, id=5876, stack(0x05840000,0x05890000)]
  0x05b33c00 JavaThread "ajp-apr-8009-exec-56" daemon [_thread_blocked, id=25928, stack(0x07200000,0x07250000)]
  0x05d4cc00 JavaThread "http-apr-8080-exec-116" daemon [_thread_blocked, id=6000, stack(0x06f00000,0x06f50000)]
  0x05b32800 JavaThread "ajp-apr-8009-exec-55" daemon [_thread_blocked, id=10792, stack(0x067f0000,0x06840000)]
  0x05d4e000 JavaThread "http-apr-8080-exec-115" daemon [_thread_blocked, id=24724, stack(0x06fa0000,0x06ff0000)]
  0x05b32000 JavaThread "http-apr-8080-exec-114" daemon [_thread_blocked, id=26440, stack(0x07130000,0x07180000)]
  0x05b31c00 JavaThread "ajp-apr-8009-exec-54" daemon [_thread_blocked, id=26152, stack(0x07bb0000,0x07c00000)]
  0x05d4a800 JavaThread "ajp-apr-8009-exec-53" daemon [_thread_blocked, id=5136, stack(0x068a0000,0x068f0000)]
  0x05d4dc00 JavaThread "http-apr-8080-exec-113" daemon [_thread_blocked, id=9796, stack(0x05940000,0x05990000)]
  0x05d4d400 JavaThread "ajp-apr-8009-exec-52" daemon [_thread_blocked, id=26136, stack(0x06550000,0x065a0000)]
  0x05b31000 JavaThread "http-apr-8080-exec-112" daemon [_thread_blocked, id=26240, stack(0x07760000,0x077b0000)]
  0x05d51800 JavaThread "ajp-apr-8009-AsyncTimeout" daemon [_thread_blocked, id=24624, stack(0x076b0000,0x07700000)]
  0x05d51400 JavaThread "ajp-apr-8009-Acceptor-0" daemon [_thread_in_native, id=24712, stack(0x06f50000,0x06fa0000)]
  0x05d50c00 JavaThread "ajp-apr-8009-Poller" daemon [_thread_blocked, id=25064, stack(0x07490000,0x074e0000)]
  0x05d4c800 JavaThread "http-apr-8080-AsyncTimeout" daemon [_thread_blocked, id=9008, stack(0x06df0000,0x06e40000)]
=>0x05d4c000 JavaThread "http-apr-8080-Acceptor-0" daemon [_thread_in_native, id=11768, stack(0x06390000,0x063e0000)]
  0x05d4bc00 JavaThread "http-apr-8080-Sendfile" daemon [_thread_blocked, id=24784, stack(0x06d10000,0x06d60000)]
  0x05d4b400 JavaThread "http-apr-8080-Poller" daemon [_thread_blocked, id=26116, stack(0x065f0000,0x06640000)]
  0x05b0a400 JavaThread "ContainerBackgroundProcessor[StandardEngine[Catalina]]" daemon [_thread_blocked, id=2752, stack(0x06230000,0x06280000)]
  0x05122000 JavaThread "GC Daemon" daemon [_thread_blocked, id=6700, stack(0x04fe0000,0x05030000)]
  0x01cf8c00 JavaThread "Service Thread" daemon [_thread_blocked, id=12580, stack(0x04540000,0x04590000)]
  0x01cf3c00 JavaThread "C1 CompilerThread0" daemon [_thread_blocked, id=6792, stack(0x04880000,0x048d0000)]
  0x01cf2800 JavaThread "Attach Listener" daemon [_thread_blocked, id=10344, stack(0x043e0000,0x04430000)]
  0x01cef800 JavaThread "Signal Dispatcher" daemon [_thread_blocked, id=7676, stack(0x04620000,0x04670000)]
  0x01c82000 JavaThread "Finalizer" daemon [_thread_blocked, id=4952, stack(0x046c0000,0x04710000)]
  0x01c80800 JavaThread "Reference Handler" daemon [_thread_blocked, id=8044, stack(0x04590000,0x045e0000)]
  0x0026d400 JavaThread "main" [_thread_in_native, id=24304, stack(0x02200000,0x02250000)]

Other Threads:
  0x01c7e400 VMThread [stack: 0x04440000,0x04490000] [id=5308]
  0x01d0ac00 WatcherThread [stack: 0x04740000,0x04790000] [id=26212]

VM state:not at safepoint (normal execution)

VM Mutex/Monitor currently owned by a thread: None

Heap
 def new generation   total 30528K, used 17341K [0x24270000, 0x26380000, 0x297c0000)
  eden space 27200K,  55% used [0x24270000, 0x25145250, 0x25d00000)
  from space 3328K,  64% used [0x26040000, 0x2625a590, 0x26380000)
  to   space 3328K,   0% used [0x25d00000, 0x25d00000, 0x26040000)
 tenured generation   total 67596K, used 54837K [0x297c0000, 0x2d9c3000, 0x34270000)
   the space 67596K,  81% used [0x297c0000, 0x2cd4d6c8, 0x2cd4d800, 0x2d9c3000)
 compacting perm gen  total 22272K, used 22200K [0x34270000, 0x35830000, 0x38270000)
   the space 22272K,  99% used [0x34270000, 0x3581e240, 0x3581e400, 0x35830000)
    ro space 10240K,  44% used [0x38270000, 0x386e8300, 0x386e8400, 0x38c70000)
    rw space 12288K,  52% used [0x38c70000, 0x392bf100, 0x392bf200, 0x39870000)

Card table byte_map: [0x04250000,0x04300000] byte_map_base: 0x0412ec80

Polling page: 0x001c0000

Code Cache  [0x02250000, 0x02890000, 0x04250000)
 total_blobs=2915 nmethods=2718 adapters=133 free_code_cache=26375Kb largest_free_block=27003456

Compilation events (10 events):
Event: 69825.529 Thread 0x01cf3c00 2764             java.util.Formatter$Conversion::isInteger (48 bytes)
Event: 69825.529 Thread 0x01cf3c00 nmethod 2764 0x0288dac8 code [0x0288dbc0, 0x0288dc60]
Event: 69825.529 Thread 0x01cf3c00 2765             java.util.Formatter$Conversion::isFloat (72 bytes)
Event: 69825.529 Thread 0x01cf3c00 nmethod 2765 0x0288dcc8 code [0x0288ddc0, 0x0288de80]
Event: 69825.529 Thread 0x01cf3c00 2766             java.util.Formatter$FormatSpecifier::printString (105 bytes)
Event: 69825.529 Thread 0x01cf3c00 nmethod 2766 0x0288dec8 code [0x0288e090, 0x0288e618]
Event: 69825.529 Thread 0x01cf3c00 2767             java.util.Formatter$FormatSpecifier::print (66 bytes)
Event: 69825.530 Thread 0x01cf3c00 nmethod 2767 0x0288ec88 code [0x0288edd0, 0x0288ef5c]
Event: 69825.532 Thread 0x01cf3c00 2768             java.util.concurrent.CopyOnWriteArrayList::toArray (47 bytes)
Event: 69825.533 Thread 0x01cf3c00 nmethod 2768 0x0288f188 code [0x0288f2a0, 0x0288f4a8]

GC Heap History (10 events):
Event: 4916.989 GC heap before
{Heap before GC invocations=91 (full 7):
 def new generation   total 30528K, used 28179K [0x24270000, 0x26380000, 0x297c0000)
  eden space 27200K,  99% used [0x24270000, 0x25cfdff8, 0x25d00000)
  from space 3328K,  29% used [0x25d00000, 0x25df6f80, 0x26040000)
  to   space 3328K,   0% used [0x26040000, 0x26040000, 0x26380000)
 tenured generation   total 67596K, used 53242K [0x297c0000, 0x2d9c3000, 0x34270000)
   the space 67596K,  78% used [0x297c0000, 0x2cbbe860, 0x2cbbea00, 0x2d9c3000)
 compacting perm gen  total 22016K, used 21863K [0x34270000, 0x357f0000, 0x38270000)
   the space 22016K,  99% used [0x34270000, 0x357c9fc8, 0x357ca000, 0x357f0000)
    ro space 10240K,  44% used [0x38270000, 0x386e8300, 0x386e8400, 0x38c70000)
    rw space 12288K,  52% used [0x38c70000, 0x392bf100, 0x392bf200, 0x39870000)
Event: 4916.996 GC heap after
Heap after GC invocations=92 (full 7):
 def new generation   total 30528K, used 1667K [0x24270000, 0x26380000, 0x297c0000)
  eden space 27200K,   0% used [0x24270000, 0x24270000, 0x25d00000)
  from space 3328K,  50% used [0x26040000, 0x261e0e60, 0x26380000)
  to   space 3328K,   0% used [0x25d00000, 0x25d00000, 0x26040000)
 tenured generation   total 67596K, used 53242K [0x297c0000, 0x2d9c3000, 0x34270000)
   the space 67596K,  78% used [0x297c0000, 0x2cbbe860, 0x2cbbea00, 0x2d9c3000)
 compacting perm gen  total 22016K, used 21863K [0x34270000, 0x357f0000, 0x38270000)
   the space 22016K,  99% used [0x34270000, 0x357c9fc8, 0x357ca000, 0x357f0000)
    ro space 10240K,  44% used [0x38270000, 0x386e8300, 0x386e8400, 0x38c70000)
    rw space 12288K,  52% used [0x38c70000, 0x392bf100, 0x392bf200, 0x39870000)
}
Event: 5176.098 GC heap before
{Heap before GC invocations=92 (full 7):
 def new generation   total 30528K, used 28867K [0x24270000, 0x26380000, 0x297c0000)
  eden space 27200K, 100% used [0x24270000, 0x25d00000, 0x25d00000)
  from space 3328K,  50% used [0x26040000, 0x261e0e60, 0x26380000)
  to   space 3328K,   0% used [0x25d00000, 0x25d00000, 0x26040000)
 tenured generation   total 67596K, used 53242K [0x297c0000, 0x2d9c3000, 0x34270000)
   the space 67596K,  78% used [0x297c0000, 0x2cbbe860, 0x2cbbea00, 0x2d9c3000)
 compacting perm gen  total 22016K, used 21899K [0x34270000, 0x357f0000, 0x38270000)
   the space 22016K,  99% used [0x34270000, 0x357d2e90, 0x357d3000, 0x357f0000)
    ro space 10240K,  44% used [0x38270000, 0x386e8300, 0x386e8400, 0x38c70000)
    rw space 12288K,  52% used [0x38c70000, 0x392bf100, 0x392bf200, 0x39870000)
Event: 5176.105 GC heap after
Heap after GC invocations=93 (full 7):
 def new generation   total 30528K, used 1948K [0x24270000, 0x26380000, 0x297c0000)
  eden space 27200K,   0% used [0x24270000, 0x24270000, 0x25d00000)
  from space 3328K,  58% used [0x25d00000, 0x25ee7330, 0x26040000)
  to   space 3328K,   0% used [0x26040000, 0x26040000, 0x26380000)
 tenured generation   total 67596K, used 53973K [0x297c0000, 0x2d9c3000, 0x34270000)
   the space 67596K,  79% used [0x297c0000, 0x2cc75568, 0x2cc75600, 0x2d9c3000)
 compacting perm gen  total 22016K, used 21899K [0x34270000, 0x357f0000, 0x38270000)
   the space 22016K,  99% used [0x34270000, 0x357d2e90, 0x357d3000, 0x357f0000)
    ro space 10240K,  44% used [0x38270000, 0x386e8300, 0x386e8400, 0x38c70000)
    rw space 12288K,  52% used [0x38c70000, 0x392bf100, 0x392bf200, 0x39870000)
}
Event: 5310.881 GC heap before
{Heap before GC invocations=93 (full 7):
 def new generation   total 30528K, used 29148K [0x24270000, 0x26380000, 0x297c0000)
  eden space 27200K, 100% used [0x24270000, 0x25d00000, 0x25d00000)
  from space 3328K,  58% used [0x25d00000, 0x25ee7330, 0x26040000)
  to   space 3328K,   0% used [0x26040000, 0x26040000, 0x26380000)
 tenured generation   total 67596K, used 53973K [0x297c0000, 0x2d9c3000, 0x34270000)
   the space 67596K,  79% used [0x297c0000, 0x2cc75568, 0x2cc75600, 0x2d9c3000)
 compacting perm gen  total 22272K, used 22072K [0x34270000, 0x35830000, 0x38270000)
   the space 22272K,  99% used [0x34270000, 0x357fe0c8, 0x357fe200, 0x35830000)
    ro space 10240K,  44% used [0x38270000, 0x386e8300, 0x386e8400, 0x38c70000)
    rw space 12288K,  52% used [0x38c70000, 0x392bf100, 0x392bf200, 0x39870000)
Event: 5310.889 GC heap after
Heap after GC invocations=94 (full 7):
 def new generation   total 30528K, used 2314K [0x24270000, 0x26380000, 0x297c0000)
  eden space 27200K,   0% used [0x24270000, 0x24270000, 0x25d00000)
  from space 3328K,  69% used [0x26040000, 0x26282938, 0x26380000)
  to   space 3328K,   0% used [0x25d00000, 0x25d00000, 0x26040000)
 tenured generation   total 67596K, used 54281K [0x297c0000, 0x2d9c3000, 0x34270000)
   the space 67596K,  80% used [0x297c0000, 0x2ccc25c8, 0x2ccc2600, 0x2d9c3000)
 compacting perm gen  total 22272K, used 22072K [0x34270000, 0x35830000, 0x38270000)
   the space 22272K,  99% used [0x34270000, 0x357fe0c8, 0x357fe200, 0x35830000)
    ro space 10240K,  44% used [0x38270000, 0x386e8300, 0x386e8400, 0x38c70000)
    rw space 12288K,  52% used [0x38c70000, 0x392bf100, 0x392bf200, 0x39870000)
}
Event: 5492.824 GC heap before
{Heap before GC invocations=94 (full 7):
 def new generation   total 30528K, used 29514K [0x24270000, 0x26380000, 0x297c0000)
  eden space 27200K, 100% used [0x24270000, 0x25d00000, 0x25d00000)
  from space 3328K,  69% used [0x26040000, 0x26282938, 0x26380000)
  to   space 3328K,   0% used [0x25d00000, 0x25d00000, 0x26040000)
 tenured generation   total 67596K, used 54281K [0x297c0000, 0x2d9c3000, 0x34270000)
   the space 67596K,  80% used [0x297c0000, 0x2ccc25c8, 0x2ccc2600, 0x2d9c3000)
 compacting perm gen  total 22272K, used 22180K [0x34270000, 0x35830000, 0x38270000)
   the space 22272K,  99% used [0x34270000, 0x35819160, 0x35819200, 0x35830000)
    ro space 10240K,  44% used [0x38270000, 0x386e8300, 0x386e8400, 0x38c70000)
    rw space 12288K,  52% used [0x38c70000, 0x392bf100, 0x392bf200, 0x39870000)
Event: 5492.829 GC heap after
Heap after GC invocations=95 (full 7):
 def new generation   total 30528K, used 1612K [0x24270000, 0x26380000, 0x297c0000)
  eden space 27200K,   0% used [0x24270000, 0x24270000, 0x25d00000)
  from space 3328K,  48% used [0x25d00000, 0x25e93110, 0x26040000)
  to   space 3328K,   0% used [0x26040000, 0x26040000, 0x26380000)
 tenured generation   total 67596K, used 54837K [0x297c0000, 0x2d9c3000, 0x34270000)
   the space 67596K,  81% used [0x297c0000, 0x2cd4d6c8, 0x2cd4d800, 0x2d9c3000)
 compacting perm gen  total 22272K, used 22180K [0x34270000, 0x35830000, 0x38270000)
   the space 22272K,  99% used [0x34270000, 0x35819160, 0x35819200, 0x35830000)
    ro space 10240K,  44% used [0x38270000, 0x386e8300, 0x386e8400, 0x38c70000)
    rw space 12288K,  52% used [0x38c70000, 0x392bf100, 0x392bf200, 0x39870000)
}
Event: 69825.263 GC heap before
{Heap before GC invocations=95 (full 7):
 def new generation   total 30528K, used 28812K [0x24270000, 0x26380000, 0x297c0000)
  eden space 27200K, 100% used [0x24270000, 0x25d00000, 0x25d00000)
  from space 3328K,  48% used [0x25d00000, 0x25e93110, 0x26040000)
  to   space 3328K,   0% used [0x26040000, 0x26040000, 0x26380000)
 tenured generation   total 67596K, used 54837K [0x297c0000, 0x2d9c3000, 0x34270000)
   the space 67596K,  81% used [0x297c0000, 0x2cd4d6c8, 0x2cd4d800, 0x2d9c3000)
 compacting perm gen  total 22272K, used 22195K [0x34270000, 0x35830000, 0x38270000)
   the space 22272K,  99% used [0x34270000, 0x3581cd68, 0x3581ce00, 0x35830000)
    ro space 10240K,  44% used [0x38270000, 0x386e8300, 0x386e8400, 0x38c70000)
    rw space 12288K,  52% used [0x38c70000, 0x392bf100, 0x392bf200, 0x39870000)
Event: 69825.270 GC heap after
Heap after GC invocations=96 (full 7):
 def new generation   total 30528K, used 2153K [0x24270000, 0x26380000, 0x297c0000)
  eden space 27200K,   0% used [0x24270000, 0x24270000, 0x25d00000)
  from space 3328K,  64% used [0x26040000, 0x2625a590, 0x26380000)
  to   space 3328K,   0% used [0x25d00000, 0x25d00000, 0x26040000)
 tenured generation   total 67596K, used 54837K [0x297c0000, 0x2d9c3000, 0x34270000)
   the space 67596K,  81% used [0x297c0000, 0x2cd4d6c8, 0x2cd4d800, 0x2d9c3000)
 compacting perm gen  total 22272K, used 22195K [0x34270000, 0x35830000, 0x38270000)
   the space 22272K,  99% used [0x34270000, 0x3581cd68, 0x3581ce00, 0x35830000)
    ro space 10240K,  44% used [0x38270000, 0x386e8300, 0x386e8400, 0x38c70000)
    rw space 12288K,  52% used [0x38c70000, 0x392bf100, 0x392bf200, 0x39870000)
}

Deoptimization events (0 events):
No events

Internal exceptions (10 events):
Event: 69825.533 Thread 0x05b30400 Threw 0x24ec2558 at C:\re\jdk7u55\869\hotspot\src\share\vm\prims\jni.cpp:717
Event: 69825.542 Thread 0x05b30400 Threw 0x24f2bbf8 at C:\re\jdk7u55\869\hotspot\src\share\vm\runtime\sharedRuntime.cpp:1064
Event: 69825.542 Thread 0x05b30400 Threw 0x24f2bd10 at C:\re\jdk7u55\869\hotspot\src\share\vm\prims\jni.cpp:717
Event: 69825.543 Thread 0x05b30400 Threw 0x24f32020 at C:\re\jdk7u55\869\hotspot\src\share\vm\runtime\sharedRuntime.cpp:1064
Event: 69825.543 Thread 0x05b30400 Threw 0x24f50dd8 at C:\re\jdk7u55\869\hotspot\src\share\vm\prims\jni.cpp:717
Event: 69825.543 Thread 0x05b30400 Threw 0x24f50f48 at C:\re\jdk7u55\869\hotspot\src\share\vm\prims\jni.cpp:717
Event: 69825.543 Thread 0x05b30400 Threw 0x24f68518 at C:\re\jdk7u55\869\hotspot\src\share\vm\prims\jni.cpp:717
Event: 69825.543 Thread 0x05b30400 Threw 0x24f68688 at C:\re\jdk7u55\869\hotspot\src\share\vm\prims\jni.cpp:717
Event: 69825.547 Thread 0x05b30400 Threw 0x24f70a20 at C:\re\jdk7u55\869\hotspot\src\share\vm\prims\jni.cpp:717
Event: 69825.547 Thread 0x05b30400 Threw 0x24f70b90 at C:\re\jdk7u55\869\hotspot\src\share\vm\prims\jni.cpp:717

Events (10 events):
Event: 69825.270 Executing VM operation: GenCollectForAllocation done
Event: 69825.387 Executing VM operation: BulkRevokeBias
Event: 69825.388 Executing VM operation: BulkRevokeBias done
Event: 69825.451 Executing VM operation: BulkRevokeBias
Event: 69825.451 Executing VM operation: BulkRevokeBias done
Event: 69825.452 Executing VM operation: BulkRevokeBias
Event: 69825.452 Executing VM operation: BulkRevokeBias done
Event: 69835.547 Executing VM operation: RevokeBias
Event: 69835.549 Executing VM operation: RevokeBias done
Event: 69835.549 Thread 0x05b30400 Thread exited: 0x05b30400


Dynamic libraries:
0x001d0000 - 0x001ff000 	C:\Program Files (x86)\Java\jdk1.7.0_55\bin\java.exe
0x77970000 - 0x77af0000 	C:\windows\SysWOW64\ntdll.dll
0x75490000 - 0x755a0000 	C:\windows\syswow64\kernel32.dll
0x773c0000 - 0x77407000 	C:\windows\syswow64\KERNELBASE.dll
0x74d60000 - 0x74ddb000 	C:\windows\SysWOW64\SYSFER.DLL
0x76870000 - 0x76911000 	C:\windows\syswow64\ADVAPI32.dll
0x76530000 - 0x765dc000 	C:\windows\syswow64\msvcrt.dll
0x765e0000 - 0x765f9000 	C:\windows\SysWOW64\sechost.dll
0x76e00000 - 0x76ef0000 	C:\windows\syswow64\RPCRT4.dll
0x75280000 - 0x752e0000 	C:\windows\syswow64\SspiCli.dll
0x75270000 - 0x7527c000 	C:\windows\syswow64\CRYPTBASE.dll
0x76b60000 - 0x76c60000 	C:\windows\syswow64\USER32.dll
0x76c70000 - 0x76d00000 	C:\windows\syswow64\GDI32.dll
0x77330000 - 0x7733a000 	C:\windows\syswow64\LPK.dll
0x75770000 - 0x7580d000 	C:\windows\syswow64\USP10.dll
0x710a0000 - 0x7123e000 	C:\windows\WinSxS\x86_microsoft.windows.common-controls_6595b64144ccf1df_6.0.7601.18837_none_41e855142bd5705d\COMCTL32.dll
0x77280000 - 0x772d7000 	C:\windows\syswow64\SHLWAPI.dll
0x76d90000 - 0x76df0000 	C:\windows\system32\IMM32.DLL
0x76ef0000 - 0x76fbc000 	C:\windows\syswow64\MSCTF.dll
0x68ba0000 - 0x68c5f000 	C:\Program Files (x86)\Java\jdk1.7.0_55\jre\bin\msvcr100.dll
0x604c0000 - 0x60840000 	C:\Program Files (x86)\Java\jdk1.7.0_55\jre\bin\client\jvm.dll
0x74ba0000 - 0x74ba7000 	C:\windows\system32\WSOCK32.dll
0x755a0000 - 0x755d5000 	C:\windows\syswow64\WS2_32.dll
0x752e0000 - 0x752e6000 	C:\windows\syswow64\NSI.dll
0x74980000 - 0x749b2000 	C:\windows\system32\WINMM.dll
0x76610000 - 0x76615000 	C:\windows\syswow64\PSAPI.DLL
0x74890000 - 0x7489c000 	C:\Program Files (x86)\Java\jdk1.7.0_55\jre\bin\verify.dll
0x747a0000 - 0x747c0000 	C:\Program Files (x86)\Java\jdk1.7.0_55\jre\bin\java.dll
0x73f10000 - 0x73f23000 	C:\Program Files (x86)\Java\jdk1.7.0_55\jre\bin\zip.dll
0x73ef0000 - 0x73f04000 	C:\Program Files (x86)\Java\jdk1.7.0_55\jre\bin\net.dll
0x74150000 - 0x7418c000 	C:\windows\system32\mswsock.dll
0x70c60000 - 0x70c66000 	C:\windows\System32\wship6.dll
0x6fb70000 - 0x6fb7f000 	C:\Program Files (x86)\Java\jdk1.7.0_55\jre\bin\nio.dll
0x74750000 - 0x7475a000 	C:\Program Files (x86)\Java\jdk1.7.0_55\jre\bin\management.dll
0x10000000 - 0x10141000 	F:\apache-tomcat-7.0.79-windows-x86\apache-tomcat-7.0.79\bin\tcnative-1.dll
0x74960000 - 0x74977000 	C:\windows\system32\CRYPTSP.dll
0x74920000 - 0x7495b000 	C:\windows\system32\rsaenh.dll
0x68cd0000 - 0x68cf0000 	C:\Program Files (x86)\Java\jdk1.7.0_55\jre\bin\sunec.dll
0x6f960000 - 0x6f969000 	C:\Program Files (x86)\Java\jdk1.7.0_55\jre\bin\sunmscapi.dll
0x76fc0000 - 0x770e1000 	C:\windows\syswow64\CRYPT32.dll
0x77120000 - 0x7712c000 	C:\windows\syswow64\MSASN1.dll
0x74140000 - 0x74145000 	C:\windows\System32\wshtcpip.dll
0x77310000 - 0x77327000 	C:\windows\syswow64\USERENV.dll
0x755f0000 - 0x755fb000 	C:\windows\syswow64\profapi.dll
0x73de0000 - 0x73dfc000 	C:\windows\system32\IPHLPAPI.DLL
0x73dd0000 - 0x73dd7000 	C:\windows\system32\WINNSI.DLL
0x70c80000 - 0x70c92000 	C:\windows\system32\dhcpcsvc.DLL
0x70c70000 - 0x70c7d000 	C:\windows\system32\dhcpcsvc6.DLL
0x70420000 - 0x70464000 	C:\windows\system32\DNSAPI.dll
0x709f0000 - 0x709f6000 	C:\windows\system32\rasadhlp.dll
0x703d0000 - 0x70408000 	C:\windows\System32\fwpuclnt.dll
0x6f810000 - 0x6f81e000 	C:\Program Files (x86)\Java\jdk1.7.0_55\jre\bin\JdbcOdbc.dll
0x68b10000 - 0x68b9c000 	C:\windows\system32\ODBC32.dll
0x68c90000 - 0x68cc8000 	C:\windows\system32\odbcint.dll
0x73ba0000 - 0x73bb7000 	C:\windows\system32\bcrypt.dll
0x6fd40000 - 0x6fd7d000 	C:\windows\SysWOW64\bcryptprimitives.dll
0x68aa0000 - 0x68aee000 	C:\windows\system32\odbcjt32.dll
0x77340000 - 0x773bb000 	C:\windows\syswow64\COMDLG32.dll
0x758e0000 - 0x7652b000 	C:\windows\syswow64\SHELL32.dll
0x67040000 - 0x671c5000 	C:\windows\system32\msjet40.dll
0x67550000 - 0x675e8000 	C:\windows\system32\mswstr10.dll
0x77410000 - 0x7756d000 	C:\windows\syswow64\ole32.dll
0x76d00000 - 0x76d8f000 	C:\windows\syswow64\OLEAUT32.dll
0x6f7e0000 - 0x6f7e6000 	C:\windows\system32\odbcji32.dll
0x68c70000 - 0x68c81000 	C:\windows\system32\msjter40.dll
0x6f180000 - 0x6f186000 	C:\windows\system32\MSJINT40.DLL
0x75820000 - 0x758a3000 	C:\windows\syswow64\CLBCatQ.DLL
0x67c40000 - 0x67c88000 	C:\Windows\SysWOW64\msjtes40.dll
0x74650000 - 0x74659000 	C:\Windows\SysWOW64\VERSION.dll
0x0f9a0000 - 0x0f9ab000 	C:\windows\system32\VBAJET32.DLL
0x0f9c0000 - 0x0fa22000 	C:\windows\system32\expsrv.dll
0x74bb0000 - 0x74c30000 	C:\windows\system32\uxtheme.dll
0x743e0000 - 0x744cb000 	C:\windows\system32\dbghelp.dll

VM Arguments:
jvm_args: -Djava.util.logging.config.file=F:\apache-tomcat-7.0.79-windows-x86\apache-tomcat-7.0.79\conf\logging.properties -Djava.util.logging.manager=org.apache.juli.ClassLoaderLogManager -Djdk.tls.ephemeralDHKeySize=2048 -Djava.endorsed.dirs=F:\apache-tomcat-7.0.79-windows-x86\apache-tomcat-7.0.79\endorsed -Dcatalina.base=F:\apache-tomcat-7.0.79-windows-x86\apache-tomcat-7.0.79 -Dcatalina.home=F:\apache-tomcat-7.0.79-windows-x86\apache-tomcat-7.0.79 -Djava.io.tmpdir=F:\apache-tomcat-7.0.79-windows-x86\apache-tomcat-7.0.79\temp 
java_command: org.apache.catalina.startup.Bootstrap start
Launcher Type: SUN_STANDARD

Environment Variables:
JAVA_HOME=C:\Program Files (x86)\Java\jdk1.7.0_55
JRE_HOME=C:\Program Files (x86)\Java\jdk1.7.0_55
CLASSPATH=F:\apache-tomcat-7.0.79-windows-x86\apache-tomcat-7.0.79\bin\bootstrap.jar;F:\apache-tomcat-7.0.79-windows-x86\apache-tomcat-7.0.79\bin\tomcat-juli.jar
PATH=C:\windows\system32;C:\windows;C:\windows\System32\Wbem;C:\windows\System32\WindowsPowerShell\v1.0\;C:\Program Files (x86)\PharosSystems\Core;C:\Program Files (x86)\Microsoft SQL Server\100\Tools\Binn\;C:\Program Files\Microsoft SQL Server\100\Tools\Binn\;C:\Program Files\Microsoft SQL Server\100\DTS\Binn\;C:\Program Files (x86)\Microsoft SQL Server\100\Tools\Binn\VSShell\Common7\IDE\;C:\Program Files (x86)\Microsoft SQL Server\100\DTS\Binn\;C:\Program Files (x86)\Microsoft Visual Studio 9.0\Common7\IDE\PrivateAssemblies\
USERNAME=NRMW594S9
OS=Windows_NT
PROCESSOR_IDENTIFIER=Intel64 Family 6 Model 60 Stepping 3, GenuineIntel



---------------  S Y S T E M  ---------------

OS: Windows 7 , 64 bit Build 7601 Service Pack 1

CPU:total 4 (4 cores per cpu, 1 threads per core) family 6 model 60 stepping 3, cmov, cx8, fxsr, mmx, sse, sse2, sse3, ssse3, sse4.1, sse4.2, popcnt, avx, avx2, aes, erms, tsc, tscinvbit

Memory: 4k page, physical 4118152k(770532k free), swap 8234444k(3609232k free)

vm_info: Java HotSpot(TM) Client VM (24.55-b03) for windows-x86 JRE (1.7.0_55-b13), built on Mar 17 2014 20:01:11 by "java_re" with unknown MS VC++:1600

time: Tue Jan 16 08:09:30 2018
elapsed time: 70155 seconds

